<?xml version="1.0" encoding="utf-8"?>
<coverage line-rate="0.9418000000000001" branch-rate="0.9801000000000001" version="1.9" timestamp="1726857898" lines-covered="745" lines-valid="791" branches-covered="198" branches-valid="202">
  <sources>
    <source>C:\Users\myers\</source>
  </sources>
  <packages>
    <package name="Formula" line-rate="0.9967" branch-rate="0.9947" complexity="198">
      <classes>
        <class name="CS3500.Formula.Formula" filename="Downloads\ps1\Formula\Formula.cs" line-rate="0.9965999999999999" branch-rate="0.9947" complexity="195">
          <methods>
            <method name="GetVariables" signature="()" line-rate="1" branch-rate="1" complexity="4">
              <lines>
                <line number="180" hits="2302" branch="False" />
                <line number="181" hits="2302" branch="False" />
                <line number="183" hits="45948" branch="True" condition-coverage="100% (2/2)">
                  <conditions>
                    <condition number="73" type="jump" coverage="100%" />
                  </conditions>
                </line>
                <line number="184" hits="19521" branch="False" />
                <line number="185" hits="19521" branch="False" />
                <line number="187" hits="19521" branch="True" condition-coverage="100% (2/2)">
                  <conditions>
                    <condition number="53" type="jump" coverage="100%" />
                  </conditions>
                </line>
                <line number="188" hits="3993" branch="False" />
                <line number="189" hits="3993" branch="False" />
                <line number="190" hits="3993" branch="False" />
                <line number="191" hits="19521" branch="False" />
                <line number="193" hits="2302" branch="False" />
                <line number="194" hits="2302" branch="False" />
              </lines>
            </method>
            <method name="ToString" signature="()" line-rate="1" branch-rate="1" complexity="1">
              <lines>
                <line number="227" hits="76" branch="False" />
                <line number="228" hits="76" branch="False" />
                <line number="229" hits="76" branch="False" />
              </lines>
            </method>
            <method name="IsVar" signature="(System.String)" line-rate="1" branch-rate="1" complexity="1">
              <lines>
                <line number="238" hits="19521" branch="False" />
                <line number="240" hits="19521" branch="False" />
                <line number="241" hits="19521" branch="False" />
                <line number="242" hits="19521" branch="False" />
              </lines>
            </method>
            <method name="GetTokens" signature="(System.String)" line-rate="1" branch-rate="1" complexity="4">
              <lines>
                <line number="266" hits="2666" branch="False" />
                <line number="267" hits="2666" branch="False" />
                <line number="269" hits="2666" branch="False" />
                <line number="270" hits="2666" branch="False" />
                <line number="271" hits="2666" branch="False" />
                <line number="272" hits="2666" branch="False" />
                <line number="273" hits="2666" branch="False" />
                <line number="276" hits="2666" branch="False" />
                <line number="277" hits="2666" branch="False" />
                <line number="278" hits="2666" branch="False" />
                <line number="279" hits="2666" branch="False" />
                <line number="280" hits="2666" branch="False" />
                <line number="281" hits="2666" branch="False" />
                <line number="282" hits="2666" branch="False" />
                <line number="283" hits="2666" branch="False" />
                <line number="286" hits="98534" branch="True" condition-coverage="100% (2/2)">
                  <conditions>
                    <condition number="160" type="jump" coverage="100%" />
                  </conditions>
                </line>
                <line number="287" hits="45268" branch="False" />
                <line number="288" hits="45268" branch="True" condition-coverage="100% (2/2)">
                  <conditions>
                    <condition number="134" type="jump" coverage="100%" />
                  </conditions>
                </line>
                <line number="289" hits="20923" branch="False" />
                <line number="290" hits="20923" branch="False" />
                <line number="291" hits="20923" branch="False" />
                <line number="292" hits="45268" branch="False" />
                <line number="294" hits="2666" branch="False" />
                <line number="295" hits="2666" branch="False" />
              </lines>
            </method>
            <method name="TokenRulesValid" signature="(System.String,System.String)" line-rate="0.9791" branch-rate="0.9833" complexity="60">
              <lines>
                <line number="309" hits="951" branch="False" />
                <line number="311" hits="951" branch="True" condition-coverage="100% (2/2)">
                  <conditions>
                    <condition number="15" type="jump" coverage="100%" />
                  </conditions>
                </line>
                <line number="312" hits="128" branch="False" />
                <line number="314" hits="128" branch="True" condition-coverage="100% (8/8)">
                  <conditions>
                    <condition number="29" type="jump" coverage="100%" />
                    <condition number="42" type="jump" coverage="100%" />
                    <condition number="55" type="jump" coverage="100%" />
                    <condition number="73" type="jump" coverage="100%" />
                  </conditions>
                </line>
                <line number="315" hits="119" branch="False" />
                <line number="316" hits="119" branch="False" />
                <line number="319" hits="9" branch="True" condition-coverage="50% (1/2)">
                  <conditions>
                    <condition number="96" type="jump" coverage="50%" />
                  </conditions>
                </line>
                <line number="320" hits="9" branch="False" />
                <line number="321" hits="9" branch="False" />
                <line number="323" hits="0" branch="False" />
                <line number="325" hits="823" branch="True" condition-coverage="100% (8/8)">
                  <conditions>
                    <condition number="123" type="jump" coverage="100%" />
                    <condition number="136" type="jump" coverage="100%" />
                    <condition number="149" type="jump" coverage="100%" />
                    <condition number="169" type="jump" coverage="100%" />
                  </conditions>
                </line>
                <line number="326" hits="285" branch="False" />
                <line number="328" hits="285" branch="True" condition-coverage="100% (4/4)">
                  <conditions>
                    <condition number="184" type="jump" coverage="100%" />
                    <condition number="201" type="jump" coverage="100%" />
                  </conditions>
                </line>
                <line number="329" hits="261" branch="False" />
                <line number="330" hits="261" branch="False" />
                <line number="333" hits="24" branch="True" condition-coverage="100% (4/4)">
                  <conditions>
                    <condition number="222" type="jump" coverage="100%" />
                    <condition number="242" type="jump" coverage="100%" />
                  </conditions>
                </line>
                <line number="334" hits="22" branch="False" />
                <line number="335" hits="22" branch="False" />
                <line number="337" hits="2" branch="False" />
                <line number="339" hits="538" branch="True" condition-coverage="100% (2/2)">
                  <conditions>
                    <condition number="273" type="jump" coverage="100%" />
                  </conditions>
                </line>
                <line number="340" hits="70" branch="False" />
                <line number="342" hits="70" branch="True" condition-coverage="100% (4/4)">
                  <conditions>
                    <condition number="288" type="jump" coverage="100%" />
                    <condition number="305" type="jump" coverage="100%" />
                  </conditions>
                </line>
                <line number="343" hits="53" branch="False" />
                <line number="344" hits="53" branch="False" />
                <line number="347" hits="17" branch="True" condition-coverage="100% (2/2)">
                  <conditions>
                    <condition number="330" type="jump" coverage="100%" />
                  </conditions>
                </line>
                <line number="348" hits="14" branch="False" />
                <line number="349" hits="14" branch="False" />
                <line number="351" hits="3" branch="False" />
                <line number="353" hits="468" branch="True" condition-coverage="100% (2/2)">
                  <conditions>
                    <condition number="361" type="jump" coverage="100%" />
                  </conditions>
                </line>
                <line number="354" hits="36" branch="False" />
                <line number="356" hits="36" branch="True" condition-coverage="100% (8/8)">
                  <conditions>
                    <condition number="375" type="jump" coverage="100%" />
                    <condition number="388" type="jump" coverage="100%" />
                    <condition number="401" type="jump" coverage="100%" />
                    <condition number="421" type="jump" coverage="100%" />
                  </conditions>
                </line>
                <line number="357" hits="19" branch="False" />
                <line number="358" hits="19" branch="False" />
                <line number="361" hits="17" branch="True" condition-coverage="100% (2/2)">
                  <conditions>
                    <condition number="446" type="jump" coverage="100%" />
                  </conditions>
                </line>
                <line number="362" hits="12" branch="False" />
                <line number="363" hits="12" branch="False" />
                <line number="365" hits="5" branch="False" />
                <line number="367" hits="432" branch="True" condition-coverage="100% (2/2)">
                  <conditions>
                    <condition number="468" type="jump" coverage="100%" />
                  </conditions>
                </line>
                <line number="368" hits="204" branch="False" />
                <line number="370" hits="204" branch="True" condition-coverage="100% (8/8)">
                  <conditions>
                    <condition number="482" type="jump" coverage="100%" />
                    <condition number="495" type="jump" coverage="100%" />
                    <condition number="508" type="jump" coverage="100%" />
                    <condition number="528" type="jump" coverage="100%" />
                  </conditions>
                </line>
                <line number="371" hits="149" branch="False" />
                <line number="372" hits="149" branch="False" />
                <line number="375" hits="55" branch="True" condition-coverage="100% (2/2)">
                  <conditions>
                    <condition number="550" type="jump" coverage="100%" />
                  </conditions>
                </line>
                <line number="376" hits="48" branch="False" />
                <line number="377" hits="48" branch="False" />
                <line number="379" hits="7" branch="False" />
                <line number="381" hits="245" branch="False" />
                <line number="382" hits="951" branch="False" />
              </lines>
            </method>
            <method name="op_Equality" signature="(CS3500.Formula.Formula,CS3500.Formula.Formula)" line-rate="1" branch-rate="1" complexity="1">
              <lines>
                <line number="394" hits="19" branch="False" />
                <line number="395" hits="19" branch="False" />
                <line number="396" hits="19" branch="False" />
              </lines>
            </method>
            <method name="op_Inequality" signature="(CS3500.Formula.Formula,CS3500.Formula.Formula)" line-rate="1" branch-rate="1" complexity="1">
              <lines>
                <line number="407" hits="19" branch="False" />
                <line number="408" hits="19" branch="False" />
                <line number="409" hits="19" branch="False" />
              </lines>
            </method>
            <method name="Equals" signature="(System.Object)" line-rate="1" branch-rate="1" complexity="6">
              <lines>
                <line number="429" hits="58" branch="False" />
                <line number="430" hits="58" branch="True" condition-coverage="100% (2/2)">
                  <conditions>
                    <condition number="14" type="jump" coverage="100%" />
                  </conditions>
                </line>
                <line number="431" hits="57" branch="False" />
                <line number="432" hits="57" branch="False" />
                <line number="433" hits="57" branch="False" />
                <line number="435" hits="352" branch="True" condition-coverage="100% (2/2)">
                  <conditions>
                    <condition number="101" type="jump" coverage="100%" />
                  </conditions>
                </line>
                <line number="436" hits="146" branch="False" />
                <line number="437" hits="146" branch="True" condition-coverage="100% (2/2)">
                  <conditions>
                    <condition number="72" type="jump" coverage="100%" />
                  </conditions>
                </line>
                <line number="438" hits="27" branch="False" />
                <line number="439" hits="27" branch="False" />
                <line number="441" hits="119" branch="False" />
                <line number="443" hits="30" branch="False" />
                <line number="446" hits="1" branch="False" />
                <line number="447" hits="58" branch="False" />
              </lines>
            </method>
            <method name="Evaluate" signature="(CS3500.Formula.Formula/Lookup)" line-rate="1" branch-rate="1" complexity="58">
              <lines>
                <line number="477" hits="19" branch="False" />
                <line number="478" hits="19" branch="False" />
                <line number="479" hits="19" branch="False" />
                <line number="481" hits="217" branch="True" condition-coverage="100% (2/2)">
                  <conditions>
                    <condition number="962" type="jump" coverage="100%" />
                  </conditions>
                </line>
                <line number="482" hits="83" branch="False" />
                <line number="483" hits="83" branch="True" condition-coverage="100% (2/2)">
                  <conditions>
                    <condition number="57" type="jump" coverage="100%" />
                  </conditions>
                </line>
                <line number="484" hits="28" branch="False" />
                <line number="485" hits="28" branch="True" condition-coverage="100% (6/6)">
                  <conditions>
                    <condition number="70" type="jump" coverage="100%" />
                    <condition number="88" type="jump" coverage="100%" />
                    <condition number="116" type="jump" coverage="100%" />
                  </conditions>
                </line>
                <line number="486" hits="2" branch="False" />
                <line number="487" hits="2" branch="False" />
                <line number="488" hits="2" branch="True" condition-coverage="100% (2/2)">
                  <conditions>
                    <condition number="145" type="jump" coverage="100%" />
                  </conditions>
                </line>
                <line number="489" hits="1" branch="False" />
                <line number="490" hits="1" branch="False" />
                <line number="491" hits="1" branch="False" />
                <line number="493" hits="1" branch="False" />
                <line number="494" hits="1" branch="False" />
                <line number="496" hits="1" branch="False" />
                <line number="498" hits="26" branch="False" />
                <line number="499" hits="26" branch="False" />
                <line number="500" hits="26" branch="False" />
                <line number="501" hits="27" branch="False" />
                <line number="502" hits="55" branch="True" condition-coverage="100% (2/2)">
                  <conditions>
                    <condition number="225" type="jump" coverage="100%" />
                  </conditions>
                </line>
                <line number="503" hits="18" branch="False" />
                <line number="505" hits="18" branch="False" />
                <line number="506" hits="18" branch="False" />
                <line number="508" hits="15" branch="True" condition-coverage="100% (2/2)">
                  <conditions>
                    <condition number="260" type="jump" coverage="100%" />
                  </conditions>
                </line>
                <line number="509" hits="15" branch="False" />
                <line number="510" hits="15" branch="False" />
                <line number="512" hits="15" branch="True" condition-coverage="100% (6/6)">
                  <conditions>
                    <condition number="282" type="jump" coverage="100%" />
                    <condition number="300" type="jump" coverage="100%" />
                    <condition number="328" type="jump" coverage="100%" />
                  </conditions>
                </line>
                <line number="513" hits="3" branch="False" />
                <line number="514" hits="3" branch="False" />
                <line number="515" hits="3" branch="True" condition-coverage="100% (2/2)">
                  <conditions>
                    <condition number="357" type="jump" coverage="100%" />
                  </conditions>
                </line>
                <line number="516" hits="2" branch="False" />
                <line number="517" hits="2" branch="False" />
                <line number="518" hits="2" branch="False" />
                <line number="520" hits="1" branch="False" />
                <line number="521" hits="1" branch="False" />
                <line number="523" hits="2" branch="False" />
                <line number="525" hits="12" branch="False" />
                <line number="526" hits="12" branch="False" />
                <line number="527" hits="12" branch="False" />
                <line number="528" hits="14" branch="False" />
                <line number="529" hits="14" branch="False" />
                <line number="530" hits="3" branch="False" />
                <line number="531" hits="3" branch="False" />
                <line number="532" hits="3" branch="False" />
                <line number="533" hits="3" branch="False" />
                <line number="536" hits="14" branch="False" />
                <line number="537" hits="37" branch="True" condition-coverage="100% (4/4)">
                  <conditions>
                    <condition number="468" type="jump" coverage="100%" />
                    <condition number="488" type="jump" coverage="100%" />
                  </conditions>
                </line>
                <line number="538" hits="11" branch="False" />
                <line number="539" hits="11" branch="False" />
                <line number="540" hits="11" branch="False" />
                <line number="541" hits="26" branch="True" condition-coverage="100% (4/4)">
                  <conditions>
                    <condition number="516" type="jump" coverage="100%" />
                    <condition number="536" type="jump" coverage="100%" />
                  </conditions>
                </line>
                <line number="542" hits="16" branch="False" />
                <line number="543" hits="16" branch="True" condition-coverage="100% (6/6)">
                  <conditions>
                    <condition number="546" type="jump" coverage="100%" />
                    <condition number="564" type="jump" coverage="100%" />
                    <condition number="592" type="jump" coverage="100%" />
                  </conditions>
                </line>
                <line number="544" hits="2" branch="False" />
                <line number="545" hits="2" branch="False" />
                <line number="546" hits="2" branch="False" />
                <line number="547" hits="2" branch="False" />
                <line number="549" hits="16" branch="False" />
                <line number="550" hits="16" branch="False" />
                <line number="551" hits="10" branch="True" condition-coverage="100% (2/2)">
                  <conditions>
                    <condition number="663" type="jump" coverage="100%" />
                  </conditions>
                </line>
                <line number="552" hits="5" branch="False" />
                <line number="553" hits="5" branch="False" />
                <line number="554" hits="5" branch="False" />
                <line number="555" hits="5" branch="True" condition-coverage="100% (2/2)">
                  <conditions>
                    <condition number="695" type="jump" coverage="100%" />
                  </conditions>
                </line>
                <line number="556" hits="5" branch="False" />
                <line number="557" hits="5" branch="False" />
                <line number="559" hits="5" branch="True" condition-coverage="100% (4/4)">
                  <conditions>
                    <condition number="721" type="jump" coverage="100%" />
                    <condition number="742" type="jump" coverage="100%" />
                  </conditions>
                </line>
                <line number="560" hits="4" branch="False" />
                <line number="561" hits="4" branch="False" />
                <line number="562" hits="4" branch="True" condition-coverage="100% (2/2)">
                  <conditions>
                    <condition number="774" type="jump" coverage="100%" />
                  </conditions>
                </line>
                <line number="563" hits="4" branch="False" />
                <line number="564" hits="4" branch="False" />
                <line number="565" hits="4" branch="False" />
                <line number="566" hits="4" branch="False" />
                <line number="568" hits="5" branch="False" />
                <line number="569" hits="5" branch="True" condition-coverage="100% (2/2)">
                  <conditions>
                    <condition number="826" type="jump" coverage="100%" />
                  </conditions>
                </line>
                <line number="570" hits="5" branch="False" />
                <line number="571" hits="5" branch="False" />
                <line number="572" hits="5" branch="False" />
                <line number="574" hits="5" branch="False" />
                <line number="575" hits="5" branch="True" condition-coverage="100% (4/4)">
                  <conditions>
                    <condition number="857" type="jump" coverage="100%" />
                    <condition number="878" type="jump" coverage="100%" />
                  </conditions>
                </line>
                <line number="576" hits="4" branch="False" />
                <line number="577" hits="4" branch="False" />
                <line number="578" hits="4" branch="True" condition-coverage="100% (2/2)">
                  <conditions>
                    <condition number="916" type="jump" coverage="100%" />
                  </conditions>
                </line>
                <line number="579" hits="3" branch="False" />
                <line number="580" hits="3" branch="False" />
                <line number="581" hits="3" branch="False" />
                <line number="583" hits="1" branch="False" />
                <line number="584" hits="1" branch="False" />
                <line number="586" hits="3" branch="False" />
                <line number="587" hits="4" branch="False" />
                <line number="588" hits="77" branch="False" />
                <line number="590" hits="13" branch="True" condition-coverage="100% (2/2)">
                  <conditions>
                    <condition number="997" type="jump" coverage="100%" />
                  </conditions>
                </line>
                <line number="591" hits="10" branch="False" />
                <line number="592" hits="10" branch="False" />
                <line number="593" hits="10" branch="False" />
                <line number="594" hits="10" branch="False" />
                <line number="596" hits="13" branch="False" />
                <line number="597" hits="19" branch="False" />
              </lines>
            </method>
            <method name="GetHashCode" signature="()" line-rate="1" branch-rate="1" complexity="1">
              <lines>
                <line number="608" hits="8" branch="False" />
                <line number="609" hits="8" branch="False" />
                <line number="610" hits="8" branch="False" />
              </lines>
            </method>
            <method name="AddOrSubtractTokens" signature="(System.Collections.Generic.Stack`1&lt;System.String&gt;,System.Collections.Generic.Stack`1&lt;System.String&gt;)" line-rate="1" branch-rate="1" complexity="4">
              <lines>
                <line number="614" hits="16" branch="False" />
                <line number="615" hits="16" branch="False" />
                <line number="617" hits="16" branch="False" />
                <line number="618" hits="16" branch="True" condition-coverage="100% (2/2)">
                  <conditions>
                    <condition number="31" type="jump" coverage="100%" />
                  </conditions>
                </line>
                <line number="619" hits="11" branch="False" />
                <line number="620" hits="11" branch="False" />
                <line number="621" hits="11" branch="False" />
                <line number="623" hits="11" branch="False" />
                <line number="624" hits="11" branch="False" />
                <line number="625" hits="5" branch="True" condition-coverage="100% (2/2)">
                  <conditions>
                    <condition number="82" type="jump" coverage="100%" />
                  </conditions>
                </line>
                <line number="626" hits="5" branch="False" />
                <line number="627" hits="5" branch="False" />
                <line number="628" hits="5" branch="False" />
                <line number="630" hits="5" branch="False" />
                <line number="631" hits="5" branch="False" />
                <line number="633" hits="16" branch="False" />
                <line number="634" hits="16" branch="False" />
              </lines>
            </method>
            <method name="MultiplyOrDivideTokens" signature="(System.Double,System.Collections.Generic.Stack`1&lt;System.String&gt;,System.Collections.Generic.Stack`1&lt;System.String&gt;)" line-rate="1" branch-rate="1" complexity="4">
              <lines>
                <line number="638" hits="9" branch="False" />
                <line number="639" hits="9" branch="False" />
                <line number="640" hits="9" branch="False" />
                <line number="642" hits="9" branch="True" condition-coverage="100% (2/2)">
                  <conditions>
                    <condition number="28" type="jump" coverage="100%" />
                  </conditions>
                </line>
                <line number="643" hits="2" branch="False" />
                <line number="644" hits="2" branch="False" />
                <line number="645" hits="2" branch="False" />
                <line number="647" hits="7" branch="False" />
                <line number="648" hits="7" branch="True" condition-coverage="100% (2/2)">
                  <conditions>
                    <condition number="59" type="jump" coverage="100%" />
                  </conditions>
                </line>
                <line number="649" hits="3" branch="False" />
                <line number="650" hits="3" branch="False" />
                <line number="653" hits="4" branch="False" />
                <line number="654" hits="4" branch="False" />
                <line number="655" hits="4" branch="False" />
                <line number="656" hits="4" branch="False" />
                <line number="658" hits="6" branch="False" />
                <line number="659" hits="9" branch="False" />
              </lines>
            </method>
            <method name=".ctor" signature="(System.String)" line-rate="1" branch-rate="1" complexity="50">
              <lines>
                <line number="90" hits="231" branch="False" />
                <line number="91" hits="231" branch="False" />
                <line number="92" hits="231" branch="False" />
                <line number="93" hits="231" branch="False" />
                <line number="94" hits="231" branch="False" />
                <line number="97" hits="231" branch="False" />
                <line number="98" hits="2607" branch="True" condition-coverage="100% (2/2)">
                  <conditions>
                    <condition number="137" type="jump" coverage="100%" />
                  </conditions>
                </line>
                <line number="99" hits="957" branch="False" />
                <line number="100" hits="957" branch="True" condition-coverage="100% (2/2)">
                  <conditions>
                    <condition number="64" type="jump" coverage="100%" />
                  </conditions>
                </line>
                <line number="101" hits="300" branch="False" />
                <line number="102" hits="300" branch="False" />
                <line number="103" hits="300" branch="False" />
                <line number="105" hits="657" branch="False" />
                <line number="106" hits="657" branch="False" />
                <line number="107" hits="657" branch="False" />
                <line number="108" hits="957" branch="False" />
                <line number="111" hits="231" branch="True" condition-coverage="100% (2/2)">
                  <conditions>
                    <condition number="169" type="jump" coverage="100%" />
                  </conditions>
                </line>
                <line number="112" hits="3" branch="False" />
                <line number="113" hits="3" branch="False" />
                <line number="119" hits="2563" branch="True" condition-coverage="100% (2/2)">
                  <conditions>
                    <condition number="511" type="jump" coverage="100%" />
                  </conditions>
                </line>
                <line number="120" hits="951" branch="False" />
                <line number="121" hits="951" branch="False" />
                <line number="124" hits="951" branch="True" condition-coverage="100% (2/2)">
                  <conditions>
                    <condition number="230" type="jump" coverage="100%" />
                  </conditions>
                </line>
                <line number="125" hits="74" branch="False" />
                <line number="126" hits="74" branch="False" />
                <line number="127" hits="74" branch="False" />
                <line number="128" hits="877" branch="True" condition-coverage="100% (2/2)">
                  <conditions>
                    <condition number="255" type="jump" coverage="100%" />
                  </conditions>
                </line>
                <line number="129" hits="74" branch="False" />
                <line number="130" hits="74" branch="False" />
                <line number="131" hits="74" branch="False" />
                <line number="134" hits="951" branch="True" condition-coverage="100% (2/2)">
                  <conditions>
                    <condition number="283" type="jump" coverage="100%" />
                  </conditions>
                </line>
                <line number="135" hits="17" branch="False" />
                <line number="136" hits="17" branch="False" />
                <line number="138" hits="934" branch="True" condition-coverage="100% (10/10)">
                  <conditions>
                    <condition number="308" type="jump" coverage="100%" />
                    <condition number="321" type="jump" coverage="100%" />
                    <condition number="334" type="jump" coverage="100%" />
                    <condition number="347" type="jump" coverage="100%" />
                    <condition number="360" type="jump" coverage="100%" />
                  </conditions>
                </line>
                <line number="139" hits="3" branch="False" />
                <line number="140" hits="3" branch="False" />
                <line number="142" hits="931" branch="True" condition-coverage="100% (16/16)">
                  <conditions>
                    <condition number="386" type="jump" coverage="100%" />
                    <condition number="396" type="jump" coverage="100%" />
                    <condition number="409" type="jump" coverage="100%" />
                    <condition number="422" type="jump" coverage="100%" />
                    <condition number="435" type="jump" coverage="100%" />
                    <condition number="448" type="jump" coverage="100%" />
                    <condition number="461" type="jump" coverage="100%" />
                    <condition number="487" type="jump" coverage="100%" />
                  </conditions>
                </line>
                <line number="143" hits="3" branch="False" />
                <line number="144" hits="3" branch="False" />
                <line number="147" hits="928" branch="False" />
                <line number="148" hits="928" branch="False" />
                <line number="150" hits="205" branch="True" condition-coverage="100% (8/8)">
                  <conditions>
                    <condition number="544" type="jump" coverage="100%" />
                    <condition number="557" type="jump" coverage="100%" />
                    <condition number="570" type="jump" coverage="100%" />
                    <condition number="590" type="jump" coverage="100%" />
                  </conditions>
                </line>
                <line number="151" hits="2" branch="False" />
                <line number="152" hits="2" branch="False" />
                <line number="156" hits="203" branch="True" condition-coverage="100% (2/2)">
                  <conditions>
                    <condition number="612" type="jump" coverage="100%" />
                  </conditions>
                </line>
                <line number="157" hits="8" branch="False" />
                <line number="158" hits="8" branch="False" />
                <line number="160" hits="195" branch="False" />
              </lines>
            </method>
          </methods>
          <lines>
            <line number="180" hits="2302" branch="False" />
            <line number="181" hits="2302" branch="False" />
            <line number="183" hits="45948" branch="True" condition-coverage="100% (2/2)">
              <conditions>
                <condition number="73" type="jump" coverage="100%" />
              </conditions>
            </line>
            <line number="184" hits="19521" branch="False" />
            <line number="185" hits="19521" branch="False" />
            <line number="187" hits="19521" branch="True" condition-coverage="100% (2/2)">
              <conditions>
                <condition number="53" type="jump" coverage="100%" />
              </conditions>
            </line>
            <line number="188" hits="3993" branch="False" />
            <line number="189" hits="3993" branch="False" />
            <line number="190" hits="3993" branch="False" />
            <line number="191" hits="19521" branch="False" />
            <line number="193" hits="2302" branch="False" />
            <line number="194" hits="2302" branch="False" />
            <line number="227" hits="76" branch="False" />
            <line number="228" hits="76" branch="False" />
            <line number="229" hits="76" branch="False" />
            <line number="238" hits="19521" branch="False" />
            <line number="240" hits="19521" branch="False" />
            <line number="241" hits="19521" branch="False" />
            <line number="242" hits="19521" branch="False" />
            <line number="266" hits="2666" branch="False" />
            <line number="267" hits="2666" branch="False" />
            <line number="269" hits="2666" branch="False" />
            <line number="270" hits="2666" branch="False" />
            <line number="271" hits="2666" branch="False" />
            <line number="272" hits="2666" branch="False" />
            <line number="273" hits="2666" branch="False" />
            <line number="276" hits="2666" branch="False" />
            <line number="277" hits="2666" branch="False" />
            <line number="278" hits="2666" branch="False" />
            <line number="279" hits="2666" branch="False" />
            <line number="280" hits="2666" branch="False" />
            <line number="281" hits="2666" branch="False" />
            <line number="282" hits="2666" branch="False" />
            <line number="283" hits="2666" branch="False" />
            <line number="286" hits="98534" branch="True" condition-coverage="100% (2/2)">
              <conditions>
                <condition number="160" type="jump" coverage="100%" />
              </conditions>
            </line>
            <line number="287" hits="45268" branch="False" />
            <line number="288" hits="45268" branch="True" condition-coverage="100% (2/2)">
              <conditions>
                <condition number="134" type="jump" coverage="100%" />
              </conditions>
            </line>
            <line number="289" hits="20923" branch="False" />
            <line number="290" hits="20923" branch="False" />
            <line number="291" hits="20923" branch="False" />
            <line number="292" hits="45268" branch="False" />
            <line number="294" hits="2666" branch="False" />
            <line number="295" hits="2666" branch="False" />
            <line number="309" hits="951" branch="False" />
            <line number="311" hits="951" branch="True" condition-coverage="100% (2/2)">
              <conditions>
                <condition number="15" type="jump" coverage="100%" />
              </conditions>
            </line>
            <line number="312" hits="128" branch="False" />
            <line number="314" hits="128" branch="True" condition-coverage="100% (8/8)">
              <conditions>
                <condition number="29" type="jump" coverage="100%" />
                <condition number="42" type="jump" coverage="100%" />
                <condition number="55" type="jump" coverage="100%" />
                <condition number="73" type="jump" coverage="100%" />
              </conditions>
            </line>
            <line number="315" hits="119" branch="False" />
            <line number="316" hits="119" branch="False" />
            <line number="319" hits="9" branch="True" condition-coverage="50% (1/2)">
              <conditions>
                <condition number="96" type="jump" coverage="50%" />
              </conditions>
            </line>
            <line number="320" hits="9" branch="False" />
            <line number="321" hits="9" branch="False" />
            <line number="323" hits="0" branch="False" />
            <line number="325" hits="823" branch="True" condition-coverage="100% (8/8)">
              <conditions>
                <condition number="123" type="jump" coverage="100%" />
                <condition number="136" type="jump" coverage="100%" />
                <condition number="149" type="jump" coverage="100%" />
                <condition number="169" type="jump" coverage="100%" />
              </conditions>
            </line>
            <line number="326" hits="285" branch="False" />
            <line number="328" hits="285" branch="True" condition-coverage="100% (4/4)">
              <conditions>
                <condition number="184" type="jump" coverage="100%" />
                <condition number="201" type="jump" coverage="100%" />
              </conditions>
            </line>
            <line number="329" hits="261" branch="False" />
            <line number="330" hits="261" branch="False" />
            <line number="333" hits="24" branch="True" condition-coverage="100% (4/4)">
              <conditions>
                <condition number="222" type="jump" coverage="100%" />
                <condition number="242" type="jump" coverage="100%" />
              </conditions>
            </line>
            <line number="334" hits="22" branch="False" />
            <line number="335" hits="22" branch="False" />
            <line number="337" hits="2" branch="False" />
            <line number="339" hits="538" branch="True" condition-coverage="100% (2/2)">
              <conditions>
                <condition number="273" type="jump" coverage="100%" />
              </conditions>
            </line>
            <line number="340" hits="70" branch="False" />
            <line number="342" hits="70" branch="True" condition-coverage="100% (4/4)">
              <conditions>
                <condition number="288" type="jump" coverage="100%" />
                <condition number="305" type="jump" coverage="100%" />
              </conditions>
            </line>
            <line number="343" hits="53" branch="False" />
            <line number="344" hits="53" branch="False" />
            <line number="347" hits="17" branch="True" condition-coverage="100% (2/2)">
              <conditions>
                <condition number="330" type="jump" coverage="100%" />
              </conditions>
            </line>
            <line number="348" hits="14" branch="False" />
            <line number="349" hits="14" branch="False" />
            <line number="351" hits="3" branch="False" />
            <line number="353" hits="468" branch="True" condition-coverage="100% (2/2)">
              <conditions>
                <condition number="361" type="jump" coverage="100%" />
              </conditions>
            </line>
            <line number="354" hits="36" branch="False" />
            <line number="356" hits="36" branch="True" condition-coverage="100% (8/8)">
              <conditions>
                <condition number="375" type="jump" coverage="100%" />
                <condition number="388" type="jump" coverage="100%" />
                <condition number="401" type="jump" coverage="100%" />
                <condition number="421" type="jump" coverage="100%" />
              </conditions>
            </line>
            <line number="357" hits="19" branch="False" />
            <line number="358" hits="19" branch="False" />
            <line number="361" hits="17" branch="True" condition-coverage="100% (2/2)">
              <conditions>
                <condition number="446" type="jump" coverage="100%" />
              </conditions>
            </line>
            <line number="362" hits="12" branch="False" />
            <line number="363" hits="12" branch="False" />
            <line number="365" hits="5" branch="False" />
            <line number="367" hits="432" branch="True" condition-coverage="100% (2/2)">
              <conditions>
                <condition number="468" type="jump" coverage="100%" />
              </conditions>
            </line>
            <line number="368" hits="204" branch="False" />
            <line number="370" hits="204" branch="True" condition-coverage="100% (8/8)">
              <conditions>
                <condition number="482" type="jump" coverage="100%" />
                <condition number="495" type="jump" coverage="100%" />
                <condition number="508" type="jump" coverage="100%" />
                <condition number="528" type="jump" coverage="100%" />
              </conditions>
            </line>
            <line number="371" hits="149" branch="False" />
            <line number="372" hits="149" branch="False" />
            <line number="375" hits="55" branch="True" condition-coverage="100% (2/2)">
              <conditions>
                <condition number="550" type="jump" coverage="100%" />
              </conditions>
            </line>
            <line number="376" hits="48" branch="False" />
            <line number="377" hits="48" branch="False" />
            <line number="379" hits="7" branch="False" />
            <line number="381" hits="245" branch="False" />
            <line number="382" hits="951" branch="False" />
            <line number="394" hits="19" branch="False" />
            <line number="395" hits="19" branch="False" />
            <line number="396" hits="19" branch="False" />
            <line number="407" hits="19" branch="False" />
            <line number="408" hits="19" branch="False" />
            <line number="409" hits="19" branch="False" />
            <line number="429" hits="58" branch="False" />
            <line number="430" hits="58" branch="True" condition-coverage="100% (2/2)">
              <conditions>
                <condition number="14" type="jump" coverage="100%" />
              </conditions>
            </line>
            <line number="431" hits="57" branch="False" />
            <line number="432" hits="57" branch="False" />
            <line number="433" hits="57" branch="False" />
            <line number="435" hits="352" branch="True" condition-coverage="100% (2/2)">
              <conditions>
                <condition number="101" type="jump" coverage="100%" />
              </conditions>
            </line>
            <line number="436" hits="146" branch="False" />
            <line number="437" hits="146" branch="True" condition-coverage="100% (2/2)">
              <conditions>
                <condition number="72" type="jump" coverage="100%" />
              </conditions>
            </line>
            <line number="438" hits="27" branch="False" />
            <line number="439" hits="27" branch="False" />
            <line number="441" hits="119" branch="False" />
            <line number="443" hits="30" branch="False" />
            <line number="446" hits="1" branch="False" />
            <line number="447" hits="58" branch="False" />
            <line number="477" hits="19" branch="False" />
            <line number="478" hits="19" branch="False" />
            <line number="479" hits="19" branch="False" />
            <line number="481" hits="217" branch="True" condition-coverage="100% (2/2)">
              <conditions>
                <condition number="962" type="jump" coverage="100%" />
              </conditions>
            </line>
            <line number="482" hits="83" branch="False" />
            <line number="483" hits="83" branch="True" condition-coverage="100% (2/2)">
              <conditions>
                <condition number="57" type="jump" coverage="100%" />
              </conditions>
            </line>
            <line number="484" hits="28" branch="False" />
            <line number="485" hits="28" branch="True" condition-coverage="100% (6/6)">
              <conditions>
                <condition number="70" type="jump" coverage="100%" />
                <condition number="88" type="jump" coverage="100%" />
                <condition number="116" type="jump" coverage="100%" />
              </conditions>
            </line>
            <line number="486" hits="2" branch="False" />
            <line number="487" hits="2" branch="False" />
            <line number="488" hits="2" branch="True" condition-coverage="100% (2/2)">
              <conditions>
                <condition number="145" type="jump" coverage="100%" />
              </conditions>
            </line>
            <line number="489" hits="1" branch="False" />
            <line number="490" hits="1" branch="False" />
            <line number="491" hits="1" branch="False" />
            <line number="493" hits="1" branch="False" />
            <line number="494" hits="1" branch="False" />
            <line number="496" hits="1" branch="False" />
            <line number="498" hits="26" branch="False" />
            <line number="499" hits="26" branch="False" />
            <line number="500" hits="26" branch="False" />
            <line number="501" hits="27" branch="False" />
            <line number="502" hits="55" branch="True" condition-coverage="100% (2/2)">
              <conditions>
                <condition number="225" type="jump" coverage="100%" />
              </conditions>
            </line>
            <line number="503" hits="18" branch="False" />
            <line number="505" hits="18" branch="False" />
            <line number="506" hits="18" branch="False" />
            <line number="508" hits="15" branch="True" condition-coverage="100% (2/2)">
              <conditions>
                <condition number="260" type="jump" coverage="100%" />
              </conditions>
            </line>
            <line number="509" hits="15" branch="False" />
            <line number="510" hits="15" branch="False" />
            <line number="512" hits="15" branch="True" condition-coverage="100% (6/6)">
              <conditions>
                <condition number="282" type="jump" coverage="100%" />
                <condition number="300" type="jump" coverage="100%" />
                <condition number="328" type="jump" coverage="100%" />
              </conditions>
            </line>
            <line number="513" hits="3" branch="False" />
            <line number="514" hits="3" branch="False" />
            <line number="515" hits="3" branch="True" condition-coverage="100% (2/2)">
              <conditions>
                <condition number="357" type="jump" coverage="100%" />
              </conditions>
            </line>
            <line number="516" hits="2" branch="False" />
            <line number="517" hits="2" branch="False" />
            <line number="518" hits="2" branch="False" />
            <line number="520" hits="1" branch="False" />
            <line number="521" hits="1" branch="False" />
            <line number="523" hits="2" branch="False" />
            <line number="525" hits="12" branch="False" />
            <line number="526" hits="12" branch="False" />
            <line number="527" hits="12" branch="False" />
            <line number="528" hits="14" branch="False" />
            <line number="529" hits="14" branch="False" />
            <line number="530" hits="3" branch="False" />
            <line number="531" hits="3" branch="False" />
            <line number="532" hits="3" branch="False" />
            <line number="533" hits="3" branch="False" />
            <line number="536" hits="14" branch="False" />
            <line number="537" hits="37" branch="True" condition-coverage="100% (4/4)">
              <conditions>
                <condition number="468" type="jump" coverage="100%" />
                <condition number="488" type="jump" coverage="100%" />
              </conditions>
            </line>
            <line number="538" hits="11" branch="False" />
            <line number="539" hits="11" branch="False" />
            <line number="540" hits="11" branch="False" />
            <line number="541" hits="26" branch="True" condition-coverage="100% (4/4)">
              <conditions>
                <condition number="516" type="jump" coverage="100%" />
                <condition number="536" type="jump" coverage="100%" />
              </conditions>
            </line>
            <line number="542" hits="16" branch="False" />
            <line number="543" hits="16" branch="True" condition-coverage="100% (6/6)">
              <conditions>
                <condition number="546" type="jump" coverage="100%" />
                <condition number="564" type="jump" coverage="100%" />
                <condition number="592" type="jump" coverage="100%" />
              </conditions>
            </line>
            <line number="544" hits="2" branch="False" />
            <line number="545" hits="2" branch="False" />
            <line number="546" hits="2" branch="False" />
            <line number="547" hits="2" branch="False" />
            <line number="549" hits="16" branch="False" />
            <line number="550" hits="16" branch="False" />
            <line number="551" hits="10" branch="True" condition-coverage="100% (2/2)">
              <conditions>
                <condition number="663" type="jump" coverage="100%" />
              </conditions>
            </line>
            <line number="552" hits="5" branch="False" />
            <line number="553" hits="5" branch="False" />
            <line number="554" hits="5" branch="False" />
            <line number="555" hits="5" branch="True" condition-coverage="100% (2/2)">
              <conditions>
                <condition number="695" type="jump" coverage="100%" />
              </conditions>
            </line>
            <line number="556" hits="5" branch="False" />
            <line number="557" hits="5" branch="False" />
            <line number="559" hits="5" branch="True" condition-coverage="100% (4/4)">
              <conditions>
                <condition number="721" type="jump" coverage="100%" />
                <condition number="742" type="jump" coverage="100%" />
              </conditions>
            </line>
            <line number="560" hits="4" branch="False" />
            <line number="561" hits="4" branch="False" />
            <line number="562" hits="4" branch="True" condition-coverage="100% (2/2)">
              <conditions>
                <condition number="774" type="jump" coverage="100%" />
              </conditions>
            </line>
            <line number="563" hits="4" branch="False" />
            <line number="564" hits="4" branch="False" />
            <line number="565" hits="4" branch="False" />
            <line number="566" hits="4" branch="False" />
            <line number="568" hits="5" branch="False" />
            <line number="569" hits="5" branch="True" condition-coverage="100% (2/2)">
              <conditions>
                <condition number="826" type="jump" coverage="100%" />
              </conditions>
            </line>
            <line number="570" hits="5" branch="False" />
            <line number="571" hits="5" branch="False" />
            <line number="572" hits="5" branch="False" />
            <line number="574" hits="5" branch="False" />
            <line number="575" hits="5" branch="True" condition-coverage="100% (4/4)">
              <conditions>
                <condition number="857" type="jump" coverage="100%" />
                <condition number="878" type="jump" coverage="100%" />
              </conditions>
            </line>
            <line number="576" hits="4" branch="False" />
            <line number="577" hits="4" branch="False" />
            <line number="578" hits="4" branch="True" condition-coverage="100% (2/2)">
              <conditions>
                <condition number="916" type="jump" coverage="100%" />
              </conditions>
            </line>
            <line number="579" hits="3" branch="False" />
            <line number="580" hits="3" branch="False" />
            <line number="581" hits="3" branch="False" />
            <line number="583" hits="1" branch="False" />
            <line number="584" hits="1" branch="False" />
            <line number="586" hits="3" branch="False" />
            <line number="587" hits="4" branch="False" />
            <line number="588" hits="77" branch="False" />
            <line number="590" hits="13" branch="True" condition-coverage="100% (2/2)">
              <conditions>
                <condition number="997" type="jump" coverage="100%" />
              </conditions>
            </line>
            <line number="591" hits="10" branch="False" />
            <line number="592" hits="10" branch="False" />
            <line number="593" hits="10" branch="False" />
            <line number="594" hits="10" branch="False" />
            <line number="596" hits="13" branch="False" />
            <line number="597" hits="19" branch="False" />
            <line number="608" hits="8" branch="False" />
            <line number="609" hits="8" branch="False" />
            <line number="610" hits="8" branch="False" />
            <line number="614" hits="16" branch="False" />
            <line number="615" hits="16" branch="False" />
            <line number="617" hits="16" branch="False" />
            <line number="618" hits="16" branch="True" condition-coverage="100% (2/2)">
              <conditions>
                <condition number="31" type="jump" coverage="100%" />
              </conditions>
            </line>
            <line number="619" hits="11" branch="False" />
            <line number="620" hits="11" branch="False" />
            <line number="621" hits="11" branch="False" />
            <line number="623" hits="11" branch="False" />
            <line number="624" hits="11" branch="False" />
            <line number="625" hits="5" branch="True" condition-coverage="100% (2/2)">
              <conditions>
                <condition number="82" type="jump" coverage="100%" />
              </conditions>
            </line>
            <line number="626" hits="5" branch="False" />
            <line number="627" hits="5" branch="False" />
            <line number="628" hits="5" branch="False" />
            <line number="630" hits="5" branch="False" />
            <line number="631" hits="5" branch="False" />
            <line number="633" hits="16" branch="False" />
            <line number="634" hits="16" branch="False" />
            <line number="638" hits="9" branch="False" />
            <line number="639" hits="9" branch="False" />
            <line number="640" hits="9" branch="False" />
            <line number="642" hits="9" branch="True" condition-coverage="100% (2/2)">
              <conditions>
                <condition number="28" type="jump" coverage="100%" />
              </conditions>
            </line>
            <line number="643" hits="2" branch="False" />
            <line number="644" hits="2" branch="False" />
            <line number="645" hits="2" branch="False" />
            <line number="647" hits="7" branch="False" />
            <line number="648" hits="7" branch="True" condition-coverage="100% (2/2)">
              <conditions>
                <condition number="59" type="jump" coverage="100%" />
              </conditions>
            </line>
            <line number="649" hits="3" branch="False" />
            <line number="650" hits="3" branch="False" />
            <line number="653" hits="4" branch="False" />
            <line number="654" hits="4" branch="False" />
            <line number="655" hits="4" branch="False" />
            <line number="656" hits="4" branch="False" />
            <line number="658" hits="6" branch="False" />
            <line number="659" hits="9" branch="False" />
            <line number="90" hits="231" branch="False" />
            <line number="91" hits="231" branch="False" />
            <line number="92" hits="231" branch="False" />
            <line number="93" hits="231" branch="False" />
            <line number="94" hits="231" branch="False" />
            <line number="97" hits="231" branch="False" />
            <line number="98" hits="2607" branch="True" condition-coverage="100% (2/2)">
              <conditions>
                <condition number="137" type="jump" coverage="100%" />
              </conditions>
            </line>
            <line number="99" hits="957" branch="False" />
            <line number="100" hits="957" branch="True" condition-coverage="100% (2/2)">
              <conditions>
                <condition number="64" type="jump" coverage="100%" />
              </conditions>
            </line>
            <line number="101" hits="300" branch="False" />
            <line number="102" hits="300" branch="False" />
            <line number="103" hits="300" branch="False" />
            <line number="105" hits="657" branch="False" />
            <line number="106" hits="657" branch="False" />
            <line number="107" hits="657" branch="False" />
            <line number="108" hits="957" branch="False" />
            <line number="111" hits="231" branch="True" condition-coverage="100% (2/2)">
              <conditions>
                <condition number="169" type="jump" coverage="100%" />
              </conditions>
            </line>
            <line number="112" hits="3" branch="False" />
            <line number="113" hits="3" branch="False" />
            <line number="119" hits="2563" branch="True" condition-coverage="100% (2/2)">
              <conditions>
                <condition number="511" type="jump" coverage="100%" />
              </conditions>
            </line>
            <line number="120" hits="951" branch="False" />
            <line number="121" hits="951" branch="False" />
            <line number="124" hits="951" branch="True" condition-coverage="100% (2/2)">
              <conditions>
                <condition number="230" type="jump" coverage="100%" />
              </conditions>
            </line>
            <line number="125" hits="74" branch="False" />
            <line number="126" hits="74" branch="False" />
            <line number="127" hits="74" branch="False" />
            <line number="128" hits="877" branch="True" condition-coverage="100% (2/2)">
              <conditions>
                <condition number="255" type="jump" coverage="100%" />
              </conditions>
            </line>
            <line number="129" hits="74" branch="False" />
            <line number="130" hits="74" branch="False" />
            <line number="131" hits="74" branch="False" />
            <line number="134" hits="951" branch="True" condition-coverage="100% (2/2)">
              <conditions>
                <condition number="283" type="jump" coverage="100%" />
              </conditions>
            </line>
            <line number="135" hits="17" branch="False" />
            <line number="136" hits="17" branch="False" />
            <line number="138" hits="934" branch="True" condition-coverage="100% (10/10)">
              <conditions>
                <condition number="308" type="jump" coverage="100%" />
                <condition number="321" type="jump" coverage="100%" />
                <condition number="334" type="jump" coverage="100%" />
                <condition number="347" type="jump" coverage="100%" />
                <condition number="360" type="jump" coverage="100%" />
              </conditions>
            </line>
            <line number="139" hits="3" branch="False" />
            <line number="140" hits="3" branch="False" />
            <line number="142" hits="931" branch="True" condition-coverage="100% (16/16)">
              <conditions>
                <condition number="386" type="jump" coverage="100%" />
                <condition number="396" type="jump" coverage="100%" />
                <condition number="409" type="jump" coverage="100%" />
                <condition number="422" type="jump" coverage="100%" />
                <condition number="435" type="jump" coverage="100%" />
                <condition number="448" type="jump" coverage="100%" />
                <condition number="461" type="jump" coverage="100%" />
                <condition number="487" type="jump" coverage="100%" />
              </conditions>
            </line>
            <line number="143" hits="3" branch="False" />
            <line number="144" hits="3" branch="False" />
            <line number="147" hits="928" branch="False" />
            <line number="148" hits="928" branch="False" />
            <line number="150" hits="205" branch="True" condition-coverage="100% (8/8)">
              <conditions>
                <condition number="544" type="jump" coverage="100%" />
                <condition number="557" type="jump" coverage="100%" />
                <condition number="570" type="jump" coverage="100%" />
                <condition number="590" type="jump" coverage="100%" />
              </conditions>
            </line>
            <line number="151" hits="2" branch="False" />
            <line number="152" hits="2" branch="False" />
            <line number="156" hits="203" branch="True" condition-coverage="100% (2/2)">
              <conditions>
                <condition number="612" type="jump" coverage="100%" />
              </conditions>
            </line>
            <line number="157" hits="8" branch="False" />
            <line number="158" hits="8" branch="False" />
            <line number="160" hits="195" branch="False" />
          </lines>
        </class>
        <class name="CS3500.Formula.Formula/FormulaError" filename="Downloads\ps1\Formula\Formula.cs" line-rate="1" branch-rate="1" complexity="2">
          <methods>
            <method name="get_Reason" signature="()" line-rate="1" branch-rate="1" complexity="1">
              <lines>
                <line number="683" hits="7" branch="False" />
              </lines>
            </method>
            <method name=".ctor" signature="(System.String)" line-rate="1" branch-rate="1" complexity="1">
              <lines>
                <line number="675" hits="7" branch="False" />
                <line number="676" hits="7" branch="False" />
                <line number="677" hits="7" branch="False" />
                <line number="678" hits="7" branch="False" />
              </lines>
            </method>
          </methods>
          <lines>
            <line number="683" hits="7" branch="False" />
            <line number="675" hits="7" branch="False" />
            <line number="676" hits="7" branch="False" />
            <line number="677" hits="7" branch="False" />
            <line number="678" hits="7" branch="False" />
          </lines>
        </class>
        <class name="CS3500.Formula.FormulaFormatException" filename="Downloads\ps1\Formula\Formula.cs" line-rate="1" branch-rate="1" complexity="1">
          <methods>
            <method name=".ctor" signature="(System.String)" line-rate="1" branch-rate="1" complexity="1">
              <lines>
                <line number="717" hits="36" branch="False" />
                <line number="718" hits="36" branch="False" />
                <line number="720" hits="36" branch="False" />
              </lines>
            </method>
          </methods>
          <lines>
            <line number="717" hits="36" branch="False" />
            <line number="718" hits="36" branch="False" />
            <line number="720" hits="36" branch="False" />
          </lines>
        </class>
      </classes>
    </package>
    <package name="FormulaTests" line-rate="0.9074" branch-rate="0.75" complexity="122">
      <classes>
        <class name="AutoGeneratedProgram" filename=".nuget\packages\microsoft.net.test.sdk\17.8.0\build\netcoreapp3.1\Microsoft.NET.Test.Sdk.Program.cs" line-rate="0" branch-rate="1" complexity="1">
          <methods>
            <method name="Main" signature="(System.String[])" line-rate="0" branch-rate="1" complexity="1">
              <lines>
                <line number="4" hits="0" branch="False" />
              </lines>
            </method>
          </methods>
          <lines>
            <line number="4" hits="0" branch="False" />
          </lines>
        </class>
        <class name="CS3500.FormulaTests.FormulaSyntaxTests" filename="Downloads\ps1\FormulaTests\FormulaSyntaxTests.cs" line-rate="0.94" branch-rate="0.75" complexity="64">
          <methods>
            <method name="FormulaConstructor_TestNoTokens_Invalid" signature="()" line-rate="0.6666" branch-rate="1" complexity="1">
              <lines>
                <line number="71" hits="1" branch="False" />
                <line number="72" hits="1" branch="False" />
                <line number="73" hits="0" branch="False" />
              </lines>
            </method>
            <method name="FormulaConstructor_TestTokens_Valid" signature="()" line-rate="1" branch-rate="1" complexity="1">
              <lines>
                <line number="91" hits="1" branch="False" />
                <line number="92" hits="1" branch="False" />
                <line number="93" hits="1" branch="False" />
              </lines>
            </method>
            <method name="FormulaConstructor_TestTokens_Invalid" signature="()" line-rate="0.6666" branch-rate="1" complexity="1">
              <lines>
                <line number="108" hits="1" branch="False" />
                <line number="109" hits="1" branch="False" />
                <line number="110" hits="0" branch="False" />
              </lines>
            </method>
            <method name="FormulaConstructor_TestClosingParenthesis_Invalid" signature="()" line-rate="0.6666" branch-rate="1" complexity="1">
              <lines>
                <line number="129" hits="1" branch="False" />
                <line number="130" hits="1" branch="False" />
                <line number="131" hits="0" branch="False" />
              </lines>
            </method>
            <method name="FormulaConstructor_TestBalancedParenthesis_Invalid" signature="()" line-rate="0.6666" branch-rate="1" complexity="1">
              <lines>
                <line number="150" hits="1" branch="False" />
                <line number="151" hits="1" branch="False" />
                <line number="152" hits="0" branch="False" />
              </lines>
            </method>
            <method name="FormulaConstructor_TestBalancedParenthesis_Valid" signature="()" line-rate="1" branch-rate="1" complexity="1">
              <lines>
                <line number="166" hits="1" branch="False" />
                <line number="167" hits="1" branch="False" />
                <line number="168" hits="1" branch="False" />
              </lines>
            </method>
            <method name="FormulaConstructor_TestFirstToken_Invalid" signature="()" line-rate="0.5" branch-rate="1" complexity="1">
              <lines>
                <line number="187" hits="1" branch="False" />
                <line number="188" hits="1" branch="False" />
                <line number="189" hits="0" branch="False" />
                <line number="190" hits="0" branch="False" />
              </lines>
            </method>
            <method name="FormulaConstructor_TestFirstToken_Valid" signature="()" line-rate="1" branch-rate="1" complexity="1">
              <lines>
                <line number="205" hits="1" branch="False" />
                <line number="206" hits="1" branch="False" />
                <line number="207" hits="1" branch="False" />
                <line number="208" hits="1" branch="False" />
                <line number="209" hits="1" branch="False" />
              </lines>
            </method>
            <method name="FormulaConstructor_TestFirstTokenNumber_Valid" signature="()" line-rate="1" branch-rate="1" complexity="1">
              <lines>
                <line number="223" hits="1" branch="False" />
                <line number="224" hits="1" branch="False" />
                <line number="225" hits="1" branch="False" />
              </lines>
            </method>
            <method name="FormulaConstructor_TestLastToken_Invalid" signature="()" line-rate="0.5" branch-rate="1" complexity="1">
              <lines>
                <line number="242" hits="1" branch="False" />
                <line number="243" hits="1" branch="False" />
                <line number="244" hits="0" branch="False" />
                <line number="245" hits="0" branch="False" />
              </lines>
            </method>
            <method name="FormulaConstructor_TestLastToken_Valid" signature="()" line-rate="1" branch-rate="1" complexity="1">
              <lines>
                <line number="260" hits="1" branch="False" />
                <line number="261" hits="1" branch="False" />
                <line number="262" hits="1" branch="False" />
                <line number="263" hits="1" branch="False" />
                <line number="264" hits="1" branch="False" />
              </lines>
            </method>
            <method name="FormulaConstructor_TestFollowing_Invalid" signature="()" line-rate="0.5" branch-rate="1" complexity="1">
              <lines>
                <line number="284" hits="1" branch="False" />
                <line number="285" hits="1" branch="False" />
                <line number="286" hits="0" branch="False" />
                <line number="287" hits="0" branch="False" />
              </lines>
            </method>
            <method name="FormulaConstructor_TestFollowing_Valid" signature="()" line-rate="1" branch-rate="1" complexity="1">
              <lines>
                <line number="303" hits="1" branch="False" />
                <line number="304" hits="1" branch="False" />
                <line number="305" hits="1" branch="False" />
                <line number="306" hits="1" branch="False" />
                <line number="307" hits="1" branch="False" />
                <line number="308" hits="1" branch="False" />
              </lines>
            </method>
            <method name="FormulaConstructor_TestExtraFollowing_Invalid" signature="()" line-rate="0.4" branch-rate="1" complexity="1">
              <lines>
                <line number="328" hits="1" branch="False" />
                <line number="329" hits="1" branch="False" />
                <line number="330" hits="0" branch="False" />
                <line number="331" hits="0" branch="False" />
                <line number="332" hits="0" branch="False" />
              </lines>
            </method>
            <method name="FormulaConstructor_TestExtraFollowing_Valid" signature="()" line-rate="1" branch-rate="1" complexity="1">
              <lines>
                <line number="347" hits="1" branch="False" />
                <line number="348" hits="1" branch="False" />
                <line number="349" hits="1" branch="False" />
                <line number="350" hits="1" branch="False" />
                <line number="351" hits="1" branch="False" />
              </lines>
            </method>
            <method name="Formula_TestToString_Valid" signature="()" line-rate="1" branch-rate="1" complexity="1">
              <lines>
                <line number="366" hits="1" branch="False" />
                <line number="367" hits="1" branch="False" />
                <line number="368" hits="1" branch="False" />
                <line number="369" hits="1" branch="False" />
              </lines>
            </method>
            <method name="Formula_TestDoubleEquals_Integers" signature="()" line-rate="1" branch-rate="1" complexity="1">
              <lines>
                <line number="383" hits="1" branch="False" />
                <line number="384" hits="1" branch="False" />
                <line number="385" hits="1" branch="False" />
                <line number="386" hits="1" branch="False" />
              </lines>
            </method>
            <method name="Formula_TestDoubleEquals_FloatingPoint" signature="()" line-rate="1" branch-rate="1" complexity="1">
              <lines>
                <line number="396" hits="1" branch="False" />
                <line number="397" hits="1" branch="False" />
                <line number="398" hits="1" branch="False" />
                <line number="399" hits="1" branch="False" />
                <line number="400" hits="1" branch="False" />
                <line number="401" hits="1" branch="False" />
                <line number="402" hits="1" branch="False" />
              </lines>
            </method>
            <method name="Formula_TestMethodDoubleEquals_Parenthesis" signature="()" line-rate="1" branch-rate="1" complexity="1">
              <lines>
                <line number="412" hits="1" branch="False" />
                <line number="413" hits="1" branch="False" />
                <line number="414" hits="1" branch="False" />
                <line number="415" hits="1" branch="False" />
                <line number="416" hits="1" branch="False" />
              </lines>
            </method>
            <method name="Formula_TestDoubleEquals_Variables" signature="()" line-rate="1" branch-rate="1" complexity="1">
              <lines>
                <line number="426" hits="1" branch="False" />
                <line number="427" hits="1" branch="False" />
                <line number="428" hits="1" branch="False" />
                <line number="429" hits="1" branch="False" />
              </lines>
            </method>
            <method name="Formula_TestDoubleEquals_Signs" signature="()" line-rate="1" branch-rate="1" complexity="1">
              <lines>
                <line number="439" hits="1" branch="False" />
                <line number="440" hits="1" branch="False" />
                <line number="441" hits="1" branch="False" />
                <line number="442" hits="1" branch="False" />
                <line number="444" hits="1" branch="False" />
                <line number="445" hits="1" branch="False" />
              </lines>
            </method>
            <method name="Formula_TestDoubleEquals_Combination" signature="()" line-rate="1" branch-rate="1" complexity="1">
              <lines>
                <line number="456" hits="1" branch="False" />
                <line number="457" hits="1" branch="False" />
                <line number="458" hits="1" branch="False" />
                <line number="459" hits="1" branch="False" />
                <line number="460" hits="1" branch="False" />
              </lines>
            </method>
            <method name="Formula_TestEquals_Integers" signature="()" line-rate="1" branch-rate="1" complexity="1">
              <lines>
                <line number="471" hits="1" branch="False" />
                <line number="472" hits="1" branch="False" />
                <line number="473" hits="1" branch="False" />
                <line number="474" hits="1" branch="False" />
              </lines>
            </method>
            <method name="Formula_TestEquals_FloatingPoint" signature="()" line-rate="1" branch-rate="1" complexity="1">
              <lines>
                <line number="484" hits="1" branch="False" />
                <line number="485" hits="1" branch="False" />
                <line number="486" hits="1" branch="False" />
                <line number="487" hits="1" branch="False" />
                <line number="488" hits="1" branch="False" />
                <line number="489" hits="1" branch="False" />
                <line number="490" hits="1" branch="False" />
              </lines>
            </method>
            <method name="Formula_TestMethodEquals_Parenthesis" signature="()" line-rate="1" branch-rate="1" complexity="1">
              <lines>
[...]
                <line number="508" hits="1" branch="False" />
                <line number="509" hits="0" branch="False" />
              </lines>
            </method>
            <method name="FormulaConstructor_TestComplex_IsValid" signature="()" line-rate="1" branch-rate="1" complexity="1">
              <lines>
                <line number="516" hits="1" branch="False" />
                <line number="517" hits="1" branch="False" />
                <line number="518" hits="1" branch="False" />
              </lines>
            </method>
            <method name="FormulaConstructor_MatchingParens_EachLeftHasARight" signature="()" line-rate="1" branch-rate="1" complexity="1">
              <lines>
                <line number="524" hits="1" branch="False" />
                <line number="525" hits="1" branch="False" />
                <line number="526" hits="1" branch="False" />
              </lines>
            </method>
            <method name="FormulaConstructor_TestLotsOfLeftParens_IsValidAndMatching" signature="()" line-rate="1" branch-rate="1" complexity="1">
              <lines>
                <line number="532" hits="1" branch="False" />
                <line number="533" hits="1" branch="False" />
                <line number="534" hits="1" branch="False" />
              </lines>
            </method>
            <method name="ToString_Whitespace_RemovedInCannonicalForm" signature="()" line-rate="1" branch-rate="1" complexity="1">
              <lines>
                <line number="540" hits="1" branch="False" />
                <line number="541" hits="1" branch="False" />
                <line number="542" hits="1" branch="False" />
                <line number="543" hits="1" branch="False" />
                <line number="544" hits="1" branch="False" />
              </lines>
            </method>
            <method name="ToString_DifferentNumberRepresentations_EquateToSameCanonicalForm" signature="()" line-rate="1" branch-rate="1" complexity="1">
              <lines>
                <line number="550" hits="1" branch="False" />
                <line number="551" hits="1" branch="False" />
                <line number="552" hits="1" branch="False" />
                <line number="553" hits="1" branch="False" />
                <line number="554" hits="1" branch="False" />
              </lines>
            </method>
            <method name="ToString_DifferentNumberRepresentations_EquateToSameCanonicalForm2" signature="()" line-rate="1" branch-rate="1" complexity="1">
              <lines>
                <line number="560" hits="1" branch="False" />
                <line number="561" hits="1" branch="False" />
                <line number="562" hits="1" branch="False" />
                <line number="563" hits="1" branch="False" />
                <line number="564" hits="1" branch="False" />
              </lines>
            </method>
            <method name="ToString_DifferentFormulas_HaveDifferentStrings" signature="()" line-rate="1" branch-rate="1" complexity="1">
              <lines>
                <line number="570" hits="1" branch="False" />
                <line number="571" hits="1" branch="False" />
                <line number="572" hits="1" branch="False" />
                <line number="573" hits="1" branch="False" />
                <line number="574" hits="1" branch="False" />
              </lines>
            </method>
            <method name="GetVariables_NoVariables_ReturnsEmptySet" signature="()" line-rate="1" branch-rate="1" complexity="1">
              <lines>
                <line number="581" hits="1" branch="False" />
                <line number="582" hits="1" branch="False" />
                <line number="583" hits="1" branch="False" />
                <line number="584" hits="1" branch="False" />
              </lines>
            </method>
            <method name="GetVariables_OneVariable_ReturnsTheOne" signature="()" line-rate="1" branch-rate="1" complexity="1">
              <lines>
                <line number="590" hits="1" branch="False" />
                <line number="591" hits="1" branch="False" />
                <line number="592" hits="1" branch="False" />
                <line number="593" hits="1" branch="False" />
                <line number="594" hits="1" branch="False" />
                <line number="595" hits="1" branch="False" />
                <line number="596" hits="1" branch="False" />
              </lines>
            </method>
            <method name="GetVariables_TwoVariables_ReturnsBoth" signature="()" line-rate="1" branch-rate="1" complexity="1">
              <lines>
                <line number="602" hits="1" branch="False" />
                <line number="603" hits="1" branch="False" />
                <line number="604" hits="1" branch="False" />
                <line number="605" hits="1" branch="False" />
                <line number="606" hits="1" branch="False" />
                <line number="607" hits="1" branch="False" />
                <line number="608" hits="1" branch="False" />
              </lines>
            </method>
            <method name="GetVariables_Duplicated_ReturnsOnlyOneValue" signature="()" line-rate="1" branch-rate="1" complexity="1">
              <lines>
                <line number="614" hits="1" branch="False" />
                <line number="615" hits="1" branch="False" />
                <line number="616" hits="1" branch="False" />
                <line number="617" hits="1" branch="False" />
                <line number="618" hits="1" branch="False" />
                <line number="619" hits="1" branch="False" />
                <line number="620" hits="1" branch="False" />
              </lines>
            </method>
            <method name="GetVariables_LotsOfVariablesWithOperatorsAndRepeats_ReturnsCompleteList" signature="()" line-rate="1" branch-rate="1" complexity="1">
              <lines>
                <line number="626" hits="1" branch="False" />
                <line number="627" hits="1" branch="False" />
                <line number="628" hits="1" branch="False" />
                <line number="629" hits="1" branch="False" />
                <line number="630" hits="1" branch="False" />
                <line number="631" hits="1" branch="False" />
                <line number="632" hits="1" branch="False" />
              </lines>
            </method>
            <method name="FormulaConstructor_LongComplexFormula_IsAValidFormula" signature="()" line-rate="1" branch-rate="1" complexity="1">
              <lines>
                <line number="639" hits="1" branch="False" />
                <line number="640" hits="1" branch="False" />
                <line number="641" hits="1" branch="False" />
              </lines>
            </method>
            <method name="FormulaConstructor_LongComplexFormula2_IsAValidFormula" signature="()" line-rate="1" branch-rate="1" complexity="1">
              <lines>
                <line number="647" hits="1" branch="False" />
                <line number="648" hits="1" branch="False" />
                <line number="649" hits="1" branch="False" />
              </lines>
            </method>
          </methods>
          <lines>
            <line number="45" hits="1" branch="False" />
            <line number="46" hits="1" branch="False" />
            <line number="47" hits="0" branch="False" />
            <line number="56" hits="1" branch="False" />
            <line number="57" hits="1" branch="False" />
            <line number="58" hits="0" branch="False" />
            <line number="69" hits="1" branch="False" />
            <line number="70" hits="1" branch="False" />
            <line number="71" hits="0" branch="False" />
            <line number="80" hits="1" branch="False" />
            <line number="81" hits="1" branch="False" />
            <line number="82" hits="0" branch="False" />
            <line number="91" hits="1" branch="False" />
            <line number="92" hits="1" branch="False" />
            <line number="93" hits="1" branch="False" />
            <line number="105" hits="1" branch="False" />
            <line number="106" hits="1" branch="False" />
            <line number="107" hits="0" branch="False" />
            <line number="117" hits="1" branch="False" />
            <line number="118" hits="1" branch="False" />
            <line number="119" hits="0" branch="False" />
            <line number="128" hits="1" branch="False" />
            <line number="129" hits="1" branch="False" />
            <line number="130" hits="0" branch="False" />
            <line number="138" hits="1" branch="False" />
            <line number="139" hits="1" branch="False" />
            <line number="140" hits="1" branch="False" />
            <line number="151" hits="1" branch="False" />
            <line number="152" hits="1" branch="False" />
            <line number="153" hits="0" branch="False" />
            <line number="161" hits="1" branch="False" />
            <line number="162" hits="1" branch="False" />
            <line number="163" hits="1" branch="False" />
            <line number="171" hits="1" branch="False" />
            <line number="172" hits="1" branch="False" />
            <line number="173" hits="1" branch="False" />
            <line number="184" hits="1" branch="False" />
            <line number="185" hits="1" branch="False" />
            <line number="186" hits="0" branch="False" />
            <line number="195" hits="1" branch="False" />
            <line number="196" hits="1" branch="False" />
            <line number="197" hits="0" branch="False" />
            <line number="206" hits="1" branch="False" />
            <line number="207" hits="1" branch="False" />
            <line number="208" hits="0" branch="False" />
            <line number="216" hits="1" branch="False" />
            <line number="217" hits="1" branch="False" />
            <line number="218" hits="1" branch="False" />
            <line number="226" hits="1" branch="False" />
            <line number="227" hits="1" branch="False" />
            <line number="228" hits="1" branch="False" />
            <line number="239" hits="1" branch="False" />
            <line number="240" hits="1" branch="False" />
            <line number="241" hits="0" branch="False" />
            <line number="250" hits="1" branch="False" />
            <line number="251" hits="1" branch="False" />
            <line number="252" hits="0" branch="False" />
            <line number="264" hits="1" branch="False" />
            <line number="265" hits="1" branch="False" />
            <line number="266" hits="0" branch="False" />
            <line number="275" hits="1" branch="False" />
            <line number="276" hits="1" branch="False" />
            <line number="277" hits="0" branch="False" />
            <line number="288" hits="1" branch="False" />
            <line number="289" hits="1" branch="False" />
            <line number="290" hits="0" branch="False" />
            <line number="299" hits="1" branch="False" />
            <line number="300" hits="1" branch="False" />
            <line number="301" hits="0" branch="False" />
            <line number="310" hits="1" branch="False" />
            <line number="311" hits="1" branch="False" />
            <line number="312" hits="0" branch="False" />
            <line number="321" hits="1" branch="False" />
            <line number="322" hits="1" branch="False" />
            <line number="323" hits="0" branch="False" />
            <line number="330" hits="1" branch="False" />
            <line number="331" hits="1" branch="False" />
            <line number="332" hits="1" branch="False" />
            <line number="334" hits="1" branch="False" />
            <line number="335" hits="1" branch="False" />
            <line number="341" hits="1" branch="False" />
            <line number="342" hits="1" branch="False" />
            <line number="343" hits="1" branch="False" />
            <line number="345" hits="1" branch="False" />
            <line number="346" hits="1" branch="False" />
            <line number="352" hits="1" branch="False" />
            <line number="353" hits="1" branch="False" />
            <line number="354" hits="1" branch="False" />
            <line number="356" hits="1" branch="False" />
            <line number="357" hits="1" branch="False" />
            <line number="364" hits="1" branch="False" />
            <line number="365" hits="1" branch="False" />
            <line number="367" hits="1" branch="False" />
            <line number="368" hits="1" branch="False" />
            <line number="374" hits="1" branch="False" />
            <line number="375" hits="1" branch="False" />
            <line number="376" hits="1" branch="False" />
            <line number="377" hits="1" branch="False" />
            <line number="378" hits="1" branch="False" />
            <line number="379" hits="1" branch="False" />
            <line number="380" hits="1" branch="False" />
            <line number="381" hits="1" branch="False" />
            <line number="382" hits="1" branch="False" />
            <line number="383" hits="1" branch="False" />
            <line number="389" hits="1" branch="False" />
            <line number="390" hits="1" branch="False" />
            <line number="391" hits="1" branch="False" />
            <line number="392" hits="1" branch="False" />
            <line number="398" hits="1" branch="False" />
            <line number="399" hits="1" branch="False" />
            <line number="400" hits="1" branch="False" />
            <line number="402" hits="1" branch="False" />
            <line number="403" hits="1" branch="False" />
            <line number="404" hits="1" branch="False" />
            <line number="411" hits="1" branch="False" />
            <line number="412" hits="1" branch="False" />
            <line number="413" hits="1" branch="False" />
            <line number="415" hits="1" branch="False" />
            <line number="416" hits="1" branch="False" />
            <line number="422" hits="1" branch="False" />
            <line number="423" hits="1" branch="False" />
            <line number="424" hits="1" branch="False" />
            <line number="426" hits="1" branch="False" />
            <line number="427" hits="1" branch="False" />
            <line number="435" hits="1" branch="False" />
            <line number="436" hits="1" branch="False" />
            <line number="437" hits="0" branch="False" />
            <line number="444" hits="1" branch="False" />
            <line number="445" hits="1" branch="False" />
            <line number="446" hits="0" branch="False" />
            <line number="453" hits="1" branch="False" />
            <line number="454" hits="1" branch="False" />
            <line number="455" hits="0" branch="False" />
            <line number="462" hits="1" branch="False" />
            <line number="463" hits="1" branch="False" />
            <line number="464" hits="0" branch="False" />
            <line number="471" hits="1" branch="False" />
            <line number="472" hits="1" branch="False" />
            <line number="473" hits="0" branch="False" />
            <line number="480" hits="1" branch="False" />
            <line number="481" hits="1" branch="False" />
            <line number="482" hits="0" branch="False" />
            <line number="489" hits="1" branch="False" />
            <line number="490" hits="1" branch="False" />
            <line number="491" hits="0" branch="False" />
            <line number="498" hits="1" branch="False" />
            <line number="499" hits="1" branch="False" />
            <line number="500" hits="0" branch="False" />
            <line number="507" hits="1" branch="False" />
            <line number="508" hits="1" branch="False" />
            <line number="509" hits="0" branch="False" />
            <line number="516" hits="1" branch="False" />
            <line number="517" hits="1" branch="False" />
            <line number="518" hits="1" branch="False" />
            <line number="524" hits="1" branch="False" />
            <line number="525" hits="1" branch="False" />
            <line number="526" hits="1" branch="False" />
            <line number="532" hits="1" branch="False" />
            <line number="533" hits="1" branch="False" />
            <line number="534" hits="1" branch="False" />
            <line number="540" hits="1" branch="False" />
            <line number="541" hits="1" branch="False" />
            <line number="542" hits="1" branch="False" />
            <line number="543" hits="1" branch="False" />
            <line number="544" hits="1" branch="False" />
            <line number="550" hits="1" branch="False" />
            <line number="551" hits="1" branch="False" />
            <line number="552" hits="1" branch="False" />
            <line number="553" hits="1" branch="False" />
            <line number="554" hits="1" branch="False" />
            <line number="560" hits="1" branch="False" />
            <line number="561" hits="1" branch="False" />
            <line number="562" hits="1" branch="False" />
            <line number="563" hits="1" branch="False" />
            <line number="564" hits="1" branch="False" />
            <line number="570" hits="1" branch="False" />
            <line number="571" hits="1" branch="False" />
            <line number="572" hits="1" branch="False" />
            <line number="573" hits="1" branch="False" />
            <line number="574" hits="1" branch="False" />
            <line number="581" hits="1" branch="False" />
            <line number="582" hits="1" branch="False" />
            <line number="583" hits="1" branch="False" />
            <line number="584" hits="1" branch="False" />
            <line number="590" hits="1" branch="False" />
            <line number="591" hits="1" branch="False" />
            <line number="592" hits="1" branch="False" />
            <line number="593" hits="1" branch="False" />
            <line number="594" hits="1" branch="False" />
            <line number="595" hits="1" branch="False" />
            <line number="596" hits="1" branch="False" />
            <line number="602" hits="1" branch="False" />
            <line number="603" hits="1" branch="False" />
            <line number="604" hits="1" branch="False" />
            <line number="605" hits="1" branch="False" />
            <line number="606" hits="1" branch="False" />
            <line number="607" hits="1" branch="False" />
            <line number="608" hits="1" branch="False" />
            <line number="614" hits="1" branch="False" />
            <line number="615" hits="1" branch="False" />
            <line number="616" hits="1" branch="False" />
            <line number="617" hits="1" branch="False" />
            <line number="618" hits="1" branch="False" />
            <line number="619" hits="1" branch="False" />
            <line number="620" hits="1" branch="False" />
            <line number="626" hits="1" branch="False" />
            <line number="627" hits="1" branch="False" />
            <line number="628" hits="1" branch="False" />
            <line number="629" hits="1" branch="False" />
            <line number="630" hits="1" branch="False" />
            <line number="631" hits="1" branch="False" />
            <line number="632" hits="1" branch="False" />
            <line number="639" hits="1" branch="False" />
            <line number="640" hits="1" branch="False" />
            <line number="641" hits="1" branch="False" />
            <line number="647" hits="1" branch="False" />
            <line number="648" hits="1" branch="False" />
            <line number="649" hits="1" branch="False" />
          </lines>
        </class>
      </classes>
    </package>
  </packages>
</coverage>