<?xml version="1.0" encoding="utf-8"?>
<coverage line-rate="0.9238" branch-rate="0.9756" version="1.9" timestamp="1725648088" lines-covered="182" lines-valid="197" branches-covered="80" branches-valid="82">
  <sources>
    <source>C:\Users\myers\</source>
  </sources>
  <packages>
    <package name="Formula" line-rate="0.9924" branch-rate="0.9756" complexity="85">
      <classes>
        <class name="CS3500.Formula.Formula" filename="Downloads\ps1\Formula\ps2.cs" line-rate="0.9923000000000001" branch-rate="0.9756" complexity="84">
          <methods>
            <method name="GetVariables" signature="()" line-rate="1" branch-rate="1" complexity="4">
              <lines>
                <line number="153" hits="110" branch="False" />
                <line number="154" hits="110" branch="False" />
                <line number="156" hits="1530" branch="True" condition-coverage="100% (2/2)">
                  <conditions>
                    <condition number="73" type="jump" coverage="100%" />
                  </conditions>
                </line>
                <line number="157" hits="600" branch="False" />
                <line number="158" hits="600" branch="False" />
                <line number="160" hits="600" branch="True" condition-coverage="100% (2/2)">
                  <conditions>
                    <condition number="53" type="jump" coverage="100%" />
                  </conditions>
                </line>
                <line number="161" hits="73" branch="False" />
                <line number="162" hits="73" branch="False" />
                <line number="163" hits="73" branch="False" />
                <line number="164" hits="600" branch="False" />
                <line number="166" hits="110" branch="False" />
                <line number="167" hits="110" branch="False" />
              </lines>
            </method>
            <method name="ToString" signature="()" line-rate="1" branch-rate="1" complexity="1">
              <lines>
                <line number="200" hits="2" branch="False" />
                <line number="201" hits="2" branch="False" />
                <line number="202" hits="2" branch="False" />
              </lines>
            </method>
            <method name="IsVar" signature="(System.String)" line-rate="1" branch-rate="1" complexity="1">
              <lines>
                <line number="211" hits="600" branch="False" />
                <line number="213" hits="600" branch="False" />
                <line number="214" hits="600" branch="False" />
                <line number="215" hits="600" branch="False" />
              </lines>
            </method>
            <method name="GetTokens" signature="(System.String)" line-rate="1" branch-rate="1" complexity="4">
              <lines>
                <line number="239" hits="136" branch="False" />
                <line number="240" hits="136" branch="False" />
                <line number="242" hits="136" branch="False" />
                <line number="243" hits="136" branch="False" />
                <line number="244" hits="136" branch="False" />
                <line number="245" hits="136" branch="False" />
                <line number="246" hits="136" branch="False" />
                <line number="249" hits="136" branch="False" />
                <line number="250" hits="136" branch="False" />
                <line number="251" hits="136" branch="False" />
                <line number="252" hits="136" branch="False" />
                <line number="253" hits="136" branch="False" />
                <line number="254" hits="136" branch="False" />
                <line number="255" hits="136" branch="False" />
                <line number="256" hits="136" branch="False" />
                <line number="259" hits="5432" branch="True" condition-coverage="100% (2/2)">
                  <conditions>
                    <condition number="160" type="jump" coverage="100%" />
                  </conditions>
                </line>
                <line number="260" hits="2512" branch="False" />
                <line number="261" hits="2512" branch="True" condition-coverage="100% (2/2)">
                  <conditions>
                    <condition number="134" type="jump" coverage="100%" />
                  </conditions>
                </line>
                <line number="262" hits="684" branch="False" />
                <line number="263" hits="684" branch="False" />
                <line number="264" hits="684" branch="False" />
                <line number="265" hits="2512" branch="False" />
                <line number="267" hits="136" branch="False" />
                <line number="268" hits="136" branch="False" />
              </lines>
            </method>
            <method name="TokenRulesValid" signature="(System.String,System.String)" line-rate="0.9811" branch-rate="0.9666" complexity="60">
              <lines>
                <line number="273" hits="83" branch="False" />
                <line number="274" hits="83" branch="True" condition-coverage="100% (2/2)">
                  <conditions>
                    <condition number="15" type="jump" coverage="100%" />
                  </conditions>
                </line>
                <line number="275" hits="6" branch="False" />
                <line number="276" hits="6" branch="True" condition-coverage="100% (8/8)">
                  <conditions>
                    <condition number="29" type="jump" coverage="100%" />
                    <condition number="42" type="jump" coverage="100%" />
                    <condition number="55" type="jump" coverage="100%" />
                    <condition number="73" type="jump" coverage="100%" />
                  </conditions>
                </line>
                <line number="277" hits="4" branch="False" />
                <line number="278" hits="4" branch="False" />
                <line number="280" hits="2" branch="True" condition-coverage="50% (1/2)">
                  <conditions>
                    <condition number="96" type="jump" coverage="50%" />
                  </conditions>
                </line>
                <line number="281" hits="2" branch="False" />
                <line number="282" hits="2" branch="False" />
                <line number="284" hits="0" branch="False" />
                <line number="285" hits="77" branch="True" condition-coverage="100% (8/8)">
                  <conditions>
                    <condition number="123" type="jump" coverage="100%" />
                    <condition number="136" type="jump" coverage="100%" />
                    <condition number="149" type="jump" coverage="100%" />
                    <condition number="169" type="jump" coverage="100%" />
                  </conditions>
                </line>
                <line number="286" hits="13" branch="False" />
                <line number="287" hits="13" branch="True" condition-coverage="100% (2/2)">
                  <conditions>
                    <condition number="188" type="jump" coverage="100%" />
                  </conditions>
                </line>
                <line number="288" hits="5" branch="False" />
                <line number="289" hits="5" branch="False" />
                <line number="291" hits="8" branch="True" condition-coverage="100% (4/4)">
                  <conditions>
                    <condition number="209" type="jump" coverage="100%" />
                    <condition number="229" type="jump" coverage="100%" />
                  </conditions>
                </line>
                <line number="292" hits="3" branch="False" />
                <line number="293" hits="3" branch="False" />
                <line number="295" hits="5" branch="True" condition-coverage="50% (1/2)">
                  <conditions>
                    <condition number="251" type="jump" coverage="50%" />
                  </conditions>
                </line>
                <line number="296" hits="5" branch="False" />
                <line number="297" hits="5" branch="False" />
                <line number="299" hits="64" branch="True" condition-coverage="100% (2/2)">
                  <conditions>
                    <condition number="282" type="jump" coverage="100%" />
                  </conditions>
                </line>
                <line number="300" hits="14" branch="False" />
                <line number="301" hits="14" branch="True" condition-coverage="100% (2/2)">
                  <conditions>
                    <condition number="301" type="jump" coverage="100%" />
                  </conditions>
                </line>
                <line number="302" hits="2" branch="False" />
                <line number="303" hits="2" branch="False" />
                <line number="305" hits="12" branch="True" condition-coverage="100% (2/2)">
                  <conditions>
                    <condition number="323" type="jump" coverage="100%" />
                  </conditions>
                </line>
                <line number="306" hits="9" branch="False" />
                <line number="307" hits="9" branch="False" />
                <line number="309" hits="3" branch="True" condition-coverage="100% (2/2)">
                  <conditions>
                    <condition number="348" type="jump" coverage="100%" />
                  </conditions>
                </line>
                <line number="310" hits="2" branch="False" />
                <line number="311" hits="2" branch="False" />
                <line number="313" hits="1" branch="False" />
                <line number="314" hits="50" branch="True" condition-coverage="100% (2/2)">
                  <conditions>
                    <condition number="379" type="jump" coverage="100%" />
                  </conditions>
                </line>
                <line number="315" hits="8" branch="False" />
                <line number="316" hits="8" branch="True" condition-coverage="100% (8/8)">
                  <conditions>
                    <condition number="393" type="jump" coverage="100%" />
                    <condition number="406" type="jump" coverage="100%" />
                    <condition number="419" type="jump" coverage="100%" />
                    <condition number="439" type="jump" coverage="100%" />
                  </conditions>
                </line>
                <line number="317" hits="2" branch="False" />
                <line number="318" hits="2" branch="False" />
                <line number="320" hits="6" branch="True" condition-coverage="100% (2/2)">
                  <conditions>
                    <condition number="464" type="jump" coverage="100%" />
                  </conditions>
                </line>
                <line number="321" hits="4" branch="False" />
                <line number="322" hits="4" branch="False" />
                <line number="324" hits="2" branch="False" />
                <line number="325" hits="42" branch="True" condition-coverage="100% (2/2)">
                  <conditions>
                    <condition number="486" type="jump" coverage="100%" />
                  </conditions>
                </line>
                <line number="326" hits="16" branch="False" />
                <line number="327" hits="16" branch="True" condition-coverage="100% (8/8)">
                  <conditions>
                    <condition number="500" type="jump" coverage="100%" />
                    <condition number="513" type="jump" coverage="100%" />
                    <condition number="526" type="jump" coverage="100%" />
                    <condition number="546" type="jump" coverage="100%" />
                  </conditions>
                </line>
                <line number="328" hits="7" branch="False" />
                <line number="329" hits="7" branch="False" />
                <line number="331" hits="9" branch="True" condition-coverage="100% (2/2)">
                  <conditions>
                    <condition number="568" type="jump" coverage="100%" />
                  </conditions>
                </line>
                <line number="332" hits="8" branch="False" />
                <line number="333" hits="8" branch="False" />
                <line number="335" hits="1" branch="False" />
                <line number="337" hits="30" branch="False" />
                <line number="338" hits="83" branch="False" />
              </lines>
            </method>
            <method name=".ctor" signature="(System.String)" line-rate="1" branch-rate="1" complexity="14">
              <lines>
                <line number="86" hits="26" branch="False" />
                <line number="87" hits="26" branch="False" />
                <line number="88" hits="26" branch="False" />
                <line number="90" hits="26" branch="False" />
                <line number="91" hits="26" branch="False" />
                <line number="92" hits="26" branch="False" />
                <line number="94" hits="246" branch="True" condition-coverage="100% (2/2)">
                  <conditions>
                    <condition number="87" type="jump" coverage="100%" />
                  </conditions>
                </line>
                <line number="95" hits="84" branch="False" />
                <line number="96" hits="84" branch="False" />
                <line number="97" hits="84" branch="False" />
                <line number="99" hits="26" branch="False" />
                <line number="101" hits="26" branch="True" condition-coverage="100% (2/2)">
                  <conditions>
                    <condition number="136" type="jump" coverage="100%" />
                  </conditions>
                </line>
                <line number="102" hits="1" branch="False" />
                <line number="103" hits="1" branch="False" />
                <line number="106" hits="236" branch="True" condition-coverage="100% (2/2)">
                  <conditions>
                    <condition number="276" type="jump" coverage="100%" />
                  </conditions>
                </line>
                <line number="107" hits="83" branch="False" />
                <line number="108" hits="83" branch="False" />
                <line number="110" hits="83" branch="True" condition-coverage="100% (2/2)">
                  <conditions>
                    <condition number="196" type="jump" coverage="100%" />
                  </conditions>
                </line>
                <line number="111" hits="16" branch="False" />
                <line number="112" hits="16" branch="False" />
                <line number="113" hits="16" branch="False" />
                <line number="114" hits="67" branch="True" condition-coverage="100% (2/2)">
                  <conditions>
                    <condition number="222" type="jump" coverage="100%" />
                  </conditions>
                </line>
                <line number="115" hits="16" branch="False" />
                <line number="116" hits="16" branch="False" />
                <line number="117" hits="16" branch="False" />
                <line number="119" hits="83" branch="True" condition-coverage="100% (2/2)">
                  <conditions>
                    <condition number="251" type="jump" coverage="100%" />
                  </conditions>
                </line>
                <line number="120" hits="5" branch="False" />
                <line number="121" hits="5" branch="False" />
                <line number="124" hits="78" branch="False" />
                <line number="126" hits="78" branch="False" />
                <line number="129" hits="20" branch="True" condition-coverage="100% (2/2)">
                  <conditions>
                    <condition number="303" type="jump" coverage="100%" />
                  </conditions>
                </line>
                <line number="130" hits="2" branch="False" />
                <line number="131" hits="2" branch="False" />
                <line number="133" hits="18" branch="False" />
              </lines>
            </method>
          </methods>
          <lines>
            <line number="153" hits="110" branch="False" />
            <line number="154" hits="110" branch="False" />
            <line number="156" hits="1530" branch="True" condition-coverage="100% (2/2)">
              <conditions>
                <condition number="73" type="jump" coverage="100%" />
              </conditions>
            </line>
            <line number="157" hits="600" branch="False" />
            <line number="158" hits="600" branch="False" />
            <line number="160" hits="600" branch="True" condition-coverage="100% (2/2)">
              <conditions>
                <condition number="53" type="jump" coverage="100%" />
              </conditions>
            </line>
            <line number="161" hits="73" branch="False" />
            <line number="162" hits="73" branch="False" />
            <line number="163" hits="73" branch="False" />
            <line number="164" hits="600" branch="False" />
            <line number="166" hits="110" branch="False" />
            <line number="167" hits="110" branch="False" />
            <line number="200" hits="2" branch="False" />
            <line number="201" hits="2" branch="False" />
            <line number="202" hits="2" branch="False" />
            <line number="211" hits="600" branch="False" />
            <line number="213" hits="600" branch="False" />
            <line number="214" hits="600" branch="False" />
            <line number="215" hits="600" branch="False" />
            <line number="239" hits="136" branch="False" />
            <line number="240" hits="136" branch="False" />
            <line number="242" hits="136" branch="False" />
            <line number="243" hits="136" branch="False" />
            <line number="244" hits="136" branch="False" />
            <line number="245" hits="136" branch="False" />
            <line number="246" hits="136" branch="False" />
            <line number="249" hits="136" branch="False" />
            <line number="250" hits="136" branch="False" />
            <line number="251" hits="136" branch="False" />
            <line number="252" hits="136" branch="False" />
            <line number="253" hits="136" branch="False" />
            <line number="254" hits="136" branch="False" />
            <line number="255" hits="136" branch="False" />
            <line number="256" hits="136" branch="False" />
            <line number="259" hits="5432" branch="True" condition-coverage="100% (2/2)">
              <conditions>
                <condition number="160" type="jump" coverage="100%" />
              </conditions>
            </line>
            <line number="260" hits="2512" branch="False" />
            <line number="261" hits="2512" branch="True" condition-coverage="100% (2/2)">
              <conditions>
                <condition number="134" type="jump" coverage="100%" />
              </conditions>
            </line>
            <line number="262" hits="684" branch="False" />
            <line number="263" hits="684" branch="False" />
            <line number="264" hits="684" branch="False" />
            <line number="265" hits="2512" branch="False" />
            <line number="267" hits="136" branch="False" />
            <line number="268" hits="136" branch="False" />
            <line number="273" hits="83" branch="False" />
            <line number="274" hits="83" branch="True" condition-coverage="100% (2/2)">
              <conditions>
                <condition number="15" type="jump" coverage="100%" />
              </conditions>
            </line>
            <line number="275" hits="6" branch="False" />
            <line number="276" hits="6" branch="True" condition-coverage="100% (8/8)">
              <conditions>
                <condition number="29" type="jump" coverage="100%" />
                <condition number="42" type="jump" coverage="100%" />
                <condition number="55" type="jump" coverage="100%" />
                <condition number="73" type="jump" coverage="100%" />
              </conditions>
            </line>
            <line number="277" hits="4" branch="False" />
            <line number="278" hits="4" branch="False" />
            <line number="280" hits="2" branch="True" condition-coverage="50% (1/2)">
              <conditions>
                <condition number="96" type="jump" coverage="50%" />
              </conditions>
            </line>
            <line number="281" hits="2" branch="False" />
            <line number="282" hits="2" branch="False" />
            <line number="284" hits="0" branch="False" />
            <line number="285" hits="77" branch="True" condition-coverage="100% (8/8)">
              <conditions>
                <condition number="123" type="jump" coverage="100%" />
                <condition number="136" type="jump" coverage="100%" />
                <condition number="149" type="jump" coverage="100%" />
                <condition number="169" type="jump" coverage="100%" />
              </conditions>
            </line>
            <line number="286" hits="13" branch="False" />
            <line number="287" hits="13" branch="True" condition-coverage="100% (2/2)">
              <conditions>
                <condition number="188" type="jump" coverage="100%" />
              </conditions>
            </line>
            <line number="288" hits="5" branch="False" />
            <line number="289" hits="5" branch="False" />
            <line number="291" hits="8" branch="True" condition-coverage="100% (4/4)">
              <conditions>
                <condition number="209" type="jump" coverage="100%" />
                <condition number="229" type="jump" coverage="100%" />
              </conditions>
            </line>
            <line number="292" hits="3" branch="False" />
            <line number="293" hits="3" branch="False" />
            <line number="295" hits="5" branch="True" condition-coverage="50% (1/2)">
              <conditions>
                <condition number="251" type="jump" coverage="50%" />
              </conditions>
            </line>
            <line number="296" hits="5" branch="False" />
            <line number="297" hits="5" branch="False" />
            <line number="299" hits="64" branch="True" condition-coverage="100% (2/2)">
              <conditions>
                <condition number="282" type="jump" coverage="100%" />
              </conditions>
            </line>
            <line number="300" hits="14" branch="False" />
            <line number="301" hits="14" branch="True" condition-coverage="100% (2/2)">
              <conditions>
                <condition number="301" type="jump" coverage="100%" />
              </conditions>
            </line>
            <line number="302" hits="2" branch="False" />
            <line number="303" hits="2" branch="False" />
            <line number="305" hits="12" branch="True" condition-coverage="100% (2/2)">
              <conditions>
                <condition number="323" type="jump" coverage="100%" />
              </conditions>
            </line>
            <line number="306" hits="9" branch="False" />
            <line number="307" hits="9" branch="False" />
            <line number="309" hits="3" branch="True" condition-coverage="100% (2/2)">
              <conditions>
                <condition number="348" type="jump" coverage="100%" />
              </conditions>
            </line>
            <line number="310" hits="2" branch="False" />
            <line number="311" hits="2" branch="False" />
            <line number="313" hits="1" branch="False" />
            <line number="314" hits="50" branch="True" condition-coverage="100% (2/2)">
              <conditions>
                <condition number="379" type="jump" coverage="100%" />
              </conditions>
            </line>
            <line number="315" hits="8" branch="False" />
            <line number="316" hits="8" branch="True" condition-coverage="100% (8/8)">
              <conditions>
                <condition number="393" type="jump" coverage="100%" />
                <condition number="406" type="jump" coverage="100%" />
                <condition number="419" type="jump" coverage="100%" />
                <condition number="439" type="jump" coverage="100%" />
              </conditions>
            </line>
            <line number="317" hits="2" branch="False" />
            <line number="318" hits="2" branch="False" />
            <line number="320" hits="6" branch="True" condition-coverage="100% (2/2)">
              <conditions>
                <condition number="464" type="jump" coverage="100%" />
              </conditions>
            </line>
            <line number="321" hits="4" branch="False" />
            <line number="322" hits="4" branch="False" />
            <line number="324" hits="2" branch="False" />
            <line number="325" hits="42" branch="True" condition-coverage="100% (2/2)">
              <conditions>
                <condition number="486" type="jump" coverage="100%" />
              </conditions>
            </line>
            <line number="326" hits="16" branch="False" />
            <line number="327" hits="16" branch="True" condition-coverage="100% (8/8)">
              <conditions>
                <condition number="500" type="jump" coverage="100%" />
                <condition number="513" type="jump" coverage="100%" />
                <condition number="526" type="jump" coverage="100%" />
                <condition number="546" type="jump" coverage="100%" />
              </conditions>
            </line>
            <line number="328" hits="7" branch="False" />
            <line number="329" hits="7" branch="False" />
            <line number="331" hits="9" branch="True" condition-coverage="100% (2/2)">
              <conditions>
                <condition number="568" type="jump" coverage="100%" />
              </conditions>
            </line>
            <line number="332" hits="8" branch="False" />
            <line number="333" hits="8" branch="False" />
            <line number="335" hits="1" branch="False" />
            <line number="337" hits="30" branch="False" />
            <line number="338" hits="83" branch="False" />
            <line number="86" hits="26" branch="False" />
            <line number="87" hits="26" branch="False" />
            <line number="88" hits="26" branch="False" />
            <line number="90" hits="26" branch="False" />
            <line number="91" hits="26" branch="False" />
            <line number="92" hits="26" branch="False" />
            <line number="94" hits="246" branch="True" condition-coverage="100% (2/2)">
              <conditions>
                <condition number="87" type="jump" coverage="100%" />
              </conditions>
            </line>
            <line number="95" hits="84" branch="False" />
            <line number="96" hits="84" branch="False" />
            <line number="97" hits="84" branch="False" />
            <line number="99" hits="26" branch="False" />
            <line number="101" hits="26" branch="True" condition-coverage="100% (2/2)">
              <conditions>
                <condition number="136" type="jump" coverage="100%" />
              </conditions>
            </line>
            <line number="102" hits="1" branch="False" />
            <line number="103" hits="1" branch="False" />
            <line number="106" hits="236" branch="True" condition-coverage="100% (2/2)">
              <conditions>
                <condition number="276" type="jump" coverage="100%" />
              </conditions>
            </line>
            <line number="107" hits="83" branch="False" />
            <line number="108" hits="83" branch="False" />
            <line number="110" hits="83" branch="True" condition-coverage="100% (2/2)">
              <conditions>
                <condition number="196" type="jump" coverage="100%" />
              </conditions>
            </line>
            <line number="111" hits="16" branch="False" />
            <line number="112" hits="16" branch="False" />
            <line number="113" hits="16" branch="False" />
            <line number="114" hits="67" branch="True" condition-coverage="100% (2/2)">
              <conditions>
                <condition number="222" type="jump" coverage="100%" />
              </conditions>
            </line>
            <line number="115" hits="16" branch="False" />
            <line number="116" hits="16" branch="False" />
            <line number="117" hits="16" branch="False" />
            <line number="119" hits="83" branch="True" condition-coverage="100% (2/2)">
              <conditions>
                <condition number="251" type="jump" coverage="100%" />
              </conditions>
            </line>
            <line number="120" hits="5" branch="False" />
            <line number="121" hits="5" branch="False" />
            <line number="124" hits="78" branch="False" />
            <line number="126" hits="78" branch="False" />
            <line number="129" hits="20" branch="True" condition-coverage="100% (2/2)">
              <conditions>
                <condition number="303" type="jump" coverage="100%" />
              </conditions>
            </line>
            <line number="130" hits="2" branch="False" />
            <line number="131" hits="2" branch="False" />
            <line number="133" hits="18" branch="False" />
          </lines>
        </class>
        <class name="CS3500.Formula.FormulaFormatException" filename="Downloads\ps1\Formula\ps2.cs" line-rate="1" branch-rate="1" complexity="1">
          <methods>
            <method name=".ctor" signature="(System.String)" line-rate="1" branch-rate="1" complexity="1">
              <lines>
                <line number="355" hits="8" branch="False" />
                <line number="356" hits="8" branch="False" />
                <line number="358" hits="8" branch="False" />
              </lines>
            </method>
          </methods>
          <lines>
            <line number="355" hits="8" branch="False" />
            <line number="356" hits="8" branch="False" />
            <line number="358" hits="8" branch="False" />
          </lines>
        </class>
      </classes>
    </package>
    <package name="FormulaTests" line-rate="0.7812" branch-rate="1" complexity="17">
      <classes>
        <class name="AutoGeneratedProgram" filename=".nuget\packages\microsoft.net.test.sdk\17.8.0\build\netcoreapp3.1\Microsoft.NET.Test.Sdk.Program.cs" line-rate="0" branch-rate="1" complexity="1">
          <methods>
            <method name="Main" signature="(System.String[])" line-rate="0" branch-rate="1" complexity="1">
              <lines>
                <line number="4" hits="0" branch="False" />
              </lines>
            </method>
          </methods>
          <lines>
            <line number="4" hits="0" branch="False" />
          </lines>
        </class>
        <class name="CS3500.FormulaTests.FormulaSyntaxTests" filename="Downloads\ps1\FormulaTests\FormulaSyntaxTests.cs" line-rate="0.7936" branch-rate="1" complexity="16">
          <methods>
            <method name="FormulaConstructor_TestNoTokens_Invalid" signature="()" line-rate="0.6666" branch-rate="1" complexity="1">
              <lines>
                <line number="71" hits="1" branch="False" />
                <line number="72" hits="1" branch="False" />
                <line number="73" hits="0" branch="False" />
              </lines>
            </method>
            <method name="FormulaConstructor_TestTokens_Valid" signature="()" line-rate="1" branch-rate="1" complexity="1">
              <lines>
                <line number="91" hits="1" branch="False" />
                <line number="92" hits="1" branch="False" />
                <line number="93" hits="1" branch="False" />
              </lines>
            </method>
            <method name="FormulaConstructor_TestTokens_Invalid" signature="()" line-rate="0.6666" branch-rate="1" complexity="1">
              <lines>
                <line number="108" hits="1" branch="False" />
                <line number="109" hits="1" branch="False" />
                <line number="110" hits="0" branch="False" />
              </lines>
            </method>
            <method name="FormulaConstructor_TestClosingParenthesis_Invalid" signature="()" line-rate="0.6666" branch-rate="1" complexity="1">
              <lines>
                <line number="129" hits="1" branch="False" />
                <line number="130" hits="1" branch="False" />
                <line number="131" hits="0" branch="False" />
              </lines>
            </method>
            <method name="FormulaConstructor_TestBalancedParenthesis_Invalid" signature="()" line-rate="0.6666" branch-rate="1" complexity="1">
              <lines>
                <line number="150" hits="1" branch="False" />
                <line number="151" hits="1" branch="False" />
                <line number="152" hits="0" branch="False" />
              </lines>
            </method>
            <method name="FormulaConstructor_TestBalancedParenthesis_Valid" signature="()" line-rate="1" branch-rate="1" complexity="1">
              <lines>
                <line number="166" hits="1" branch="False" />
                <line number="167" hits="1" branch="False" />
                <line number="168" hits="1" branch="False" />
              </lines>
            </method>
            <method name="FormulaConstructor_TestFirstToken_Invalid" signature="()" line-rate="0.5" branch-rate="1" complexity="1">
              <lines>
                <line number="187" hits="1" branch="False" />
                <line number="188" hits="1" branch="False" />
                <line number="189" hits="0" branch="False" />
                <line number="190" hits="0" branch="False" />
              </lines>
            </method>
            <method name="FormulaConstructor_TestFirstToken_Valid" signature="()" line-rate="1" branch-rate="1" complexity="1">
              <lines>
                <line number="205" hits="1" branch="False" />
                <line number="206" hits="1" branch="False" />
                <line number="207" hits="1" branch="False" />
                <line number="208" hits="1" branch="False" />
                <line number="209" hits="1" branch="False" />
              </lines>
            </method>
            <method name="FormulaConstructor_TestFirstTokenNumber_Valid" signature="()" line-rate="1" branch-rate="1" complexity="1">
              <lines>
                <line number="223" hits="1" branch="False" />
                <line number="224" hits="1" branch="False" />
                <line number="225" hits="1" branch="False" />
              </lines>
            </method>
            <method name="FormulaConstructor_TestLastToken_Invalid" signature="()" line-rate="0.5" branch-rate="1" complexity="1">
              <lines>
                <line number="242" hits="1" branch="False" />
                <line number="243" hits="1" branch="False" />
                <line number="244" hits="0" branch="False" />
                <line number="245" hits="0" branch="False" />
              </lines>
            </method>
            <method name="FormulaConstructor_TestLastToken_Valid" signature="()" line-rate="1" branch-rate="1" complexity="1">
              <lines>
                <line number="260" hits="1" branch="False" />
                <line number="261" hits="1" branch="False" />
                <line number="262" hits="1" branch="False" />
                <line number="263" hits="1" branch="False" />
                <line number="264" hits="1" branch="False" />
              </lines>
            </method>
            <method name="FormulaConstructor_TestFollowing_Invalid" signature="()" line-rate="0.5" branch-rate="1" complexity="1">
              <lines>
                <line number="284" hits="1" branch="False" />
                <line number="285" hits="1" branch="False" />
                <line number="286" hits="0" branch="False" />
                <line number="287" hits="0" branch="False" />
              </lines>
            </method>
            <method name="FormulaConstructor_TestFollowing_Valid" signature="()" line-rate="1" branch-rate="1" complexity="1">
              <lines>
                <line number="303" hits="1" branch="False" />
                <line number="304" hits="1" branch="False" />
                <line number="305" hits="1" branch="False" />
                <line number="306" hits="1" branch="False" />
                <line number="307" hits="1" branch="False" />
                <line number="308" hits="1" branch="False" />
              </lines>
            </method>
            <method name="FormulaConstructor_TestExtraFollowing_Invalid" signature="()" line-rate="0.4" branch-rate="1" complexity="1">
              <lines>
                <line number="328" hits="1" branch="False" />
                <line number="329" hits="1" branch="False" />
                <line number="330" hits="0" branch="False" />
                <line number="331" hits="0" branch="False" />
                <line number="332" hits="0" branch="False" />
              </lines>
            </method>
            <method name="FormulaConstructor_TestExtraFollowing_Valid" signature="()" line-rate="1" branch-rate="1" complexity="1">
              <lines>
                <line number="347" hits="1" branch="False" />
                <line number="348" hits="1" branch="False" />
                <line number="349" hits="1" branch="False" />
                <line number="350" hits="1" branch="False" />
                <line number="351" hits="1" branch="False" />
              </lines>
            </method>
            <method name="Formula_TestToString_Valid" signature="()" line-rate="1" branch-rate="1" complexity="1">
              <lines>
                <line number="357" hits="1" branch="False" />
                <line number="358" hits="1" branch="False" />
                <line number="359" hits="1" branch="False" />
                <line number="360" hits="1" branch="False" />
              </lines>
            </method>
          </methods>
          <lines>
            <line number="71" hits="1" branch="False" />
            <line number="72" hits="1" branch="False" />
            <line number="73" hits="0" branch="False" />
            <line number="91" hits="1" branch="False" />
            <line number="92" hits="1" branch="False" />
            <line number="93" hits="1" branch="False" />
            <line number="108" hits="1" branch="False" />
            <line number="109" hits="1" branch="False" />
            <line number="110" hits="0" branch="False" />
            <line number="129" hits="1" branch="False" />
            <line number="130" hits="1" branch="False" />
            <line number="131" hits="0" branch="False" />
            <line number="150" hits="1" branch="False" />
            <line number="151" hits="1" branch="False" />
            <line number="152" hits="0" branch="False" />
            <line number="166" hits="1" branch="False" />
            <line number="167" hits="1" branch="False" />
            <line number="168" hits="1" branch="False" />
            <line number="187" hits="1" branch="False" />
            <line number="188" hits="1" branch="False" />
            <line number="189" hits="0" branch="False" />
            <line number="190" hits="0" branch="False" />
            <line number="205" hits="1" branch="False" />
            <line number="206" hits="1" branch="False" />
            <line number="207" hits="1" branch="False" />
            <line number="208" hits="1" branch="False" />
            <line number="209" hits="1" branch="False" />
            <line number="223" hits="1" branch="False" />
            <line number="224" hits="1" branch="False" />
            <line number="225" hits="1" branch="False" />
            <line number="242" hits="1" branch="False" />
            <line number="243" hits="1" branch="False" />
            <line number="244" hits="0" branch="False" />
            <line number="245" hits="0" branch="False" />
            <line number="260" hits="1" branch="False" />
            <line number="261" hits="1" branch="False" />
            <line number="262" hits="1" branch="False" />
            <line number="263" hits="1" branch="False" />
            <line number="264" hits="1" branch="False" />
            <line number="284" hits="1" branch="False" />
            <line number="285" hits="1" branch="False" />
            <line number="286" hits="0" branch="False" />
            <line number="287" hits="0" branch="False" />
            <line number="303" hits="1" branch="False" />
            <line number="304" hits="1" branch="False" />
            <line number="305" hits="1" branch="False" />
            <line number="306" hits="1" branch="False" />
            <line number="307" hits="1" branch="False" />
            <line number="308" hits="1" branch="False" />
            <line number="328" hits="1" branch="False" />
            <line number="329" hits="1" branch="False" />
            <line number="330" hits="0" branch="False" />
            <line number="331" hits="0" branch="False" />
            <line number="332" hits="0" branch="False" />
            <line number="347" hits="1" branch="False" />
            <line number="348" hits="1" branch="False" />
            <line number="349" hits="1" branch="False" />
            <line number="350" hits="1" branch="False" />
            <line number="351" hits="1" branch="False" />
            <line number="357" hits="1" branch="False" />
            <line number="358" hits="1" branch="False" />
            <line number="359" hits="1" branch="False" />
            <line number="360" hits="1" branch="False" />
          </lines>
        </class>
      </classes>
    </package>
  </packages>
</coverage>