TpTrace Verbose: 0 : 20272, 1, 2024/09/24, 13:14:01.697, 934692964878, testhost.dll, Version: 17.8.0 Current process architecture: X64
TpTrace Verbose: 0 : 20272, 1, 2024/09/24, 13:14:01.700, 934692989007, testhost.dll, Runtime location: C:\Program Files\dotnet\shared\Microsoft.NETCore.App\8.0.8
TpTrace Information: 0 : 20272, 1, 2024/09/24, 13:14:01.701, 934693003988, testhost.dll, DefaultEngineInvoker.Invoke: Testhost process started with args :[--port, 53898],[--endpoint, 127.0.0.1:053898],[--role, client],[--parentprocessid, 1344],[--diag, C:\Users\myers\Downloads\ps1\SpreadsheetTests\bin\Debug\net8.0\fine-code-coverage\coverage-tool-output\diagnostics.host.24-09-24_13-14-01_61151_5.log],[--tracelevel, 4],[--datacollectionport, 53897],[--telemetryoptedin, false]
TpTrace Information: 0 : 20272, 1, 2024/09/24, 13:14:01.702, 934693007638, testhost.dll, Setting up debug trace listener.
TpTrace Verbose: 0 : 20272, 1, 2024/09/24, 13:14:01.702, 934693008437, testhost.dll, TestPlatformTraceListener.Setup: Replacing listener System.Diagnostics.DefaultTraceListener with TestHostTraceListener.
TpTrace Verbose: 0 : 20272, 1, 2024/09/24, 13:14:01.702, 934693008957, testhost.dll, TestPlatformTraceListener.Setup: Added test platform trace listener.
TpTrace Information: 0 : 20272, 1, 2024/09/24, 13:14:01.702, 934693010417, testhost.dll, DefaultEngineInvoker.SetParentProcessExitCallback: Monitoring parent process with id: '1344'
TpTrace Information: 0 : 20272, 1, 2024/09/24, 13:14:01.703, 934693024639, testhost.dll, DefaultEngineInvoker.GetConnectionInfo: Initialize communication on endpoint address: '127.0.0.1:053898'
TpTrace Information: 0 : 20272, 1, 2024/09/24, 13:14:01.709, 934693081259, testhost.dll, SocketClient.Start: connecting to server endpoint: 127.0.0.1:053898
TpTrace Information: 0 : 20272, 8, 2024/09/24, 13:14:01.712, 934693109231, testhost.dll, SocketClient.OnServerConnected: connected to server endpoint: 127.0.0.1:053898
TpTrace Verbose: 0 : 20272, 8, 2024/09/24, 13:14:01.713, 934693118351, testhost.dll, MulticastDelegateUtilities.SafeInvoke: SocketClient: ServerConnected: Invoking callback 1/1 for Microsoft.VisualStudio.TestPlatform.CommunicationUtilities.TestRequestHandler., took 0 ms.
TpTrace Verbose: 0 : 20272, 8, 2024/09/24, 13:14:01.713, 934693118655, testhost.dll, Connected to server, and starting MessageLoopAsync
TpTrace Information: 0 : 20272, 1, 2024/09/24, 13:14:01.713, 934693123627, testhost.dll, DefaultEngineInvoker.ConnectToDatacollector: Connecting to datacollector, port: 53897
TpTrace Information: 0 : 20272, 1, 2024/09/24, 13:14:01.714, 934693128144, testhost.dll, Trying to connect to server on socket : 127.0.0.1:53897 
TpTrace Verbose: 0 : 20272, 1, 2024/09/24, 13:14:01.714, 934693129346, testhost.dll, SocketCommunicationManager : SetupClientAsync : Attempting to connect to the server.
TpTrace Information: 0 : 20272, 12, 2024/09/24, 13:14:01.715, 934693141029, testhost.dll, Connected to the server successfully 
TpTrace Information: 0 : 20272, 12, 2024/09/24, 13:14:01.715, 934693141364, testhost.dll, Using the buffer size of 16384 bytes
TpTrace Verbose: 0 : 20272, 1, 2024/09/24, 13:14:01.715, 934693141661, testhost.dll, SocketCommunicationManager.WaitForServerConnection took: 0 ms, with 90000 ms timeout, and finished with True.
TpTrace Information: 0 : 20272, 1, 2024/09/24, 13:14:01.715, 934693142228, testhost.dll, DefaultEngineInvoker.Invoke: Start Request Processing.
TpTrace Information: 0 : 20272, 13, 2024/09/24, 13:14:01.716, 934693145291, testhost.dll, DefaultEngineInvoker.StartProcessingAsync: Connected to vstest.console, Starting process requests.
TpTrace Verbose: 0 : 20272, 10, 2024/09/24, 13:14:01.716, 934693151557, testhost.dll, TcpClientExtensions.MessageLoopAsync: Polling on remoteEndPoint: [::ffff:127.0.0.1]:53898 localEndPoint: [::ffff:127.0.0.1]:53899
TpTrace Verbose: 0 : 20272, 10, 2024/09/24, 13:14:01.716, 934693151984, testhost.dll, TcpClientExtensions.MessageLoopAsync: NotifyDataAvailable remoteEndPoint: [::ffff:127.0.0.1]:53898 localEndPoint: [::ffff:127.0.0.1]:53899
TpTrace Information: 0 : 20272, 10, 2024/09/24, 13:14:01.718, 934693170135, testhost.dll, TestRequestHandler.OnMessageReceived: received message: (ProtocolVersion) -> {"MessageType":"ProtocolVersion","Payload":7}
TpTrace Verbose: 0 : 20272, 10, 2024/09/24, 13:14:01.769, 934693683940, testhost.dll, TestRequestHandler.SendData: sending data from testhost: {"Version":7,"MessageType":"TestSession.Message","Payload":{"MessageLevel":0,"Message":"Logging TestHost Diagnostics in file: C:\\Users\\myers\\Downloads\\ps1\\SpreadsheetTests\\bin\\Debug\\net8.0\\fine-code-coverage\\coverage-tool-output\\diagnostics.host.24-09-24_13-14-01_61151_5.log"}}
TpTrace Verbose: 0 : 20272, 10, 2024/09/24, 13:14:01.769, 934693684664, testhost.dll, MulticastDelegateUtilities.SafeInvoke: LengthPrefixCommunicationChannel: MessageReceived: Invoking callback 1/1 for Microsoft.VisualStudio.TestPlatform.CommunicationUtilities.TestRequestHandler., took 53 ms.
TpTrace Verbose: 0 : 20272, 10, 2024/09/24, 13:14:01.769, 934693684965, testhost.dll, TcpClientExtensions.MessageLoopAsync: Polling on remoteEndPoint: [::ffff:127.0.0.1]:53898 localEndPoint: [::ffff:127.0.0.1]:53899
TpTrace Verbose: 0 : 20272, 10, 2024/09/24, 13:14:01.770, 934693685287, testhost.dll, TcpClientExtensions.MessageLoopAsync: NotifyDataAvailable remoteEndPoint: [::ffff:127.0.0.1]:53898 localEndPoint: [::ffff:127.0.0.1]:53899
TpTrace Information: 0 : 20272, 10, 2024/09/24, 13:14:01.770, 934693686679, testhost.dll, TestRequestHandler.OnMessageReceived: received message: (TestExecution.Initialize) -> {"Version":7,"MessageType":"TestExecution.Initialize","Payload":["C:\\Users\\myers\\Downloads\\ps1\\SpreadsheetTests\\bin\\Debug\\net8.0\\fine-code-coverage\\build-output\\Microsoft.VisualStudio.TestPlatform.MSTest.TestAdapter.dll"]}
TpTrace Verbose: 0 : 20272, 10, 2024/09/24, 13:14:01.774, 934693725884, testhost.dll, MulticastDelegateUtilities.SafeInvoke: LengthPrefixCommunicationChannel: MessageReceived: Invoking callback 1/1 for Microsoft.VisualStudio.TestPlatform.CommunicationUtilities.TestRequestHandler., took 4 ms.
TpTrace Verbose: 0 : 20272, 10, 2024/09/24, 13:14:01.774, 934693726210, testhost.dll, TcpClientExtensions.MessageLoopAsync: Polling on remoteEndPoint: [::ffff:127.0.0.1]:53898 localEndPoint: [::ffff:127.0.0.1]:53899
TpTrace Verbose: 0 : 20272, 10, 2024/09/24, 13:14:01.774, 934693726452, testhost.dll, TcpClientExtensions.MessageLoopAsync: NotifyDataAvailable remoteEndPoint: [::ffff:127.0.0.1]:53898 localEndPoint: [::ffff:127.0.0.1]:53899
TpTrace Information: 0 : 20272, 10, 2024/09/24, 13:14:01.774, 934693726904, testhost.dll, TestRequestHandler.OnMessageReceived: received message: (TestExecution.StartWithSources) -> {"Version":7,"MessageType":"TestExecution.StartWithSources","Payload":{"AdapterSourceMap":{"_none_":["C:\\Users\\myers\\Downloads\\ps1\\SpreadsheetTests\\bin\\Debug\\net8.0\\fine-code-coverage\\build-output\\SpreadsheetTests.dll"]},"RunSettings":"<RunSettings>\r\n  <RunConfiguration>\r\n    <ResultsDirectory>C:\\Users\\myers\\Downloads\\ps1\\SpreadsheetTests\\bin\\Debug\\net8.0\\fine-code-coverage\\coverage-tool-output</ResultsDirectory>\r\n    <TargetFrameworkVersion>.NETCoreApp,Version=v8.0</TargetFrameworkVersion>\r\n    <DesignMode>False</DesignMode>\r\n    <CollectSourceInformation>False</CollectSourceInformation>\r\n  </RunConfiguration>\r\n  <LoggerRunSettings>\r\n    <Loggers>\r\n      <Logger friendlyName=\"blame\" enabled=\"True\" />\r\n      <Logger friendlyName=\"Console\" uri=\"logger://microsoft/TestPlatform/ConsoleLogger/v1\" assemblyQualifiedName=\"Microsoft.VisualStudio.TestPlatform.CommandLine.Internal.ConsoleLogger, vstest.console, Version=15.0.0.0, Culture=neutral, PublicKeyToken=b03f5f7f11d50a3a\" codeBase=\"C:\\Program Files\\dotnet\\sdk\\8.0.400\\vstest.console.dll\" enabled=\"True\" />\r\n    </Loggers>\r\n  </LoggerRunSettings>\r\n  <DataCollectionRunSettings>\r\n    <DataCollectors>\r\n      <DataCollector friendlyName=\"blame\" enabled=\"True\">\r\n        <Configuration>\r\n          <ResultsDirectory>C:\\Users\\myers\\Downloads\\ps1\\SpreadsheetTests\\bin\\Debug\\net8.0\\fine-code-coverage\\coverage-tool-output</ResultsDirectory>\r\n        </Configuration>\r\n      </DataCollector>\r\n    </DataCollectors>\r\n  </DataCollectionRunSettings>\r\n</RunSettings>","TestExecutionContext":{"FrequencyOfRunStatsChangeEvent":10,"RunStatsChangeEventTimeout":"00:00:01.5000000","InIsolation":false,"KeepAlive":false,"AreTestCaseLevelEventsRequired":false,"IsDebug":false,"TestCaseFilter":null,"FilterOptions":null},"Package":null}}
TpTrace Information: 0 : 20272, 4, 2024/09/24, 13:14:01.774, 934693729639, testhost.dll, TestRequestHandler.OnMessageReceived: Running job 'TestExecution.Initialize'.
TpTrace Verbose: 0 : 20272, 4, 2024/09/24, 13:14:01.775, 934693743269, testhost.dll, TestExecutorService: Loading the extensions
TpTrace Verbose: 0 : 20272, 4, 2024/09/24, 13:14:01.776, 934693752719, testhost.dll, TestPluginCache.DiscoverTestExtensions: finding test extensions in assemblies ends with: TestAdapter.dll TPluginInfo: Microsoft.VisualStudio.TestPlatform.Common.ExtensionFramework.Utilities.TestExecutorPluginInformation TExtension: Microsoft.VisualStudio.TestPlatform.ObjectModel.Adapter.ITestExecutor
TpTrace Verbose: 0 : 20272, 4, 2024/09/24, 13:14:01.777, 934693760781, testhost.dll, TestPluginCache.GetExtensionPaths: Filtered extension paths: 
TpTrace Verbose: 0 : 20272, 4, 2024/09/24, 13:14:01.777, 934693762939, testhost.dll, TestPluginCache.GetExtensionPaths: Added default extension paths: C:\Users\myers\Downloads\ps1\SpreadsheetTests\bin\Debug\net8.0\fine-code-coverage\build-output\Microsoft.VisualStudio.TestPlatform.MSTest.TestAdapter.dll
TpTrace Verbose: 0 : 20272, 4, 2024/09/24, 13:14:01.777, 934693763239, testhost.dll, TestPluginCache.GetExtensionPaths: Added unfilterableExtensionPaths: 
TpTrace Information: 0 : 20272, 4, 2024/09/24, 13:14:01.778, 934693770968, testhost.dll, AssemblyResolver.ctor: Creating AssemblyResolver with searchDirectories C:\Users\myers\Downloads\ps1\SpreadsheetTests\bin\Debug\net8.0\fine-code-coverage\build-output
TpTrace Verbose: 0 : 20272, 4, 2024/09/24, 13:14:01.779, 934693775610, testhost.dll, TestPluginCache.DiscoverTestExtensions: Discovering the extensions using extension path.
TpTrace Verbose: 0 : 20272, 4, 2024/09/24, 13:14:01.779, 934693776156, testhost.dll, TestPluginCache.GetExtensionPaths: Filtered extension paths: 
TpTrace Verbose: 0 : 20272, 4, 2024/09/24, 13:14:01.779, 934693776346, testhost.dll, TestPluginCache.GetExtensionPaths: Added default extension paths: C:\Users\myers\Downloads\ps1\SpreadsheetTests\bin\Debug\net8.0\fine-code-coverage\build-output\Microsoft.VisualStudio.TestPlatform.MSTest.TestAdapter.dll
TpTrace Verbose: 0 : 20272, 4, 2024/09/24, 13:14:01.779, 934693776546, testhost.dll, TestPluginCache.GetExtensionPaths: Added unfilterableExtensionPaths: 
TpTrace Verbose: 0 : 20272, 4, 2024/09/24, 13:14:01.779, 934693776815, testhost.dll, TestPluginCache.DiscoverTestExtensions: Discovering the extensions using allExtensionPaths: C:\Users\myers\Downloads\ps1\SpreadsheetTests\bin\Debug\net8.0\fine-code-coverage\build-output\Microsoft.VisualStudio.TestPlatform.MSTest.TestAdapter.dll
TpTrace Information: 0 : 20272, 4, 2024/09/24, 13:14:01.779, 934693779760, testhost.dll, AssemblyResolver.AddSearchDirectories: Adding more searchDirectories C:\Users\myers\Downloads\ps1\SpreadsheetTests\bin\Debug\net8.0\fine-code-coverage\build-output
TpTrace Information: 0 : 20272, 4, 2024/09/24, 13:14:01.780, 934693790842, testhost.dll, AssemblyResolver.OnResolve: Microsoft.VisualStudio.TestPlatform.MSTest.TestAdapter: Resolving assembly.
TpTrace Information: 0 : 20272, 4, 2024/09/24, 13:14:01.780, 934693791163, testhost.dll, AssemblyResolver.OnResolve: Microsoft.VisualStudio.TestPlatform.MSTest.TestAdapter: Searching in: 'C:\Users\myers\Downloads\ps1\SpreadsheetTests\bin\Debug\net8.0\fine-code-coverage\build-output'.
TpTrace Information: 0 : 20272, 4, 2024/09/24, 13:14:01.784, 934693825798, testhost.dll, AssemblyResolver.OnResolve: Microsoft.VisualStudio.TestPlatform.MSTest.TestAdapter: Loading assembly 'C:\Users\myers\Downloads\ps1\SpreadsheetTests\bin\Debug\net8.0\fine-code-coverage\build-output\Microsoft.VisualStudio.TestPlatform.MSTest.TestAdapter.dll'.
TpTrace Verbose: 0 : 20272, 10, 2024/09/24, 13:14:01.784, 934693828028, testhost.dll, MulticastDelegateUtilities.SafeInvoke: LengthPrefixCommunicationChannel: MessageReceived: Invoking callback 1/1 for Microsoft.VisualStudio.TestPlatform.CommunicationUtilities.TestRequestHandler., took 10 ms.
TpTrace Verbose: 0 : 20272, 10, 2024/09/24, 13:14:01.784, 934693828390, testhost.dll, TcpClientExtensions.MessageLoopAsync: Polling on remoteEndPoint: [::ffff:127.0.0.1]:53898 localEndPoint: [::ffff:127.0.0.1]:53899
TpTrace Information: 0 : 20272, 4, 2024/09/24, 13:14:01.784, 934693834621, testhost.dll, AssemblyResolver.OnResolve: Resolved assembly: Microsoft.VisualStudio.TestPlatform.MSTest.TestAdapter, from path: C:\Users\myers\Downloads\ps1\SpreadsheetTests\bin\Debug\net8.0\fine-code-coverage\build-output\Microsoft.VisualStudio.TestPlatform.MSTest.TestAdapter.dll
TpTrace Verbose: 0 : 20272, 4, 2024/09/24, 13:14:01.792, 934693912677, testhost.dll, MetadataReaderExtensionsHelper: Discovering extensions inside assembly 'Microsoft.VisualStudio.TestPlatform.MSTest.TestAdapter, Version=14.0.0.0, Culture=neutral, PublicKeyToken=b03f5f7f11d50a3a' file path 'C:\Users\myers\Downloads\ps1\SpreadsheetTests\bin\Debug\net8.0\fine-code-coverage\build-output\Microsoft.VisualStudio.TestPlatform.MSTest.TestAdapter.dll'
TpTrace Information: 0 : 20272, 4, 2024/09/24, 13:14:01.794, 934693930467, testhost.dll, GetTestExtensionFromType: Register extension with identifier data 'executor://MSTestAdapter/v2' and type 'Microsoft.VisualStudio.TestPlatform.MSTest.TestAdapter.MSTestExecutor, Microsoft.VisualStudio.TestPlatform.MSTest.TestAdapter, Version=14.0.0.0, Culture=neutral, PublicKeyToken=b03f5f7f11d50a3a' inside file 'C:\Users\myers\Downloads\ps1\SpreadsheetTests\bin\Debug\net8.0\fine-code-coverage\build-output\Microsoft.VisualStudio.TestPlatform.MSTest.TestAdapter.dll'
TpTrace Verbose: 0 : 20272, 4, 2024/09/24, 13:14:01.795, 934693939370, testhost.dll, TestPluginCache: Discovered the extensions using extension path ''.
TpTrace Verbose: 0 : 20272, 4, 2024/09/24, 13:14:01.795, 934693942020, testhost.dll, TestPluginCache: Discoverers are ''.
TpTrace Verbose: 0 : 20272, 4, 2024/09/24, 13:14:01.795, 934693942388, testhost.dll, TestPluginCache: Executors are 'executor://MSTestAdapter/v2'.
TpTrace Verbose: 0 : 20272, 4, 2024/09/24, 13:14:01.795, 934693942696, testhost.dll, TestPluginCache: Executors2 are ''.
TpTrace Verbose: 0 : 20272, 4, 2024/09/24, 13:14:01.795, 934693943051, testhost.dll, TestPluginCache: Setting providers are ''.
TpTrace Verbose: 0 : 20272, 4, 2024/09/24, 13:14:01.795, 934693943319, testhost.dll, TestPluginCache: Loggers are ''.
TpTrace Verbose: 0 : 20272, 4, 2024/09/24, 13:14:01.795, 934693943629, testhost.dll, TestPluginCache: TestHosts are ''.
TpTrace Verbose: 0 : 20272, 4, 2024/09/24, 13:14:01.795, 934693943892, testhost.dll, TestPluginCache: DataCollectors are ''.
TpTrace Verbose: 0 : 20272, 4, 2024/09/24, 13:14:01.796, 934693953536, testhost.dll, TestPluginCache.DiscoverTestExtensions: finding test extensions in assemblies ends with: TestAdapter.dll TPluginInfo: Microsoft.VisualStudio.TestPlatform.Common.ExtensionFramework.Utilities.TestExecutorPluginInformation2 TExtension: Microsoft.VisualStudio.TestPlatform.ObjectModel.Adapter.ITestExecutor2
TpTrace Verbose: 0 : 20272, 4, 2024/09/24, 13:14:01.796, 934693954591, testhost.dll, TestPluginCache.GetExtensionPaths: Filtered extension paths: 
TpTrace Verbose: 0 : 20272, 4, 2024/09/24, 13:14:01.796, 934693954884, testhost.dll, TestPluginCache.GetExtensionPaths: Added default extension paths: C:\Users\myers\Downloads\ps1\SpreadsheetTests\bin\Debug\net8.0\fine-code-coverage\build-output\Microsoft.VisualStudio.TestPlatform.MSTest.TestAdapter.dll
TpTrace Verbose: 0 : 20272, 4, 2024/09/24, 13:14:01.796, 934693955037, testhost.dll, TestPluginCache.GetExtensionPaths: Added unfilterableExtensionPaths: 
TpTrace Information: 0 : 20272, 4, 2024/09/24, 13:14:01.797, 934693955766, testhost.dll, AssemblyResolver.AddSearchDirectories: Adding more searchDirectories C:\Users\myers\Downloads\ps1\SpreadsheetTests\bin\Debug\net8.0\fine-code-coverage\build-output
TpTrace Verbose: 0 : 20272, 4, 2024/09/24, 13:14:01.797, 934693956291, testhost.dll, TestPluginCache.DiscoverTestExtensions: Discovering the extensions using extension path.
TpTrace Verbose: 0 : 20272, 4, 2024/09/24, 13:14:01.797, 934693956524, testhost.dll, TestPluginCache.GetExtensionPaths: Filtered extension paths: 
TpTrace Verbose: 0 : 20272, 4, 2024/09/24, 13:14:01.797, 934693956660, testhost.dll, TestPluginCache.GetExtensionPaths: Added default extension paths: C:\Users\myers\Downloads\ps1\SpreadsheetTests\bin\Debug\net8.0\fine-code-coverage\build-output\Microsoft.VisualStudio.TestPlatform.MSTest.TestAdapter.dll
TpTrace Verbose: 0 : 20272, 4, 2024/09/24, 13:14:01.797, 934693956791, testhost.dll, TestPluginCache.GetExtensionPaths: Added unfilterableExtensionPaths: 
TpTrace Verbose: 0 : 20272, 4, 2024/09/24, 13:14:01.797, 934693956930, testhost.dll, TestPluginCache.DiscoverTestExtensions: Discovering the extensions using allExtensionPaths: C:\Users\myers\Downloads\ps1\SpreadsheetTests\bin\Debug\net8.0\fine-code-coverage\build-output\Microsoft.VisualStudio.TestPlatform.MSTest.TestAdapter.dll
TpTrace Information: 0 : 20272, 4, 2024/09/24, 13:14:01.797, 934693957164, testhost.dll, AssemblyResolver.AddSearchDirectories: Adding more searchDirectories C:\Users\myers\Downloads\ps1\SpreadsheetTests\bin\Debug\net8.0\fine-code-coverage\build-output
TpTrace Verbose: 0 : 20272, 4, 2024/09/24, 13:14:01.797, 934693957444, testhost.dll, MetadataReaderExtensionsHelper: Discovering extensions inside assembly 'Microsoft.VisualStudio.TestPlatform.MSTest.TestAdapter, Version=14.0.0.0, Culture=neutral, PublicKeyToken=b03f5f7f11d50a3a' file path 'C:\Users\myers\Downloads\ps1\SpreadsheetTests\bin\Debug\net8.0\fine-code-coverage\build-output\Microsoft.VisualStudio.TestPlatform.MSTest.TestAdapter.dll'
TpTrace Verbose: 0 : 20272, 4, 2024/09/24, 13:14:01.797, 934693959669, testhost.dll, TestPluginCache: Discovered the extensions using extension path ''.
TpTrace Verbose: 0 : 20272, 4, 2024/09/24, 13:14:01.797, 934693959953, testhost.dll, TestPluginCache: Discoverers are ''.
TpTrace Verbose: 0 : 20272, 4, 2024/09/24, 13:14:01.797, 934693960209, testhost.dll, TestPluginCache: Executors are 'executor://MSTestAdapter/v2'.
TpTrace Verbose: 0 : 20272, 4, 2024/09/24, 13:14:01.797, 934693960524, testhost.dll, TestPluginCache: Executors2 are ''.
TpTrace Verbose: 0 : 20272, 4, 2024/09/24, 13:14:01.797, 934693960685, testhost.dll, TestPluginCache: Setting providers are ''.
TpTrace Verbose: 0 : 20272, 4, 2024/09/24, 13:14:01.797, 934693960809, testhost.dll, TestPluginCache: Loggers are ''.
TpTrace Verbose: 0 : 20272, 4, 2024/09/24, 13:14:01.797, 934693960924, testhost.dll, TestPluginCache: TestHosts are ''.
TpTrace Verbose: 0 : 20272, 4, 2024/09/24, 13:14:01.797, 934693961038, testhost.dll, TestPluginCache: DataCollectors are ''.
TpTrace Information: 0 : 20272, 4, 2024/09/24, 13:14:01.800, 934693991652, testhost.dll, TestPluginManager.CreateTestExtension: Attempting to load test extension: Microsoft.VisualStudio.TestPlatform.MSTest.TestAdapter.MSTestExecutor
TpTrace Verbose: 0 : 20272, 4, 2024/09/24, 13:14:01.802, 934694013455, testhost.dll, TestExecutorExtensionManager: Loading executor Microsoft.VisualStudio.TestPlatform.Common.ExtensionDecorators.SerialTestRunDecorator
TpTrace Verbose: 0 : 20272, 4, 2024/09/24, 13:14:01.802, 934694013777, testhost.dll, TestExecutorService: Loaded the executors
TpTrace Verbose: 0 : 20272, 4, 2024/09/24, 13:14:01.803, 934694016563, testhost.dll, TestPluginCache.DiscoverTestExtensions: finding test extensions in assemblies ends with: TestAdapter.dll TPluginInfo: Microsoft.VisualStudio.TestPlatform.Common.ExtensionFramework.Utilities.TestSettingsProviderPluginInformation TExtension: Microsoft.VisualStudio.TestPlatform.ObjectModel.Adapter.ISettingsProvider
TpTrace Verbose: 0 : 20272, 4, 2024/09/24, 13:14:01.803, 934694017108, testhost.dll, TestPluginCache.GetExtensionPaths: Filtered extension paths: 
TpTrace Verbose: 0 : 20272, 4, 2024/09/24, 13:14:01.803, 934694017341, testhost.dll, TestPluginCache.GetExtensionPaths: Added default extension paths: C:\Users\myers\Downloads\ps1\SpreadsheetTests\bin\Debug\net8.0\fine-code-coverage\build-output\Microsoft.VisualStudio.TestPlatform.MSTest.TestAdapter.dll
TpTrace Verbose: 0 : 20272, 4, 2024/09/24, 13:14:01.803, 934694017496, testhost.dll, TestPluginCache.GetExtensionPaths: Added unfilterableExtensionPaths: 
TpTrace Information: 0 : 20272, 4, 2024/09/24, 13:14:01.803, 934694018011, testhost.dll, AssemblyResolver.AddSearchDirectories: Adding more searchDirectories C:\Users\myers\Downloads\ps1\SpreadsheetTests\bin\Debug\net8.0\fine-code-coverage\build-output
TpTrace Verbose: 0 : 20272, 4, 2024/09/24, 13:14:01.803, 934694018240, testhost.dll, TestPluginCache.DiscoverTestExtensions: Discovering the extensions using extension path.
TpTrace Verbose: 0 : 20272, 4, 2024/09/24, 13:14:01.803, 934694018385, testhost.dll, TestPluginCache.GetExtensionPaths: Filtered extension paths: 
TpTrace Verbose: 0 : 20272, 4, 2024/09/24, 13:14:01.803, 934694018510, testhost.dll, TestPluginCache.GetExtensionPaths: Added default extension paths: C:\Users\myers\Downloads\ps1\SpreadsheetTests\bin\Debug\net8.0\fine-code-coverage\build-output\Microsoft.VisualStudio.TestPlatform.MSTest.TestAdapter.dll
TpTrace Verbose: 0 : 20272, 4, 2024/09/24, 13:14:01.803, 934694018657, testhost.dll, TestPluginCache.GetExtensionPaths: Added unfilterableExtensionPaths: 
TpTrace Verbose: 0 : 20272, 4, 2024/09/24, 13:14:01.803, 934694018828, testhost.dll, TestPluginCache.DiscoverTestExtensions: Discovering the extensions using allExtensionPaths: C:\Users\myers\Downloads\ps1\SpreadsheetTests\bin\Debug\net8.0\fine-code-coverage\build-output\Microsoft.VisualStudio.TestPlatform.MSTest.TestAdapter.dll
TpTrace Information: 0 : 20272, 4, 2024/09/24, 13:14:01.803, 934694019034, testhost.dll, AssemblyResolver.AddSearchDirectories: Adding more searchDirectories C:\Users\myers\Downloads\ps1\SpreadsheetTests\bin\Debug\net8.0\fine-code-coverage\build-output
TpTrace Verbose: 0 : 20272, 4, 2024/09/24, 13:14:01.803, 934694019304, testhost.dll, MetadataReaderExtensionsHelper: Discovering extensions inside assembly 'Microsoft.VisualStudio.TestPlatform.MSTest.TestAdapter, Version=14.0.0.0, Culture=neutral, PublicKeyToken=b03f5f7f11d50a3a' file path 'C:\Users\myers\Downloads\ps1\SpreadsheetTests\bin\Debug\net8.0\fine-code-coverage\build-output\Microsoft.VisualStudio.TestPlatform.MSTest.TestAdapter.dll'
TpTrace Verbose: 0 : 20272, 4, 2024/09/24, 13:14:01.803, 934694021482, testhost.dll, TestPluginCache: Discovered the extensions using extension path ''.
TpTrace Verbose: 0 : 20272, 4, 2024/09/24, 13:14:01.803, 934694021765, testhost.dll, TestPluginCache: Discoverers are ''.
TpTrace Verbose: 0 : 20272, 4, 2024/09/24, 13:14:01.803, 934694021916, testhost.dll, TestPluginCache: Executors are 'executor://MSTestAdapter/v2'.
TpTrace Verbose: 0 : 20272, 4, 2024/09/24, 13:14:01.803, 934694022046, testhost.dll, TestPluginCache: Executors2 are ''.
TpTrace Verbose: 0 : 20272, 4, 2024/09/24, 13:14:01.803, 934694022220, testhost.dll, TestPluginCache: Setting providers are ''.
TpTrace Verbose: 0 : 20272, 4, 2024/09/24, 13:14:01.803, 934694022386, testhost.dll, TestPluginCache: Loggers are ''.
TpTrace Verbose: 0 : 20272, 4, 2024/09/24, 13:14:01.803, 934694022508, testhost.dll, TestPluginCache: TestHosts are ''.
TpTrace Verbose: 0 : 20272, 4, 2024/09/24, 13:14:01.803, 934694022624, testhost.dll, TestPluginCache: DataCollectors are ''.
TpTrace Verbose: 0 : 20272, 4, 2024/09/24, 13:14:01.804, 934694025517, testhost.dll, TestExecutorService: Loaded the settings providers
TpTrace Information: 0 : 20272, 4, 2024/09/24, 13:14:01.804, 934694025800, testhost.dll, TestExecutorService: Loaded the extensions
TpTrace Information: 0 : 20272, 4, 2024/09/24, 13:14:01.804, 934694027579, testhost.dll, TestRequestHandler.OnMessageReceived: Running job 'TestExecution.StartWithSources'.
TpTrace Verbose: 0 : 20272, 4, 2024/09/24, 13:14:01.829, 934694276590, testhost.dll, MulticastDelegateUtilities.SafeInvoke: TestCaseEventsHandler.RaiseSessionStart: Invoking callbacks was skipped because there are no subscribers.
TpTrace Information: 0 : 20272, 4, 2024/09/24, 13:14:01.830, 934694286832, testhost.dll, TestDiscoveryManager: Discovering tests from sources C:\Users\myers\Downloads\ps1\SpreadsheetTests\bin\Debug\net8.0\fine-code-coverage\build-output\SpreadsheetTests.dll
TpTrace Verbose: 0 : 20272, 4, 2024/09/24, 13:14:01.831, 934694295410, testhost.dll, TestPluginCache.DiscoverTestExtensions: finding test extensions in assemblies ends with: TestAdapter.dll TPluginInfo: Microsoft.VisualStudio.TestPlatform.Common.ExtensionFramework.Utilities.TestDiscovererPluginInformation TExtension: Microsoft.VisualStudio.TestPlatform.ObjectModel.Adapter.ITestDiscoverer
TpTrace Verbose: 0 : 20272, 4, 2024/09/24, 13:14:01.831, 934694295957, testhost.dll, TestPluginCache.GetExtensionPaths: Filtered extension paths: 
TpTrace Verbose: 0 : 20272, 4, 2024/09/24, 13:14:01.831, 934694296215, testhost.dll, TestPluginCache.GetExtensionPaths: Added default extension paths: C:\Users\myers\Downloads\ps1\SpreadsheetTests\bin\Debug\net8.0\fine-code-coverage\build-output\Microsoft.VisualStudio.TestPlatform.MSTest.TestAdapter.dll
TpTrace Verbose: 0 : 20272, 4, 2024/09/24, 13:14:01.831, 934694296371, testhost.dll, TestPluginCache.GetExtensionPaths: Added unfilterableExtensionPaths: 
TpTrace Information: 0 : 20272, 4, 2024/09/24, 13:14:01.831, 934694296948, testhost.dll, AssemblyResolver.AddSearchDirectories: Adding more searchDirectories C:\Users\myers\Downloads\ps1\SpreadsheetTests\bin\Debug\net8.0\fine-code-coverage\build-output
TpTrace Verbose: 0 : 20272, 4, 2024/09/24, 13:14:01.831, 934694297187, testhost.dll, TestPluginCache.DiscoverTestExtensions: Discovering the extensions using extension path.
TpTrace Verbose: 0 : 20272, 4, 2024/09/24, 13:14:01.831, 934694297396, testhost.dll, TestPluginCache.GetExtensionPaths: Filtered extension paths: 
TpTrace Verbose: 0 : 20272, 4, 2024/09/24, 13:14:01.831, 934694297528, testhost.dll, TestPluginCache.GetExtensionPaths: Added default extension paths: C:\Users\myers\Downloads\ps1\SpreadsheetTests\bin\Debug\net8.0\fine-code-coverage\build-output\Microsoft.VisualStudio.TestPlatform.MSTest.TestAdapter.dll
TpTrace Verbose: 0 : 20272, 4, 2024/09/24, 13:14:01.831, 934694297660, testhost.dll, TestPluginCache.GetExtensionPaths: Added unfilterableExtensionPaths: 
TpTrace Verbose: 0 : 20272, 4, 2024/09/24, 13:14:01.831, 934694297798, testhost.dll, TestPluginCache.DiscoverTestExtensions: Discovering the extensions using allExtensionPaths: C:\Users\myers\Downloads\ps1\SpreadsheetTests\bin\Debug\net8.0\fine-code-coverage\build-output\Microsoft.VisualStudio.TestPlatform.MSTest.TestAdapter.dll
TpTrace Information: 0 : 20272, 4, 2024/09/24, 13:14:01.831, 934694298024, testhost.dll, AssemblyResolver.AddSearchDirectories: Adding more searchDirectories C:\Users\myers\Downloads\ps1\SpreadsheetTests\bin\Debug\net8.0\fine-code-coverage\build-output
TpTrace Verbose: 0 : 20272, 4, 2024/09/24, 13:14:01.831, 934694298374, testhost.dll, MetadataReaderExtensionsHelper: Discovering extensions inside assembly 'Microsoft.VisualStudio.TestPlatform.MSTest.TestAdapter, Version=14.0.0.0, Culture=neutral, PublicKeyToken=b03f5f7f11d50a3a' file path 'C:\Users\myers\Downloads\ps1\SpreadsheetTests\bin\Debug\net8.0\fine-code-coverage\build-output\Microsoft.VisualStudio.TestPlatform.MSTest.TestAdapter.dll'
TpTrace Information: 0 : 20272, 4, 2024/09/24, 13:14:01.832, 934694306330, testhost.dll, GetTestExtensionFromType: Register extension with identifier data 'Microsoft.VisualStudio.TestPlatform.MSTest.TestAdapter.MSTestDiscoverer, Microsoft.VisualStudio.TestPlatform.MSTest.TestAdapter, Version=14.0.0.0, Culture=neutral, PublicKeyToken=b03f5f7f11d50a3a' and type 'Microsoft.VisualStudio.TestPlatform.MSTest.TestAdapter.MSTestDiscoverer, Microsoft.VisualStudio.TestPlatform.MSTest.TestAdapter, Version=14.0.0.0, Culture=neutral, PublicKeyToken=b03f5f7f11d50a3a' inside file 'C:\Users\myers\Downloads\ps1\SpreadsheetTests\bin\Debug\net8.0\fine-code-coverage\build-output\Microsoft.VisualStudio.TestPlatform.MSTest.TestAdapter.dll'
TpTrace Verbose: 0 : 20272, 4, 2024/09/24, 13:14:01.832, 934694307099, testhost.dll, TestPluginCache: Discovered the extensions using extension path ''.
TpTrace Verbose: 0 : 20272, 4, 2024/09/24, 13:14:01.832, 934694307444, testhost.dll, TestPluginCache: Discoverers are 'Microsoft.VisualStudio.TestPlatform.MSTest.TestAdapter.MSTestDiscoverer, Microsoft.VisualStudio.TestPlatform.MSTest.TestAdapter, Version=14.0.0.0, Culture=neutral, PublicKeyToken=b03f5f7f11d50a3a'.
TpTrace Verbose: 0 : 20272, 4, 2024/09/24, 13:14:01.832, 934694307611, testhost.dll, TestPluginCache: Executors are 'executor://MSTestAdapter/v2'.
TpTrace Verbose: 0 : 20272, 4, 2024/09/24, 13:14:01.832, 934694307756, testhost.dll, TestPluginCache: Executors2 are ''.
TpTrace Verbose: 0 : 20272, 4, 2024/09/24, 13:14:01.832, 934694307881, testhost.dll, TestPluginCache: Setting providers are ''.
TpTrace Verbose: 0 : 20272, 4, 2024/09/24, 13:14:01.832, 934694308004, testhost.dll, TestPluginCache: Loggers are ''.
TpTrace Verbose: 0 : 20272, 4, 2024/09/24, 13:14:01.832, 934694308125, testhost.dll, TestPluginCache: TestHosts are ''.
TpTrace Verbose: 0 : 20272, 4, 2024/09/24, 13:14:01.832, 934694308242, testhost.dll, TestPluginCache: DataCollectors are ''.
TpTrace Verbose: 0 : 20272, 4, 2024/09/24, 13:14:01.834, 934694328994, testhost.dll, BaseRunTests.RunTestInternalWithExecutors: Running tests for executor://MSTestAdapter/v2
TpTrace Information: 0 : 20272, 4, 2024/09/24, 13:14:01.836, 934694347725, testhost.dll, AssemblyResolver.OnResolve: Microsoft.VisualStudio.TestPlatform.MSTestAdapter.PlatformServices: Resolving assembly.
TpTrace Information: 0 : 20272, 4, 2024/09/24, 13:14:01.836, 934694348075, testhost.dll, AssemblyResolver.OnResolve: Microsoft.VisualStudio.TestPlatform.MSTestAdapter.PlatformServices: Searching in: 'C:\Users\myers\Downloads\ps1\SpreadsheetTests\bin\Debug\net8.0\fine-code-coverage\build-output'.
TpTrace Information: 0 : 20272, 4, 2024/09/24, 13:14:01.836, 934694349954, testhost.dll, AssemblyResolver.OnResolve: Microsoft.VisualStudio.TestPlatform.MSTestAdapter.PlatformServices: Loading assembly 'C:\Users\myers\Downloads\ps1\SpreadsheetTests\bin\Debug\net8.0\fine-code-coverage\build-output\Microsoft.VisualStudio.TestPlatform.MSTestAdapter.PlatformServices.dll'.
TpTrace Information: 0 : 20272, 4, 2024/09/24, 13:14:01.836, 934694354498, testhost.dll, AssemblyResolver.OnResolve: Resolved assembly: Microsoft.VisualStudio.TestPlatform.MSTestAdapter.PlatformServices, from path: C:\Users\myers\Downloads\ps1\SpreadsheetTests\bin\Debug\net8.0\fine-code-coverage\build-output\Microsoft.VisualStudio.TestPlatform.MSTestAdapter.PlatformServices.dll
TpTrace Information: 0 : 20272, 4, 2024/09/24, 13:14:01.837, 934694363058, testhost.dll, MSTest - MSTestExecutor.RunTests: Running tests from sources.
TpTrace Information: 0 : 20272, 4, 2024/09/24, 13:14:01.838, 934694373754, testhost.dll, MSTest - CollectSourceInformation value Found : False 
TpTrace Information: 0 : 20272, 4, 2024/09/24, 13:14:01.846, 934694446834, testhost.dll, MSTest - DictionaryHelper.ConcatWithOverwrites: The source is null or empty, returning the overwrite dictionary.
TpTrace Information: 0 : 20272, 4, 2024/09/24, 13:14:01.848, 934694465737, testhost.dll, MSTest - DictionaryHelper.ConcatWithOverwrites: The source is null or empty, returning the overwrite dictionary.
TpTrace Information: 0 : 20272, 4, 2024/09/24, 13:14:01.849, 934694482821, testhost.dll, AssemblyResolver.OnResolve: Microsoft.TestPlatform.AdapterUtilities: Resolving assembly.
TpTrace Information: 0 : 20272, 4, 2024/09/24, 13:14:01.849, 934694483150, testhost.dll, AssemblyResolver.OnResolve: Microsoft.TestPlatform.AdapterUtilities: Searching in: 'C:\Users\myers\Downloads\ps1\SpreadsheetTests\bin\Debug\net8.0\fine-code-coverage\build-output'.
TpTrace Information: 0 : 20272, 4, 2024/09/24, 13:14:01.849, 934694484711, testhost.dll, AssemblyResolver.OnResolve: Microsoft.TestPlatform.AdapterUtilities: Loading assembly 'C:\Users\myers\Downloads\ps1\SpreadsheetTests\bin\Debug\net8.0\fine-code-coverage\build-output\Microsoft.TestPlatform.AdapterUtilities.dll'.
TpTrace Information: 0 : 20272, 4, 2024/09/24, 13:14:01.850, 934694487265, testhost.dll, AssemblyResolver.OnResolve: Resolved assembly: Microsoft.TestPlatform.AdapterUtilities, from path: C:\Users\myers\Downloads\ps1\SpreadsheetTests\bin\Debug\net8.0\fine-code-coverage\build-output\Microsoft.TestPlatform.AdapterUtilities.dll
TpTrace Information: 0 : 20272, 4, 2024/09/24, 13:14:01.860, 934694586611, testhost.dll, MSTest - DictionaryHelper.ConcatWithOverwrites: The source is null or empty, returning the overwrite dictionary.
TpTrace Information: 0 : 20272, 4, 2024/09/24, 13:14:01.860, 934694587616, testhost.dll, MSTest - MSTestDiscoverer: Found 11 tests from source C:\Users\myers\Downloads\ps1\SpreadsheetTests\bin\Debug\net8.0\fine-code-coverage\build-output\SpreadsheetTests.dll
TpTrace Information: 0 : 20272, 4, 2024/09/24, 13:14:01.870, 934694691172, testhost.dll, MSTest - Created unit-test runner C:\Users\myers\Downloads\ps1\SpreadsheetTests\bin\Debug\net8.0\fine-code-coverage\build-output\SpreadsheetTests.dll
TpTrace Verbose: 0 : 20272, 4, 2024/09/24, 13:14:01.874, 934694725202, testhost.dll, TestExecutionRecorder.RecordStart: Starting test: SpreadsheetTests.SpreadsheetTests.Spreadsheet_TestSetCellContents_Integer.
TpTrace Verbose: 0 : 20272, 4, 2024/09/24, 13:14:01.902, 934695012143, testhost.dll, MulticastDelegateUtilities.SafeInvoke: TestCaseEventsHandler.RaiseTestCaseStart: Invoking callback 1/1 for Microsoft.VisualStudio.TestPlatform.CrossPlatEngine.DataCollection.ProxyOutOfProcDataCollectionManager., took 28 ms.
TpTrace Information: 0 : 20272, 4, 2024/09/24, 13:14:01.902, 934695012999, testhost.dll, MSTest - Executing test Spreadsheet_TestSetCellContents_Integer
TpTrace Information: 0 : 20272, 4, 2024/09/24, 13:14:01.917, 934695162222, testhost.dll, MSTest - Executed test Spreadsheet_TestSetCellContents_Integer
TpTrace Verbose: 0 : 20272, 4, 2024/09/24, 13:14:01.918, 934695174997, testhost.dll, TestExecutionRecorder.RecordEnd: test: SpreadsheetTests.SpreadsheetTests.Spreadsheet_TestSetCellContents_Integer execution completed.
TpTrace Verbose: 0 : 20272, 4, 2024/09/24, 13:14:01.925, 934695235937, testhost.dll, MulticastDelegateUtilities.SafeInvoke: TestCaseEventsHandler.RaiseTestCaseEnd: Invoking callback 1/1 for Microsoft.VisualStudio.TestPlatform.CrossPlatEngine.DataCollection.ProxyOutOfProcDataCollectionManager., took 5 ms.
TpTrace Information: 0 : 20272, 4, 2024/09/24, 13:14:01.925, 934695238609, testhost.dll, MSTest - MSTestExecutor:Test SpreadsheetTests.SpreadsheetTests.Spreadsheet_TestSetCellContents_Integer failed. ErrorMessage:Test method SpreadsheetTests.SpreadsheetTests.Spreadsheet_TestSetCellContents_Integer threw exception: 
System.NotImplementedException: The method or operation is not implemented., ErrorStackTrace:    at CS3500.Spreadsheet.Spreadsheet.SetCellContents(String name, Double number) in C:\Users\myers\Downloads\ps1\Spreadsheet\Spreadsheet.cs:line 149
   at SpreadsheetTests.SpreadsheetTests.Spreadsheet_TestSetCellContents_Integer() in C:\Users\myers\Downloads\ps1\SpreadsheetTests\SpreadsheetTests.cs:line 27
   at System.RuntimeMethodHandle.InvokeMethod(Object target, Void** arguments, Signature sig, Boolean isConstructor)
   at System.Reflection.MethodBaseInvoker.InvokeWithNoArgs(Object obj, BindingFlags invokeAttr)
.
TpTrace Verbose: 0 : 20272, 4, 2024/09/24, 13:14:01.925, 934695239589, testhost.dll, TestExecutionRecorder.RecordResult: Received result for test: SpreadsheetTests.SpreadsheetTests.Spreadsheet_TestSetCellContents_Integer.
TpTrace Verbose: 0 : 20272, 4, 2024/09/24, 13:14:01.925, 934695244148, testhost.dll, MulticastDelegateUtilities.SafeInvoke: TestCaseEventsHandler.RaiseTestCaseEnd: Invoking callback 1/1 for Microsoft.VisualStudio.TestPlatform.CrossPlatEngine.DataCollection.ProxyOutOfProcDataCollectionManager., took 0 ms.
TpTrace Warning: 0 : 20272, 4, 2024/09/24, 13:14:01.926, 934695253904, testhost.dll, TestRunCache: InProgressTests is null
TpTrace Warning: 0 : 20272, 4, 2024/09/24, 13:14:01.926, 934695254614, testhost.dll, TestRunCache: No test found corresponding to testResult 'Spreadsheet_TestSetCellContents_Integer' in inProgress list.
TpTrace Verbose: 0 : 20272, 4, 2024/09/24, 13:14:01.926, 934695255076, testhost.dll, TestExecutionRecorder.RecordStart: Starting test: SpreadsheetTests.SpreadsheetTests.Spreadsheet_TestSetCellContents_String.
TpTrace Verbose: 0 : 20272, 4, 2024/09/24, 13:14:01.927, 934695263840, testhost.dll, MulticastDelegateUtilities.SafeInvoke: TestCaseEventsHandler.RaiseTestCaseStart: Invoking callback 1/1 for Microsoft.VisualStudio.TestPlatform.CrossPlatEngine.DataCollection.ProxyOutOfProcDataCollectionManager., took 0 ms.
TpTrace Information: 0 : 20272, 4, 2024/09/24, 13:14:01.927, 934695264222, testhost.dll, MSTest - Executing test Spreadsheet_TestSetCellContents_String
TpTrace Information: 0 : 20272, 4, 2024/09/24, 13:14:01.928, 934695268219, testhost.dll, MSTest - Executed test Spreadsheet_TestSetCellContents_String
TpTrace Verbose: 0 : 20272, 4, 2024/09/24, 13:14:01.928, 934695268665, testhost.dll, TestExecutionRecorder.RecordEnd: test: SpreadsheetTests.SpreadsheetTests.Spreadsheet_TestSetCellContents_String execution completed.
TpTrace Verbose: 0 : 20272, 4, 2024/09/24, 13:14:01.929, 934695276433, testhost.dll, MulticastDelegateUtilities.SafeInvoke: TestCaseEventsHandler.RaiseTestCaseEnd: Invoking callback 1/1 for Microsoft.VisualStudio.TestPlatform.CrossPlatEngine.DataCollection.ProxyOutOfProcDataCollectionManager., took 0 ms.
TpTrace Information: 0 : 20272, 4, 2024/09/24, 13:14:01.929, 934695276746, testhost.dll, MSTest - MSTestExecutor:Test SpreadsheetTests.SpreadsheetTests.Spreadsheet_TestSetCellContents_String failed. ErrorMessage:Test method SpreadsheetTests.SpreadsheetTests.Spreadsheet_TestSetCellContents_String threw exception: 
System.NotImplementedException: The method or operation is not implemented., ErrorStackTrace:    at CS3500.Spreadsheet.Spreadsheet.SetCellContents(String name, String text) in C:\Users\myers\Downloads\ps1\Spreadsheet\Spreadsheet.cs:line 166
   at SpreadsheetTests.SpreadsheetTests.Spreadsheet_TestSetCellContents_String() in C:\Users\myers\Downloads\ps1\SpreadsheetTests\SpreadsheetTests.cs:line 49
   at System.RuntimeMethodHandle.InvokeMethod(Object target, Void** arguments, Signature sig, Boolean isConstructor)
   at System.Reflection.MethodBaseInvoker.InvokeWithNoArgs(Object obj, BindingFlags invokeAttr)
.
TpTrace Verbose: 0 : 20272, 4, 2024/09/24, 13:14:01.929, 934695277022, testhost.dll, TestExecutionRecorder.RecordResult: Received result for test: SpreadsheetTests.SpreadsheetTests.Spreadsheet_TestSetCellContents_String.
TpTrace Verbose: 0 : 20272, 4, 2024/09/24, 13:14:01.929, 934695277986, testhost.dll, MulticastDelegateUtilities.SafeInvoke: TestCaseEventsHandler.RaiseTestCaseEnd: Invoking callback 1/1 for Microsoft.VisualStudio.TestPlatform.CrossPlatEngine.DataCollection.ProxyOutOfProcDataCollectionManager., took 0 ms.
TpTrace Warning: 0 : 20272, 4, 2024/09/24, 13:14:01.929, 934695279551, testhost.dll, TestRunCache: InProgressTests is null
TpTrace Warning: 0 : 20272, 4, 2024/09/24, 13:14:01.929, 934695279824, testhost.dll, TestRunCache: No test found corresponding to testResult 'Spreadsheet_TestSetCellContents_String' in inProgress list.
TpTrace Verbose: 0 : 20272, 4, 2024/09/24, 13:14:01.929, 934695280113, testhost.dll, TestExecutionRecorder.RecordStart: Starting test: SpreadsheetTests.SpreadsheetTests.Spreadsheet_TestSetCellContents_Formula_NoDependencies.
TpTrace Verbose: 0 : 20272, 4, 2024/09/24, 13:14:01.930, 934695286287, testhost.dll, MulticastDelegateUtilities.SafeInvoke: TestCaseEventsHandler.RaiseTestCaseStart: Invoking callback 1/1 for Microsoft.VisualStudio.TestPlatform.CrossPlatEngine.DataCollection.ProxyOutOfProcDataCollectionManager., took 0 ms.
TpTrace Information: 0 : 20272, 4, 2024/09/24, 13:14:01.930, 934695286734, testhost.dll, MSTest - Executing test Spreadsheet_TestSetCellContents_Formula_NoDependencies
TpTrace Information: 0 : 20272, 4, 2024/09/24, 13:14:01.940, 934695395003, testhost.dll, MSTest - Executed test Spreadsheet_TestSetCellContents_Formula_NoDependencies
TpTrace Verbose: 0 : 20272, 4, 2024/09/24, 13:14:01.941, 934695395376, testhost.dll, TestExecutionRecorder.RecordEnd: test: SpreadsheetTests.SpreadsheetTests.Spreadsheet_TestSetCellContents_Formula_NoDependencies execution completed.
TpTrace Verbose: 0 : 20272, 4, 2024/09/24, 13:14:01.941, 934695402611, testhost.dll, MulticastDelegateUtilities.SafeInvoke: TestCaseEventsHandler.RaiseTestCaseEnd: Invoking callback 1/1 for Microsoft.VisualStudio.TestPlatform.CrossPlatEngine.DataCollection.ProxyOutOfProcDataCollectionManager., took 0 ms.
TpTrace Information: 0 : 20272, 4, 2024/09/24, 13:14:01.941, 934695402920, testhost.dll, MSTest - MSTestExecutor:Test SpreadsheetTests.SpreadsheetTests.Spreadsheet_TestSetCellContents_Formula_NoDependencies failed. ErrorMessage:Test method SpreadsheetTests.SpreadsheetTests.Spreadsheet_TestSetCellContents_Formula_NoDependencies threw exception: 
System.NotImplementedException: The method or operation is not implemented., ErrorStackTrace:    at CS3500.Spreadsheet.Spreadsheet.SetCellContents(String name, Formula formula) in C:\Users\myers\Downloads\ps1\Spreadsheet\Spreadsheet.cs:line 191
   at SpreadsheetTests.SpreadsheetTests.Spreadsheet_TestSetCellContents_Formula_NoDependencies() in C:\Users\myers\Downloads\ps1\SpreadsheetTests\SpreadsheetTests.cs:line 63
   at System.RuntimeMethodHandle.InvokeMethod(Object target, Void** arguments, Signature sig, Boolean isConstructor)
   at System.Reflection.MethodBaseInvoker.InvokeWithNoArgs(Object obj, BindingFlags invokeAttr)
.
TpTrace Verbose: 0 : 20272, 4, 2024/09/24, 13:14:01.941, 934695403126, testhost.dll, TestExecutionRecorder.RecordResult: Received result for test: SpreadsheetTests.SpreadsheetTests.Spreadsheet_TestSetCellContents_Formula_NoDependencies.
TpTrace Verbose: 0 : 20272, 4, 2024/09/24, 13:14:01.941, 934695403316, testhost.dll, MulticastDelegateUtilities.SafeInvoke: TestCaseEventsHandler.RaiseTestCaseEnd: Invoking callback 1/1 for Microsoft.VisualStudio.TestPlatform.CrossPlatEngine.DataCollection.ProxyOutOfProcDataCollectionManager., took 0 ms.
TpTrace Warning: 0 : 20272, 4, 2024/09/24, 13:14:01.941, 934695403473, testhost.dll, TestRunCache: InProgressTests is null
TpTrace Warning: 0 : 20272, 4, 2024/09/24, 13:14:01.941, 934695403637, testhost.dll, TestRunCache: No test found corresponding to testResult 'Spreadsheet_TestSetCellContents_Formula_NoDependencies' in inProgress list.
TpTrace Verbose: 0 : 20272, 4, 2024/09/24, 13:14:01.941, 934695403876, testhost.dll, TestExecutionRecorder.RecordStart: Starting test: SpreadsheetTests.SpreadsheetTests.Spreadsheet_TestSetCellContents_Formula_Dependencies.
TpTrace Verbose: 0 : 20272, 4, 2024/09/24, 13:14:01.942, 934695410546, testhost.dll, MulticastDelegateUtilities.SafeInvoke: TestCaseEventsHandler.RaiseTestCaseStart: Invoking callback 1/1 for Microsoft.VisualStudio.TestPlatform.CrossPlatEngine.DataCollection.ProxyOutOfProcDataCollectionManager., took 0 ms.
TpTrace Information: 0 : 20272, 4, 2024/09/24, 13:14:01.942, 934695410946, testhost.dll, MSTest - Executing test Spreadsheet_TestSetCellContents_Formula_Dependencies
TpTrace Information: 0 : 20272, 4, 2024/09/24, 13:14:01.942, 934695414703, testhost.dll, MSTest - Executed test Spreadsheet_TestSetCellContents_Formula_Dependencies
TpTrace Verbose: 0 : 20272, 4, 2024/09/24, 13:14:01.942, 934695415032, testhost.dll, TestExecutionRecorder.RecordEnd: test: SpreadsheetTests.SpreadsheetTests.Spreadsheet_TestSetCellContents_Formula_Dependencies execution completed.
TpTrace Verbose: 0 : 20272, 4, 2024/09/24, 13:14:01.943, 934695420987, testhost.dll, MulticastDelegateUtilities.SafeInvoke: TestCaseEventsHandler.RaiseTestCaseEnd: Invoking callback 1/1 for Microsoft.VisualStudio.TestPlatform.CrossPlatEngine.DataCollection.ProxyOutOfProcDataCollectionManager., took 0 ms.
TpTrace Information: 0 : 20272, 4, 2024/09/24, 13:14:01.943, 934695421291, testhost.dll, MSTest - MSTestExecutor:Test SpreadsheetTests.SpreadsheetTests.Spreadsheet_TestSetCellContents_Formula_Dependencies failed. ErrorMessage:Test method SpreadsheetTests.SpreadsheetTests.Spreadsheet_TestSetCellContents_Formula_Dependencies threw exception: 
System.NotImplementedException: The method or operation is not implemented., ErrorStackTrace:    at CS3500.Spreadsheet.Spreadsheet.SetCellContents(String name, Formula formula) in C:\Users\myers\Downloads\ps1\Spreadsheet\Spreadsheet.cs:line 191
   at SpreadsheetTests.SpreadsheetTests.Spreadsheet_TestSetCellContents_Formula_Dependencies() in C:\Users\myers\Downloads\ps1\SpreadsheetTests\SpreadsheetTests.cs:line 77
   at System.RuntimeMethodHandle.InvokeMethod(Object target, Void** arguments, Signature sig, Boolean isConstructor)
   at System.Reflection.MethodBaseInvoker.InvokeWithNoArgs(Object obj, BindingFlags invokeAttr)
.
TpTrace Verbose: 0 : 20272, 4, 2024/09/24, 13:14:01.943, 934695421511, testhost.dll, TestExecutionRecorder.RecordResult: Received result for test: SpreadsheetTests.SpreadsheetTests.Spreadsheet_TestSetCellContents_Formula_Dependencies.
TpTrace Verbose: 0 : 20272, 4, 2024/09/24, 13:14:01.943, 934695421697, testhost.dll, MulticastDelegateUtilities.SafeInvoke: TestCaseEventsHandler.RaiseTestCaseEnd: Invoking callback 1/1 for Microsoft.VisualStudio.TestPlatform.CrossPlatEngine.DataCollection.ProxyOutOfProcDataCollectionManager., took 0 ms.
TpTrace Warning: 0 : 20272, 4, 2024/09/24, 13:14:01.943, 934695421853, testhost.dll, TestRunCache: InProgressTests is null
TpTrace Warning: 0 : 20272, 4, 2024/09/24, 13:14:01.943, 934695421980, testhost.dll, TestRunCache: No test found corresponding to testResult 'Spreadsheet_TestSetCellContents_Formula_Dependencies' in inProgress list.
TpTrace Verbose: 0 : 20272, 4, 2024/09/24, 13:14:01.943, 934695422255, testhost.dll, TestExecutionRecorder.RecordStart: Starting test: SpreadsheetTests.SpreadsheetTests.Spreadsheet_TestSetCellContents_Formula_CircularDependency.
TpTrace Verbose: 0 : 20272, 4, 2024/09/24, 13:14:01.944, 934695427951, testhost.dll, MulticastDelegateUtilities.SafeInvoke: TestCaseEventsHandler.RaiseTestCaseStart: Invoking callback 1/1 for Microsoft.VisualStudio.TestPlatform.CrossPlatEngine.DataCollection.ProxyOutOfProcDataCollectionManager., took 0 ms.
TpTrace Information: 0 : 20272, 4, 2024/09/24, 13:14:01.944, 934695428272, testhost.dll, MSTest - Executing test Spreadsheet_TestSetCellContents_Formula_CircularDependency
TpTrace Information: 0 : 20272, 4, 2024/09/24, 13:14:01.945, 934695436097, testhost.dll, MSTest - Executed test Spreadsheet_TestSetCellContents_Formula_CircularDependency
TpTrace Verbose: 0 : 20272, 4, 2024/09/24, 13:14:01.945, 934695436436, testhost.dll, TestExecutionRecorder.RecordEnd: test: SpreadsheetTests.SpreadsheetTests.Spreadsheet_TestSetCellContents_Formula_CircularDependency execution completed.
TpTrace Verbose: 0 : 20272, 4, 2024/09/24, 13:14:01.945, 934695443878, testhost.dll, MulticastDelegateUtilities.SafeInvoke: TestCaseEventsHandler.RaiseTestCaseEnd: Invoking callback 1/1 for Microsoft.VisualStudio.TestPlatform.CrossPlatEngine.DataCollection.ProxyOutOfProcDataCollectionManager., took 0 ms.
TpTrace Information: 0 : 20272, 4, 2024/09/24, 13:14:01.945, 934695444190, testhost.dll, MSTest - MSTestExecutor:Test SpreadsheetTests.SpreadsheetTests.Spreadsheet_TestSetCellContents_Formula_CircularDependency failed. ErrorMessage:Test method threw exception System.NotImplementedException, but exception CS3500.Spreadsheet.CircularException was expected. Exception message: System.NotImplementedException: The method or operation is not implemented., ErrorStackTrace:   at CS3500.Spreadsheet.Spreadsheet.SetCellContents(String name, Formula formula) in C:\Users\myers\Downloads\ps1\Spreadsheet\Spreadsheet.cs:line 191
   at SpreadsheetTests.SpreadsheetTests.Spreadsheet_TestSetCellContents_Formula_CircularDependency() in C:\Users\myers\Downloads\ps1\SpreadsheetTests\SpreadsheetTests.cs:line 95
   at System.RuntimeMethodHandle.InvokeMethod(Object target, Void** arguments, Signature sig, Boolean isConstructor)
   at System.Reflection.MethodBaseInvoker.InvokeWithNoArgs(Object obj, BindingFlags invokeAttr)
.
TpTrace Verbose: 0 : 20272, 4, 2024/09/24, 13:14:01.945, 934695444511, testhost.dll, TestExecutionRecorder.RecordResult: Received result for test: SpreadsheetTests.SpreadsheetTests.Spreadsheet_TestSetCellContents_Formula_CircularDependency.
TpTrace Verbose: 0 : 20272, 4, 2024/09/24, 13:14:01.945, 934695444712, testhost.dll, MulticastDelegateUtilities.SafeInvoke: TestCaseEventsHandler.RaiseTestCaseEnd: Invoking callback 1/1 for Microsoft.VisualStudio.TestPlatform.CrossPlatEngine.DataCollection.ProxyOutOfProcDataCollectionManager., took 0 ms.
TpTrace Warning: 0 : 20272, 4, 2024/09/24, 13:14:01.945, 934695444870, testhost.dll, TestRunCache: InProgressTests is null
TpTrace Warning: 0 : 20272, 4, 2024/09/24, 13:14:01.945, 934695444997, testhost.dll, TestRunCache: No test found corresponding to testResult 'Spreadsheet_TestSetCellContents_Formula_CircularDependency' in inProgress list.
TpTrace Verbose: 0 : 20272, 4, 2024/09/24, 13:14:01.946, 934695445275, testhost.dll, TestExecutionRecorder.RecordStart: Starting test: SpreadsheetTests.SpreadsheetTests.Spreadsheet_TestSetCellContents_InvalidName.
TpTrace Verbose: 0 : 20272, 4, 2024/09/24, 13:14:01.946, 934695451963, testhost.dll, MulticastDelegateUtilities.SafeInvoke: TestCaseEventsHandler.RaiseTestCaseStart: Invoking callback 1/1 for Microsoft.VisualStudio.TestPlatform.CrossPlatEngine.DataCollection.ProxyOutOfProcDataCollectionManager., took 0 ms.
TpTrace Information: 0 : 20272, 4, 2024/09/24, 13:14:01.946, 934695452245, testhost.dll, MSTest - Executing test Spreadsheet_TestSetCellContents_InvalidName
TpTrace Information: 0 : 20272, 4, 2024/09/24, 13:14:01.946, 934695454648, testhost.dll, MSTest - Executed test Spreadsheet_TestSetCellContents_InvalidName
TpTrace Verbose: 0 : 20272, 4, 2024/09/24, 13:14:01.946, 934695454971, testhost.dll, TestExecutionRecorder.RecordEnd: test: SpreadsheetTests.SpreadsheetTests.Spreadsheet_TestSetCellContents_InvalidName execution completed.
TpTrace Verbose: 0 : 20272, 4, 2024/09/24, 13:14:01.947, 934695461010, testhost.dll, MulticastDelegateUtilities.SafeInvoke: TestCaseEventsHandler.RaiseTestCaseEnd: Invoking callback 1/1 for Microsoft.VisualStudio.TestPlatform.CrossPlatEngine.DataCollection.ProxyOutOfProcDataCollectionManager., took 0 ms.
TpTrace Information: 0 : 20272, 4, 2024/09/24, 13:14:01.947, 934695461399, testhost.dll, MSTest - MSTestExecutor:Test SpreadsheetTests.SpreadsheetTests.Spreadsheet_TestSetCellContents_InvalidName failed. ErrorMessage:Test method threw exception System.NotImplementedException, but exception CS3500.Spreadsheet.InvalidNameException was expected. Exception message: System.NotImplementedException: The method or operation is not implemented., ErrorStackTrace:   at CS3500.Spreadsheet.Spreadsheet.SetCellContents(String name, String text) in C:\Users\myers\Downloads\ps1\Spreadsheet\Spreadsheet.cs:line 166
   at SpreadsheetTests.SpreadsheetTests.Spreadsheet_TestSetCellContents_InvalidName() in C:\Users\myers\Downloads\ps1\SpreadsheetTests\SpreadsheetTests.cs:line 111
   at System.RuntimeMethodHandle.InvokeMethod(Object target, Void** arguments, Signature sig, Boolean isConstructor)
   at System.Reflection.MethodBaseInvoker.InvokeWithNoArgs(Object obj, BindingFlags invokeAttr)
.
TpTrace Verbose: 0 : 20272, 4, 2024/09/24, 13:14:01.947, 934695461640, testhost.dll, TestExecutionRecorder.RecordResult: Received result for test: SpreadsheetTests.SpreadsheetTests.Spreadsheet_TestSetCellContents_InvalidName.
TpTrace Verbose: 0 : 20272, 4, 2024/09/24, 13:14:01.947, 934695461865, testhost.dll, MulticastDelegateUtilities.SafeInvoke: TestCaseEventsHandler.RaiseTestCaseEnd: Invoking callback 1/1 for Microsoft.VisualStudio.TestPlatform.CrossPlatEngine.DataCollection.ProxyOutOfProcDataCollectionManager., took 0 ms.
TpTrace Warning: 0 : 20272, 4, 2024/09/24, 13:14:01.947, 934695462052, testhost.dll, TestRunCache: InProgressTests is null
TpTrace Warning: 0 : 20272, 4, 2024/09/24, 13:14:01.947, 934695462225, testhost.dll, TestRunCache: No test found corresponding to testResult 'Spreadsheet_TestSetCellContents_InvalidName' in inProgress list.
TpTrace Verbose: 0 : 20272, 4, 2024/09/24, 13:14:01.947, 934695462555, testhost.dll, TestExecutionRecorder.RecordStart: Starting test: SpreadsheetTests.SpreadsheetTests.Spreadsheet_TestSetCellContents_AdjustingDependencies.
TpTrace Verbose: 0 : 20272, 4, 2024/09/24, 13:14:01.948, 934695468825, testhost.dll, MulticastDelegateUtilities.SafeInvoke: TestCaseEventsHandler.RaiseTestCaseStart: Invoking callback 1/1 for Microsoft.VisualStudio.TestPlatform.CrossPlatEngine.DataCollection.ProxyOutOfProcDataCollectionManager., took 0 ms.
TpTrace Information: 0 : 20272, 4, 2024/09/24, 13:14:01.948, 934695469106, testhost.dll, MSTest - Executing test Spreadsheet_TestSetCellContents_AdjustingDependencies
TpTrace Information: 0 : 20272, 4, 2024/09/24, 13:14:01.948, 934695472284, testhost.dll, MSTest - Executed test Spreadsheet_TestSetCellContents_AdjustingDependencies
TpTrace Verbose: 0 : 20272, 4, 2024/09/24, 13:14:01.948, 934695472616, testhost.dll, TestExecutionRecorder.RecordEnd: test: SpreadsheetTests.SpreadsheetTests.Spreadsheet_TestSetCellContents_AdjustingDependencies execution completed.
TpTrace Verbose: 0 : 20272, 4, 2024/09/24, 13:14:01.949, 934695478957, testhost.dll, MulticastDelegateUtilities.SafeInvoke: TestCaseEventsHandler.RaiseTestCaseEnd: Invoking callback 1/1 for Microsoft.VisualStudio.TestPlatform.CrossPlatEngine.DataCollection.ProxyOutOfProcDataCollectionManager., took 0 ms.
TpTrace Information: 0 : 20272, 4, 2024/09/24, 13:14:01.949, 934695479260, testhost.dll, MSTest - MSTestExecutor:Test SpreadsheetTests.SpreadsheetTests.Spreadsheet_TestSetCellContents_AdjustingDependencies failed. ErrorMessage:Test method SpreadsheetTests.SpreadsheetTests.Spreadsheet_TestSetCellContents_AdjustingDependencies threw exception: 
System.NotImplementedException: The method or operation is not implemented., ErrorStackTrace:    at CS3500.Spreadsheet.Spreadsheet.SetCellContents(String name, Formula formula) in C:\Users\myers\Downloads\ps1\Spreadsheet\Spreadsheet.cs:line 191
   at SpreadsheetTests.SpreadsheetTests.Spreadsheet_TestSetCellContents_AdjustingDependencies() in C:\Users\myers\Downloads\ps1\SpreadsheetTests\SpreadsheetTests.cs:line 126
   at System.RuntimeMethodHandle.InvokeMethod(Object target, Void** arguments, Signature sig, Boolean isConstructor)
   at System.Reflection.MethodBaseInvoker.InvokeWithNoArgs(Object obj, BindingFlags invokeAttr)
.
TpTrace Verbose: 0 : 20272, 4, 2024/09/24, 13:14:01.949, 934695479472, testhost.dll, TestExecutionRecorder.RecordResult: Received result for test: SpreadsheetTests.SpreadsheetTests.Spreadsheet_TestSetCellContents_AdjustingDependencies.
TpTrace Verbose: 0 : 20272, 4, 2024/09/24, 13:14:01.949, 934695479658, testhost.dll, MulticastDelegateUtilities.SafeInvoke: TestCaseEventsHandler.RaiseTestCaseEnd: Invoking callback 1/1 for Microsoft.VisualStudio.TestPlatform.CrossPlatEngine.DataCollection.ProxyOutOfProcDataCollectionManager., took 0 ms.
TpTrace Warning: 0 : 20272, 4, 2024/09/24, 13:14:01.949, 934695479814, testhost.dll, TestRunCache: InProgressTests is null
TpTrace Warning: 0 : 20272, 4, 2024/09/24, 13:14:01.949, 934695479942, testhost.dll, TestRunCache: No test found corresponding to testResult 'Spreadsheet_TestSetCellContents_AdjustingDependencies' in inProgress list.
TpTrace Verbose: 0 : 20272, 4, 2024/09/24, 13:14:01.949, 934695480213, testhost.dll, TestExecutionRecorder.RecordStart: Starting test: SpreadsheetTests.SpreadsheetTests.Spreadsheet_TestGetAllNonEmptyCells_OnlyEmptyCells.
TpTrace Verbose: 0 : 20272, 4, 2024/09/24, 13:14:01.950, 934695485755, testhost.dll, MulticastDelegateUtilities.SafeInvoke: TestCaseEventsHandler.RaiseTestCaseStart: Invoking callback 1/1 for Microsoft.VisualStudio.TestPlatform.CrossPlatEngine.DataCollection.ProxyOutOfProcDataCollectionManager., took 0 ms.
TpTrace Information: 0 : 20272, 4, 2024/09/24, 13:14:01.950, 934695486069, testhost.dll, MSTest - Executing test Spreadsheet_TestGetAllNonEmptyCells_OnlyEmptyCells
TpTrace Information: 0 : 20272, 4, 2024/09/24, 13:14:01.950, 934695488731, testhost.dll, MSTest - Executed test Spreadsheet_TestGetAllNonEmptyCells_OnlyEmptyCells
TpTrace Verbose: 0 : 20272, 4, 2024/09/24, 13:14:01.950, 934695489071, testhost.dll, TestExecutionRecorder.RecordEnd: test: SpreadsheetTests.SpreadsheetTests.Spreadsheet_TestGetAllNonEmptyCells_OnlyEmptyCells execution completed.
TpTrace Verbose: 0 : 20272, 4, 2024/09/24, 13:14:01.950, 934695494797, testhost.dll, MulticastDelegateUtilities.SafeInvoke: TestCaseEventsHandler.RaiseTestCaseEnd: Invoking callback 1/1 for Microsoft.VisualStudio.TestPlatform.CrossPlatEngine.DataCollection.ProxyOutOfProcDataCollectionManager., took 0 ms.
TpTrace Information: 0 : 20272, 4, 2024/09/24, 13:14:01.951, 934695495114, testhost.dll, MSTest - MSTestExecutor:Test SpreadsheetTests.SpreadsheetTests.Spreadsheet_TestGetAllNonEmptyCells_OnlyEmptyCells failed. ErrorMessage:Test method SpreadsheetTests.SpreadsheetTests.Spreadsheet_TestGetAllNonEmptyCells_OnlyEmptyCells threw exception: 
System.NotImplementedException: The method or operation is not implemented., ErrorStackTrace:    at CS3500.Spreadsheet.Spreadsheet.GetNamesOfAllNonemptyCells() in C:\Users\myers\Downloads\ps1\Spreadsheet\Spreadsheet.cs:line 99
   at SpreadsheetTests.SpreadsheetTests.Spreadsheet_TestGetAllNonEmptyCells_OnlyEmptyCells() in C:\Users\myers\Downloads\ps1\SpreadsheetTests\SpreadsheetTests.cs:line 148
   at System.RuntimeMethodHandle.InvokeMethod(Object target, Void** arguments, Signature sig, Boolean isConstructor)
   at System.Reflection.MethodBaseInvoker.InvokeWithNoArgs(Object obj, BindingFlags invokeAttr)
.
TpTrace Verbose: 0 : 20272, 4, 2024/09/24, 13:14:01.951, 934695495342, testhost.dll, TestExecutionRecorder.RecordResult: Received result for test: SpreadsheetTests.SpreadsheetTests.Spreadsheet_TestGetAllNonEmptyCells_OnlyEmptyCells.
TpTrace Verbose: 0 : 20272, 4, 2024/09/24, 13:14:01.951, 934695495529, testhost.dll, MulticastDelegateUtilities.SafeInvoke: TestCaseEventsHandler.RaiseTestCaseEnd: Invoking callback 1/1 for Microsoft.VisualStudio.TestPlatform.CrossPlatEngine.DataCollection.ProxyOutOfProcDataCollectionManager., took 0 ms.
TpTrace Warning: 0 : 20272, 4, 2024/09/24, 13:14:01.951, 934695495680, testhost.dll, TestRunCache: InProgressTests is null
TpTrace Warning: 0 : 20272, 4, 2024/09/24, 13:14:01.951, 934695495808, testhost.dll, TestRunCache: No test found corresponding to testResult 'Spreadsheet_TestGetAllNonEmptyCells_OnlyEmptyCells' in inProgress list.
TpTrace Verbose: 0 : 20272, 4, 2024/09/24, 13:14:01.951, 934695496089, testhost.dll, TestExecutionRecorder.RecordStart: Starting test: SpreadsheetTests.SpreadsheetTests.Spreadsheet_TestGetAllNonEmptyCells_DependencyOnEmptyCell.
TpTrace Verbose: 0 : 20272, 4, 2024/09/24, 13:14:01.951, 934695501655, testhost.dll, MulticastDelegateUtilities.SafeInvoke: TestCaseEventsHandler.RaiseTestCaseStart: Invoking callback 1/1 for Microsoft.VisualStudio.TestPlatform.CrossPlatEngine.DataCollection.ProxyOutOfProcDataCollectionManager., took 0 ms.
TpTrace Information: 0 : 20272, 4, 2024/09/24, 13:14:01.951, 934695501932, testhost.dll, MSTest - Executing test Spreadsheet_TestGetAllNonEmptyCells_DependencyOnEmptyCell
TpTrace Information: 0 : 20272, 4, 2024/09/24, 13:14:01.951, 934695504902, testhost.dll, MSTest - Executed test Spreadsheet_TestGetAllNonEmptyCells_DependencyOnEmptyCell
TpTrace Verbose: 0 : 20272, 4, 2024/09/24, 13:14:01.952, 934695505227, testhost.dll, TestExecutionRecorder.RecordEnd: test: SpreadsheetTests.SpreadsheetTests.Spreadsheet_TestGetAllNonEmptyCells_DependencyOnEmptyCell execution completed.
TpTrace Verbose: 0 : 20272, 4, 2024/09/24, 13:14:01.952, 934695511028, testhost.dll, MulticastDelegateUtilities.SafeInvoke: TestCaseEventsHandler.RaiseTestCaseEnd: Invoking callback 1/1 for Microsoft.VisualStudio.TestPlatform.CrossPlatEngine.DataCollection.ProxyOutOfProcDataCollectionManager., took 0 ms.
TpTrace Information: 0 : 20272, 4, 2024/09/24, 13:14:01.952, 934695511333, testhost.dll, MSTest - MSTestExecutor:Test SpreadsheetTests.SpreadsheetTests.Spreadsheet_TestGetAllNonEmptyCells_DependencyOnEmptyCell failed. ErrorMessage:Test method SpreadsheetTests.SpreadsheetTests.Spreadsheet_TestGetAllNonEmptyCells_DependencyOnEmptyCell threw exception: 
System.NotImplementedException: The method or operation is not implemented., ErrorStackTrace:    at CS3500.Spreadsheet.Spreadsheet.SetCellContents(String name, Formula formula) in C:\Users\myers\Downloads\ps1\Spreadsheet\Spreadsheet.cs:line 191
   at SpreadsheetTests.SpreadsheetTests.Spreadsheet_TestGetAllNonEmptyCells_DependencyOnEmptyCell() in C:\Users\myers\Downloads\ps1\SpreadsheetTests\SpreadsheetTests.cs:line 163
   at System.RuntimeMethodHandle.InvokeMethod(Object target, Void** arguments, Signature sig, Boolean isConstructor)
   at System.Reflection.MethodBaseInvoker.InvokeWithNoArgs(Object obj, BindingFlags invokeAttr)
.
TpTrace Verbose: 0 : 20272, 4, 2024/09/24, 13:14:01.952, 934695511570, testhost.dll, TestExecutionRecorder.RecordResult: Received result for test: SpreadsheetTests.SpreadsheetTests.Spreadsheet_TestGetAllNonEmptyCells_DependencyOnEmptyCell.
TpTrace Verbose: 0 : 20272, 4, 2024/09/24, 13:14:01.952, 934695511759, testhost.dll, MulticastDelegateUtilities.SafeInvoke: TestCaseEventsHandler.RaiseTestCaseEnd: Invoking callback 1/1 for Microsoft.VisualStudio.TestPlatform.CrossPlatEngine.DataCollection.ProxyOutOfProcDataCollectionManager., took 0 ms.
TpTrace Warning: 0 : 20272, 4, 2024/09/24, 13:14:01.952, 934695511915, testhost.dll, TestRunCache: InProgressTests is null
TpTrace Warning: 0 : 20272, 4, 2024/09/24, 13:14:01.952, 934695512043, testhost.dll, TestRunCache: No test found corresponding to testResult 'Spreadsheet_TestGetAllNonEmptyCells_DependencyOnEmptyCell' in inProgress list.
TpTrace Verbose: 0 : 20272, 4, 2024/09/24, 13:14:01.952, 934695512329, testhost.dll, TestExecutionRecorder.RecordStart: Starting test: SpreadsheetTests.SpreadsheetTests.Spreadsheet_TestGetAllNonEmptyCells_FilledThanEmptiedCell.
TpTrace Information: 0 : 20272, 4, 2024/09/24, 13:14:01.953, 934695521748, testhost.dll, Sending test run statistics
TpTrace Verbose: 0 : 20272, 4, 2024/09/24, 13:14:01.966, 934695654018, testhost.dll, TestRequestHandler.SendData: sending data from testhost: {"Version":7,"MessageType":"TestExecution.StatsChange","Payload":{"NewTestResults":[{"TestCase":{"Id":"8ad0d961-392c-3edf-2edb-f48395a7d9b8","FullyQualifiedName":"SpreadsheetTests.SpreadsheetTests.Spreadsheet_TestSetCellContents_Integer","DisplayName":"Spreadsheet_TestSetCellContents_Integer","ExecutorUri":"executor://MSTestAdapter/v2","Source":"C:\\Users\\myers\\Downloads\\ps1\\SpreadsheetTests\\bin\\Debug\\net8.0\\fine-code-coverage\\build-output\\SpreadsheetTests.dll","CodeFilePath":null,"LineNumber":-1,"Properties":[{"Key":{"Id":"TestCase.Hierarchy","Label":"Hierarchy","Category":"","Description":"","Attributes":2,"ValueType":"System.String[]"},"Value":[null,"SpreadsheetTests","SpreadsheetTests","Spreadsheet_TestSetCellContents_Integer"]},{"Key":{"Id":"TestCase.ManagedType","Label":"ManagedType","Category":"","Description":"","Attributes":1,"ValueType":"System.String"},"Value":"SpreadsheetTests.SpreadsheetTests"},{"Key":{"Id":"MSTest.TestIdGenerationStrategy","Label":"TestIdGenerationStrategy","Category":"","Description":"","Attributes":1,"ValueType":"System.Int32"},"Value":2},{"Key":{"Id":"MSTestDiscoverer.TestClassName","Label":"ClassName","Category":"","Description":"","Attributes":1,"ValueType":"System.String"},"Value":"SpreadsheetTests.SpreadsheetTests"},{"Key":{"Id":"TestCase.ManagedMethod","Label":"ManagedMethod","Category":"","Description":"","Attributes":1,"ValueType":"System.String"},"Value":"Spreadsheet_TestSetCellContents_Integer"},{"Key":{"Id":"TestObject.Traits","Label":"Traits","Category":"","Description":"","Attributes":5,"ValueType":"System.Collections.Generic.KeyValuePair`2[[System.String],[System.String]][]"},"Value":[]}]},"Attachments":[],"Outcome":2,"ErrorMessage":"Test method SpreadsheetTests.SpreadsheetTests.Spreadsheet_TestSetCellContents_Integer threw exception: \r\nSystem.NotImplementedException: The method or operation is not implemented.","ErrorStackTrace":"    at CS3500.Spreadsheet.Spreadsheet.SetCellContents(String name, Double number) in C:\\Users\\myers\\Downloads\\ps1\\Spreadsheet\\Spreadsheet.cs:line 149\r\n   at SpreadsheetTests.SpreadsheetTests.Spreadsheet_TestSetCellContents_Integer() in C:\\Users\\myers\\Downloads\\ps1\\SpreadsheetTests\\SpreadsheetTests.cs:line 27\r\n   at System.RuntimeMethodHandle.InvokeMethod(Object target, Void** arguments, Signature sig, Boolean isConstructor)\r\n   at System.Reflection.MethodBaseInvoker.InvokeWithNoArgs(Object obj, BindingFlags invokeAttr)\r\n","DisplayName":"Spreadsheet_TestSetCellContents_Integer","Messages":[],"ComputerName":"DESKTOP-FTTEOKS","Duration":"00:00:00.0084625","StartTime":"2024-09-24T13:14:01.9027544-06:00","EndTime":"2024-09-24T13:14:01.9177463-06:00","Properties":[{"Key":{"Id":"ParentExecId","Label":"ParentExecId","Category":"","Description":"","Attributes":1,"ValueType":"System.Guid"},"Value":"00000000-0000-0000-0000-000000000000"},{"Key":{"Id":"InnerResultsCount","Label":"InnerResultsCount","Category":"","Description":"","Attributes":1,"ValueType":"System.Int32"},"Value":0},{"Key":{"Id":"ExecutionId","Label":"ExecutionId","Category":"","Description":"","Attributes":1,"ValueType":"System.Guid"},"Value":"00000000-0000-0000-0000-000000000000"}]},{"TestCase":{"Id":"424dd81f-e004-af8d-db08-3a2eae78f202","FullyQualifiedName":"SpreadsheetTests.SpreadsheetTests.Spreadsheet_TestSetCellContents_String","DisplayName":"Spreadsheet_TestSetCellContents_String","ExecutorUri":"executor://MSTestAdapter/v2","Source":"C:\\Users\\myers\\Downloads\\ps1\\SpreadsheetTests\\bin\\Debug\\net8.0\\fine-code-coverage\\build-output\\SpreadsheetTests.dll","CodeFilePath":null,"LineNumber":-1,"Properties":[{"Key":{"Id":"TestCase.Hierarchy","Label":"Hierarchy","Category":"","Description":"","Attributes":2,"ValueType":"System.String[]"},"Value":[null,"SpreadsheetTests","SpreadsheetTests","Spreadsheet_TestSetCellContents_String"]},{"Key":{"Id":"TestCase.ManagedType","Label":"ManagedType","Category":"","Description":"","Attributes":1,"ValueType":"System.String"},"Value":"SpreadsheetTests.SpreadsheetTests"},{"Key":{"Id":"MSTest.TestIdGenerationStrategy","Label":"TestIdGenerationStrategy","Category":"","Description":"","Attributes":1,"ValueType":"System.Int32"},"Value":2},{"Key":{"Id":"MSTestDiscoverer.TestClassName","Label":"ClassName","Category":"","Description":"","Attributes":1,"ValueType":"System.String"},"Value":"SpreadsheetTests.SpreadsheetTests"},{"Key":{"Id":"TestCase.ManagedMethod","Label":"ManagedMethod","Category":"","Description":"","Attributes":1,"ValueType":"System.String"},"Value":"Spreadsheet_TestSetCellContents_String"},{"Key":{"Id":"TestObject.Traits","Label":"Traits","Category":"","Description":"","Attributes":5,"ValueType":"System.Collections.Generic.KeyValuePair`2[[System.String],[System.String]][]"},"Value":[]}]},"Attachments":[],"Outcome":2,"ErrorMessage":"Test method SpreadsheetTests.SpreadsheetTests.Spreadsheet_TestSetCellContents_String threw exception: \r\nSystem.NotImplementedException: The method or operation is not implemented.","ErrorStackTrace":"    at CS3500.Spreadsheet.Spreadsheet.SetCellContents(String name, String text) in C:\\Users\\myers\\Downloads\\ps1\\Spreadsheet\\Spreadsheet.cs:line 166\r\n   at SpreadsheetTests.SpreadsheetTests.Spreadsheet_TestSetCellContents_String() in C:\\Users\\myers\\Downloads\\ps1\\SpreadsheetTests\\SpreadsheetTests.cs:line 49\r\n   at System.RuntimeMethodHandle.InvokeMethod(Object target, Void** arguments, Signature sig, Boolean isConstructor)\r\n   at System.Reflection.MethodBaseInvoker.InvokeWithNoArgs(Object obj, BindingFlags invokeAttr)\r\n","DisplayName":"Spreadsheet_TestSetCellContents_String","Messages":[],"ComputerName":"DESKTOP-FTTEOKS","Duration":"00:00:00.0002860","StartTime":"2024-09-24T13:14:01.9279096-06:00","EndTime":"2024-09-24T13:14:01.9283394-06:00","Properties":[{"Key":{"Id":"ParentExecId","Label":"ParentExecId","Category":"","Description":"","Attributes":1,"ValueType":"System.Guid"},"Value":"00000000-0000-0000-0000-000000000000"},{"Key":{"Id":"InnerResultsCount","Label":"InnerResultsCount","Category":"","Description":"","Attributes":1,"ValueType":"System.Int32"},"Value":0},{"Key":{"Id":"ExecutionId","Label":"ExecutionId","Category":"","Description":"","Attributes":1,"ValueType":"System.Guid"},"Value":"00000000-0000-0000-0000-000000000000"}]},{"TestCase":{"Id":"1f68f634-cc13-ab82-1b3d-bee5b77b852f","FullyQualifiedName":"SpreadsheetTests.SpreadsheetTests.Spreadsheet_TestSetCellContents_Formula_NoDependencies","DisplayName":"Spreadsheet_TestSetCellContents_Formula_NoDependencies","ExecutorUri":"executor://MSTestAdapter/v2","Source":"C:\\Users\\myers\\Downloads\\ps1\\SpreadsheetTests\\bin\\Debug\\net8.0\\fine-code-coverage\\build-output\\SpreadsheetTests.dll","CodeFilePath":null,"LineNumber":-1,"Properties":[{"Key":{"Id":"TestCase.Hierarchy","Label":"Hierarchy","Category":"","Description":"","Attributes":2,"ValueType":"System.String[]"},"Value":[null,"SpreadsheetTests","SpreadsheetTests","Spreadsheet_TestSetCellContents_Formula_NoDependencies"]},{"Key":{"Id":"TestCase.ManagedType","Label":"ManagedType","Category":"","Description":"","Attributes":1,"ValueType":"System.String"},"Value":"SpreadsheetTests.SpreadsheetTests"},{"Key":{"Id":"MSTest.TestIdGenerationStrategy","Label":"TestIdGenerationStrategy","Category":"","Description":"","Attributes":1,"ValueType":"System.Int32"},"Value":2},{"Key":{"Id":"MSTestDiscoverer.TestClassName","Label":"ClassName","Category":"","Description":"","Attributes":1,"ValueType":"System.String"},"Value":"SpreadsheetTests.SpreadsheetTests"},{"Key":{"Id":"TestCase.ManagedMethod","Label":"ManagedMethod","Category":"","Description":"","Attributes":1,"ValueType":"System.String"},"Value":"Spreadsheet_TestSetCellContents_Formula_NoDependencies"},{"Key":{"Id":"TestObject.Traits","Label":"Traits","Category":"","Description":"","Attributes":5,"ValueType":"System.Collections.Generic.KeyValuePair`2[[System.String],[System.String]][]"},"Value":[]}]},"Attachments":[],"Outcome":2,"ErrorMessage":"Test method SpreadsheetTests.SpreadsheetTests.Spreadsheet_TestSetCellContents_Formula_NoDependencies threw exception: \r\nSystem.NotImplementedException: The method or operation is not implemented.","ErrorStackTrace":"    at CS3500.Spreadsheet.Spreadsheet.SetCellContents(String name, Formula formula) in C:\\Users\\myers\\Downloads\\ps1\\Spreadsheet\\Spreadsheet.cs:line 191\r\n   at SpreadsheetTests.SpreadsheetTests.Spreadsheet_TestSetCellContents_Formula_NoDependencies() in C:\\Users\\myers\\Downloads\\ps1\\SpreadsheetTests\\SpreadsheetTests.cs:line 63\r\n   at System.RuntimeMethodHandle.InvokeMethod(Object target, Void** arguments, Signature sig, Boolean isConstructor)\r\n   at System.Reflection.MethodBaseInvoker.InvokeWithNoArgs(Object obj, BindingFlags invokeAttr)\r\n","DisplayName":"Spreadsheet_TestSetCellContents_Formula_NoDependencies","Messages":[],"ComputerName":"DESKTOP-FTTEOKS","Duration":"00:00:00.0107393","StartTime":"2024-09-24T13:14:01.9301563-06:00","EndTime":"2024-09-24T13:14:01.9410208-06:00","Properties":[{"Key":{"Id":"ParentExecId","Label":"ParentExecId","Category":"","Description":"","Attributes":1,"ValueType":"System.Guid"},"Value":"00000000-0000-0000-0000-000000000000"},{"Key":{"Id":"InnerResultsCount","Label":"InnerResultsCount","Category":"","Description":"","Attributes":1,"ValueType":"System.Int32"},"Value":0},{"Key":{"Id":"ExecutionId","Label":"ExecutionId","Category":"","Description":"","Attributes":1,"ValueType":"System.Guid"},"Value":"00000000-0000-0000-0000-000000000000"}]},{"TestCase":{"Id":"dd3da24f-2827-20b2-301e-7d1d29dbeda2","FullyQualifiedName":"SpreadsheetTests.SpreadsheetTests.Spreadsheet_TestSetCellContents_Formula_Dependencies","DisplayName":"Spreadsheet_TestSetCellContents_Formula_Dependencies","ExecutorUri":"executor://MSTestAdapter/v2","Source":"C:\\Users\\myers\\Downloads\\ps1\\SpreadsheetTests\\bin\\Debug\\net8.0\\fine-code-coverage\\build-output\\SpreadsheetTests.dll","CodeFilePath":null,"LineNumber":-1,"Properties":[{"Key":{"Id":"TestCase.Hierarchy","Label":"Hierarchy","Category":"","Description":"","Attributes":2,"ValueType":"System.String[]"},"Value":[null,"SpreadsheetTests","SpreadsheetTests","Spreadsheet_TestSetCellContents_Formula_Dependencies"]},{"Key":{"Id":"TestCase.ManagedType","Label":"ManagedType","Category":"","Description":"","Attributes":1,"ValueType":"System.String"},"Value":"SpreadsheetTests.SpreadsheetTests"},{"Key":{"Id":"MSTest.TestIdGenerationStrategy","Label":"TestIdGenerationStrategy","Category":"","Description":"","Attributes":1,"ValueType":"System.Int32"},"Value":2},{"Key":{"Id":"MSTestDiscoverer.TestClassName","Label":"ClassName","Category":"","Description":"","Attributes":1,"ValueType":"System.String"},"Value":"SpreadsheetTests.SpreadsheetTests"},{"Key":{"Id":"TestCase.ManagedMethod","Label":"ManagedMethod","Category":"","Description":"","Attributes":1,"ValueType":"System.String"},"Value":"Spreadsheet_TestSetCellContents_Formula_Dependencies"},{"Key":{"Id":"TestObject.Traits","Label":"Traits","Category":"","Description":"","Attributes":5,"ValueType":"System.Collections.Generic.KeyValuePair`2[[System.String],[System.String]][]"},"Value":[]}]},"Attachments":[],"Outcome":2,"ErrorMessage":"Test method SpreadsheetTests.SpreadsheetTests.Spreadsheet_TestSetCellContents_Formula_Dependencies threw exception: \r\nSystem.NotImplementedException: The method or operation is not implemented.","ErrorStackTrace":"    at CS3500.Spreadsheet.Spreadsheet.SetCellContents(String name, Formula formula) in C:\\Users\\myers\\Downloads\\ps1\\Spreadsheet\\Spreadsheet.cs:line 191\r\n   at SpreadsheetTests.SpreadsheetTests.Spreadsheet_TestSetCellContents_Formula_Dependencies() in C:\\Users\\myers\\Downloads\\ps1\\SpreadsheetTests\\SpreadsheetTests.cs:line 77\r\n   at System.RuntimeMethodHandle.InvokeMethod(Object target, Void** arguments, Signature sig, Boolean isConstructor)\r\n   at System.Reflection.MethodBaseInvoker.InvokeWithNoArgs(Object obj, BindingFlags invokeAttr)\r\n","DisplayName":"Spreadsheet_TestSetCellContents_Formula_Dependencies","Messages":[],"ComputerName":"DESKTOP-FTTEOKS","Duration":"00:00:00.0003057","StartTime":"2024-09-24T13:14:01.9425787-06:00","EndTime":"2024-09-24T13:14:01.9429872-06:00","Properties":[{"Key":{"Id":"ParentExecId","Label":"ParentExecId","Category":"","Description":"","Attributes":1,"ValueType":"System.Guid"},"Value":"00000000-0000-0000-0000-000000000000"},{"Key":{"Id":"InnerResultsCount","Label":"InnerResultsCount","Category":"","Description":"","Attributes":1,"ValueType":"System.Int32"},"Value":0},{"Key":{"Id":"ExecutionId","Label":"ExecutionId","Category":"","Description":"","Attributes":1,"ValueType":"System.Guid"},"Value":"00000000-0000-0000-0000-000000000000"}]},{"TestCase":{"Id":"fa921043-df6c-4aa8-c213-3c435d53dcfb","FullyQualifiedName":"SpreadsheetTests.SpreadsheetTests.Spreadsheet_TestSetCellContents_Formula_CircularDependency","DisplayName":"Spreadsheet_TestSetCellContents_Formula_CircularDependency","ExecutorUri":"executor://MSTestAdapter/v2","Source":"C:\\Users\\myers\\Downloads\\ps1\\SpreadsheetTests\\bin\\Debug\\net8.0\\fine-code-coverage\\build-output\\SpreadsheetTests.dll","CodeFilePath":null,"LineNumber":-1,"Properties":[{"Key":{"Id":"TestCase.Hierarchy","Label":"Hierarchy","Category":"","Description":"","Attributes":2,"ValueType":"System.String[]"},"Value":[null,"SpreadsheetTests","SpreadsheetTests","Spreadsheet_TestSetCellContents_Formula_CircularDependency"]},{"Key":{"Id":"TestCase.ManagedType","Label":"ManagedType","Category":"","Description":"","Attributes":1,"ValueType":"System.String"},"Value":"SpreadsheetTests.SpreadsheetTests"},{"Key":{"Id":"MSTest.TestIdGenerationStrategy","Label":"TestIdGenerationStrategy","Category":"","Description":"","Attributes":1,"ValueType":"System.Int32"},"Value":2},{"Key":{"Id":"MSTestDiscoverer.TestClassName","Label":"ClassName","Category":"","Description":"","Attributes":1,"ValueType":"System.String"},"Value":"SpreadsheetTests.SpreadsheetTests"},{"Key":{"Id":"TestCase.ManagedMethod","Label":"ManagedMethod","Category":"","Description":"","Attributes":1,"ValueType":"System.String"},"Value":"Spreadsheet_TestSetCellContents_Formula_CircularDependency"},{"Key":{"Id":"TestObject.Traits","Label":"Traits","Category":"","Description":"","Attributes":5,"ValueType":"System.Collections.Generic.KeyValuePair`2[[System.String],[System.String]][]"},"Value":[]}]},"Attachments":[],"Outcome":2,"ErrorMessage":"Test method threw exception System.NotImplementedException, but exception CS3500.Spreadsheet.CircularException was expected. Exception message: System.NotImplementedException: The method or operation is not implemented.","ErrorStackTrace":"   at CS3500.Spreadsheet.Spreadsheet.SetCellContents(String name, Formula formula) in C:\\Users\\myers\\Downloads\\ps1\\Spreadsheet\\Spreadsheet.cs:line 191\r\n   at SpreadsheetTests.SpreadsheetTests.Spreadsheet_TestSetCellContents_Formula_CircularDependency() in C:\\Users\\myers\\Downloads\\ps1\\SpreadsheetTests\\SpreadsheetTests.cs:line 95\r\n   at System.RuntimeMethodHandle.InvokeMethod(Object target, Void** arguments, Signature sig, Boolean isConstructor)\r\n   at System.Reflection.MethodBaseInvoker.InvokeWithNoArgs(Object obj, BindingFlags invokeAttr)\r\n","DisplayName":"Spreadsheet_TestSetCellContents_Formula_CircularDependency","Messages":[],"ComputerName":"DESKTOP-FTTEOKS","Duration":"00:00:00.0006911","StartTime":"2024-09-24T13:14:01.9443105-06:00","EndTime":"2024-09-24T13:14:01.9451275-06:00","Properties":[{"Key":{"Id":"ParentExecId","Label":"ParentExecId","Category":"","Description":"","Attributes":1,"ValueType":"System.Guid"},"Value":"00000000-0000-0000-0000-000000000000"},{"Key":{"Id":"InnerResultsCount","Label":"InnerResultsCount","Category":"","Description":"","Attributes":1,"ValueType":"System.Int32"},"Value":0},{"Key":{"Id":"ExecutionId","Label":"ExecutionId","Category":"","Description":"","Attributes":1,"ValueType":"System.Guid"},"Value":"00000000-0000-0000-0000-000000000000"}]},{"TestCase":{"Id":"dab4ad2a-f35f-2282-1209-d4c26d7d0ec2","FullyQualifiedName":"SpreadsheetTests.SpreadsheetTests.Spreadsheet_TestSetCellContents_InvalidName","DisplayName":"Spreadsheet_TestSetCellContents_InvalidName","ExecutorUri":"executor://MSTestAdapter/v2","Source":"C:\\Users\\myers\\Downloads\\ps1\\SpreadsheetTests\\bin\\Debug\\net8.0\\fine-code-coverage\\build-output\\SpreadsheetTests.dll","CodeFilePath":null,"LineNumber":-1,"Properties":[{"Key":{"Id":"TestCase.Hierarchy","Label":"Hierarchy","Category":"","Description":"","Attributes":2,"ValueType":"System.String[]"},"Value":[null,"SpreadsheetTests","SpreadsheetTests","Spreadsheet_TestSetCellContents_InvalidName"]},{"Key":{"Id":"TestCase.ManagedType","Label":"ManagedType","Category":"","Description":"","Attributes":1,"ValueType":"System.String"},"Value":"SpreadsheetTests.SpreadsheetTests"},{"Key":{"Id":"MSTest.TestIdGenerationStrategy","Label":"TestIdGenerationStrategy","Category":"","Description":"","Attributes":1,"ValueType":"System.Int32"},"Value":2},{"Key":{"Id":"MSTestDiscoverer.TestClassName","Label":"ClassName","Category":"","Description":"","Attributes":1,"ValueType":"System.String"},"Value":"SpreadsheetTests.SpreadsheetTests"},{"Key":{"Id":"TestCase.ManagedMethod","Label":"ManagedMethod","Category":"","Description":"","Attributes":1,"ValueType":"System.String"},"Value":"Spreadsheet_TestSetCellContents_InvalidName"},{"Key":{"Id":"TestObject.Traits","Label":"Traits","Category":"","Description":"","Attributes":5,"ValueType":"System.Collections.Generic.KeyValuePair`2[[System.String],[System.String]][]"},"Value":[]}]},"Attachments":[],"Outcome":2,"ErrorMessage":"Test method threw exception System.NotImplementedException, but exception CS3500.Spreadsheet.InvalidNameException was expected. Exception message: System.NotImplementedException: The method or operation is not implemented.","ErrorStackTrace":"   at CS3500.Spreadsheet.Spreadsheet.SetCellContents(String name, String text) in C:\\Users\\myers\\Downloads\\ps1\\Spreadsheet\\Spreadsheet.cs:line 166\r\n   at SpreadsheetTests.SpreadsheetTests.Spreadsheet_TestSetCellContents_InvalidName() in C:\\Users\\myers\\Downloads\\ps1\\SpreadsheetTests\\SpreadsheetTests.cs:line 111\r\n   at System.RuntimeMethodHandle.InvokeMethod(Object target, Void** arguments, Signature sig, Boolean isConstructor)\r\n   at System.Reflection.MethodBaseInvoker.InvokeWithNoArgs(Object obj, BindingFlags invokeAttr)\r\n","DisplayName":"Spreadsheet_TestSetCellContents_InvalidName","Messages":[],"ComputerName":"DESKTOP-FTTEOKS","Duration":"00:00:00.0001452","StartTime":"2024-09-24T13:14:01.9467124-06:00","EndTime":"2024-09-24T13:14:01.946981-06:00","Properties":[{"Key":{"Id":"ParentExecId","Label":"ParentExecId","Category":"","Description":"","Attributes":1,"ValueType":"System.Guid"},"Value":"00000000-0000-0000-0000-000000000000"},{"Key":{"Id":"InnerResultsCount","Label":"InnerResultsCount","Category":"","Description":"","Attributes":1,"ValueType":"System.Int32"},"Value":0},{"Key":{"Id":"ExecutionId","Label":"ExecutionId","Category":"","Description":"","Attributes":1,"ValueType":"System.Guid"},"Value":"00000000-0000-0000-0000-000000000000"}]},{"TestCase":{"Id":"632d5d11-b97c-dc8f-d1fd-b5d7822182f6","FullyQualifiedName":"SpreadsheetTests.SpreadsheetTests.Spreadsheet_TestSetCellContents_AdjustingDependencies","DisplayName":"Spreadsheet_TestSetCellContents_AdjustingDependencies","ExecutorUri":"executor://MSTestAdapter/v2","Source":"C:\\Users\\myers\\Downloads\\ps1\\SpreadsheetTests\\bin\\Debug\\net8.0\\fine-code-coverage\\build-output\\SpreadsheetTests.dll","CodeFilePath":null,"LineNumber":-1,"Properties":[{"Key":{"Id":"TestCase.Hierarchy","Label":"Hierarchy","Category":"","Description":"","Attributes":2,"ValueType":"System.String[]"},"Value":[null,"SpreadsheetTests","SpreadsheetTests","Spreadsheet_TestSetCellContents_AdjustingDependencies"]},{"Key":{"Id":"TestCase.ManagedType","Label":"ManagedType","Category":"","Description":"","Attributes":1,"ValueType":"System.String"},"Value":"SpreadsheetTests.SpreadsheetTests"},{"Key":{"Id":"MSTest.TestIdGenerationStrategy","Label":"TestIdGenerationStrategy","Category":"","Description":"","Attributes":1,"ValueType":"System.Int32"},"Value":2},{"Key":{"Id":"MSTestDiscoverer.TestClassName","Label":"ClassName","Category":"","Description":"","Attributes":1,"ValueType":"System.String"},"Value":"SpreadsheetTests.SpreadsheetTests"},{"Key":{"Id":"TestCase.ManagedMethod","Label":"ManagedMethod","Category":"","Description":"","Attributes":1,"ValueType":"System.String"},"Value":"Spreadsheet_TestSetCellContents_AdjustingDependencies"},{"Key":{"Id":"TestObject.Traits","Label":"Traits","Category":"","Description":"","Attributes":5,"ValueType":"System.Collections.Generic.KeyValuePair`2[[System.String],[System.String]][]"},"Value":[]}]},"Attachments":[],"Outcome":2,"ErrorMessage":"Test method SpreadsheetTests.SpreadsheetTests.Spreadsheet_TestSetCellContents_AdjustingDependencies threw exception: \r\nSystem.NotImplementedException: The method or operation is not implemented.","ErrorStackTrace":"    at CS3500.Spreadsheet.Spreadsheet.SetCellContents(String name, Formula formula) in C:\\Users\\myers\\Downloads\\ps1\\Spreadsheet\\Spreadsheet.cs:line 191\r\n   at SpreadsheetTests.SpreadsheetTests.Spreadsheet_TestSetCellContents_AdjustingDependencies() in C:\\Users\\myers\\Downloads\\ps1\\SpreadsheetTests\\SpreadsheetTests.cs:line 126\r\n   at System.RuntimeMethodHandle.InvokeMethod(Object target, Void** arguments, Signature sig, Boolean isConstructor)\r\n   at System.Reflection.MethodBaseInvoker.InvokeWithNoArgs(Object obj, BindingFlags invokeAttr)\r\n","DisplayName":"Spreadsheet_TestSetCellContents_AdjustingDependencies","Messages":[],"ComputerName":"DESKTOP-FTTEOKS","Duration":"00:00:00.0002437","StartTime":"2024-09-24T13:14:01.9483939-06:00","EndTime":"2024-09-24T13:14:01.9487453-06:00","Properties":[{"Key":{"Id":"ParentExecId","Label":"ParentExecId","Category":"","Description":"","Attributes":1,"ValueType":"System.Guid"},"Value":"00000000-0000-0000-0000-000000000000"},{"Key":{"Id":"InnerResultsCount","Label":"InnerResultsCount","Category":"","Description":"","Attributes":1,"ValueType":"System.Int32"},"Value":0},{"Key":{"Id":"ExecutionId","Label":"ExecutionId","Category":"","Description":"","Attributes":1,"ValueType":"System.Guid"},"Value":"00000000-0000-0000-0000-000000000000"}]},{"TestCase":{"Id":"12b42d56-7f04-e7f2-0b05-e2b291f55e99","FullyQualifiedName":"SpreadsheetTests.SpreadsheetTests.Spreadsheet_TestGetAllNonEmptyCells_OnlyEmptyCells","DisplayName":"Spreadsheet_TestGetAllNonEmptyCells_OnlyEmptyCells","ExecutorUri":"executor://MSTestAdapter/v2","Source":"C:\\Users\\myers\\Downloads\\ps1\\SpreadsheetTests\\bin\\Debug\\net8.0\\fine-code-coverage\\build-output\\SpreadsheetTests.dll","CodeFilePath":null,"LineNumber":-1,"Properties":[{"Key":{"Id":"TestCase.Hierarchy","Label":"Hierarchy","Category":"","Description":"","Attributes":2,"ValueType":"System.String[]"},"Value":[null,"SpreadsheetTests","SpreadsheetTests","Spreadsheet_TestGetAllNonEmptyCells_OnlyEmptyCells"]},{"Key":{"Id":"TestCase.ManagedType","Label":"ManagedType","Category":"","Description":"","Attributes":1,"ValueType":"System.String"},"Value":"SpreadsheetTests.SpreadsheetTests"},{"Key":{"Id":"MSTest.TestIdGenerationStrategy","Label":"TestIdGenerationStrategy","Category":"","Description":"","Attributes":1,"ValueType":"System.Int32"},"Value":2},{"Key":{"Id":"MSTestDiscoverer.TestClassName","Label":"ClassName","Category":"","Description":"","Attributes":1,"ValueType":"System.String"},"Value":"SpreadsheetTests.SpreadsheetTests"},{"Key":{"Id":"TestCase.ManagedMethod","Label":"ManagedMethod","Category":"","Description":"","Attributes":1,"ValueType":"System.String"},"Value":"Spreadsheet_TestGetAllNonEmptyCells_OnlyEmptyCells"},{"Key":{"Id":"TestObject.Traits","Label":"Traits","Category":"","Description":"","Attributes":5,"ValueType":"System.Collections.Generic.KeyValuePair`2[[System.String],[System.String]][]"},"Value":[]}]},"Attachments":[],"Outcome":2,"ErrorMessage":"Test method SpreadsheetTests.SpreadsheetTests.Spreadsheet_TestGetAllNonEmptyCells_OnlyEmptyCells threw exception: \r\nSystem.NotImplementedException: The method or operation is not implemented.","ErrorStackTrace":"    at CS3500.Spreadsheet.Spreadsheet.GetNamesOfAllNonemptyCells() in C:\\Users\\myers\\Downloads\\ps1\\Spreadsheet\\Spreadsheet.cs:line 99\r\n   at SpreadsheetTests.SpreadsheetTests.Spreadsheet_TestGetAllNonEmptyCells_OnlyEmptyCells() in C:\\Users\\myers\\Downloads\\ps1\\SpreadsheetTests\\SpreadsheetTests.cs:line 148\r\n   at System.RuntimeMethodHandle.InvokeMethod(Object target, Void** arguments, Signature sig, Boolean isConstructor)\r\n   at System.Reflection.MethodBaseInvoker.InvokeWithNoArgs(Object obj, BindingFlags invokeAttr)\r\n","DisplayName":"Spreadsheet_TestGetAllNonEmptyCells_OnlyEmptyCells","Messages":[],"ComputerName":"DESKTOP-FTTEOKS","Duration":"00:00:00.0001976","StartTime":"2024-09-24T13:14:01.9500911-06:00","EndTime":"2024-09-24T13:14:01.9503909-06:00","Properties":[{"Key":{"Id":"ParentExecId","Label":"ParentExecId","Category":"","Description":"","Attributes":1,"ValueType":"System.Guid"},"Value":"00000000-0000-0000-0000-000000000000"},{"Key":{"Id":"InnerResultsCount","Label":"InnerResultsCount","Category":"","Description":"","Attributes":1,"ValueType":"System.Int32"},"Value":0},{"Key":{"Id":"ExecutionId","Label":"ExecutionId","Category":"","Description":"","Attributes":1,"ValueType":"System.Guid"},"Value":"00000000-0000-0000-0000-000000000000"}]},{"TestCase":{"Id":"543203ee-f983-73f8-ff03-558e794c0943","FullyQualifiedName":"SpreadsheetTests.SpreadsheetTests.Spreadsheet_TestGetAllNonEmptyCells_DependencyOnEmptyCell","DisplayName":"Spreadsheet_TestGetAllNonEmptyCells_DependencyOnEmptyCell","ExecutorUri":"executor://MSTestAdapter/v2","Source":"C:\\Users\\myers\\Downloads\\ps1\\SpreadsheetTests\\bin\\Debug\\net8.0\\fine-code-coverage\\build-output\\SpreadsheetTests.dll","CodeFilePath":null,"LineNumber":-1,"Properties":[{"Key":{"Id":"TestCase.Hierarchy","Label":"Hierarchy","Category":"","Description":"","Attributes":2,"ValueType":"System.String[]"},"Value":[null,"SpreadsheetTests","SpreadsheetTests","Spreadsheet_TestGetAllNonEmptyCells_DependencyOnEmptyCell"]},{"Key":{"Id":"TestCase.ManagedType","Label":"ManagedType","Category":"","Description":"","Attributes":1,"ValueType":"System.String"},"Value":"SpreadsheetTests.SpreadsheetTests"},{"Key":{"Id":"MSTest.TestIdGenerationStrategy","Label":"TestIdGenerationStrategy","Category":"","Description":"","Attributes":1,"ValueType":"System.Int32"},"Value":2},{"Key":{"Id":"MSTestDiscoverer.TestClassName","Label":"ClassName","Category":"","Description":"","Attributes":1,"ValueType":"System.String"},"Value":"SpreadsheetTests.SpreadsheetTests"},{"Key":{"Id":"TestCase.ManagedMethod","Label":"ManagedMethod","Category":"","Description":"","Attributes":1,"ValueType":"System.String"},"Value":"Spreadsheet_TestGetAllNonEmptyCells_DependencyOnEmptyCell"},{"Key":{"Id":"TestObject.Traits","Label":"Traits","Category":"","Description":"","Attributes":5,"ValueType":"System.Collections.Generic.KeyValuePair`2[[System.String],[System.String]][]"},"Value":[]}]},"Attachments":[],"Outcome":2,"ErrorMessage":"Test method SpreadsheetTests.SpreadsheetTests.Spreadsheet_TestGetAllNonEmptyCells_DependencyOnEmptyCell threw exception: \r\nSystem.NotImplementedException: The method or operation is not implemented.","ErrorStackTrace":"    at CS3500.Spreadsheet.Spreadsheet.SetCellContents(String name, Formula formula) in C:\\Users\\myers\\Downloads\\ps1\\Spreadsheet\\Spreadsheet.cs:line 191\r\n   at SpreadsheetTests.SpreadsheetTests.Spreadsheet_TestGetAllNonEmptyCells_DependencyOnEmptyCell() in C:\\Users\\myers\\Downloads\\ps1\\SpreadsheetTests\\SpreadsheetTests.cs:line 163\r\n   at System.RuntimeMethodHandle.InvokeMethod(Object target, Void** arguments, Signature sig, Boolean isConstructor)\r\n   at System.Reflection.MethodBaseInvoker.InvokeWithNoArgs(Object obj, BindingFlags invokeAttr)\r\n","DisplayName":"Spreadsheet_TestGetAllNonEmptyCells_DependencyOnEmptyCell","Messages":[],"ComputerName":"DESKTOP-FTTEOKS","Duration":"00:00:00.0002262","StartTime":"2024-09-24T13:14:01.9516811-06:00","EndTime":"2024-09-24T13:14:01.9520065-06:00","Properties":[{"Key":{"Id":"ParentExecId","Label":"ParentExecId","Category":"","Description":"","Attributes":1,"ValueType":"System.Guid"},"Value":"00000000-0000-0000-0000-000000000000"},{"Key":{"Id":"InnerResultsCount","Label":"InnerResultsCount","Category":"","Description":"","Attributes":1,"ValueType":"System.Int32"},"Value":0},{"Key":{"Id":"ExecutionId","Label":"ExecutionId","Category":"","Description":"","Attributes":1,"ValueType":"System.Guid"},"Value":"00000000-0000-0000-0000-000000000000"}]}],"TestRunStatistics":{"ExecutedTests":9,"Stats":{"Failed":9}},"ActiveTests":[{"Id":"7aa1eaaa-0e8d-d3e5-fb60-aba0dc52e86d","FullyQualifiedName":"SpreadsheetTests.SpreadsheetTests.Spreadsheet_TestGetAllNonEmptyCells_FilledThanEmptiedCell","DisplayName":"Spreadsheet_TestGetAllNonEmptyCells_FilledThanEmptiedCell","ExecutorUri":"executor://MSTestAdapter/v2","Source":"C:\\Users\\myers\\Downloads\\ps1\\SpreadsheetTests\\bin\\Debug\\net8.0\\fine-code-coverage\\build-output\\SpreadsheetTests.dll","CodeFilePath":null,"LineNumber":-1,"Properties":[{"Key":{"Id":"TestCase.Hierarchy","Label":"Hierarchy","Category":"","Description":"","Attributes":2,"ValueType":"System.String[]"},"Value":[null,"SpreadsheetTests","SpreadsheetTests","Spreadsheet_TestGetAllNonEmptyCells_FilledThanEmptiedCell"]},{"Key":{"Id":"TestCase.ManagedType","Label":"ManagedType","Category":"","Description":"","Attributes":1,"ValueType":"System.String"},"Value":"SpreadsheetTests.SpreadsheetTests"},{"Key":{"Id":"MSTest.TestIdGenerationStrategy","Label":"TestIdGenerationStrategy","Category":"","Description":"","Attributes":1,"ValueType":"System.Int32"},"Value":2},{"Key":{"Id":"MSTestDiscoverer.TestClassName","Label":"ClassName","Category":"","Description":"","Attributes":1,"ValueType":"System.String"},"Value":"SpreadsheetTests.SpreadsheetTests"},{"Key":{"Id":"TestCase.ManagedMethod","Label":"ManagedMethod","Category":"","Description":"","Attributes":1,"ValueType":"System.String"},"Value":"Spreadsheet_TestGetAllNonEmptyCells_FilledThanEmptiedCell"},{"Key":{"Id":"TestObject.Traits","Label":"Traits","Category":"","Description":"","Attributes":5,"ValueType":"System.Collections.Generic.KeyValuePair`2[[System.String],[System.String]][]"},"Value":[]}]}]}}
TpTrace Verbose: 0 : 20272, 4, 2024/09/24, 13:14:01.967, 934695657359, testhost.dll, TestRunCache: OnNewTestResult: Notified the onCacheHit callback.
TpTrace Verbose: 0 : 20272, 4, 2024/09/24, 13:14:01.967, 934695664491, testhost.dll, MulticastDelegateUtilities.SafeInvoke: TestCaseEventsHandler.RaiseTestCaseStart: Invoking callback 1/1 for Microsoft.VisualStudio.TestPlatform.CrossPlatEngine.DataCollection.ProxyOutOfProcDataCollectionManager., took 0 ms.
TpTrace Information: 0 : 20272, 4, 2024/09/24, 13:14:01.967, 934695664898, testhost.dll, MSTest - Executing test Spreadsheet_TestGetAllNonEmptyCells_FilledThanEmptiedCell
TpTrace Information: 0 : 20272, 4, 2024/09/24, 13:14:01.968, 934695668039, testhost.dll, MSTest - Executed test Spreadsheet_TestGetAllNonEmptyCells_FilledThanEmptiedCell
TpTrace Verbose: 0 : 20272, 4, 2024/09/24, 13:14:01.968, 934695668410, testhost.dll, TestExecutionRecorder.RecordEnd: test: SpreadsheetTests.SpreadsheetTests.Spreadsheet_TestGetAllNonEmptyCells_FilledThanEmptiedCell execution completed.
TpTrace Warning: 0 : 20272, 4, 2024/09/24, 13:14:01.968, 934695668567, testhost.dll, TestRunCache: InProgressTests is null
TpTrace Verbose: 0 : 20272, 4, 2024/09/24, 13:14:01.968, 934695674604, testhost.dll, MulticastDelegateUtilities.SafeInvoke: TestCaseEventsHandler.RaiseTestCaseEnd: Invoking callback 1/1 for Microsoft.VisualStudio.TestPlatform.CrossPlatEngine.DataCollection.ProxyOutOfProcDataCollectionManager., took 0 ms.
TpTrace Information: 0 : 20272, 4, 2024/09/24, 13:14:01.968, 934695674941, testhost.dll, MSTest - MSTestExecutor:Test SpreadsheetTests.SpreadsheetTests.Spreadsheet_TestGetAllNonEmptyCells_FilledThanEmptiedCell failed. ErrorMessage:Test method SpreadsheetTests.SpreadsheetTests.Spreadsheet_TestGetAllNonEmptyCells_FilledThanEmptiedCell threw exception: 
System.NotImplementedException: The method or operation is not implemented., ErrorStackTrace:    at CS3500.Spreadsheet.Spreadsheet.SetCellContents(String name, Formula formula) in C:\Users\myers\Downloads\ps1\Spreadsheet\Spreadsheet.cs:line 191
   at SpreadsheetTests.SpreadsheetTests.Spreadsheet_TestGetAllNonEmptyCells_FilledThanEmptiedCell() in C:\Users\myers\Downloads\ps1\SpreadsheetTests\SpreadsheetTests.cs:line 181
   at System.RuntimeMethodHandle.InvokeMethod(Object target, Void** arguments, Signature sig, Boolean isConstructor)
   at System.Reflection.MethodBaseInvoker.InvokeWithNoArgs(Object obj, BindingFlags invokeAttr)
.
TpTrace Verbose: 0 : 20272, 4, 2024/09/24, 13:14:01.969, 934695675108, testhost.dll, TestExecutionRecorder.RecordResult: Received result for test: SpreadsheetTests.SpreadsheetTests.Spreadsheet_TestGetAllNonEmptyCells_FilledThanEmptiedCell.
TpTrace Verbose: 0 : 20272, 4, 2024/09/24, 13:14:01.969, 934695675324, testhost.dll, MulticastDelegateUtilities.SafeInvoke: TestCaseEventsHandler.RaiseTestCaseEnd: Invoking callback 1/1 for Microsoft.VisualStudio.TestPlatform.CrossPlatEngine.DataCollection.ProxyOutOfProcDataCollectionManager., took 0 ms.
TpTrace Warning: 0 : 20272, 4, 2024/09/24, 13:14:01.969, 934695675487, testhost.dll, TestRunCache: InProgressTests is null
TpTrace Warning: 0 : 20272, 4, 2024/09/24, 13:14:01.969, 934695675617, testhost.dll, TestRunCache: No test found corresponding to testResult 'Spreadsheet_TestGetAllNonEmptyCells_FilledThanEmptiedCell' in inProgress list.
TpTrace Verbose: 0 : 20272, 4, 2024/09/24, 13:14:01.969, 934695675878, testhost.dll, TestExecutionRecorder.RecordStart: Starting test: SpreadsheetTests.SpreadsheetTests.Spreadsheet_TestGetCellContents_InvalidCell.
TpTrace Verbose: 0 : 20272, 4, 2024/09/24, 13:14:01.969, 934695681417, testhost.dll, MulticastDelegateUtilities.SafeInvoke: TestCaseEventsHandler.RaiseTestCaseStart: Invoking callback 1/1 for Microsoft.VisualStudio.TestPlatform.CrossPlatEngine.DataCollection.ProxyOutOfProcDataCollectionManager., took 0 ms.
TpTrace Information: 0 : 20272, 4, 2024/09/24, 13:14:01.969, 934695681798, testhost.dll, MSTest - Executing test Spreadsheet_TestGetCellContents_InvalidCell
TpTrace Information: 0 : 20272, 4, 2024/09/24, 13:14:01.970, 934695689687, testhost.dll, MSTest - Executed test Spreadsheet_TestGetCellContents_InvalidCell
TpTrace Verbose: 0 : 20272, 4, 2024/09/24, 13:14:01.970, 934695690087, testhost.dll, TestExecutionRecorder.RecordEnd: test: SpreadsheetTests.SpreadsheetTests.Spreadsheet_TestGetCellContents_InvalidCell execution completed.
TpTrace Verbose: 0 : 20272, 4, 2024/09/24, 13:14:01.971, 934695695792, testhost.dll, MulticastDelegateUtilities.SafeInvoke: TestCaseEventsHandler.RaiseTestCaseEnd: Invoking callback 1/1 for Microsoft.VisualStudio.TestPlatform.CrossPlatEngine.DataCollection.ProxyOutOfProcDataCollectionManager., took 0 ms.
TpTrace Information: 0 : 20272, 4, 2024/09/24, 13:14:01.971, 934695696128, testhost.dll, MSTest - MSTestExecutor:Test SpreadsheetTests.SpreadsheetTests.Spreadsheet_TestGetCellContents_InvalidCell failed. ErrorMessage:Test method SpreadsheetTests.SpreadsheetTests.Spreadsheet_TestGetCellContents_InvalidCell threw exception: 
System.NotImplementedException: The method or operation is not implemented., ErrorStackTrace:    at CS3500.Spreadsheet.Spreadsheet.GetCellContents(String name) in C:\Users\myers\Downloads\ps1\Spreadsheet\Spreadsheet.cs:line 117
   at SpreadsheetTests.SpreadsheetTests.Spreadsheet_TestGetCellContents_InvalidCell() in C:\Users\myers\Downloads\ps1\SpreadsheetTests\SpreadsheetTests.cs:line 201
   at System.RuntimeMethodHandle.InvokeMethod(Object target, Void** arguments, Signature sig, Boolean isConstructor)
   at System.Reflection.MethodBaseInvoker.InvokeWithNoArgs(Object obj, BindingFlags invokeAttr)
.
TpTrace Verbose: 0 : 20272, 4, 2024/09/24, 13:14:01.971, 934695696298, testhost.dll, TestExecutionRecorder.RecordResult: Received result for test: SpreadsheetTests.SpreadsheetTests.Spreadsheet_TestGetCellContents_InvalidCell.
TpTrace Verbose: 0 : 20272, 4, 2024/09/24, 13:14:01.971, 934695696526, testhost.dll, MulticastDelegateUtilities.SafeInvoke: TestCaseEventsHandler.RaiseTestCaseEnd: Invoking callback 1/1 for Microsoft.VisualStudio.TestPlatform.CrossPlatEngine.DataCollection.ProxyOutOfProcDataCollectionManager., took 0 ms.
TpTrace Warning: 0 : 20272, 4, 2024/09/24, 13:14:01.971, 934695696683, testhost.dll, TestRunCache: InProgressTests is null
TpTrace Warning: 0 : 20272, 4, 2024/09/24, 13:14:01.971, 934695696811, testhost.dll, TestRunCache: No test found corresponding to testResult 'Spreadsheet_TestGetCellContents_InvalidCell' in inProgress list.
TpTrace Information: 0 : 20272, 4, 2024/09/24, 13:14:01.971, 934695697025, testhost.dll, MSTest - Executed tests belonging to source C:\Users\myers\Downloads\ps1\SpreadsheetTests\bin\Debug\net8.0\fine-code-coverage\build-output\SpreadsheetTests.dll
TpTrace Verbose: 0 : 20272, 4, 2024/09/24, 13:14:01.971, 934695699167, testhost.dll, BaseRunTests.RunTestInternalWithExecutors: Completed running tests for executor://MSTestAdapter/v2
TpTrace Verbose: 0 : 20272, 4, 2024/09/24, 13:14:01.971, 934695703812, testhost.dll, MulticastDelegateUtilities.SafeInvoke: TestCaseEventsHandler.RaiseSessionEnd: Invoking callback 1/1 for Microsoft.VisualStudio.TestPlatform.CrossPlatEngine.DataCollection.ProxyOutOfProcDataCollectionManager., took 0 ms.
TpTrace Information: 0 : 20272, 4, 2024/09/24, 13:14:01.973, 934695717598, testhost.dll, Sending test run complete
TpTrace Verbose: 0 : 20272, 4, 2024/09/24, 13:14:01.979, 934695778648, testhost.dll, TestRequestHandler.SendData: sending data from testhost: {"Version":7,"MessageType":"TestExecution.Completed","Payload":{"TestRunCompleteArgs":{"TestRunStatistics":{"ExecutedTests":11,"Stats":{"Failed":11}},"IsCanceled":false,"IsAborted":false,"Error":null,"AttachmentSets":[],"InvokedDataCollectors":[],"ElapsedTimeInRunningTests":"00:00:00.1383771","Metrics":{},"DiscoveredExtensions":{"TestDiscoverers":["Microsoft.VisualStudio.TestPlatform.MSTest.TestAdapter.MSTestDiscoverer, Microsoft.VisualStudio.TestPlatform.MSTest.TestAdapter, Version=14.0.0.0, Culture=neutral, PublicKeyToken=b03f5f7f11d50a3a"],"TestExecutors":["executor://MSTestAdapter/v2"],"TestExecutors2":[],"TestSettingsProviders":[]}},"LastRunTests":{"NewTestResults":[{"TestCase":{"Id":"7aa1eaaa-0e8d-d3e5-fb60-aba0dc52e86d","FullyQualifiedName":"SpreadsheetTests.SpreadsheetTests.Spreadsheet_TestGetAllNonEmptyCells_FilledThanEmptiedCell","DisplayName":"Spreadsheet_TestGetAllNonEmptyCells_FilledThanEmptiedCell","ExecutorUri":"executor://MSTestAdapter/v2","Source":"C:\\Users\\myers\\Downloads\\ps1\\SpreadsheetTests\\bin\\Debug\\net8.0\\fine-code-coverage\\build-output\\SpreadsheetTests.dll","CodeFilePath":null,"LineNumber":-1,"Properties":[{"Key":{"Id":"TestCase.Hierarchy","Label":"Hierarchy","Category":"","Description":"","Attributes":2,"ValueType":"System.String[]"},"Value":[null,"SpreadsheetTests","SpreadsheetTests","Spreadsheet_TestGetAllNonEmptyCells_FilledThanEmptiedCell"]},{"Key":{"Id":"TestCase.ManagedType","Label":"ManagedType","Category":"","Description":"","Attributes":1,"ValueType":"System.String"},"Value":"SpreadsheetTests.SpreadsheetTests"},{"Key":{"Id":"MSTest.TestIdGenerationStrategy","Label":"TestIdGenerationStrategy","Category":"","Description":"","Attributes":1,"ValueType":"System.Int32"},"Value":2},{"Key":{"Id":"MSTestDiscoverer.TestClassName","Label":"ClassName","Category":"","Description":"","Attributes":1,"ValueType":"System.String"},"Value":"SpreadsheetTests.SpreadsheetTests"},{"Key":{"Id":"TestCase.ManagedMethod","Label":"ManagedMethod","Category":"","Description":"","Attributes":1,"ValueType":"System.String"},"Value":"Spreadsheet_TestGetAllNonEmptyCells_FilledThanEmptiedCell"},{"Key":{"Id":"TestObject.Traits","Label":"Traits","Category":"","Description":"","Attributes":5,"ValueType":"System.Collections.Generic.KeyValuePair`2[[System.String],[System.String]][]"},"Value":[]}]},"Attachments":[],"Outcome":2,"ErrorMessage":"Test method SpreadsheetTests.SpreadsheetTests.Spreadsheet_TestGetAllNonEmptyCells_FilledThanEmptiedCell threw exception: \r\nSystem.NotImplementedException: The method or operation is not implemented.","ErrorStackTrace":"    at CS3500.Spreadsheet.Spreadsheet.SetCellContents(String name, Formula formula) in C:\\Users\\myers\\Downloads\\ps1\\Spreadsheet\\Spreadsheet.cs:line 191\r\n   at SpreadsheetTests.SpreadsheetTests.Spreadsheet_TestGetAllNonEmptyCells_FilledThanEmptiedCell() in C:\\Users\\myers\\Downloads\\ps1\\SpreadsheetTests\\SpreadsheetTests.cs:line 181\r\n   at System.RuntimeMethodHandle.InvokeMethod(Object target, Void** arguments, Signature sig, Boolean isConstructor)\r\n   at System.Reflection.MethodBaseInvoker.InvokeWithNoArgs(Object obj, BindingFlags invokeAttr)\r\n","DisplayName":"Spreadsheet_TestGetAllNonEmptyCells_FilledThanEmptiedCell","Messages":[],"ComputerName":"DESKTOP-FTTEOKS","Duration":"00:00:00.0002389","StartTime":"2024-09-24T13:14:01.9679731-06:00","EndTime":"2024-09-24T13:14:01.9683209-06:00","Properties":[{"Key":{"Id":"ParentExecId","Label":"ParentExecId","Category":"","Description":"","Attributes":1,"ValueType":"System.Guid"},"Value":"00000000-0000-0000-0000-000000000000"},{"Key":{"Id":"InnerResultsCount","Label":"InnerResultsCount","Category":"","Description":"","Attributes":1,"ValueType":"System.Int32"},"Value":0},{"Key":{"Id":"ExecutionId","Label":"ExecutionId","Category":"","Description":"","Attributes":1,"ValueType":"System.Guid"},"Value":"00000000-0000-0000-0000-000000000000"}]},{"TestCase":{"Id":"6498d8c2-07c8-e7b0-6f4e-1c9ffc421d8f","FullyQualifiedName":"SpreadsheetTests.SpreadsheetTests.Spreadsheet_TestGetCellContents_InvalidCell","DisplayName":"Spreadsheet_TestGetCellContents_InvalidCell","ExecutorUri":"executor://MSTestAdapter/v2","Source":"C:\\Users\\myers\\Downloads\\ps1\\SpreadsheetTests\\bin\\Debug\\net8.0\\fine-code-coverage\\build-output\\SpreadsheetTests.dll","CodeFilePath":null,"LineNumber":-1,"Properties":[{"Key":{"Id":"TestCase.Hierarchy","Label":"Hierarchy","Category":"","Description":"","Attributes":2,"ValueType":"System.String[]"},"Value":[null,"SpreadsheetTests","SpreadsheetTests","Spreadsheet_TestGetCellContents_InvalidCell"]},{"Key":{"Id":"TestCase.ManagedType","Label":"ManagedType","Category":"","Description":"","Attributes":1,"ValueType":"System.String"},"Value":"SpreadsheetTests.SpreadsheetTests"},{"Key":{"Id":"MSTest.TestIdGenerationStrategy","Label":"TestIdGenerationStrategy","Category":"","Description":"","Attributes":1,"ValueType":"System.Int32"},"Value":2},{"Key":{"Id":"MSTestDiscoverer.TestClassName","Label":"ClassName","Category":"","Description":"","Attributes":1,"ValueType":"System.String"},"Value":"SpreadsheetTests.SpreadsheetTests"},{"Key":{"Id":"TestCase.ManagedMethod","Label":"ManagedMethod","Category":"","Description":"","Attributes":1,"ValueType":"System.String"},"Value":"Spreadsheet_TestGetCellContents_InvalidCell"},{"Key":{"Id":"TestObject.Traits","Label":"Traits","Category":"","Description":"","Attributes":5,"ValueType":"System.Collections.Generic.KeyValuePair`2[[System.String],[System.String]][]"},"Value":[]}]},"Attachments":[],"Outcome":2,"ErrorMessage":"Test method SpreadsheetTests.SpreadsheetTests.Spreadsheet_TestGetCellContents_InvalidCell threw exception: \r\nSystem.NotImplementedException: The method or operation is not implemented.","ErrorStackTrace":"    at CS3500.Spreadsheet.Spreadsheet.GetCellContents(String name) in C:\\Users\\myers\\Downloads\\ps1\\Spreadsheet\\Spreadsheet.cs:line 117\r\n   at SpreadsheetTests.SpreadsheetTests.Spreadsheet_TestGetCellContents_InvalidCell() in C:\\Users\\myers\\Downloads\\ps1\\SpreadsheetTests\\SpreadsheetTests.cs:line 201\r\n   at System.RuntimeMethodHandle.InvokeMethod(Object target, Void** arguments, Signature sig, Boolean isConstructor)\r\n   at System.Reflection.MethodBaseInvoker.InvokeWithNoArgs(Object obj, BindingFlags invokeAttr)\r\n","DisplayName":"Spreadsheet_TestGetCellContents_InvalidCell","Messages":[],"ComputerName":"DESKTOP-FTTEOKS","Duration":"00:00:00.0002271","StartTime":"2024-09-24T13:14:01.9696642-06:00","EndTime":"2024-09-24T13:14:01.9704881-06:00","Properties":[{"Key":{"Id":"ParentExecId","Label":"ParentExecId","Category":"","Description":"","Attributes":1,"ValueType":"System.Guid"},"Value":"00000000-0000-0000-0000-000000000000"},{"Key":{"Id":"InnerResultsCount","Label":"InnerResultsCount","Category":"","Description":"","Attributes":1,"ValueType":"System.Int32"},"Value":0},{"Key":{"Id":"ExecutionId","Label":"ExecutionId","Category":"","Description":"","Attributes":1,"ValueType":"System.Guid"},"Value":"00000000-0000-0000-0000-000000000000"}]}],"TestRunStatistics":{"ExecutedTests":11,"Stats":{"Failed":11}},"ActiveTests":[]},"RunAttachments":[],"ExecutorUris":["executor://mstestadapter/v2"]}}
TpTrace Verbose: 0 : 20272, 4, 2024/09/24, 13:14:01.979, 934695780317, testhost.dll, BaseRunTests.RunTests: Run is complete.
TpTrace Verbose: 0 : 20272, 10, 2024/09/24, 13:14:01.991, 934695904208, testhost.dll, TcpClientExtensions.MessageLoopAsync: NotifyDataAvailable remoteEndPoint: [::ffff:127.0.0.1]:53898 localEndPoint: [::ffff:127.0.0.1]:53899
TpTrace Information: 0 : 20272, 10, 2024/09/24, 13:14:01.991, 934695904774, testhost.dll, TestRequestHandler.OnMessageReceived: received message: (TestSession.Terminate) -> {"MessageType":"TestSession.Terminate","Payload":null}
TpTrace Information: 0 : 20272, 10, 2024/09/24, 13:14:01.991, 934695904981, testhost.dll, Session End message received from server. Closing the connection.
TpTrace Information: 0 : 20272, 10, 2024/09/24, 13:14:01.992, 934695906775, testhost.dll, SocketClient.Stop: Stop communication from server endpoint: 127.0.0.1:053898
TpTrace Information: 0 : 20272, 10, 2024/09/24, 13:14:01.992, 934695907085, testhost.dll, SocketClient: Stop: Cancellation requested. Stopping message loop.
TpTrace Verbose: 0 : 20272, 10, 2024/09/24, 13:14:01.992, 934695908287, testhost.dll, LengthPrefixCommunicationChannel.Dispose: Dispose reader and writer.
TpTrace Information: 0 : 20272, 10, 2024/09/24, 13:14:01.992, 934695908656, testhost.dll, Closing the connection !
TpTrace Verbose: 0 : 20272, 10, 2024/09/24, 13:14:01.992, 934695908848, testhost.dll, MulticastDelegateUtilities.SafeInvoke: LengthPrefixCommunicationChannel: MessageReceived: Invoking callback 1/1 for Microsoft.VisualStudio.TestPlatform.CommunicationUtilities.TestRequestHandler., took 0 ms.
TpTrace Information: 0 : 20272, 1, 2024/09/24, 13:14:01.992, 934695909214, testhost.dll, Closing the connection!
TpTrace Information: 0 : 20272, 1, 2024/09/24, 13:14:01.992, 934695909917, testhost.dll, Testhost process exiting.
TpTrace Information: 0 : 20272, 10, 2024/09/24, 13:14:01.992, 934695910099, testhost.dll, SocketClient.PrivateStop: Stop communication from server endpoint: 127.0.0.1:053898, error:
TpTrace Verbose: 0 : 20272, 10, 2024/09/24, 13:14:01.992, 934695910916, testhost.dll, LengthPrefixCommunicationChannel.Dispose: Dispose reader and writer.
TpTrace Verbose: 0 : 20272, 10, 2024/09/24, 13:14:01.992, 934695911185, testhost.dll, TcpClientExtensions.MessageLoopAsync: exiting MessageLoopAsync remoteEndPoint: [::ffff:127.0.0.1]:53898 localEndPoint: [::ffff:127.0.0.1]:53899
