TpTrace Verbose: 0 : 19388, 1, 2024/09/24, 17:34:30.386, 1090979848829, testhost.dll, Version: 17.8.0 Current process architecture: X64
TpTrace Verbose: 0 : 19388, 1, 2024/09/24, 17:34:30.388, 1090979873269, testhost.dll, Runtime location: C:\Program Files\dotnet\shared\Microsoft.NETCore.App\8.0.8
TpTrace Information: 0 : 19388, 1, 2024/09/24, 17:34:30.390, 1090979888072, testhost.dll, DefaultEngineInvoker.Invoke: Testhost process started with args :[--port, 56558],[--endpoint, 127.0.0.1:056558],[--role, client],[--parentprocessid, 10088],[--diag, C:\Users\myers\Downloads\ps1\SpreadsheetTests\bin\Debug\net8.0\fine-code-coverage\coverage-tool-output\diagnostics.host.24-09-24_17-34-30_30299_5.log],[--tracelevel, 4],[--datacollectionport, 56557],[--telemetryoptedin, false]
TpTrace Information: 0 : 19388, 1, 2024/09/24, 17:34:30.390, 1090979890290, testhost.dll, Setting up debug trace listener.
TpTrace Verbose: 0 : 19388, 1, 2024/09/24, 17:34:30.390, 1090979890978, testhost.dll, TestPlatformTraceListener.Setup: Replacing listener System.Diagnostics.DefaultTraceListener with TestHostTraceListener.
TpTrace Verbose: 0 : 19388, 1, 2024/09/24, 17:34:30.390, 1090979891425, testhost.dll, TestPlatformTraceListener.Setup: Added test platform trace listener.
TpTrace Information: 0 : 19388, 1, 2024/09/24, 17:34:30.390, 1090979892648, testhost.dll, DefaultEngineInvoker.SetParentProcessExitCallback: Monitoring parent process with id: '10088'
TpTrace Information: 0 : 19388, 1, 2024/09/24, 17:34:30.392, 1090979906073, testhost.dll, DefaultEngineInvoker.GetConnectionInfo: Initialize communication on endpoint address: '127.0.0.1:056558'
TpTrace Information: 0 : 19388, 1, 2024/09/24, 17:34:30.397, 1090979962880, testhost.dll, SocketClient.Start: connecting to server endpoint: 127.0.0.1:056558
TpTrace Information: 0 : 19388, 8, 2024/09/24, 17:34:30.401, 1090979995613, testhost.dll, SocketClient.OnServerConnected: connected to server endpoint: 127.0.0.1:056558
TpTrace Verbose: 0 : 19388, 8, 2024/09/24, 17:34:30.401, 1090980004895, testhost.dll, MulticastDelegateUtilities.SafeInvoke: SocketClient: ServerConnected: Invoking callback 1/1 for Microsoft.VisualStudio.TestPlatform.CommunicationUtilities.TestRequestHandler., took 0 ms.
TpTrace Verbose: 0 : 19388, 8, 2024/09/24, 17:34:30.402, 1090980005208, testhost.dll, Connected to server, and starting MessageLoopAsync
TpTrace Information: 0 : 19388, 1, 2024/09/24, 17:34:30.402, 1090980007635, testhost.dll, DefaultEngineInvoker.ConnectToDatacollector: Connecting to datacollector, port: 56557
TpTrace Information: 0 : 19388, 1, 2024/09/24, 17:34:30.402, 1090980012267, testhost.dll, Trying to connect to server on socket : 127.0.0.1:56557 
TpTrace Verbose: 0 : 19388, 1, 2024/09/24, 17:34:30.402, 1090980013560, testhost.dll, SocketCommunicationManager : SetupClientAsync : Attempting to connect to the server.
TpTrace Information: 0 : 19388, 12, 2024/09/24, 17:34:30.403, 1090980020511, testhost.dll, Connected to the server successfully 
TpTrace Information: 0 : 19388, 12, 2024/09/24, 17:34:30.403, 1090980020832, testhost.dll, Using the buffer size of 16384 bytes
TpTrace Verbose: 0 : 19388, 1, 2024/09/24, 17:34:30.403, 1090980021134, testhost.dll, SocketCommunicationManager.WaitForServerConnection took: 0 ms, with 90000 ms timeout, and finished with True.
TpTrace Information: 0 : 19388, 1, 2024/09/24, 17:34:30.403, 1090980021689, testhost.dll, DefaultEngineInvoker.Invoke: Start Request Processing.
TpTrace Information: 0 : 19388, 13, 2024/09/24, 17:34:30.403, 1090980024509, testhost.dll, DefaultEngineInvoker.StartProcessingAsync: Connected to vstest.console, Starting process requests.
TpTrace Verbose: 0 : 19388, 10, 2024/09/24, 17:34:30.405, 1090980039627, testhost.dll, TcpClientExtensions.MessageLoopAsync: Polling on remoteEndPoint: [::ffff:127.0.0.1]:56558 localEndPoint: [::ffff:127.0.0.1]:56559
TpTrace Verbose: 0 : 19388, 10, 2024/09/24, 17:34:30.405, 1090980040096, testhost.dll, TcpClientExtensions.MessageLoopAsync: NotifyDataAvailable remoteEndPoint: [::ffff:127.0.0.1]:56558 localEndPoint: [::ffff:127.0.0.1]:56559
TpTrace Information: 0 : 19388, 10, 2024/09/24, 17:34:30.407, 1090980055228, testhost.dll, TestRequestHandler.OnMessageReceived: received message: (ProtocolVersion) -> {"MessageType":"ProtocolVersion","Payload":7}
TpTrace Verbose: 0 : 19388, 10, 2024/09/24, 17:34:30.457, 1090980563598, testhost.dll, TestRequestHandler.SendData: sending data from testhost: {"Version":7,"MessageType":"TestSession.Message","Payload":{"MessageLevel":0,"Message":"Logging TestHost Diagnostics in file: C:\\Users\\myers\\Downloads\\ps1\\SpreadsheetTests\\bin\\Debug\\net8.0\\fine-code-coverage\\coverage-tool-output\\diagnostics.host.24-09-24_17-34-30_30299_5.log"}}
TpTrace Verbose: 0 : 19388, 10, 2024/09/24, 17:34:30.457, 1090980564434, testhost.dll, MulticastDelegateUtilities.SafeInvoke: LengthPrefixCommunicationChannel: MessageReceived: Invoking callback 1/1 for Microsoft.VisualStudio.TestPlatform.CommunicationUtilities.TestRequestHandler., took 52 ms.
TpTrace Verbose: 0 : 19388, 10, 2024/09/24, 17:34:30.457, 1090980564913, testhost.dll, TcpClientExtensions.MessageLoopAsync: Polling on remoteEndPoint: [::ffff:127.0.0.1]:56558 localEndPoint: [::ffff:127.0.0.1]:56559
TpTrace Verbose: 0 : 19388, 10, 2024/09/24, 17:34:30.458, 1090980565282, testhost.dll, TcpClientExtensions.MessageLoopAsync: NotifyDataAvailable remoteEndPoint: [::ffff:127.0.0.1]:56558 localEndPoint: [::ffff:127.0.0.1]:56559
TpTrace Information: 0 : 19388, 10, 2024/09/24, 17:34:30.458, 1090980567060, testhost.dll, TestRequestHandler.OnMessageReceived: received message: (TestExecution.Initialize) -> {"Version":7,"MessageType":"TestExecution.Initialize","Payload":["C:\\Users\\myers\\Downloads\\ps1\\SpreadsheetTests\\bin\\Debug\\net8.0\\fine-code-coverage\\build-output\\Microsoft.VisualStudio.TestPlatform.MSTest.TestAdapter.dll"]}
TpTrace Verbose: 0 : 19388, 10, 2024/09/24, 17:34:30.462, 1090980606602, testhost.dll, MulticastDelegateUtilities.SafeInvoke: LengthPrefixCommunicationChannel: MessageReceived: Invoking callback 1/1 for Microsoft.VisualStudio.TestPlatform.CommunicationUtilities.TestRequestHandler., took 4 ms.
TpTrace Verbose: 0 : 19388, 10, 2024/09/24, 17:34:30.462, 1090980606921, testhost.dll, TcpClientExtensions.MessageLoopAsync: Polling on remoteEndPoint: [::ffff:127.0.0.1]:56558 localEndPoint: [::ffff:127.0.0.1]:56559
TpTrace Verbose: 0 : 19388, 10, 2024/09/24, 17:34:30.462, 1090980607120, testhost.dll, TcpClientExtensions.MessageLoopAsync: NotifyDataAvailable remoteEndPoint: [::ffff:127.0.0.1]:56558 localEndPoint: [::ffff:127.0.0.1]:56559
TpTrace Information: 0 : 19388, 10, 2024/09/24, 17:34:30.462, 1090980607616, testhost.dll, TestRequestHandler.OnMessageReceived: received message: (TestExecution.StartWithSources) -> {"Version":7,"MessageType":"TestExecution.StartWithSources","Payload":{"AdapterSourceMap":{"_none_":["C:\\Users\\myers\\Downloads\\ps1\\SpreadsheetTests\\bin\\Debug\\net8.0\\fine-code-coverage\\build-output\\SpreadsheetTests.dll"]},"RunSettings":"<RunSettings>\r\n  <RunConfiguration>\r\n    <ResultsDirectory>C:\\Users\\myers\\Downloads\\ps1\\SpreadsheetTests\\bin\\Debug\\net8.0\\fine-code-coverage\\coverage-tool-output</ResultsDirectory>\r\n    <TargetFrameworkVersion>.NETCoreApp,Version=v8.0</TargetFrameworkVersion>\r\n    <DesignMode>False</DesignMode>\r\n    <CollectSourceInformation>False</CollectSourceInformation>\r\n  </RunConfiguration>\r\n  <LoggerRunSettings>\r\n    <Loggers>\r\n      <Logger friendlyName=\"blame\" enabled=\"True\" />\r\n      <Logger friendlyName=\"Console\" uri=\"logger://microsoft/TestPlatform/ConsoleLogger/v1\" assemblyQualifiedName=\"Microsoft.VisualStudio.TestPlatform.CommandLine.Internal.ConsoleLogger, vstest.console, Version=15.0.0.0, Culture=neutral, PublicKeyToken=b03f5f7f11d50a3a\" codeBase=\"C:\\Program Files\\dotnet\\sdk\\8.0.400\\vstest.console.dll\" enabled=\"True\" />\r\n    </Loggers>\r\n  </LoggerRunSettings>\r\n  <DataCollectionRunSettings>\r\n    <DataCollectors>\r\n      <DataCollector friendlyName=\"blame\" enabled=\"True\">\r\n        <Configuration>\r\n          <ResultsDirectory>C:\\Users\\myers\\Downloads\\ps1\\SpreadsheetTests\\bin\\Debug\\net8.0\\fine-code-coverage\\coverage-tool-output</ResultsDirectory>\r\n        </Configuration>\r\n      </DataCollector>\r\n    </DataCollectors>\r\n  </DataCollectionRunSettings>\r\n</RunSettings>","TestExecutionContext":{"FrequencyOfRunStatsChangeEvent":10,"RunStatsChangeEventTimeout":"00:00:01.5000000","InIsolation":false,"KeepAlive":false,"AreTestCaseLevelEventsRequired":false,"IsDebug":false,"TestCaseFilter":null,"FilterOptions":null},"Package":null}}
TpTrace Information: 0 : 19388, 4, 2024/09/24, 17:34:30.462, 1090980609545, testhost.dll, TestRequestHandler.OnMessageReceived: Running job 'TestExecution.Initialize'.
TpTrace Verbose: 0 : 19388, 4, 2024/09/24, 17:34:30.463, 1090980620445, testhost.dll, TestExecutorService: Loading the extensions
TpTrace Verbose: 0 : 19388, 4, 2024/09/24, 17:34:30.464, 1090980627763, testhost.dll, TestPluginCache.DiscoverTestExtensions: finding test extensions in assemblies ends with: TestAdapter.dll TPluginInfo: Microsoft.VisualStudio.TestPlatform.Common.ExtensionFramework.Utilities.TestExecutorPluginInformation TExtension: Microsoft.VisualStudio.TestPlatform.ObjectModel.Adapter.ITestExecutor
TpTrace Verbose: 0 : 19388, 4, 2024/09/24, 17:34:30.464, 1090980633667, testhost.dll, TestPluginCache.GetExtensionPaths: Filtered extension paths: 
TpTrace Verbose: 0 : 19388, 4, 2024/09/24, 17:34:30.465, 1090980635583, testhost.dll, TestPluginCache.GetExtensionPaths: Added default extension paths: C:\Users\myers\Downloads\ps1\SpreadsheetTests\bin\Debug\net8.0\fine-code-coverage\build-output\Microsoft.VisualStudio.TestPlatform.MSTest.TestAdapter.dll
TpTrace Verbose: 0 : 19388, 4, 2024/09/24, 17:34:30.465, 1090980635846, testhost.dll, TestPluginCache.GetExtensionPaths: Added unfilterableExtensionPaths: 
TpTrace Information: 0 : 19388, 4, 2024/09/24, 17:34:30.465, 1090980643139, testhost.dll, AssemblyResolver.ctor: Creating AssemblyResolver with searchDirectories C:\Users\myers\Downloads\ps1\SpreadsheetTests\bin\Debug\net8.0\fine-code-coverage\build-output
TpTrace Verbose: 0 : 19388, 4, 2024/09/24, 17:34:30.466, 1090980648016, testhost.dll, TestPluginCache.DiscoverTestExtensions: Discovering the extensions using extension path.
TpTrace Verbose: 0 : 19388, 4, 2024/09/24, 17:34:30.466, 1090980648585, testhost.dll, TestPluginCache.GetExtensionPaths: Filtered extension paths: 
TpTrace Verbose: 0 : 19388, 4, 2024/09/24, 17:34:30.466, 1090980648772, testhost.dll, TestPluginCache.GetExtensionPaths: Added default extension paths: C:\Users\myers\Downloads\ps1\SpreadsheetTests\bin\Debug\net8.0\fine-code-coverage\build-output\Microsoft.VisualStudio.TestPlatform.MSTest.TestAdapter.dll
TpTrace Verbose: 0 : 19388, 4, 2024/09/24, 17:34:30.466, 1090980648946, testhost.dll, TestPluginCache.GetExtensionPaths: Added unfilterableExtensionPaths: 
TpTrace Verbose: 0 : 19388, 4, 2024/09/24, 17:34:30.466, 1090980649258, testhost.dll, TestPluginCache.DiscoverTestExtensions: Discovering the extensions using allExtensionPaths: C:\Users\myers\Downloads\ps1\SpreadsheetTests\bin\Debug\net8.0\fine-code-coverage\build-output\Microsoft.VisualStudio.TestPlatform.MSTest.TestAdapter.dll
TpTrace Information: 0 : 19388, 4, 2024/09/24, 17:34:30.466, 1090980652134, testhost.dll, AssemblyResolver.AddSearchDirectories: Adding more searchDirectories C:\Users\myers\Downloads\ps1\SpreadsheetTests\bin\Debug\net8.0\fine-code-coverage\build-output
TpTrace Information: 0 : 19388, 4, 2024/09/24, 17:34:30.467, 1090980665023, testhost.dll, AssemblyResolver.OnResolve: Microsoft.VisualStudio.TestPlatform.MSTest.TestAdapter: Resolving assembly.
TpTrace Information: 0 : 19388, 4, 2024/09/24, 17:34:30.468, 1090980665395, testhost.dll, AssemblyResolver.OnResolve: Microsoft.VisualStudio.TestPlatform.MSTest.TestAdapter: Searching in: 'C:\Users\myers\Downloads\ps1\SpreadsheetTests\bin\Debug\net8.0\fine-code-coverage\build-output'.
TpTrace Information: 0 : 19388, 4, 2024/09/24, 17:34:30.471, 1090980701487, testhost.dll, AssemblyResolver.OnResolve: Microsoft.VisualStudio.TestPlatform.MSTest.TestAdapter: Loading assembly 'C:\Users\myers\Downloads\ps1\SpreadsheetTests\bin\Debug\net8.0\fine-code-coverage\build-output\Microsoft.VisualStudio.TestPlatform.MSTest.TestAdapter.dll'.
TpTrace Information: 0 : 19388, 4, 2024/09/24, 17:34:30.471, 1090980704656, testhost.dll, AssemblyResolver.OnResolve: Resolved assembly: Microsoft.VisualStudio.TestPlatform.MSTest.TestAdapter, from path: C:\Users\myers\Downloads\ps1\SpreadsheetTests\bin\Debug\net8.0\fine-code-coverage\build-output\Microsoft.VisualStudio.TestPlatform.MSTest.TestAdapter.dll
TpTrace Verbose: 0 : 19388, 10, 2024/09/24, 17:34:30.472, 1090980712662, testhost.dll, MulticastDelegateUtilities.SafeInvoke: LengthPrefixCommunicationChannel: MessageReceived: Invoking callback 1/1 for Microsoft.VisualStudio.TestPlatform.CommunicationUtilities.TestRequestHandler., took 10 ms.
TpTrace Verbose: 0 : 19388, 10, 2024/09/24, 17:34:30.472, 1090980713018, testhost.dll, TcpClientExtensions.MessageLoopAsync: Polling on remoteEndPoint: [::ffff:127.0.0.1]:56558 localEndPoint: [::ffff:127.0.0.1]:56559
TpTrace Verbose: 0 : 19388, 4, 2024/09/24, 17:34:30.479, 1090980782166, testhost.dll, MetadataReaderExtensionsHelper: Discovering extensions inside assembly 'Microsoft.VisualStudio.TestPlatform.MSTest.TestAdapter, Version=14.0.0.0, Culture=neutral, PublicKeyToken=b03f5f7f11d50a3a' file path 'C:\Users\myers\Downloads\ps1\SpreadsheetTests\bin\Debug\net8.0\fine-code-coverage\build-output\Microsoft.VisualStudio.TestPlatform.MSTest.TestAdapter.dll'
TpTrace Information: 0 : 19388, 4, 2024/09/24, 17:34:30.481, 1090980799231, testhost.dll, GetTestExtensionFromType: Register extension with identifier data 'executor://MSTestAdapter/v2' and type 'Microsoft.VisualStudio.TestPlatform.MSTest.TestAdapter.MSTestExecutor, Microsoft.VisualStudio.TestPlatform.MSTest.TestAdapter, Version=14.0.0.0, Culture=neutral, PublicKeyToken=b03f5f7f11d50a3a' inside file 'C:\Users\myers\Downloads\ps1\SpreadsheetTests\bin\Debug\net8.0\fine-code-coverage\build-output\Microsoft.VisualStudio.TestPlatform.MSTest.TestAdapter.dll'
TpTrace Verbose: 0 : 19388, 4, 2024/09/24, 17:34:30.482, 1090980807991, testhost.dll, TestPluginCache: Discovered the extensions using extension path ''.
TpTrace Verbose: 0 : 19388, 4, 2024/09/24, 17:34:30.482, 1090980810523, testhost.dll, TestPluginCache: Discoverers are ''.
TpTrace Verbose: 0 : 19388, 4, 2024/09/24, 17:34:30.482, 1090980810908, testhost.dll, TestPluginCache: Executors are 'executor://MSTestAdapter/v2'.
TpTrace Verbose: 0 : 19388, 4, 2024/09/24, 17:34:30.482, 1090980811256, testhost.dll, TestPluginCache: Executors2 are ''.
TpTrace Verbose: 0 : 19388, 4, 2024/09/24, 17:34:30.482, 1090980811558, testhost.dll, TestPluginCache: Setting providers are ''.
TpTrace Verbose: 0 : 19388, 4, 2024/09/24, 17:34:30.482, 1090980811831, testhost.dll, TestPluginCache: Loggers are ''.
TpTrace Verbose: 0 : 19388, 4, 2024/09/24, 17:34:30.482, 1090980812103, testhost.dll, TestPluginCache: TestHosts are ''.
TpTrace Verbose: 0 : 19388, 4, 2024/09/24, 17:34:30.482, 1090980812368, testhost.dll, TestPluginCache: DataCollectors are ''.
TpTrace Verbose: 0 : 19388, 4, 2024/09/24, 17:34:30.483, 1090980822028, testhost.dll, TestPluginCache.DiscoverTestExtensions: finding test extensions in assemblies ends with: TestAdapter.dll TPluginInfo: Microsoft.VisualStudio.TestPlatform.Common.ExtensionFramework.Utilities.TestExecutorPluginInformation2 TExtension: Microsoft.VisualStudio.TestPlatform.ObjectModel.Adapter.ITestExecutor2
TpTrace Verbose: 0 : 19388, 4, 2024/09/24, 17:34:30.483, 1090980823122, testhost.dll, TestPluginCache.GetExtensionPaths: Filtered extension paths: 
TpTrace Verbose: 0 : 19388, 4, 2024/09/24, 17:34:30.483, 1090980823380, testhost.dll, TestPluginCache.GetExtensionPaths: Added default extension paths: C:\Users\myers\Downloads\ps1\SpreadsheetTests\bin\Debug\net8.0\fine-code-coverage\build-output\Microsoft.VisualStudio.TestPlatform.MSTest.TestAdapter.dll
TpTrace Verbose: 0 : 19388, 4, 2024/09/24, 17:34:30.483, 1090980823529, testhost.dll, TestPluginCache.GetExtensionPaths: Added unfilterableExtensionPaths: 
TpTrace Information: 0 : 19388, 4, 2024/09/24, 17:34:30.483, 1090980824623, testhost.dll, AssemblyResolver.AddSearchDirectories: Adding more searchDirectories C:\Users\myers\Downloads\ps1\SpreadsheetTests\bin\Debug\net8.0\fine-code-coverage\build-output
TpTrace Verbose: 0 : 19388, 4, 2024/09/24, 17:34:30.483, 1090980824923, testhost.dll, TestPluginCache.DiscoverTestExtensions: Discovering the extensions using extension path.
TpTrace Verbose: 0 : 19388, 4, 2024/09/24, 17:34:30.483, 1090980825085, testhost.dll, TestPluginCache.GetExtensionPaths: Filtered extension paths: 
TpTrace Verbose: 0 : 19388, 4, 2024/09/24, 17:34:30.484, 1090980825223, testhost.dll, TestPluginCache.GetExtensionPaths: Added default extension paths: C:\Users\myers\Downloads\ps1\SpreadsheetTests\bin\Debug\net8.0\fine-code-coverage\build-output\Microsoft.VisualStudio.TestPlatform.MSTest.TestAdapter.dll
TpTrace Verbose: 0 : 19388, 4, 2024/09/24, 17:34:30.484, 1090980825375, testhost.dll, TestPluginCache.GetExtensionPaths: Added unfilterableExtensionPaths: 
TpTrace Verbose: 0 : 19388, 4, 2024/09/24, 17:34:30.484, 1090980825548, testhost.dll, TestPluginCache.DiscoverTestExtensions: Discovering the extensions using allExtensionPaths: C:\Users\myers\Downloads\ps1\SpreadsheetTests\bin\Debug\net8.0\fine-code-coverage\build-output\Microsoft.VisualStudio.TestPlatform.MSTest.TestAdapter.dll
TpTrace Information: 0 : 19388, 4, 2024/09/24, 17:34:30.484, 1090980825762, testhost.dll, AssemblyResolver.AddSearchDirectories: Adding more searchDirectories C:\Users\myers\Downloads\ps1\SpreadsheetTests\bin\Debug\net8.0\fine-code-coverage\build-output
TpTrace Verbose: 0 : 19388, 4, 2024/09/24, 17:34:30.484, 1090980826066, testhost.dll, MetadataReaderExtensionsHelper: Discovering extensions inside assembly 'Microsoft.VisualStudio.TestPlatform.MSTest.TestAdapter, Version=14.0.0.0, Culture=neutral, PublicKeyToken=b03f5f7f11d50a3a' file path 'C:\Users\myers\Downloads\ps1\SpreadsheetTests\bin\Debug\net8.0\fine-code-coverage\build-output\Microsoft.VisualStudio.TestPlatform.MSTest.TestAdapter.dll'
TpTrace Verbose: 0 : 19388, 4, 2024/09/24, 17:34:30.484, 1090980828523, testhost.dll, TestPluginCache: Discovered the extensions using extension path ''.
TpTrace Verbose: 0 : 19388, 4, 2024/09/24, 17:34:30.484, 1090980828810, testhost.dll, TestPluginCache: Discoverers are ''.
TpTrace Verbose: 0 : 19388, 4, 2024/09/24, 17:34:30.484, 1090980829051, testhost.dll, TestPluginCache: Executors are 'executor://MSTestAdapter/v2'.
TpTrace Verbose: 0 : 19388, 4, 2024/09/24, 17:34:30.484, 1090980829450, testhost.dll, TestPluginCache: Executors2 are ''.
TpTrace Verbose: 0 : 19388, 4, 2024/09/24, 17:34:30.484, 1090980829668, testhost.dll, TestPluginCache: Setting providers are ''.
TpTrace Verbose: 0 : 19388, 4, 2024/09/24, 17:34:30.484, 1090980829798, testhost.dll, TestPluginCache: Loggers are ''.
TpTrace Verbose: 0 : 19388, 4, 2024/09/24, 17:34:30.484, 1090980829950, testhost.dll, TestPluginCache: TestHosts are ''.
TpTrace Verbose: 0 : 19388, 4, 2024/09/24, 17:34:30.484, 1090980830069, testhost.dll, TestPluginCache: DataCollectors are ''.
TpTrace Information: 0 : 19388, 4, 2024/09/24, 17:34:30.487, 1090980861839, testhost.dll, TestPluginManager.CreateTestExtension: Attempting to load test extension: Microsoft.VisualStudio.TestPlatform.MSTest.TestAdapter.MSTestExecutor
TpTrace Verbose: 0 : 19388, 4, 2024/09/24, 17:34:30.489, 1090980883473, testhost.dll, TestExecutorExtensionManager: Loading executor Microsoft.VisualStudio.TestPlatform.Common.ExtensionDecorators.SerialTestRunDecorator
TpTrace Verbose: 0 : 19388, 4, 2024/09/24, 17:34:30.489, 1090980883805, testhost.dll, TestExecutorService: Loaded the executors
TpTrace Verbose: 0 : 19388, 4, 2024/09/24, 17:34:30.490, 1090980886619, testhost.dll, TestPluginCache.DiscoverTestExtensions: finding test extensions in assemblies ends with: TestAdapter.dll TPluginInfo: Microsoft.VisualStudio.TestPlatform.Common.ExtensionFramework.Utilities.TestSettingsProviderPluginInformation TExtension: Microsoft.VisualStudio.TestPlatform.ObjectModel.Adapter.ISettingsProvider
TpTrace Verbose: 0 : 19388, 4, 2024/09/24, 17:34:30.490, 1090980887154, testhost.dll, TestPluginCache.GetExtensionPaths: Filtered extension paths: 
TpTrace Verbose: 0 : 19388, 4, 2024/09/24, 17:34:30.490, 1090980887370, testhost.dll, TestPluginCache.GetExtensionPaths: Added default extension paths: C:\Users\myers\Downloads\ps1\SpreadsheetTests\bin\Debug\net8.0\fine-code-coverage\build-output\Microsoft.VisualStudio.TestPlatform.MSTest.TestAdapter.dll
TpTrace Verbose: 0 : 19388, 4, 2024/09/24, 17:34:30.490, 1090980887520, testhost.dll, TestPluginCache.GetExtensionPaths: Added unfilterableExtensionPaths: 
TpTrace Information: 0 : 19388, 4, 2024/09/24, 17:34:30.490, 1090980888159, testhost.dll, AssemblyResolver.AddSearchDirectories: Adding more searchDirectories C:\Users\myers\Downloads\ps1\SpreadsheetTests\bin\Debug\net8.0\fine-code-coverage\build-output
TpTrace Verbose: 0 : 19388, 4, 2024/09/24, 17:34:30.490, 1090980888393, testhost.dll, TestPluginCache.DiscoverTestExtensions: Discovering the extensions using extension path.
TpTrace Verbose: 0 : 19388, 4, 2024/09/24, 17:34:30.490, 1090980888543, testhost.dll, TestPluginCache.GetExtensionPaths: Filtered extension paths: 
TpTrace Verbose: 0 : 19388, 4, 2024/09/24, 17:34:30.490, 1090980888672, testhost.dll, TestPluginCache.GetExtensionPaths: Added default extension paths: C:\Users\myers\Downloads\ps1\SpreadsheetTests\bin\Debug\net8.0\fine-code-coverage\build-output\Microsoft.VisualStudio.TestPlatform.MSTest.TestAdapter.dll
TpTrace Verbose: 0 : 19388, 4, 2024/09/24, 17:34:30.490, 1090980888849, testhost.dll, TestPluginCache.GetExtensionPaths: Added unfilterableExtensionPaths: 
TpTrace Verbose: 0 : 19388, 4, 2024/09/24, 17:34:30.490, 1090980889003, testhost.dll, TestPluginCache.DiscoverTestExtensions: Discovering the extensions using allExtensionPaths: C:\Users\myers\Downloads\ps1\SpreadsheetTests\bin\Debug\net8.0\fine-code-coverage\build-output\Microsoft.VisualStudio.TestPlatform.MSTest.TestAdapter.dll
TpTrace Information: 0 : 19388, 4, 2024/09/24, 17:34:30.490, 1090980889215, testhost.dll, AssemblyResolver.AddSearchDirectories: Adding more searchDirectories C:\Users\myers\Downloads\ps1\SpreadsheetTests\bin\Debug\net8.0\fine-code-coverage\build-output
TpTrace Verbose: 0 : 19388, 4, 2024/09/24, 17:34:30.490, 1090980889518, testhost.dll, MetadataReaderExtensionsHelper: Discovering extensions inside assembly 'Microsoft.VisualStudio.TestPlatform.MSTest.TestAdapter, Version=14.0.0.0, Culture=neutral, PublicKeyToken=b03f5f7f11d50a3a' file path 'C:\Users\myers\Downloads\ps1\SpreadsheetTests\bin\Debug\net8.0\fine-code-coverage\build-output\Microsoft.VisualStudio.TestPlatform.MSTest.TestAdapter.dll'
TpTrace Verbose: 0 : 19388, 4, 2024/09/24, 17:34:30.490, 1090980891982, testhost.dll, TestPluginCache: Discovered the extensions using extension path ''.
TpTrace Verbose: 0 : 19388, 4, 2024/09/24, 17:34:30.490, 1090980892267, testhost.dll, TestPluginCache: Discoverers are ''.
TpTrace Verbose: 0 : 19388, 4, 2024/09/24, 17:34:30.490, 1090980892420, testhost.dll, TestPluginCache: Executors are 'executor://MSTestAdapter/v2'.
TpTrace Verbose: 0 : 19388, 4, 2024/09/24, 17:34:30.490, 1090980892584, testhost.dll, TestPluginCache: Executors2 are ''.
TpTrace Verbose: 0 : 19388, 4, 2024/09/24, 17:34:30.490, 1090980892769, testhost.dll, TestPluginCache: Setting providers are ''.
TpTrace Verbose: 0 : 19388, 4, 2024/09/24, 17:34:30.490, 1090980892906, testhost.dll, TestPluginCache: Loggers are ''.
TpTrace Verbose: 0 : 19388, 4, 2024/09/24, 17:34:30.490, 1090980893024, testhost.dll, TestPluginCache: TestHosts are ''.
TpTrace Verbose: 0 : 19388, 4, 2024/09/24, 17:34:30.490, 1090980893139, testhost.dll, TestPluginCache: DataCollectors are ''.
TpTrace Verbose: 0 : 19388, 4, 2024/09/24, 17:34:30.491, 1090980896087, testhost.dll, TestExecutorService: Loaded the settings providers
TpTrace Information: 0 : 19388, 4, 2024/09/24, 17:34:30.491, 1090980896372, testhost.dll, TestExecutorService: Loaded the extensions
TpTrace Information: 0 : 19388, 4, 2024/09/24, 17:34:30.491, 1090980898350, testhost.dll, TestRequestHandler.OnMessageReceived: Running job 'TestExecution.StartWithSources'.
TpTrace Verbose: 0 : 19388, 4, 2024/09/24, 17:34:30.516, 1090981149674, testhost.dll, MulticastDelegateUtilities.SafeInvoke: TestCaseEventsHandler.RaiseSessionStart: Invoking callbacks was skipped because there are no subscribers.
TpTrace Information: 0 : 19388, 4, 2024/09/24, 17:34:30.517, 1090981159852, testhost.dll, TestDiscoveryManager: Discovering tests from sources C:\Users\myers\Downloads\ps1\SpreadsheetTests\bin\Debug\net8.0\fine-code-coverage\build-output\SpreadsheetTests.dll
TpTrace Verbose: 0 : 19388, 4, 2024/09/24, 17:34:30.518, 1090981168354, testhost.dll, TestPluginCache.DiscoverTestExtensions: finding test extensions in assemblies ends with: TestAdapter.dll TPluginInfo: Microsoft.VisualStudio.TestPlatform.Common.ExtensionFramework.Utilities.TestDiscovererPluginInformation TExtension: Microsoft.VisualStudio.TestPlatform.ObjectModel.Adapter.ITestDiscoverer
TpTrace Verbose: 0 : 19388, 4, 2024/09/24, 17:34:30.518, 1090981168938, testhost.dll, TestPluginCache.GetExtensionPaths: Filtered extension paths: 
TpTrace Verbose: 0 : 19388, 4, 2024/09/24, 17:34:30.518, 1090981169187, testhost.dll, TestPluginCache.GetExtensionPaths: Added default extension paths: C:\Users\myers\Downloads\ps1\SpreadsheetTests\bin\Debug\net8.0\fine-code-coverage\build-output\Microsoft.VisualStudio.TestPlatform.MSTest.TestAdapter.dll
TpTrace Verbose: 0 : 19388, 4, 2024/09/24, 17:34:30.518, 1090981169336, testhost.dll, TestPluginCache.GetExtensionPaths: Added unfilterableExtensionPaths: 
TpTrace Information: 0 : 19388, 4, 2024/09/24, 17:34:30.518, 1090981169961, testhost.dll, AssemblyResolver.AddSearchDirectories: Adding more searchDirectories C:\Users\myers\Downloads\ps1\SpreadsheetTests\bin\Debug\net8.0\fine-code-coverage\build-output
TpTrace Verbose: 0 : 19388, 4, 2024/09/24, 17:34:30.518, 1090981170230, testhost.dll, TestPluginCache.DiscoverTestExtensions: Discovering the extensions using extension path.
TpTrace Verbose: 0 : 19388, 4, 2024/09/24, 17:34:30.518, 1090981170392, testhost.dll, TestPluginCache.GetExtensionPaths: Filtered extension paths: 
TpTrace Verbose: 0 : 19388, 4, 2024/09/24, 17:34:30.518, 1090981170521, testhost.dll, TestPluginCache.GetExtensionPaths: Added default extension paths: C:\Users\myers\Downloads\ps1\SpreadsheetTests\bin\Debug\net8.0\fine-code-coverage\build-output\Microsoft.VisualStudio.TestPlatform.MSTest.TestAdapter.dll
TpTrace Verbose: 0 : 19388, 4, 2024/09/24, 17:34:30.518, 1090981170648, testhost.dll, TestPluginCache.GetExtensionPaths: Added unfilterableExtensionPaths: 
TpTrace Verbose: 0 : 19388, 4, 2024/09/24, 17:34:30.518, 1090981170786, testhost.dll, TestPluginCache.DiscoverTestExtensions: Discovering the extensions using allExtensionPaths: C:\Users\myers\Downloads\ps1\SpreadsheetTests\bin\Debug\net8.0\fine-code-coverage\build-output\Microsoft.VisualStudio.TestPlatform.MSTest.TestAdapter.dll
TpTrace Information: 0 : 19388, 4, 2024/09/24, 17:34:30.518, 1090981171016, testhost.dll, AssemblyResolver.AddSearchDirectories: Adding more searchDirectories C:\Users\myers\Downloads\ps1\SpreadsheetTests\bin\Debug\net8.0\fine-code-coverage\build-output
TpTrace Verbose: 0 : 19388, 4, 2024/09/24, 17:34:30.518, 1090981171453, testhost.dll, MetadataReaderExtensionsHelper: Discovering extensions inside assembly 'Microsoft.VisualStudio.TestPlatform.MSTest.TestAdapter, Version=14.0.0.0, Culture=neutral, PublicKeyToken=b03f5f7f11d50a3a' file path 'C:\Users\myers\Downloads\ps1\SpreadsheetTests\bin\Debug\net8.0\fine-code-coverage\build-output\Microsoft.VisualStudio.TestPlatform.MSTest.TestAdapter.dll'
TpTrace Information: 0 : 19388, 4, 2024/09/24, 17:34:30.519, 1090981179480, testhost.dll, GetTestExtensionFromType: Register extension with identifier data 'Microsoft.VisualStudio.TestPlatform.MSTest.TestAdapter.MSTestDiscoverer, Microsoft.VisualStudio.TestPlatform.MSTest.TestAdapter, Version=14.0.0.0, Culture=neutral, PublicKeyToken=b03f5f7f11d50a3a' and type 'Microsoft.VisualStudio.TestPlatform.MSTest.TestAdapter.MSTestDiscoverer, Microsoft.VisualStudio.TestPlatform.MSTest.TestAdapter, Version=14.0.0.0, Culture=neutral, PublicKeyToken=b03f5f7f11d50a3a' inside file 'C:\Users\myers\Downloads\ps1\SpreadsheetTests\bin\Debug\net8.0\fine-code-coverage\build-output\Microsoft.VisualStudio.TestPlatform.MSTest.TestAdapter.dll'
TpTrace Verbose: 0 : 19388, 4, 2024/09/24, 17:34:30.519, 1090981180195, testhost.dll, TestPluginCache: Discovered the extensions using extension path ''.
TpTrace Verbose: 0 : 19388, 4, 2024/09/24, 17:34:30.519, 1090981180532, testhost.dll, TestPluginCache: Discoverers are 'Microsoft.VisualStudio.TestPlatform.MSTest.TestAdapter.MSTestDiscoverer, Microsoft.VisualStudio.TestPlatform.MSTest.TestAdapter, Version=14.0.0.0, Culture=neutral, PublicKeyToken=b03f5f7f11d50a3a'.
TpTrace Verbose: 0 : 19388, 4, 2024/09/24, 17:34:30.519, 1090981180705, testhost.dll, TestPluginCache: Executors are 'executor://MSTestAdapter/v2'.
TpTrace Verbose: 0 : 19388, 4, 2024/09/24, 17:34:30.519, 1090981180849, testhost.dll, TestPluginCache: Executors2 are ''.
TpTrace Verbose: 0 : 19388, 4, 2024/09/24, 17:34:30.519, 1090981180976, testhost.dll, TestPluginCache: Setting providers are ''.
TpTrace Verbose: 0 : 19388, 4, 2024/09/24, 17:34:30.519, 1090981181096, testhost.dll, TestPluginCache: Loggers are ''.
TpTrace Verbose: 0 : 19388, 4, 2024/09/24, 17:34:30.519, 1090981181216, testhost.dll, TestPluginCache: TestHosts are ''.
TpTrace Verbose: 0 : 19388, 4, 2024/09/24, 17:34:30.519, 1090981181331, testhost.dll, TestPluginCache: DataCollectors are ''.
TpTrace Verbose: 0 : 19388, 4, 2024/09/24, 17:34:30.521, 1090981201912, testhost.dll, BaseRunTests.RunTestInternalWithExecutors: Running tests for executor://MSTestAdapter/v2
TpTrace Information: 0 : 19388, 4, 2024/09/24, 17:34:30.523, 1090981220368, testhost.dll, AssemblyResolver.OnResolve: Microsoft.VisualStudio.TestPlatform.MSTestAdapter.PlatformServices: Resolving assembly.
TpTrace Information: 0 : 19388, 4, 2024/09/24, 17:34:30.523, 1090981220722, testhost.dll, AssemblyResolver.OnResolve: Microsoft.VisualStudio.TestPlatform.MSTestAdapter.PlatformServices: Searching in: 'C:\Users\myers\Downloads\ps1\SpreadsheetTests\bin\Debug\net8.0\fine-code-coverage\build-output'.
TpTrace Information: 0 : 19388, 4, 2024/09/24, 17:34:30.523, 1090981222656, testhost.dll, AssemblyResolver.OnResolve: Microsoft.VisualStudio.TestPlatform.MSTestAdapter.PlatformServices: Loading assembly 'C:\Users\myers\Downloads\ps1\SpreadsheetTests\bin\Debug\net8.0\fine-code-coverage\build-output\Microsoft.VisualStudio.TestPlatform.MSTestAdapter.PlatformServices.dll'.
TpTrace Information: 0 : 19388, 4, 2024/09/24, 17:34:30.523, 1090981224798, testhost.dll, AssemblyResolver.OnResolve: Resolved assembly: Microsoft.VisualStudio.TestPlatform.MSTestAdapter.PlatformServices, from path: C:\Users\myers\Downloads\ps1\SpreadsheetTests\bin\Debug\net8.0\fine-code-coverage\build-output\Microsoft.VisualStudio.TestPlatform.MSTestAdapter.PlatformServices.dll
TpTrace Information: 0 : 19388, 4, 2024/09/24, 17:34:30.524, 1090981231019, testhost.dll, MSTest - MSTestExecutor.RunTests: Running tests from sources.
TpTrace Information: 0 : 19388, 4, 2024/09/24, 17:34:30.525, 1090981241727, testhost.dll, MSTest - CollectSourceInformation value Found : False 
TpTrace Information: 0 : 19388, 4, 2024/09/24, 17:34:30.532, 1090981311432, testhost.dll, MSTest - DictionaryHelper.ConcatWithOverwrites: The source is null or empty, returning the overwrite dictionary.
TpTrace Information: 0 : 19388, 4, 2024/09/24, 17:34:30.534, 1090981330784, testhost.dll, MSTest - DictionaryHelper.ConcatWithOverwrites: The source is null or empty, returning the overwrite dictionary.
TpTrace Information: 0 : 19388, 4, 2024/09/24, 17:34:30.536, 1090981348042, testhost.dll, AssemblyResolver.OnResolve: Microsoft.TestPlatform.AdapterUtilities: Resolving assembly.
TpTrace Information: 0 : 19388, 4, 2024/09/24, 17:34:30.536, 1090981348386, testhost.dll, AssemblyResolver.OnResolve: Microsoft.TestPlatform.AdapterUtilities: Searching in: 'C:\Users\myers\Downloads\ps1\SpreadsheetTests\bin\Debug\net8.0\fine-code-coverage\build-output'.
TpTrace Information: 0 : 19388, 4, 2024/09/24, 17:34:30.536, 1090981350350, testhost.dll, AssemblyResolver.OnResolve: Microsoft.TestPlatform.AdapterUtilities: Loading assembly 'C:\Users\myers\Downloads\ps1\SpreadsheetTests\bin\Debug\net8.0\fine-code-coverage\build-output\Microsoft.TestPlatform.AdapterUtilities.dll'.
TpTrace Information: 0 : 19388, 4, 2024/09/24, 17:34:30.536, 1090981352270, testhost.dll, AssemblyResolver.OnResolve: Resolved assembly: Microsoft.TestPlatform.AdapterUtilities, from path: C:\Users\myers\Downloads\ps1\SpreadsheetTests\bin\Debug\net8.0\fine-code-coverage\build-output\Microsoft.TestPlatform.AdapterUtilities.dll
TpTrace Information: 0 : 19388, 4, 2024/09/24, 17:34:30.546, 1090981447470, testhost.dll, MSTest - DictionaryHelper.ConcatWithOverwrites: The source is null or empty, returning the overwrite dictionary.
TpTrace Information: 0 : 19388, 4, 2024/09/24, 17:34:30.546, 1090981448344, testhost.dll, MSTest - MSTestDiscoverer: Found 11 tests from source C:\Users\myers\Downloads\ps1\SpreadsheetTests\bin\Debug\net8.0\fine-code-coverage\build-output\SpreadsheetTests.dll
TpTrace Information: 0 : 19388, 4, 2024/09/24, 17:34:30.556, 1090981550801, testhost.dll, MSTest - Created unit-test runner C:\Users\myers\Downloads\ps1\SpreadsheetTests\bin\Debug\net8.0\fine-code-coverage\build-output\SpreadsheetTests.dll
TpTrace Verbose: 0 : 19388, 4, 2024/09/24, 17:34:30.559, 1090981584545, testhost.dll, TestExecutionRecorder.RecordStart: Starting test: SpreadsheetTests.SpreadsheetTests.Spreadsheet_TestSetCellContents_Integer.
TpTrace Verbose: 0 : 19388, 4, 2024/09/24, 17:34:30.588, 1090981872777, testhost.dll, MulticastDelegateUtilities.SafeInvoke: TestCaseEventsHandler.RaiseTestCaseStart: Invoking callback 1/1 for Microsoft.VisualStudio.TestPlatform.CrossPlatEngine.DataCollection.ProxyOutOfProcDataCollectionManager., took 28 ms.
TpTrace Information: 0 : 19388, 4, 2024/09/24, 17:34:30.588, 1090981873908, testhost.dll, MSTest - Executing test Spreadsheet_TestSetCellContents_Integer
TpTrace Information: 0 : 19388, 4, 2024/09/24, 17:34:30.604, 1090982025437, testhost.dll, MSTest - Executed test Spreadsheet_TestSetCellContents_Integer
TpTrace Verbose: 0 : 19388, 4, 2024/09/24, 17:34:30.605, 1090982038376, testhost.dll, TestExecutionRecorder.RecordEnd: test: SpreadsheetTests.SpreadsheetTests.Spreadsheet_TestSetCellContents_Integer execution completed.
TpTrace Verbose: 0 : 19388, 4, 2024/09/24, 17:34:30.611, 1090982102068, testhost.dll, MulticastDelegateUtilities.SafeInvoke: TestCaseEventsHandler.RaiseTestCaseEnd: Invoking callback 1/1 for Microsoft.VisualStudio.TestPlatform.CrossPlatEngine.DataCollection.ProxyOutOfProcDataCollectionManager., took 5 ms.
TpTrace Information: 0 : 19388, 4, 2024/09/24, 17:34:30.611, 1090982104825, testhost.dll, MSTest - MSTestExecutor:Test SpreadsheetTests.SpreadsheetTests.Spreadsheet_TestSetCellContents_Integer failed. ErrorMessage:Test method SpreadsheetTests.SpreadsheetTests.Spreadsheet_TestSetCellContents_Integer threw exception: 
System.NotImplementedException: The method or operation is not implemented., ErrorStackTrace:    at CS3500.Spreadsheet.Spreadsheet.SetCellContents(String name, Double number) in C:\Users\myers\Downloads\ps1\Spreadsheet\Spreadsheet.cs:line 157
   at SpreadsheetTests.SpreadsheetTests.Spreadsheet_TestSetCellContents_Integer() in C:\Users\myers\Downloads\ps1\SpreadsheetTests\SpreadsheetTests.cs:line 27
   at System.RuntimeMethodHandle.InvokeMethod(Object target, Void** arguments, Signature sig, Boolean isConstructor)
   at System.Reflection.MethodBaseInvoker.InvokeWithNoArgs(Object obj, BindingFlags invokeAttr)
.
TpTrace Verbose: 0 : 19388, 4, 2024/09/24, 17:34:30.612, 1090982105893, testhost.dll, TestExecutionRecorder.RecordResult: Received result for test: SpreadsheetTests.SpreadsheetTests.Spreadsheet_TestSetCellContents_Integer.
TpTrace Verbose: 0 : 19388, 4, 2024/09/24, 17:34:30.612, 1090982110437, testhost.dll, MulticastDelegateUtilities.SafeInvoke: TestCaseEventsHandler.RaiseTestCaseEnd: Invoking callback 1/1 for Microsoft.VisualStudio.TestPlatform.CrossPlatEngine.DataCollection.ProxyOutOfProcDataCollectionManager., took 0 ms.
TpTrace Warning: 0 : 19388, 4, 2024/09/24, 17:34:30.613, 1090982120166, testhost.dll, TestRunCache: InProgressTests is null
TpTrace Warning: 0 : 19388, 4, 2024/09/24, 17:34:30.613, 1090982120929, testhost.dll, TestRunCache: No test found corresponding to testResult 'Spreadsheet_TestSetCellContents_Integer' in inProgress list.
TpTrace Verbose: 0 : 19388, 4, 2024/09/24, 17:34:30.613, 1090982121424, testhost.dll, TestExecutionRecorder.RecordStart: Starting test: SpreadsheetTests.SpreadsheetTests.Spreadsheet_TestSetCellContents_String.
TpTrace Verbose: 0 : 19388, 4, 2024/09/24, 17:34:30.614, 1090982130583, testhost.dll, MulticastDelegateUtilities.SafeInvoke: TestCaseEventsHandler.RaiseTestCaseStart: Invoking callback 1/1 for Microsoft.VisualStudio.TestPlatform.CrossPlatEngine.DataCollection.ProxyOutOfProcDataCollectionManager., took 0 ms.
TpTrace Information: 0 : 19388, 4, 2024/09/24, 17:34:30.614, 1090982130974, testhost.dll, MSTest - Executing test Spreadsheet_TestSetCellContents_String
TpTrace Information: 0 : 19388, 4, 2024/09/24, 17:34:30.615, 1090982135713, testhost.dll, MSTest - Executed test Spreadsheet_TestSetCellContents_String
TpTrace Verbose: 0 : 19388, 4, 2024/09/24, 17:34:30.615, 1090982136228, testhost.dll, TestExecutionRecorder.RecordEnd: test: SpreadsheetTests.SpreadsheetTests.Spreadsheet_TestSetCellContents_String execution completed.
TpTrace Verbose: 0 : 19388, 4, 2024/09/24, 17:34:30.615, 1090982144292, testhost.dll, MulticastDelegateUtilities.SafeInvoke: TestCaseEventsHandler.RaiseTestCaseEnd: Invoking callback 1/1 for Microsoft.VisualStudio.TestPlatform.CrossPlatEngine.DataCollection.ProxyOutOfProcDataCollectionManager., took 0 ms.
TpTrace Information: 0 : 19388, 4, 2024/09/24, 17:34:30.615, 1090982144632, testhost.dll, MSTest - MSTestExecutor:Test SpreadsheetTests.SpreadsheetTests.Spreadsheet_TestSetCellContents_String failed. ErrorMessage:Test method SpreadsheetTests.SpreadsheetTests.Spreadsheet_TestSetCellContents_String threw exception: 
System.NotImplementedException: The method or operation is not implemented., ErrorStackTrace:    at CS3500.Spreadsheet.Spreadsheet.SetCellContents(String name, String text) in C:\Users\myers\Downloads\ps1\Spreadsheet\Spreadsheet.cs:line 174
   at SpreadsheetTests.SpreadsheetTests.Spreadsheet_TestSetCellContents_String() in C:\Users\myers\Downloads\ps1\SpreadsheetTests\SpreadsheetTests.cs:line 49
   at System.RuntimeMethodHandle.InvokeMethod(Object target, Void** arguments, Signature sig, Boolean isConstructor)
   at System.Reflection.MethodBaseInvoker.InvokeWithNoArgs(Object obj, BindingFlags invokeAttr)
.
TpTrace Verbose: 0 : 19388, 4, 2024/09/24, 17:34:30.615, 1090982144854, testhost.dll, TestExecutionRecorder.RecordResult: Received result for test: SpreadsheetTests.SpreadsheetTests.Spreadsheet_TestSetCellContents_String.
TpTrace Verbose: 0 : 19388, 4, 2024/09/24, 17:34:30.616, 1090982145859, testhost.dll, MulticastDelegateUtilities.SafeInvoke: TestCaseEventsHandler.RaiseTestCaseEnd: Invoking callback 1/1 for Microsoft.VisualStudio.TestPlatform.CrossPlatEngine.DataCollection.ProxyOutOfProcDataCollectionManager., took 0 ms.
TpTrace Warning: 0 : 19388, 4, 2024/09/24, 17:34:30.616, 1090982147454, testhost.dll, TestRunCache: InProgressTests is null
TpTrace Warning: 0 : 19388, 4, 2024/09/24, 17:34:30.616, 1090982147731, testhost.dll, TestRunCache: No test found corresponding to testResult 'Spreadsheet_TestSetCellContents_String' in inProgress list.
TpTrace Verbose: 0 : 19388, 4, 2024/09/24, 17:34:30.616, 1090982148045, testhost.dll, TestExecutionRecorder.RecordStart: Starting test: SpreadsheetTests.SpreadsheetTests.Spreadsheet_TestSetCellContents_Formula_NoDependencies.
TpTrace Verbose: 0 : 19388, 4, 2024/09/24, 17:34:30.616, 1090982153583, testhost.dll, MulticastDelegateUtilities.SafeInvoke: TestCaseEventsHandler.RaiseTestCaseStart: Invoking callback 1/1 for Microsoft.VisualStudio.TestPlatform.CrossPlatEngine.DataCollection.ProxyOutOfProcDataCollectionManager., took 0 ms.
TpTrace Information: 0 : 19388, 4, 2024/09/24, 17:34:30.616, 1090982153909, testhost.dll, MSTest - Executing test Spreadsheet_TestSetCellContents_Formula_NoDependencies
TpTrace Information: 0 : 19388, 4, 2024/09/24, 17:34:30.627, 1090982257441, testhost.dll, MSTest - Executed test Spreadsheet_TestSetCellContents_Formula_NoDependencies
TpTrace Verbose: 0 : 19388, 4, 2024/09/24, 17:34:30.627, 1090982257839, testhost.dll, TestExecutionRecorder.RecordEnd: test: SpreadsheetTests.SpreadsheetTests.Spreadsheet_TestSetCellContents_Formula_NoDependencies execution completed.
TpTrace Verbose: 0 : 19388, 4, 2024/09/24, 17:34:30.627, 1090982264316, testhost.dll, MulticastDelegateUtilities.SafeInvoke: TestCaseEventsHandler.RaiseTestCaseEnd: Invoking callback 1/1 for Microsoft.VisualStudio.TestPlatform.CrossPlatEngine.DataCollection.ProxyOutOfProcDataCollectionManager., took 0 ms.
TpTrace Information: 0 : 19388, 4, 2024/09/24, 17:34:30.627, 1090982264715, testhost.dll, MSTest - MSTestExecutor:Test SpreadsheetTests.SpreadsheetTests.Spreadsheet_TestSetCellContents_Formula_NoDependencies failed. ErrorMessage:Test method SpreadsheetTests.SpreadsheetTests.Spreadsheet_TestSetCellContents_Formula_NoDependencies threw exception: 
System.NotImplementedException: The method or operation is not implemented., ErrorStackTrace:    at CS3500.Spreadsheet.Spreadsheet.SetCellContents(String name, Formula formula) in C:\Users\myers\Downloads\ps1\Spreadsheet\Spreadsheet.cs:line 199
   at SpreadsheetTests.SpreadsheetTests.Spreadsheet_TestSetCellContents_Formula_NoDependencies() in C:\Users\myers\Downloads\ps1\SpreadsheetTests\SpreadsheetTests.cs:line 63
   at System.RuntimeMethodHandle.InvokeMethod(Object target, Void** arguments, Signature sig, Boolean isConstructor)
   at System.Reflection.MethodBaseInvoker.InvokeWithNoArgs(Object obj, BindingFlags invokeAttr)
.
TpTrace Verbose: 0 : 19388, 4, 2024/09/24, 17:34:30.627, 1090982264976, testhost.dll, TestExecutionRecorder.RecordResult: Received result for test: SpreadsheetTests.SpreadsheetTests.Spreadsheet_TestSetCellContents_Formula_NoDependencies.
TpTrace Verbose: 0 : 19388, 4, 2024/09/24, 17:34:30.628, 1090982265271, testhost.dll, MulticastDelegateUtilities.SafeInvoke: TestCaseEventsHandler.RaiseTestCaseEnd: Invoking callback 1/1 for Microsoft.VisualStudio.TestPlatform.CrossPlatEngine.DataCollection.ProxyOutOfProcDataCollectionManager., took 0 ms.
TpTrace Warning: 0 : 19388, 4, 2024/09/24, 17:34:30.628, 1090982265522, testhost.dll, TestRunCache: InProgressTests is null
TpTrace Warning: 0 : 19388, 4, 2024/09/24, 17:34:30.628, 1090982265724, testhost.dll, TestRunCache: No test found corresponding to testResult 'Spreadsheet_TestSetCellContents_Formula_NoDependencies' in inProgress list.
TpTrace Verbose: 0 : 19388, 4, 2024/09/24, 17:34:30.628, 1090982266052, testhost.dll, TestExecutionRecorder.RecordStart: Starting test: SpreadsheetTests.SpreadsheetTests.Spreadsheet_TestSetCellContents_Formula_Dependencies.
TpTrace Verbose: 0 : 19388, 4, 2024/09/24, 17:34:30.628, 1090982272810, testhost.dll, MulticastDelegateUtilities.SafeInvoke: TestCaseEventsHandler.RaiseTestCaseStart: Invoking callback 1/1 for Microsoft.VisualStudio.TestPlatform.CrossPlatEngine.DataCollection.ProxyOutOfProcDataCollectionManager., took 0 ms.
TpTrace Information: 0 : 19388, 4, 2024/09/24, 17:34:30.628, 1090982273317, testhost.dll, MSTest - Executing test Spreadsheet_TestSetCellContents_Formula_Dependencies
TpTrace Information: 0 : 19388, 4, 2024/09/24, 17:34:30.629, 1090982277334, testhost.dll, MSTest - Executed test Spreadsheet_TestSetCellContents_Formula_Dependencies
TpTrace Verbose: 0 : 19388, 4, 2024/09/24, 17:34:30.629, 1090982277669, testhost.dll, TestExecutionRecorder.RecordEnd: test: SpreadsheetTests.SpreadsheetTests.Spreadsheet_TestSetCellContents_Formula_Dependencies execution completed.
TpTrace Verbose: 0 : 19388, 4, 2024/09/24, 17:34:30.629, 1090982283839, testhost.dll, MulticastDelegateUtilities.SafeInvoke: TestCaseEventsHandler.RaiseTestCaseEnd: Invoking callback 1/1 for Microsoft.VisualStudio.TestPlatform.CrossPlatEngine.DataCollection.ProxyOutOfProcDataCollectionManager., took 0 ms.
TpTrace Information: 0 : 19388, 4, 2024/09/24, 17:34:30.629, 1090982284135, testhost.dll, MSTest - MSTestExecutor:Test SpreadsheetTests.SpreadsheetTests.Spreadsheet_TestSetCellContents_Formula_Dependencies failed. ErrorMessage:Test method SpreadsheetTests.SpreadsheetTests.Spreadsheet_TestSetCellContents_Formula_Dependencies threw exception: 
System.NotImplementedException: The method or operation is not implemented., ErrorStackTrace:    at CS3500.Spreadsheet.Spreadsheet.SetCellContents(String name, Formula formula) in C:\Users\myers\Downloads\ps1\Spreadsheet\Spreadsheet.cs:line 199
   at SpreadsheetTests.SpreadsheetTests.Spreadsheet_TestSetCellContents_Formula_Dependencies() in C:\Users\myers\Downloads\ps1\SpreadsheetTests\SpreadsheetTests.cs:line 77
   at System.RuntimeMethodHandle.InvokeMethod(Object target, Void** arguments, Signature sig, Boolean isConstructor)
   at System.Reflection.MethodBaseInvoker.InvokeWithNoArgs(Object obj, BindingFlags invokeAttr)
.
TpTrace Verbose: 0 : 19388, 4, 2024/09/24, 17:34:30.629, 1090982284352, testhost.dll, TestExecutionRecorder.RecordResult: Received result for test: SpreadsheetTests.SpreadsheetTests.Spreadsheet_TestSetCellContents_Formula_Dependencies.
TpTrace Verbose: 0 : 19388, 4, 2024/09/24, 17:34:30.629, 1090982284544, testhost.dll, MulticastDelegateUtilities.SafeInvoke: TestCaseEventsHandler.RaiseTestCaseEnd: Invoking callback 1/1 for Microsoft.VisualStudio.TestPlatform.CrossPlatEngine.DataCollection.ProxyOutOfProcDataCollectionManager., took 0 ms.
TpTrace Warning: 0 : 19388, 4, 2024/09/24, 17:34:30.629, 1090982284701, testhost.dll, TestRunCache: InProgressTests is null
TpTrace Warning: 0 : 19388, 4, 2024/09/24, 17:34:30.629, 1090982284878, testhost.dll, TestRunCache: No test found corresponding to testResult 'Spreadsheet_TestSetCellContents_Formula_Dependencies' in inProgress list.
TpTrace Verbose: 0 : 19388, 4, 2024/09/24, 17:34:30.630, 1090982285115, testhost.dll, TestExecutionRecorder.RecordStart: Starting test: SpreadsheetTests.SpreadsheetTests.Spreadsheet_TestSetCellContents_Formula_CircularDependency.
TpTrace Verbose: 0 : 19388, 4, 2024/09/24, 17:34:30.630, 1090982290501, testhost.dll, MulticastDelegateUtilities.SafeInvoke: TestCaseEventsHandler.RaiseTestCaseStart: Invoking callback 1/1 for Microsoft.VisualStudio.TestPlatform.CrossPlatEngine.DataCollection.ProxyOutOfProcDataCollectionManager., took 0 ms.
TpTrace Information: 0 : 19388, 4, 2024/09/24, 17:34:30.630, 1090982290775, testhost.dll, MSTest - Executing test Spreadsheet_TestSetCellContents_Formula_CircularDependency
TpTrace Information: 0 : 19388, 4, 2024/09/24, 17:34:30.631, 1090982298571, testhost.dll, MSTest - Executed test Spreadsheet_TestSetCellContents_Formula_CircularDependency
TpTrace Verbose: 0 : 19388, 4, 2024/09/24, 17:34:30.631, 1090982298914, testhost.dll, TestExecutionRecorder.RecordEnd: test: SpreadsheetTests.SpreadsheetTests.Spreadsheet_TestSetCellContents_Formula_CircularDependency execution completed.
TpTrace Verbose: 0 : 19388, 4, 2024/09/24, 17:34:30.631, 1090982304677, testhost.dll, MulticastDelegateUtilities.SafeInvoke: TestCaseEventsHandler.RaiseTestCaseEnd: Invoking callback 1/1 for Microsoft.VisualStudio.TestPlatform.CrossPlatEngine.DataCollection.ProxyOutOfProcDataCollectionManager., took 0 ms.
TpTrace Information: 0 : 19388, 4, 2024/09/24, 17:34:30.631, 1090982304970, testhost.dll, MSTest - MSTestExecutor:Test SpreadsheetTests.SpreadsheetTests.Spreadsheet_TestSetCellContents_Formula_CircularDependency failed. ErrorMessage:Test method threw exception System.NotImplementedException, but exception CS3500.Spreadsheet.CircularException was expected. Exception message: System.NotImplementedException: The method or operation is not implemented., ErrorStackTrace:   at CS3500.Spreadsheet.Spreadsheet.SetCellContents(String name, Formula formula) in C:\Users\myers\Downloads\ps1\Spreadsheet\Spreadsheet.cs:line 199
   at SpreadsheetTests.SpreadsheetTests.Spreadsheet_TestSetCellContents_Formula_CircularDependency() in C:\Users\myers\Downloads\ps1\SpreadsheetTests\SpreadsheetTests.cs:line 95
   at System.RuntimeMethodHandle.InvokeMethod(Object target, Void** arguments, Signature sig, Boolean isConstructor)
   at System.Reflection.MethodBaseInvoker.InvokeWithNoArgs(Object obj, BindingFlags invokeAttr)
.
TpTrace Verbose: 0 : 19388, 4, 2024/09/24, 17:34:30.632, 1090982305172, testhost.dll, TestExecutionRecorder.RecordResult: Received result for test: SpreadsheetTests.SpreadsheetTests.Spreadsheet_TestSetCellContents_Formula_CircularDependency.
TpTrace Verbose: 0 : 19388, 4, 2024/09/24, 17:34:30.632, 1090982305370, testhost.dll, MulticastDelegateUtilities.SafeInvoke: TestCaseEventsHandler.RaiseTestCaseEnd: Invoking callback 1/1 for Microsoft.VisualStudio.TestPlatform.CrossPlatEngine.DataCollection.ProxyOutOfProcDataCollectionManager., took 0 ms.
TpTrace Warning: 0 : 19388, 4, 2024/09/24, 17:34:30.632, 1090982305589, testhost.dll, TestRunCache: InProgressTests is null
TpTrace Warning: 0 : 19388, 4, 2024/09/24, 17:34:30.632, 1090982305723, testhost.dll, TestRunCache: No test found corresponding to testResult 'Spreadsheet_TestSetCellContents_Formula_CircularDependency' in inProgress list.
TpTrace Verbose: 0 : 19388, 4, 2024/09/24, 17:34:30.632, 1090982305957, testhost.dll, TestExecutionRecorder.RecordStart: Starting test: SpreadsheetTests.SpreadsheetTests.Spreadsheet_TestSetCellContents_InvalidName.
TpTrace Verbose: 0 : 19388, 4, 2024/09/24, 17:34:30.632, 1090982311934, testhost.dll, MulticastDelegateUtilities.SafeInvoke: TestCaseEventsHandler.RaiseTestCaseStart: Invoking callback 1/1 for Microsoft.VisualStudio.TestPlatform.CrossPlatEngine.DataCollection.ProxyOutOfProcDataCollectionManager., took 0 ms.
TpTrace Information: 0 : 19388, 4, 2024/09/24, 17:34:30.632, 1090982312253, testhost.dll, MSTest - Executing test Spreadsheet_TestSetCellContents_InvalidName
TpTrace Information: 0 : 19388, 4, 2024/09/24, 17:34:30.632, 1090982314548, testhost.dll, MSTest - Executed test Spreadsheet_TestSetCellContents_InvalidName
TpTrace Verbose: 0 : 19388, 4, 2024/09/24, 17:34:30.632, 1090982314869, testhost.dll, TestExecutionRecorder.RecordEnd: test: SpreadsheetTests.SpreadsheetTests.Spreadsheet_TestSetCellContents_InvalidName execution completed.
TpTrace Verbose: 0 : 19388, 4, 2024/09/24, 17:34:30.633, 1090982320432, testhost.dll, MulticastDelegateUtilities.SafeInvoke: TestCaseEventsHandler.RaiseTestCaseEnd: Invoking callback 1/1 for Microsoft.VisualStudio.TestPlatform.CrossPlatEngine.DataCollection.ProxyOutOfProcDataCollectionManager., took 0 ms.
TpTrace Information: 0 : 19388, 4, 2024/09/24, 17:34:30.633, 1090982320720, testhost.dll, MSTest - MSTestExecutor:Test SpreadsheetTests.SpreadsheetTests.Spreadsheet_TestSetCellContents_InvalidName failed. ErrorMessage:Test method threw exception System.NotImplementedException, but exception CS3500.Spreadsheet.InvalidNameException was expected. Exception message: System.NotImplementedException: The method or operation is not implemented., ErrorStackTrace:   at CS3500.Spreadsheet.Spreadsheet.SetCellContents(String name, String text) in C:\Users\myers\Downloads\ps1\Spreadsheet\Spreadsheet.cs:line 174
   at SpreadsheetTests.SpreadsheetTests.Spreadsheet_TestSetCellContents_InvalidName() in C:\Users\myers\Downloads\ps1\SpreadsheetTests\SpreadsheetTests.cs:line 111
   at System.RuntimeMethodHandle.InvokeMethod(Object target, Void** arguments, Signature sig, Boolean isConstructor)
   at System.Reflection.MethodBaseInvoker.InvokeWithNoArgs(Object obj, BindingFlags invokeAttr)
.
TpTrace Verbose: 0 : 19388, 4, 2024/09/24, 17:34:30.633, 1090982320914, testhost.dll, TestExecutionRecorder.RecordResult: Received result for test: SpreadsheetTests.SpreadsheetTests.Spreadsheet_TestSetCellContents_InvalidName.
TpTrace Verbose: 0 : 19388, 4, 2024/09/24, 17:34:30.633, 1090982321096, testhost.dll, MulticastDelegateUtilities.SafeInvoke: TestCaseEventsHandler.RaiseTestCaseEnd: Invoking callback 1/1 for Microsoft.VisualStudio.TestPlatform.CrossPlatEngine.DataCollection.ProxyOutOfProcDataCollectionManager., took 0 ms.
TpTrace Warning: 0 : 19388, 4, 2024/09/24, 17:34:30.633, 1090982321260, testhost.dll, TestRunCache: InProgressTests is null
TpTrace Warning: 0 : 19388, 4, 2024/09/24, 17:34:30.633, 1090982321397, testhost.dll, TestRunCache: No test found corresponding to testResult 'Spreadsheet_TestSetCellContents_InvalidName' in inProgress list.
TpTrace Verbose: 0 : 19388, 4, 2024/09/24, 17:34:30.633, 1090982321659, testhost.dll, TestExecutionRecorder.RecordStart: Starting test: SpreadsheetTests.SpreadsheetTests.Spreadsheet_TestSetCellContents_AdjustingDependencies.
TpTrace Verbose: 0 : 19388, 4, 2024/09/24, 17:34:30.634, 1090982326968, testhost.dll, MulticastDelegateUtilities.SafeInvoke: TestCaseEventsHandler.RaiseTestCaseStart: Invoking callback 1/1 for Microsoft.VisualStudio.TestPlatform.CrossPlatEngine.DataCollection.ProxyOutOfProcDataCollectionManager., took 0 ms.
TpTrace Information: 0 : 19388, 4, 2024/09/24, 17:34:30.634, 1090982327345, testhost.dll, MSTest - Executing test Spreadsheet_TestSetCellContents_AdjustingDependencies
TpTrace Information: 0 : 19388, 4, 2024/09/24, 17:34:30.634, 1090982330130, testhost.dll, MSTest - Executed test Spreadsheet_TestSetCellContents_AdjustingDependencies
TpTrace Verbose: 0 : 19388, 4, 2024/09/24, 17:34:30.634, 1090982330450, testhost.dll, TestExecutionRecorder.RecordEnd: test: SpreadsheetTests.SpreadsheetTests.Spreadsheet_TestSetCellContents_AdjustingDependencies execution completed.
TpTrace Verbose: 0 : 19388, 4, 2024/09/24, 17:34:30.635, 1090982336476, testhost.dll, MulticastDelegateUtilities.SafeInvoke: TestCaseEventsHandler.RaiseTestCaseEnd: Invoking callback 1/1 for Microsoft.VisualStudio.TestPlatform.CrossPlatEngine.DataCollection.ProxyOutOfProcDataCollectionManager., took 0 ms.
TpTrace Information: 0 : 19388, 4, 2024/09/24, 17:34:30.635, 1090982336764, testhost.dll, MSTest - MSTestExecutor:Test SpreadsheetTests.SpreadsheetTests.Spreadsheet_TestSetCellContents_AdjustingDependencies failed. ErrorMessage:Test method SpreadsheetTests.SpreadsheetTests.Spreadsheet_TestSetCellContents_AdjustingDependencies threw exception: 
System.NotImplementedException: The method or operation is not implemented., ErrorStackTrace:    at CS3500.Spreadsheet.Spreadsheet.SetCellContents(String name, Formula formula) in C:\Users\myers\Downloads\ps1\Spreadsheet\Spreadsheet.cs:line 199
   at SpreadsheetTests.SpreadsheetTests.Spreadsheet_TestSetCellContents_AdjustingDependencies() in C:\Users\myers\Downloads\ps1\SpreadsheetTests\SpreadsheetTests.cs:line 126
   at System.RuntimeMethodHandle.InvokeMethod(Object target, Void** arguments, Signature sig, Boolean isConstructor)
   at System.Reflection.MethodBaseInvoker.InvokeWithNoArgs(Object obj, BindingFlags invokeAttr)
.
TpTrace Verbose: 0 : 19388, 4, 2024/09/24, 17:34:30.635, 1090982336956, testhost.dll, TestExecutionRecorder.RecordResult: Received result for test: SpreadsheetTests.SpreadsheetTests.Spreadsheet_TestSetCellContents_AdjustingDependencies.
TpTrace Verbose: 0 : 19388, 4, 2024/09/24, 17:34:30.635, 1090982337136, testhost.dll, MulticastDelegateUtilities.SafeInvoke: TestCaseEventsHandler.RaiseTestCaseEnd: Invoking callback 1/1 for Microsoft.VisualStudio.TestPlatform.CrossPlatEngine.DataCollection.ProxyOutOfProcDataCollectionManager., took 0 ms.
TpTrace Warning: 0 : 19388, 4, 2024/09/24, 17:34:30.635, 1090982337290, testhost.dll, TestRunCache: InProgressTests is null
TpTrace Warning: 0 : 19388, 4, 2024/09/24, 17:34:30.635, 1090982337415, testhost.dll, TestRunCache: No test found corresponding to testResult 'Spreadsheet_TestSetCellContents_AdjustingDependencies' in inProgress list.
TpTrace Verbose: 0 : 19388, 4, 2024/09/24, 17:34:30.635, 1090982337669, testhost.dll, TestExecutionRecorder.RecordStart: Starting test: SpreadsheetTests.SpreadsheetTests.Spreadsheet_TestGetAllNonEmptyCells_OnlyEmptyCells.
TpTrace Verbose: 0 : 19388, 4, 2024/09/24, 17:34:30.635, 1090982342979, testhost.dll, MulticastDelegateUtilities.SafeInvoke: TestCaseEventsHandler.RaiseTestCaseStart: Invoking callback 1/1 for Microsoft.VisualStudio.TestPlatform.CrossPlatEngine.DataCollection.ProxyOutOfProcDataCollectionManager., took 0 ms.
TpTrace Information: 0 : 19388, 4, 2024/09/24, 17:34:30.635, 1090982343270, testhost.dll, MSTest - Executing test Spreadsheet_TestGetAllNonEmptyCells_OnlyEmptyCells
TpTrace Information: 0 : 19388, 4, 2024/09/24, 17:34:30.636, 1090982347038, testhost.dll, MSTest - Executed test Spreadsheet_TestGetAllNonEmptyCells_OnlyEmptyCells
TpTrace Verbose: 0 : 19388, 4, 2024/09/24, 17:34:30.636, 1090982347366, testhost.dll, TestExecutionRecorder.RecordEnd: test: SpreadsheetTests.SpreadsheetTests.Spreadsheet_TestGetAllNonEmptyCells_OnlyEmptyCells execution completed.
TpTrace Verbose: 0 : 19388, 4, 2024/09/24, 17:34:30.636, 1090982352914, testhost.dll, MulticastDelegateUtilities.SafeInvoke: TestCaseEventsHandler.RaiseTestCaseEnd: Invoking callback 1/1 for Microsoft.VisualStudio.TestPlatform.CrossPlatEngine.DataCollection.ProxyOutOfProcDataCollectionManager., took 0 ms.
TpTrace Information: 0 : 19388, 4, 2024/09/24, 17:34:30.636, 1090982353203, testhost.dll, MSTest - MSTestExecutor:Test SpreadsheetTests.SpreadsheetTests.Spreadsheet_TestGetAllNonEmptyCells_OnlyEmptyCells failed. ErrorMessage:Test method SpreadsheetTests.SpreadsheetTests.Spreadsheet_TestGetAllNonEmptyCells_OnlyEmptyCells threw exception: 
System.NullReferenceException: Object reference not set to an instance of an object., ErrorStackTrace:    at CS3500.Spreadsheet.Spreadsheet.GetNamesOfAllNonemptyCells() in C:\Users\myers\Downloads\ps1\Spreadsheet\Spreadsheet.cs:line 100
   at SpreadsheetTests.SpreadsheetTests.Spreadsheet_TestGetAllNonEmptyCells_OnlyEmptyCells() in C:\Users\myers\Downloads\ps1\SpreadsheetTests\SpreadsheetTests.cs:line 148
   at System.RuntimeMethodHandle.InvokeMethod(Object target, Void** arguments, Signature sig, Boolean isConstructor)
   at System.Reflection.MethodBaseInvoker.InvokeWithNoArgs(Object obj, BindingFlags invokeAttr)
.
TpTrace Verbose: 0 : 19388, 4, 2024/09/24, 17:34:30.636, 1090982353399, testhost.dll, TestExecutionRecorder.RecordResult: Received result for test: SpreadsheetTests.SpreadsheetTests.Spreadsheet_TestGetAllNonEmptyCells_OnlyEmptyCells.
TpTrace Verbose: 0 : 19388, 4, 2024/09/24, 17:34:30.636, 1090982353581, testhost.dll, MulticastDelegateUtilities.SafeInvoke: TestCaseEventsHandler.RaiseTestCaseEnd: Invoking callback 1/1 for Microsoft.VisualStudio.TestPlatform.CrossPlatEngine.DataCollection.ProxyOutOfProcDataCollectionManager., took 0 ms.
TpTrace Warning: 0 : 19388, 4, 2024/09/24, 17:34:30.636, 1090982353734, testhost.dll, TestRunCache: InProgressTests is null
TpTrace Warning: 0 : 19388, 4, 2024/09/24, 17:34:30.636, 1090982353862, testhost.dll, TestRunCache: No test found corresponding to testResult 'Spreadsheet_TestGetAllNonEmptyCells_OnlyEmptyCells' in inProgress list.
TpTrace Verbose: 0 : 19388, 4, 2024/09/24, 17:34:30.636, 1090982354119, testhost.dll, TestExecutionRecorder.RecordStart: Starting test: SpreadsheetTests.SpreadsheetTests.Spreadsheet_TestGetAllNonEmptyCells_DependencyOnEmptyCell.
TpTrace Verbose: 0 : 19388, 4, 2024/09/24, 17:34:30.637, 1090982359498, testhost.dll, MulticastDelegateUtilities.SafeInvoke: TestCaseEventsHandler.RaiseTestCaseStart: Invoking callback 1/1 for Microsoft.VisualStudio.TestPlatform.CrossPlatEngine.DataCollection.ProxyOutOfProcDataCollectionManager., took 0 ms.
TpTrace Information: 0 : 19388, 4, 2024/09/24, 17:34:30.637, 1090982359768, testhost.dll, MSTest - Executing test Spreadsheet_TestGetAllNonEmptyCells_DependencyOnEmptyCell
TpTrace Information: 0 : 19388, 4, 2024/09/24, 17:34:30.637, 1090982362440, testhost.dll, MSTest - Executed test Spreadsheet_TestGetAllNonEmptyCells_DependencyOnEmptyCell
TpTrace Verbose: 0 : 19388, 4, 2024/09/24, 17:34:30.637, 1090982362797, testhost.dll, TestExecutionRecorder.RecordEnd: test: SpreadsheetTests.SpreadsheetTests.Spreadsheet_TestGetAllNonEmptyCells_DependencyOnEmptyCell execution completed.
TpTrace Verbose: 0 : 19388, 4, 2024/09/24, 17:34:30.638, 1090982368372, testhost.dll, MulticastDelegateUtilities.SafeInvoke: TestCaseEventsHandler.RaiseTestCaseEnd: Invoking callback 1/1 for Microsoft.VisualStudio.TestPlatform.CrossPlatEngine.DataCollection.ProxyOutOfProcDataCollectionManager., took 0 ms.
TpTrace Information: 0 : 19388, 4, 2024/09/24, 17:34:30.638, 1090982368741, testhost.dll, MSTest - MSTestExecutor:Test SpreadsheetTests.SpreadsheetTests.Spreadsheet_TestGetAllNonEmptyCells_DependencyOnEmptyCell failed. ErrorMessage:Test method SpreadsheetTests.SpreadsheetTests.Spreadsheet_TestGetAllNonEmptyCells_DependencyOnEmptyCell threw exception: 
System.NotImplementedException: The method or operation is not implemented., ErrorStackTrace:    at CS3500.Spreadsheet.Spreadsheet.SetCellContents(String name, Formula formula) in C:\Users\myers\Downloads\ps1\Spreadsheet\Spreadsheet.cs:line 199
   at SpreadsheetTests.SpreadsheetTests.Spreadsheet_TestGetAllNonEmptyCells_DependencyOnEmptyCell() in C:\Users\myers\Downloads\ps1\SpreadsheetTests\SpreadsheetTests.cs:line 163
   at System.RuntimeMethodHandle.InvokeMethod(Object target, Void** arguments, Signature sig, Boolean isConstructor)
   at System.Reflection.MethodBaseInvoker.InvokeWithNoArgs(Object obj, BindingFlags invokeAttr)
.
TpTrace Verbose: 0 : 19388, 4, 2024/09/24, 17:34:30.638, 1090982368921, testhost.dll, TestExecutionRecorder.RecordResult: Received result for test: SpreadsheetTests.SpreadsheetTests.Spreadsheet_TestGetAllNonEmptyCells_DependencyOnEmptyCell.
TpTrace Verbose: 0 : 19388, 4, 2024/09/24, 17:34:30.638, 1090982369142, testhost.dll, MulticastDelegateUtilities.SafeInvoke: TestCaseEventsHandler.RaiseTestCaseEnd: Invoking callback 1/1 for Microsoft.VisualStudio.TestPlatform.CrossPlatEngine.DataCollection.ProxyOutOfProcDataCollectionManager., took 0 ms.
TpTrace Warning: 0 : 19388, 4, 2024/09/24, 17:34:30.638, 1090982369302, testhost.dll, TestRunCache: InProgressTests is null
TpTrace Warning: 0 : 19388, 4, 2024/09/24, 17:34:30.638, 1090982369428, testhost.dll, TestRunCache: No test found corresponding to testResult 'Spreadsheet_TestGetAllNonEmptyCells_DependencyOnEmptyCell' in inProgress list.
TpTrace Verbose: 0 : 19388, 4, 2024/09/24, 17:34:30.638, 1090982369651, testhost.dll, TestExecutionRecorder.RecordStart: Starting test: SpreadsheetTests.SpreadsheetTests.Spreadsheet_TestGetAllNonEmptyCells_FilledThanEmptiedCell.
TpTrace Information: 0 : 19388, 4, 2024/09/24, 17:34:30.639, 1090982378802, testhost.dll, Sending test run statistics
TpTrace Verbose: 0 : 19388, 4, 2024/09/24, 17:34:30.652, 1090982508586, testhost.dll, TestRequestHandler.SendData: sending data from testhost: {"Version":7,"MessageType":"TestExecution.StatsChange","Payload":{"NewTestResults":[{"TestCase":{"Id":"8ad0d961-392c-3edf-2edb-f48395a7d9b8","FullyQualifiedName":"SpreadsheetTests.SpreadsheetTests.Spreadsheet_TestSetCellContents_Integer","DisplayName":"Spreadsheet_TestSetCellContents_Integer","ExecutorUri":"executor://MSTestAdapter/v2","Source":"C:\\Users\\myers\\Downloads\\ps1\\SpreadsheetTests\\bin\\Debug\\net8.0\\fine-code-coverage\\build-output\\SpreadsheetTests.dll","CodeFilePath":null,"LineNumber":-1,"Properties":[{"Key":{"Id":"TestCase.Hierarchy","Label":"Hierarchy","Category":"","Description":"","Attributes":2,"ValueType":"System.String[]"},"Value":[null,"SpreadsheetTests","SpreadsheetTests","Spreadsheet_TestSetCellContents_Integer"]},{"Key":{"Id":"TestCase.ManagedMethod","Label":"ManagedMethod","Category":"","Description":"","Attributes":1,"ValueType":"System.String"},"Value":"Spreadsheet_TestSetCellContents_Integer"},{"Key":{"Id":"MSTest.TestIdGenerationStrategy","Label":"TestIdGenerationStrategy","Category":"","Description":"","Attributes":1,"ValueType":"System.Int32"},"Value":2},{"Key":{"Id":"TestCase.ManagedType","Label":"ManagedType","Category":"","Description":"","Attributes":1,"ValueType":"System.String"},"Value":"SpreadsheetTests.SpreadsheetTests"},{"Key":{"Id":"MSTestDiscoverer.TestClassName","Label":"ClassName","Category":"","Description":"","Attributes":1,"ValueType":"System.String"},"Value":"SpreadsheetTests.SpreadsheetTests"},{"Key":{"Id":"TestObject.Traits","Label":"Traits","Category":"","Description":"","Attributes":5,"ValueType":"System.Collections.Generic.KeyValuePair`2[[System.String],[System.String]][]"},"Value":[]}]},"Attachments":[],"Outcome":2,"ErrorMessage":"Test method SpreadsheetTests.SpreadsheetTests.Spreadsheet_TestSetCellContents_Integer threw exception: \r\nSystem.NotImplementedException: The method or operation is not implemented.","ErrorStackTrace":"    at CS3500.Spreadsheet.Spreadsheet.SetCellContents(String name, Double number) in C:\\Users\\myers\\Downloads\\ps1\\Spreadsheet\\Spreadsheet.cs:line 157\r\n   at SpreadsheetTests.SpreadsheetTests.Spreadsheet_TestSetCellContents_Integer() in C:\\Users\\myers\\Downloads\\ps1\\SpreadsheetTests\\SpreadsheetTests.cs:line 27\r\n   at System.RuntimeMethodHandle.InvokeMethod(Object target, Void** arguments, Signature sig, Boolean isConstructor)\r\n   at System.Reflection.MethodBaseInvoker.InvokeWithNoArgs(Object obj, BindingFlags invokeAttr)\r\n","DisplayName":"Spreadsheet_TestSetCellContents_Integer","Messages":[],"ComputerName":"DESKTOP-FTTEOKS","Duration":"00:00:00.0084385","StartTime":"2024-09-24T17:34:30.588833-06:00","EndTime":"2024-09-24T17:34:30.6040801-06:00","Properties":[{"Key":{"Id":"ParentExecId","Label":"ParentExecId","Category":"","Description":"","Attributes":1,"ValueType":"System.Guid"},"Value":"00000000-0000-0000-0000-000000000000"},{"Key":{"Id":"InnerResultsCount","Label":"InnerResultsCount","Category":"","Description":"","Attributes":1,"ValueType":"System.Int32"},"Value":0},{"Key":{"Id":"ExecutionId","Label":"ExecutionId","Category":"","Description":"","Attributes":1,"ValueType":"System.Guid"},"Value":"00000000-0000-0000-0000-000000000000"}]},{"TestCase":{"Id":"424dd81f-e004-af8d-db08-3a2eae78f202","FullyQualifiedName":"SpreadsheetTests.SpreadsheetTests.Spreadsheet_TestSetCellContents_String","DisplayName":"Spreadsheet_TestSetCellContents_String","ExecutorUri":"executor://MSTestAdapter/v2","Source":"C:\\Users\\myers\\Downloads\\ps1\\SpreadsheetTests\\bin\\Debug\\net8.0\\fine-code-coverage\\build-output\\SpreadsheetTests.dll","CodeFilePath":null,"LineNumber":-1,"Properties":[{"Key":{"Id":"TestCase.Hierarchy","Label":"Hierarchy","Category":"","Description":"","Attributes":2,"ValueType":"System.String[]"},"Value":[null,"SpreadsheetTests","SpreadsheetTests","Spreadsheet_TestSetCellContents_String"]},{"Key":{"Id":"TestCase.ManagedMethod","Label":"ManagedMethod","Category":"","Description":"","Attributes":1,"ValueType":"System.String"},"Value":"Spreadsheet_TestSetCellContents_String"},{"Key":{"Id":"MSTest.TestIdGenerationStrategy","Label":"TestIdGenerationStrategy","Category":"","Description":"","Attributes":1,"ValueType":"System.Int32"},"Value":2},{"Key":{"Id":"TestCase.ManagedType","Label":"ManagedType","Category":"","Description":"","Attributes":1,"ValueType":"System.String"},"Value":"SpreadsheetTests.SpreadsheetTests"},{"Key":{"Id":"MSTestDiscoverer.TestClassName","Label":"ClassName","Category":"","Description":"","Attributes":1,"ValueType":"System.String"},"Value":"SpreadsheetTests.SpreadsheetTests"},{"Key":{"Id":"TestObject.Traits","Label":"Traits","Category":"","Description":"","Attributes":5,"ValueType":"System.Collections.Generic.KeyValuePair`2[[System.String],[System.String]][]"},"Value":[]}]},"Attachments":[],"Outcome":2,"ErrorMessage":"Test method SpreadsheetTests.SpreadsheetTests.Spreadsheet_TestSetCellContents_String threw exception: \r\nSystem.NotImplementedException: The method or operation is not implemented.","ErrorStackTrace":"    at CS3500.Spreadsheet.Spreadsheet.SetCellContents(String name, String text) in C:\\Users\\myers\\Downloads\\ps1\\Spreadsheet\\Spreadsheet.cs:line 174\r\n   at SpreadsheetTests.SpreadsheetTests.Spreadsheet_TestSetCellContents_String() in C:\\Users\\myers\\Downloads\\ps1\\SpreadsheetTests\\SpreadsheetTests.cs:line 49\r\n   at System.RuntimeMethodHandle.InvokeMethod(Object target, Void** arguments, Signature sig, Boolean isConstructor)\r\n   at System.Reflection.MethodBaseInvoker.InvokeWithNoArgs(Object obj, BindingFlags invokeAttr)\r\n","DisplayName":"Spreadsheet_TestSetCellContents_String","Messages":[],"ComputerName":"DESKTOP-FTTEOKS","Duration":"00:00:00.0003450","StartTime":"2024-09-24T17:34:30.6145844-06:00","EndTime":"2024-09-24T17:34:30.6150892-06:00","Properties":[{"Key":{"Id":"ParentExecId","Label":"ParentExecId","Category":"","Description":"","Attributes":1,"ValueType":"System.Guid"},"Value":"00000000-0000-0000-0000-000000000000"},{"Key":{"Id":"InnerResultsCount","Label":"InnerResultsCount","Category":"","Description":"","Attributes":1,"ValueType":"System.Int32"},"Value":0},{"Key":{"Id":"ExecutionId","Label":"ExecutionId","Category":"","Description":"","Attributes":1,"ValueType":"System.Guid"},"Value":"00000000-0000-0000-0000-000000000000"}]},{"TestCase":{"Id":"1f68f634-cc13-ab82-1b3d-bee5b77b852f","FullyQualifiedName":"SpreadsheetTests.SpreadsheetTests.Spreadsheet_TestSetCellContents_Formula_NoDependencies","DisplayName":"Spreadsheet_TestSetCellContents_Formula_NoDependencies","ExecutorUri":"executor://MSTestAdapter/v2","Source":"C:\\Users\\myers\\Downloads\\ps1\\SpreadsheetTests\\bin\\Debug\\net8.0\\fine-code-coverage\\build-output\\SpreadsheetTests.dll","CodeFilePath":null,"LineNumber":-1,"Properties":[{"Key":{"Id":"TestCase.Hierarchy","Label":"Hierarchy","Category":"","Description":"","Attributes":2,"ValueType":"System.String[]"},"Value":[null,"SpreadsheetTests","SpreadsheetTests","Spreadsheet_TestSetCellContents_Formula_NoDependencies"]},{"Key":{"Id":"TestCase.ManagedMethod","Label":"ManagedMethod","Category":"","Description":"","Attributes":1,"ValueType":"System.String"},"Value":"Spreadsheet_TestSetCellContents_Formula_NoDependencies"},{"Key":{"Id":"MSTest.TestIdGenerationStrategy","Label":"TestIdGenerationStrategy","Category":"","Description":"","Attributes":1,"ValueType":"System.Int32"},"Value":2},{"Key":{"Id":"TestCase.ManagedType","Label":"ManagedType","Category":"","Description":"","Attributes":1,"ValueType":"System.String"},"Value":"SpreadsheetTests.SpreadsheetTests"},{"Key":{"Id":"MSTestDiscoverer.TestClassName","Label":"ClassName","Category":"","Description":"","Attributes":1,"ValueType":"System.String"},"Value":"SpreadsheetTests.SpreadsheetTests"},{"Key":{"Id":"TestObject.Traits","Label":"Traits","Category":"","Description":"","Attributes":5,"ValueType":"System.Collections.Generic.KeyValuePair`2[[System.String],[System.String]][]"},"Value":[]}]},"Attachments":[],"Outcome":2,"ErrorMessage":"Test method SpreadsheetTests.SpreadsheetTests.Spreadsheet_TestSetCellContents_Formula_NoDependencies threw exception: \r\nSystem.NotImplementedException: The method or operation is not implemented.","ErrorStackTrace":"    at CS3500.Spreadsheet.Spreadsheet.SetCellContents(String name, Formula formula) in C:\\Users\\myers\\Downloads\\ps1\\Spreadsheet\\Spreadsheet.cs:line 199\r\n   at SpreadsheetTests.SpreadsheetTests.Spreadsheet_TestSetCellContents_Formula_NoDependencies() in C:\\Users\\myers\\Downloads\\ps1\\SpreadsheetTests\\SpreadsheetTests.cs:line 63\r\n   at System.RuntimeMethodHandle.InvokeMethod(Object target, Void** arguments, Signature sig, Boolean isConstructor)\r\n   at System.Reflection.MethodBaseInvoker.InvokeWithNoArgs(Object obj, BindingFlags invokeAttr)\r\n","DisplayName":"Spreadsheet_TestSetCellContents_Formula_NoDependencies","Messages":[],"ComputerName":"DESKTOP-FTTEOKS","Duration":"00:00:00.0102788","StartTime":"2024-09-24T17:34:30.6168756-06:00","EndTime":"2024-09-24T17:34:30.6272649-06:00","Properties":[{"Key":{"Id":"ParentExecId","Label":"ParentExecId","Category":"","Description":"","Attributes":1,"ValueType":"System.Guid"},"Value":"00000000-0000-0000-0000-000000000000"},{"Key":{"Id":"InnerResultsCount","Label":"InnerResultsCount","Category":"","Description":"","Attributes":1,"ValueType":"System.Int32"},"Value":0},{"Key":{"Id":"ExecutionId","Label":"ExecutionId","Category":"","Description":"","Attributes":1,"ValueType":"System.Guid"},"Value":"00000000-0000-0000-0000-000000000000"}]},{"TestCase":{"Id":"dd3da24f-2827-20b2-301e-7d1d29dbeda2","FullyQualifiedName":"SpreadsheetTests.SpreadsheetTests.Spreadsheet_TestSetCellContents_Formula_Dependencies","DisplayName":"Spreadsheet_TestSetCellContents_Formula_Dependencies","ExecutorUri":"executor://MSTestAdapter/v2","Source":"C:\\Users\\myers\\Downloads\\ps1\\SpreadsheetTests\\bin\\Debug\\net8.0\\fine-code-coverage\\build-output\\SpreadsheetTests.dll","CodeFilePath":null,"LineNumber":-1,"Properties":[{"Key":{"Id":"TestCase.Hierarchy","Label":"Hierarchy","Category":"","Description":"","Attributes":2,"ValueType":"System.String[]"},"Value":[null,"SpreadsheetTests","SpreadsheetTests","Spreadsheet_TestSetCellContents_Formula_Dependencies"]},{"Key":{"Id":"TestCase.ManagedMethod","Label":"ManagedMethod","Category":"","Description":"","Attributes":1,"ValueType":"System.String"},"Value":"Spreadsheet_TestSetCellContents_Formula_Dependencies"},{"Key":{"Id":"MSTest.TestIdGenerationStrategy","Label":"TestIdGenerationStrategy","Category":"","Description":"","Attributes":1,"ValueType":"System.Int32"},"Value":2},{"Key":{"Id":"TestCase.ManagedType","Label":"ManagedType","Category":"","Description":"","Attributes":1,"ValueType":"System.String"},"Value":"SpreadsheetTests.SpreadsheetTests"},{"Key":{"Id":"MSTestDiscoverer.TestClassName","Label":"ClassName","Category":"","Description":"","Attributes":1,"ValueType":"System.String"},"Value":"SpreadsheetTests.SpreadsheetTests"},{"Key":{"Id":"TestObject.Traits","Label":"Traits","Category":"","Description":"","Attributes":5,"ValueType":"System.Collections.Generic.KeyValuePair`2[[System.String],[System.String]][]"},"Value":[]}]},"Attachments":[],"Outcome":2,"ErrorMessage":"Test method SpreadsheetTests.SpreadsheetTests.Spreadsheet_TestSetCellContents_Formula_Dependencies threw exception: \r\nSystem.NotImplementedException: The method or operation is not implemented.","ErrorStackTrace":"    at CS3500.Spreadsheet.Spreadsheet.SetCellContents(String name, Formula formula) in C:\\Users\\myers\\Downloads\\ps1\\Spreadsheet\\Spreadsheet.cs:line 199\r\n   at SpreadsheetTests.SpreadsheetTests.Spreadsheet_TestSetCellContents_Formula_Dependencies() in C:\\Users\\myers\\Downloads\\ps1\\SpreadsheetTests\\SpreadsheetTests.cs:line 77\r\n   at System.RuntimeMethodHandle.InvokeMethod(Object target, Void** arguments, Signature sig, Boolean isConstructor)\r\n   at System.Reflection.MethodBaseInvoker.InvokeWithNoArgs(Object obj, BindingFlags invokeAttr)\r\n","DisplayName":"Spreadsheet_TestSetCellContents_Formula_Dependencies","Messages":[],"ComputerName":"DESKTOP-FTTEOKS","Duration":"00:00:00.0002947","StartTime":"2024-09-24T17:34:30.6288131-06:00","EndTime":"2024-09-24T17:34:30.6292506-06:00","Properties":[{"Key":{"Id":"ParentExecId","Label":"ParentExecId","Category":"","Description":"","Attributes":1,"ValueType":"System.Guid"},"Value":"00000000-0000-0000-0000-000000000000"},{"Key":{"Id":"InnerResultsCount","Label":"InnerResultsCount","Category":"","Description":"","Attributes":1,"ValueType":"System.Int32"},"Value":0},{"Key":{"Id":"ExecutionId","Label":"ExecutionId","Category":"","Description":"","Attributes":1,"ValueType":"System.Guid"},"Value":"00000000-0000-0000-0000-000000000000"}]},{"TestCase":{"Id":"fa921043-df6c-4aa8-c213-3c435d53dcfb","FullyQualifiedName":"SpreadsheetTests.SpreadsheetTests.Spreadsheet_TestSetCellContents_Formula_CircularDependency","DisplayName":"Spreadsheet_TestSetCellContents_Formula_CircularDependency","ExecutorUri":"executor://MSTestAdapter/v2","Source":"C:\\Users\\myers\\Downloads\\ps1\\SpreadsheetTests\\bin\\Debug\\net8.0\\fine-code-coverage\\build-output\\SpreadsheetTests.dll","CodeFilePath":null,"LineNumber":-1,"Properties":[{"Key":{"Id":"TestCase.Hierarchy","Label":"Hierarchy","Category":"","Description":"","Attributes":2,"ValueType":"System.String[]"},"Value":[null,"SpreadsheetTests","SpreadsheetTests","Spreadsheet_TestSetCellContents_Formula_CircularDependency"]},{"Key":{"Id":"TestCase.ManagedMethod","Label":"ManagedMethod","Category":"","Description":"","Attributes":1,"ValueType":"System.String"},"Value":"Spreadsheet_TestSetCellContents_Formula_CircularDependency"},{"Key":{"Id":"MSTest.TestIdGenerationStrategy","Label":"TestIdGenerationStrategy","Category":"","Description":"","Attributes":1,"ValueType":"System.Int32"},"Value":2},{"Key":{"Id":"TestCase.ManagedType","Label":"ManagedType","Category":"","Description":"","Attributes":1,"ValueType":"System.String"},"Value":"SpreadsheetTests.SpreadsheetTests"},{"Key":{"Id":"MSTestDiscoverer.TestClassName","Label":"ClassName","Category":"","Description":"","Attributes":1,"ValueType":"System.String"},"Value":"SpreadsheetTests.SpreadsheetTests"},{"Key":{"Id":"TestObject.Traits","Label":"Traits","Category":"","Description":"","Attributes":5,"ValueType":"System.Collections.Generic.KeyValuePair`2[[System.String],[System.String]][]"},"Value":[]}]},"Attachments":[],"Outcome":2,"ErrorMessage":"Test method threw exception System.NotImplementedException, but exception CS3500.Spreadsheet.CircularException was expected. Exception message: System.NotImplementedException: The method or operation is not implemented.","ErrorStackTrace":"   at CS3500.Spreadsheet.Spreadsheet.SetCellContents(String name, Formula formula) in C:\\Users\\myers\\Downloads\\ps1\\Spreadsheet\\Spreadsheet.cs:line 199\r\n   at SpreadsheetTests.SpreadsheetTests.Spreadsheet_TestSetCellContents_Formula_CircularDependency() in C:\\Users\\myers\\Downloads\\ps1\\SpreadsheetTests\\SpreadsheetTests.cs:line 95\r\n   at System.RuntimeMethodHandle.InvokeMethod(Object target, Void** arguments, Signature sig, Boolean isConstructor)\r\n   at System.Reflection.MethodBaseInvoker.InvokeWithNoArgs(Object obj, BindingFlags invokeAttr)\r\n","DisplayName":"Spreadsheet_TestSetCellContents_Formula_CircularDependency","Messages":[],"ComputerName":"DESKTOP-FTTEOKS","Duration":"00:00:00.0006884","StartTime":"2024-09-24T17:34:30.6305653-06:00","EndTime":"2024-09-24T17:34:30.631375-06:00","Properties":[{"Key":{"Id":"ParentExecId","Label":"ParentExecId","Category":"","Description":"","Attributes":1,"ValueType":"System.Guid"},"Value":"00000000-0000-0000-0000-000000000000"},{"Key":{"Id":"InnerResultsCount","Label":"InnerResultsCount","Category":"","Description":"","Attributes":1,"ValueType":"System.Int32"},"Value":0},{"Key":{"Id":"ExecutionId","Label":"ExecutionId","Category":"","Description":"","Attributes":1,"ValueType":"System.Guid"},"Value":"00000000-0000-0000-0000-000000000000"}]},{"TestCase":{"Id":"dab4ad2a-f35f-2282-1209-d4c26d7d0ec2","FullyQualifiedName":"SpreadsheetTests.SpreadsheetTests.Spreadsheet_TestSetCellContents_InvalidName","DisplayName":"Spreadsheet_TestSetCellContents_InvalidName","ExecutorUri":"executor://MSTestAdapter/v2","Source":"C:\\Users\\myers\\Downloads\\ps1\\SpreadsheetTests\\bin\\Debug\\net8.0\\fine-code-coverage\\build-output\\SpreadsheetTests.dll","CodeFilePath":null,"LineNumber":-1,"Properties":[{"Key":{"Id":"TestCase.Hierarchy","Label":"Hierarchy","Category":"","Description":"","Attributes":2,"ValueType":"System.String[]"},"Value":[null,"SpreadsheetTests","SpreadsheetTests","Spreadsheet_TestSetCellContents_InvalidName"]},{"Key":{"Id":"TestCase.ManagedMethod","Label":"ManagedMethod","Category":"","Description":"","Attributes":1,"ValueType":"System.String"},"Value":"Spreadsheet_TestSetCellContents_InvalidName"},{"Key":{"Id":"MSTest.TestIdGenerationStrategy","Label":"TestIdGenerationStrategy","Category":"","Description":"","Attributes":1,"ValueType":"System.Int32"},"Value":2},{"Key":{"Id":"TestCase.ManagedType","Label":"ManagedType","Category":"","Description":"","Attributes":1,"ValueType":"System.String"},"Value":"SpreadsheetTests.SpreadsheetTests"},{"Key":{"Id":"MSTestDiscoverer.TestClassName","Label":"ClassName","Category":"","Description":"","Attributes":1,"ValueType":"System.String"},"Value":"SpreadsheetTests.SpreadsheetTests"},{"Key":{"Id":"TestObject.Traits","Label":"Traits","Category":"","Description":"","Attributes":5,"ValueType":"System.Collections.Generic.KeyValuePair`2[[System.String],[System.String]][]"},"Value":[]}]},"Attachments":[],"Outcome":2,"ErrorMessage":"Test method threw exception System.NotImplementedException, but exception CS3500.Spreadsheet.InvalidNameException was expected. Exception message: System.NotImplementedException: The method or operation is not implemented.","ErrorStackTrace":"   at CS3500.Spreadsheet.Spreadsheet.SetCellContents(String name, String text) in C:\\Users\\myers\\Downloads\\ps1\\Spreadsheet\\Spreadsheet.cs:line 174\r\n   at SpreadsheetTests.SpreadsheetTests.Spreadsheet_TestSetCellContents_InvalidName() in C:\\Users\\myers\\Downloads\\ps1\\SpreadsheetTests\\SpreadsheetTests.cs:line 111\r\n   at System.RuntimeMethodHandle.InvokeMethod(Object target, Void** arguments, Signature sig, Boolean isConstructor)\r\n   at System.Reflection.MethodBaseInvoker.InvokeWithNoArgs(Object obj, BindingFlags invokeAttr)\r\n","DisplayName":"Spreadsheet_TestSetCellContents_InvalidName","Messages":[],"ComputerName":"DESKTOP-FTTEOKS","Duration":"00:00:00.0001455","StartTime":"2024-09-24T17:34:30.6327132-06:00","EndTime":"2024-09-24T17:34:30.6329705-06:00","Properties":[{"Key":{"Id":"ParentExecId","Label":"ParentExecId","Category":"","Description":"","Attributes":1,"ValueType":"System.Guid"},"Value":"00000000-0000-0000-0000-000000000000"},{"Key":{"Id":"InnerResultsCount","Label":"InnerResultsCount","Category":"","Description":"","Attributes":1,"ValueType":"System.Int32"},"Value":0},{"Key":{"Id":"ExecutionId","Label":"ExecutionId","Category":"","Description":"","Attributes":1,"ValueType":"System.Guid"},"Value":"00000000-0000-0000-0000-000000000000"}]},{"TestCase":{"Id":"632d5d11-b97c-dc8f-d1fd-b5d7822182f6","FullyQualifiedName":"SpreadsheetTests.SpreadsheetTests.Spreadsheet_TestSetCellContents_AdjustingDependencies","DisplayName":"Spreadsheet_TestSetCellContents_AdjustingDependencies","ExecutorUri":"executor://MSTestAdapter/v2","Source":"C:\\Users\\myers\\Downloads\\ps1\\SpreadsheetTests\\bin\\Debug\\net8.0\\fine-code-coverage\\build-output\\SpreadsheetTests.dll","CodeFilePath":null,"LineNumber":-1,"Properties":[{"Key":{"Id":"TestCase.Hierarchy","Label":"Hierarchy","Category":"","Description":"","Attributes":2,"ValueType":"System.String[]"},"Value":[null,"SpreadsheetTests","SpreadsheetTests","Spreadsheet_TestSetCellContents_AdjustingDependencies"]},{"Key":{"Id":"TestCase.ManagedMethod","Label":"ManagedMethod","Category":"","Description":"","Attributes":1,"ValueType":"System.String"},"Value":"Spreadsheet_TestSetCellContents_AdjustingDependencies"},{"Key":{"Id":"MSTest.TestIdGenerationStrategy","Label":"TestIdGenerationStrategy","Category":"","Description":"","Attributes":1,"ValueType":"System.Int32"},"Value":2},{"Key":{"Id":"TestCase.ManagedType","Label":"ManagedType","Category":"","Description":"","Attributes":1,"ValueType":"System.String"},"Value":"SpreadsheetTests.SpreadsheetTests"},{"Key":{"Id":"MSTestDiscoverer.TestClassName","Label":"ClassName","Category":"","Description":"","Attributes":1,"ValueType":"System.String"},"Value":"SpreadsheetTests.SpreadsheetTests"},{"Key":{"Id":"TestObject.Traits","Label":"Traits","Category":"","Description":"","Attributes":5,"ValueType":"System.Collections.Generic.KeyValuePair`2[[System.String],[System.String]][]"},"Value":[]}]},"Attachments":[],"Outcome":2,"ErrorMessage":"Test method SpreadsheetTests.SpreadsheetTests.Spreadsheet_TestSetCellContents_AdjustingDependencies threw exception: \r\nSystem.NotImplementedException: The method or operation is not implemented.","ErrorStackTrace":"    at CS3500.Spreadsheet.Spreadsheet.SetCellContents(String name, Formula formula) in C:\\Users\\myers\\Downloads\\ps1\\Spreadsheet\\Spreadsheet.cs:line 199\r\n   at SpreadsheetTests.SpreadsheetTests.Spreadsheet_TestSetCellContents_AdjustingDependencies() in C:\\Users\\myers\\Downloads\\ps1\\SpreadsheetTests\\SpreadsheetTests.cs:line 126\r\n   at System.RuntimeMethodHandle.InvokeMethod(Object target, Void** arguments, Signature sig, Boolean isConstructor)\r\n   at System.Reflection.MethodBaseInvoker.InvokeWithNoArgs(Object obj, BindingFlags invokeAttr)\r\n","DisplayName":"Spreadsheet_TestSetCellContents_AdjustingDependencies","Messages":[],"ComputerName":"DESKTOP-FTTEOKS","Duration":"00:00:00.0002093","StartTime":"2024-09-24T17:34:30.6342192-06:00","EndTime":"2024-09-24T17:34:30.6345289-06:00","Properties":[{"Key":{"Id":"ParentExecId","Label":"ParentExecId","Category":"","Description":"","Attributes":1,"ValueType":"System.Guid"},"Value":"00000000-0000-0000-0000-000000000000"},{"Key":{"Id":"InnerResultsCount","Label":"InnerResultsCount","Category":"","Description":"","Attributes":1,"ValueType":"System.Int32"},"Value":0},{"Key":{"Id":"ExecutionId","Label":"ExecutionId","Category":"","Description":"","Attributes":1,"ValueType":"System.Guid"},"Value":"00000000-0000-0000-0000-000000000000"}]},{"TestCase":{"Id":"12b42d56-7f04-e7f2-0b05-e2b291f55e99","FullyQualifiedName":"SpreadsheetTests.SpreadsheetTests.Spreadsheet_TestGetAllNonEmptyCells_OnlyEmptyCells","DisplayName":"Spreadsheet_TestGetAllNonEmptyCells_OnlyEmptyCells","ExecutorUri":"executor://MSTestAdapter/v2","Source":"C:\\Users\\myers\\Downloads\\ps1\\SpreadsheetTests\\bin\\Debug\\net8.0\\fine-code-coverage\\build-output\\SpreadsheetTests.dll","CodeFilePath":null,"LineNumber":-1,"Properties":[{"Key":{"Id":"TestCase.Hierarchy","Label":"Hierarchy","Category":"","Description":"","Attributes":2,"ValueType":"System.String[]"},"Value":[null,"SpreadsheetTests","SpreadsheetTests","Spreadsheet_TestGetAllNonEmptyCells_OnlyEmptyCells"]},{"Key":{"Id":"TestCase.ManagedMethod","Label":"ManagedMethod","Category":"","Description":"","Attributes":1,"ValueType":"System.String"},"Value":"Spreadsheet_TestGetAllNonEmptyCells_OnlyEmptyCells"},{"Key":{"Id":"MSTest.TestIdGenerationStrategy","Label":"TestIdGenerationStrategy","Category":"","Description":"","Attributes":1,"ValueType":"System.Int32"},"Value":2},{"Key":{"Id":"TestCase.ManagedType","Label":"ManagedType","Category":"","Description":"","Attributes":1,"ValueType":"System.String"},"Value":"SpreadsheetTests.SpreadsheetTests"},{"Key":{"Id":"MSTestDiscoverer.TestClassName","Label":"ClassName","Category":"","Description":"","Attributes":1,"ValueType":"System.String"},"Value":"SpreadsheetTests.SpreadsheetTests"},{"Key":{"Id":"TestObject.Traits","Label":"Traits","Category":"","Description":"","Attributes":5,"ValueType":"System.Collections.Generic.KeyValuePair`2[[System.String],[System.String]][]"},"Value":[]}]},"Attachments":[],"Outcome":2,"ErrorMessage":"Test method SpreadsheetTests.SpreadsheetTests.Spreadsheet_TestGetAllNonEmptyCells_OnlyEmptyCells threw exception: \r\nSystem.NullReferenceException: Object reference not set to an instance of an object.","ErrorStackTrace":"    at CS3500.Spreadsheet.Spreadsheet.GetNamesOfAllNonemptyCells() in C:\\Users\\myers\\Downloads\\ps1\\Spreadsheet\\Spreadsheet.cs:line 100\r\n   at SpreadsheetTests.SpreadsheetTests.Spreadsheet_TestGetAllNonEmptyCells_OnlyEmptyCells() in C:\\Users\\myers\\Downloads\\ps1\\SpreadsheetTests\\SpreadsheetTests.cs:line 148\r\n   at System.RuntimeMethodHandle.InvokeMethod(Object target, Void** arguments, Signature sig, Boolean isConstructor)\r\n   at System.Reflection.MethodBaseInvoker.InvokeWithNoArgs(Object obj, BindingFlags invokeAttr)\r\n","DisplayName":"Spreadsheet_TestGetAllNonEmptyCells_OnlyEmptyCells","Messages":[],"ComputerName":"DESKTOP-FTTEOKS","Duration":"00:00:00.0003045","StartTime":"2024-09-24T17:34:30.6358149-06:00","EndTime":"2024-09-24T17:34:30.6362205-06:00","Properties":[{"Key":{"Id":"ParentExecId","Label":"ParentExecId","Category":"","Description":"","Attributes":1,"ValueType":"System.Guid"},"Value":"00000000-0000-0000-0000-000000000000"},{"Key":{"Id":"InnerResultsCount","Label":"InnerResultsCount","Category":"","Description":"","Attributes":1,"ValueType":"System.Int32"},"Value":0},{"Key":{"Id":"ExecutionId","Label":"ExecutionId","Category":"","Description":"","Attributes":1,"ValueType":"System.Guid"},"Value":"00000000-0000-0000-0000-000000000000"}]},{"TestCase":{"Id":"543203ee-f983-73f8-ff03-558e794c0943","FullyQualifiedName":"SpreadsheetTests.SpreadsheetTests.Spreadsheet_TestGetAllNonEmptyCells_DependencyOnEmptyCell","DisplayName":"Spreadsheet_TestGetAllNonEmptyCells_DependencyOnEmptyCell","ExecutorUri":"executor://MSTestAdapter/v2","Source":"C:\\Users\\myers\\Downloads\\ps1\\SpreadsheetTests\\bin\\Debug\\net8.0\\fine-code-coverage\\build-output\\SpreadsheetTests.dll","CodeFilePath":null,"LineNumber":-1,"Properties":[{"Key":{"Id":"TestCase.Hierarchy","Label":"Hierarchy","Category":"","Description":"","Attributes":2,"ValueType":"System.String[]"},"Value":[null,"SpreadsheetTests","SpreadsheetTests","Spreadsheet_TestGetAllNonEmptyCells_DependencyOnEmptyCell"]},{"Key":{"Id":"TestCase.ManagedMethod","Label":"ManagedMethod","Category":"","Description":"","Attributes":1,"ValueType":"System.String"},"Value":"Spreadsheet_TestGetAllNonEmptyCells_DependencyOnEmptyCell"},{"Key":{"Id":"MSTest.TestIdGenerationStrategy","Label":"TestIdGenerationStrategy","Category":"","Description":"","Attributes":1,"ValueType":"System.Int32"},"Value":2},{"Key":{"Id":"TestCase.ManagedType","Label":"ManagedType","Category":"","Description":"","Attributes":1,"ValueType":"System.String"},"Value":"SpreadsheetTests.SpreadsheetTests"},{"Key":{"Id":"MSTestDiscoverer.TestClassName","Label":"ClassName","Category":"","Description":"","Attributes":1,"ValueType":"System.String"},"Value":"SpreadsheetTests.SpreadsheetTests"},{"Key":{"Id":"TestObject.Traits","Label":"Traits","Category":"","Description":"","Attributes":5,"ValueType":"System.Collections.Generic.KeyValuePair`2[[System.String],[System.String]][]"},"Value":[]}]},"Attachments":[],"Outcome":2,"ErrorMessage":"Test method SpreadsheetTests.SpreadsheetTests.Spreadsheet_TestGetAllNonEmptyCells_DependencyOnEmptyCell threw exception: \r\nSystem.NotImplementedException: The method or operation is not implemented.","ErrorStackTrace":"    at CS3500.Spreadsheet.Spreadsheet.SetCellContents(String name, Formula formula) in C:\\Users\\myers\\Downloads\\ps1\\Spreadsheet\\Spreadsheet.cs:line 199\r\n   at SpreadsheetTests.SpreadsheetTests.Spreadsheet_TestGetAllNonEmptyCells_DependencyOnEmptyCell() in C:\\Users\\myers\\Downloads\\ps1\\SpreadsheetTests\\SpreadsheetTests.cs:line 163\r\n   at System.RuntimeMethodHandle.InvokeMethod(Object target, Void** arguments, Signature sig, Boolean isConstructor)\r\n   at System.Reflection.MethodBaseInvoker.InvokeWithNoArgs(Object obj, BindingFlags invokeAttr)\r\n","DisplayName":"Spreadsheet_TestGetAllNonEmptyCells_DependencyOnEmptyCell","Messages":[],"ComputerName":"DESKTOP-FTTEOKS","Duration":"00:00:00.0002005","StartTime":"2024-09-24T17:34:30.6374647-06:00","EndTime":"2024-09-24T17:34:30.6377594-06:00","Properties":[{"Key":{"Id":"ParentExecId","Label":"ParentExecId","Category":"","Description":"","Attributes":1,"ValueType":"System.Guid"},"Value":"00000000-0000-0000-0000-000000000000"},{"Key":{"Id":"InnerResultsCount","Label":"InnerResultsCount","Category":"","Description":"","Attributes":1,"ValueType":"System.Int32"},"Value":0},{"Key":{"Id":"ExecutionId","Label":"ExecutionId","Category":"","Description":"","Attributes":1,"ValueType":"System.Guid"},"Value":"00000000-0000-0000-0000-000000000000"}]}],"TestRunStatistics":{"ExecutedTests":9,"Stats":{"Failed":9}},"ActiveTests":[{"Id":"7aa1eaaa-0e8d-d3e5-fb60-aba0dc52e86d","FullyQualifiedName":"SpreadsheetTests.SpreadsheetTests.Spreadsheet_TestGetAllNonEmptyCells_FilledThanEmptiedCell","DisplayName":"Spreadsheet_TestGetAllNonEmptyCells_FilledThanEmptiedCell","ExecutorUri":"executor://MSTestAdapter/v2","Source":"C:\\Users\\myers\\Downloads\\ps1\\SpreadsheetTests\\bin\\Debug\\net8.0\\fine-code-coverage\\build-output\\SpreadsheetTests.dll","CodeFilePath":null,"LineNumber":-1,"Properties":[{"Key":{"Id":"TestCase.Hierarchy","Label":"Hierarchy","Category":"","Description":"","Attributes":2,"ValueType":"System.String[]"},"Value":[null,"SpreadsheetTests","SpreadsheetTests","Spreadsheet_TestGetAllNonEmptyCells_FilledThanEmptiedCell"]},{"Key":{"Id":"TestCase.ManagedMethod","Label":"ManagedMethod","Category":"","Description":"","Attributes":1,"ValueType":"System.String"},"Value":"Spreadsheet_TestGetAllNonEmptyCells_FilledThanEmptiedCell"},{"Key":{"Id":"MSTest.TestIdGenerationStrategy","Label":"TestIdGenerationStrategy","Category":"","Description":"","Attributes":1,"ValueType":"System.Int32"},"Value":2},{"Key":{"Id":"TestCase.ManagedType","Label":"ManagedType","Category":"","Description":"","Attributes":1,"ValueType":"System.String"},"Value":"SpreadsheetTests.SpreadsheetTests"},{"Key":{"Id":"MSTestDiscoverer.TestClassName","Label":"ClassName","Category":"","Description":"","Attributes":1,"ValueType":"System.String"},"Value":"SpreadsheetTests.SpreadsheetTests"},{"Key":{"Id":"TestObject.Traits","Label":"Traits","Category":"","Description":"","Attributes":5,"ValueType":"System.Collections.Generic.KeyValuePair`2[[System.String],[System.String]][]"},"Value":[]}]}]}}
TpTrace Verbose: 0 : 19388, 4, 2024/09/24, 17:34:30.652, 1090982511825, testhost.dll, TestRunCache: OnNewTestResult: Notified the onCacheHit callback.
TpTrace Verbose: 0 : 19388, 4, 2024/09/24, 17:34:30.653, 1090982518939, testhost.dll, MulticastDelegateUtilities.SafeInvoke: TestCaseEventsHandler.RaiseTestCaseStart: Invoking callback 1/1 for Microsoft.VisualStudio.TestPlatform.CrossPlatEngine.DataCollection.ProxyOutOfProcDataCollectionManager., took 0 ms.
TpTrace Information: 0 : 19388, 4, 2024/09/24, 17:34:30.653, 1090982519342, testhost.dll, MSTest - Executing test Spreadsheet_TestGetAllNonEmptyCells_FilledThanEmptiedCell
TpTrace Information: 0 : 19388, 4, 2024/09/24, 17:34:30.653, 1090982522325, testhost.dll, MSTest - Executed test Spreadsheet_TestGetAllNonEmptyCells_FilledThanEmptiedCell
TpTrace Verbose: 0 : 19388, 4, 2024/09/24, 17:34:30.653, 1090982522671, testhost.dll, TestExecutionRecorder.RecordEnd: test: SpreadsheetTests.SpreadsheetTests.Spreadsheet_TestGetAllNonEmptyCells_FilledThanEmptiedCell execution completed.
TpTrace Warning: 0 : 19388, 4, 2024/09/24, 17:34:30.653, 1090982522827, testhost.dll, TestRunCache: InProgressTests is null
TpTrace Verbose: 0 : 19388, 4, 2024/09/24, 17:34:30.654, 1090982528846, testhost.dll, MulticastDelegateUtilities.SafeInvoke: TestCaseEventsHandler.RaiseTestCaseEnd: Invoking callback 1/1 for Microsoft.VisualStudio.TestPlatform.CrossPlatEngine.DataCollection.ProxyOutOfProcDataCollectionManager., took 0 ms.
TpTrace Information: 0 : 19388, 4, 2024/09/24, 17:34:30.654, 1090982529143, testhost.dll, MSTest - MSTestExecutor:Test SpreadsheetTests.SpreadsheetTests.Spreadsheet_TestGetAllNonEmptyCells_FilledThanEmptiedCell failed. ErrorMessage:Test method SpreadsheetTests.SpreadsheetTests.Spreadsheet_TestGetAllNonEmptyCells_FilledThanEmptiedCell threw exception: 
System.NotImplementedException: The method or operation is not implemented., ErrorStackTrace:    at CS3500.Spreadsheet.Spreadsheet.SetCellContents(String name, Formula formula) in C:\Users\myers\Downloads\ps1\Spreadsheet\Spreadsheet.cs:line 199
   at SpreadsheetTests.SpreadsheetTests.Spreadsheet_TestGetAllNonEmptyCells_FilledThanEmptiedCell() in C:\Users\myers\Downloads\ps1\SpreadsheetTests\SpreadsheetTests.cs:line 181
   at System.RuntimeMethodHandle.InvokeMethod(Object target, Void** arguments, Signature sig, Boolean isConstructor)
   at System.Reflection.MethodBaseInvoker.InvokeWithNoArgs(Object obj, BindingFlags invokeAttr)
.
TpTrace Verbose: 0 : 19388, 4, 2024/09/24, 17:34:30.654, 1090982529350, testhost.dll, TestExecutionRecorder.RecordResult: Received result for test: SpreadsheetTests.SpreadsheetTests.Spreadsheet_TestGetAllNonEmptyCells_FilledThanEmptiedCell.
TpTrace Verbose: 0 : 19388, 4, 2024/09/24, 17:34:30.654, 1090982529545, testhost.dll, MulticastDelegateUtilities.SafeInvoke: TestCaseEventsHandler.RaiseTestCaseEnd: Invoking callback 1/1 for Microsoft.VisualStudio.TestPlatform.CrossPlatEngine.DataCollection.ProxyOutOfProcDataCollectionManager., took 0 ms.
TpTrace Warning: 0 : 19388, 4, 2024/09/24, 17:34:30.654, 1090982529710, testhost.dll, TestRunCache: InProgressTests is null
TpTrace Warning: 0 : 19388, 4, 2024/09/24, 17:34:30.654, 1090982529838, testhost.dll, TestRunCache: No test found corresponding to testResult 'Spreadsheet_TestGetAllNonEmptyCells_FilledThanEmptiedCell' in inProgress list.
TpTrace Verbose: 0 : 19388, 4, 2024/09/24, 17:34:30.654, 1090982530131, testhost.dll, TestExecutionRecorder.RecordStart: Starting test: SpreadsheetTests.SpreadsheetTests.Spreadsheet_TestGetCellContents_InvalidCell.
TpTrace Verbose: 0 : 19388, 4, 2024/09/24, 17:34:30.655, 1090982535591, testhost.dll, MulticastDelegateUtilities.SafeInvoke: TestCaseEventsHandler.RaiseTestCaseStart: Invoking callback 1/1 for Microsoft.VisualStudio.TestPlatform.CrossPlatEngine.DataCollection.ProxyOutOfProcDataCollectionManager., took 0 ms.
TpTrace Information: 0 : 19388, 4, 2024/09/24, 17:34:30.655, 1090982535879, testhost.dll, MSTest - Executing test Spreadsheet_TestGetCellContents_InvalidCell
TpTrace Information: 0 : 19388, 4, 2024/09/24, 17:34:30.656, 1090982547390, testhost.dll, MSTest - Executed test Spreadsheet_TestGetCellContents_InvalidCell
TpTrace Verbose: 0 : 19388, 4, 2024/09/24, 17:34:30.656, 1090982547748, testhost.dll, TestExecutionRecorder.RecordEnd: test: SpreadsheetTests.SpreadsheetTests.Spreadsheet_TestGetCellContents_InvalidCell execution completed.
TpTrace Verbose: 0 : 19388, 4, 2024/09/24, 17:34:30.657, 1090982555236, testhost.dll, MulticastDelegateUtilities.SafeInvoke: TestCaseEventsHandler.RaiseTestCaseEnd: Invoking callback 1/1 for Microsoft.VisualStudio.TestPlatform.CrossPlatEngine.DataCollection.ProxyOutOfProcDataCollectionManager., took 0 ms.
TpTrace Information: 0 : 19388, 4, 2024/09/24, 17:34:30.657, 1090982555707, testhost.dll, MSTest - MSTestExecutor:Test SpreadsheetTests.SpreadsheetTests.Spreadsheet_TestGetCellContents_InvalidCell failed. ErrorMessage:Test method SpreadsheetTests.SpreadsheetTests.Spreadsheet_TestGetCellContents_InvalidCell threw exception: 
System.ArgumentNullException: Value cannot be null. (Parameter 'dictionary'), ErrorStackTrace:    at System.Collections.Generic.CollectionExtensions.GetValueOrDefault[TKey,TValue](IReadOnlyDictionary`2 dictionary, TKey key, TValue defaultValue)
   at System.Collections.Generic.CollectionExtensions.GetValueOrDefault[TKey,TValue](IReadOnlyDictionary`2 dictionary, TKey key)
   at CS3500.Spreadsheet.Spreadsheet.GetCellContents(String name) in C:\Users\myers\Downloads\ps1\Spreadsheet\Spreadsheet.cs:line 118
   at SpreadsheetTests.SpreadsheetTests.Spreadsheet_TestGetCellContents_InvalidCell() in C:\Users\myers\Downloads\ps1\SpreadsheetTests\SpreadsheetTests.cs:line 201
   at System.RuntimeMethodHandle.InvokeMethod(Object target, Void** arguments, Signature sig, Boolean isConstructor)
   at System.Reflection.MethodBaseInvoker.InvokeWithNoArgs(Object obj, BindingFlags invokeAttr)
.
TpTrace Verbose: 0 : 19388, 4, 2024/09/24, 17:34:30.657, 1090982555979, testhost.dll, TestExecutionRecorder.RecordResult: Received result for test: SpreadsheetTests.SpreadsheetTests.Spreadsheet_TestGetCellContents_InvalidCell.
TpTrace Verbose: 0 : 19388, 4, 2024/09/24, 17:34:30.657, 1090982556255, testhost.dll, MulticastDelegateUtilities.SafeInvoke: TestCaseEventsHandler.RaiseTestCaseEnd: Invoking callback 1/1 for Microsoft.VisualStudio.TestPlatform.CrossPlatEngine.DataCollection.ProxyOutOfProcDataCollectionManager., took 0 ms.
TpTrace Warning: 0 : 19388, 4, 2024/09/24, 17:34:30.657, 1090982556449, testhost.dll, TestRunCache: InProgressTests is null
TpTrace Warning: 0 : 19388, 4, 2024/09/24, 17:34:30.657, 1090982556606, testhost.dll, TestRunCache: No test found corresponding to testResult 'Spreadsheet_TestGetCellContents_InvalidCell' in inProgress list.
TpTrace Information: 0 : 19388, 4, 2024/09/24, 17:34:30.657, 1090982556832, testhost.dll, MSTest - Executed tests belonging to source C:\Users\myers\Downloads\ps1\SpreadsheetTests\bin\Debug\net8.0\fine-code-coverage\build-output\SpreadsheetTests.dll
TpTrace Verbose: 0 : 19388, 4, 2024/09/24, 17:34:30.657, 1090982559479, testhost.dll, BaseRunTests.RunTestInternalWithExecutors: Completed running tests for executor://MSTestAdapter/v2
TpTrace Verbose: 0 : 19388, 4, 2024/09/24, 17:34:30.658, 1090982565334, testhost.dll, MulticastDelegateUtilities.SafeInvoke: TestCaseEventsHandler.RaiseSessionEnd: Invoking callback 1/1 for Microsoft.VisualStudio.TestPlatform.CrossPlatEngine.DataCollection.ProxyOutOfProcDataCollectionManager., took 0 ms.
TpTrace Information: 0 : 19388, 4, 2024/09/24, 17:34:30.659, 1090982578425, testhost.dll, Sending test run complete
TpTrace Verbose: 0 : 19388, 4, 2024/09/24, 17:34:30.665, 1090982642534, testhost.dll, TestRequestHandler.SendData: sending data from testhost: {"Version":7,"MessageType":"TestExecution.Completed","Payload":{"TestRunCompleteArgs":{"TestRunStatistics":{"ExecutedTests":11,"Stats":{"Failed":11}},"IsCanceled":false,"IsAborted":false,"Error":null,"AttachmentSets":[],"InvokedDataCollectors":[],"ElapsedTimeInRunningTests":"00:00:00.1371026","Metrics":{},"DiscoveredExtensions":{"TestDiscoverers":["Microsoft.VisualStudio.TestPlatform.MSTest.TestAdapter.MSTestDiscoverer, Microsoft.VisualStudio.TestPlatform.MSTest.TestAdapter, Version=14.0.0.0, Culture=neutral, PublicKeyToken=b03f5f7f11d50a3a"],"TestExecutors":["executor://MSTestAdapter/v2"],"TestExecutors2":[],"TestSettingsProviders":[]}},"LastRunTests":{"NewTestResults":[{"TestCase":{"Id":"7aa1eaaa-0e8d-d3e5-fb60-aba0dc52e86d","FullyQualifiedName":"SpreadsheetTests.SpreadsheetTests.Spreadsheet_TestGetAllNonEmptyCells_FilledThanEmptiedCell","DisplayName":"Spreadsheet_TestGetAllNonEmptyCells_FilledThanEmptiedCell","ExecutorUri":"executor://MSTestAdapter/v2","Source":"C:\\Users\\myers\\Downloads\\ps1\\SpreadsheetTests\\bin\\Debug\\net8.0\\fine-code-coverage\\build-output\\SpreadsheetTests.dll","CodeFilePath":null,"LineNumber":-1,"Properties":[{"Key":{"Id":"TestCase.Hierarchy","Label":"Hierarchy","Category":"","Description":"","Attributes":2,"ValueType":"System.String[]"},"Value":[null,"SpreadsheetTests","SpreadsheetTests","Spreadsheet_TestGetAllNonEmptyCells_FilledThanEmptiedCell"]},{"Key":{"Id":"TestCase.ManagedMethod","Label":"ManagedMethod","Category":"","Description":"","Attributes":1,"ValueType":"System.String"},"Value":"Spreadsheet_TestGetAllNonEmptyCells_FilledThanEmptiedCell"},{"Key":{"Id":"MSTest.TestIdGenerationStrategy","Label":"TestIdGenerationStrategy","Category":"","Description":"","Attributes":1,"ValueType":"System.Int32"},"Value":2},{"Key":{"Id":"TestCase.ManagedType","Label":"ManagedType","Category":"","Description":"","Attributes":1,"ValueType":"System.String"},"Value":"SpreadsheetTests.SpreadsheetTests"},{"Key":{"Id":"MSTestDiscoverer.TestClassName","Label":"ClassName","Category":"","Description":"","Attributes":1,"ValueType":"System.String"},"Value":"SpreadsheetTests.SpreadsheetTests"},{"Key":{"Id":"TestObject.Traits","Label":"Traits","Category":"","Description":"","Attributes":5,"ValueType":"System.Collections.Generic.KeyValuePair`2[[System.String],[System.String]][]"},"Value":[]}]},"Attachments":[],"Outcome":2,"ErrorMessage":"Test method SpreadsheetTests.SpreadsheetTests.Spreadsheet_TestGetAllNonEmptyCells_FilledThanEmptiedCell threw exception: \r\nSystem.NotImplementedException: The method or operation is not implemented.","ErrorStackTrace":"    at CS3500.Spreadsheet.Spreadsheet.SetCellContents(String name, Formula formula) in C:\\Users\\myers\\Downloads\\ps1\\Spreadsheet\\Spreadsheet.cs:line 199\r\n   at SpreadsheetTests.SpreadsheetTests.Spreadsheet_TestGetAllNonEmptyCells_FilledThanEmptiedCell() in C:\\Users\\myers\\Downloads\\ps1\\SpreadsheetTests\\SpreadsheetTests.cs:line 181\r\n   at System.RuntimeMethodHandle.InvokeMethod(Object target, Void** arguments, Signature sig, Boolean isConstructor)\r\n   at System.Reflection.MethodBaseInvoker.InvokeWithNoArgs(Object obj, BindingFlags invokeAttr)\r\n","DisplayName":"Spreadsheet_TestGetAllNonEmptyCells_FilledThanEmptiedCell","Messages":[],"ComputerName":"DESKTOP-FTTEOKS","Duration":"00:00:00.0002176","StartTime":"2024-09-24T17:34:30.6534192-06:00","EndTime":"2024-09-24T17:34:30.6537495-06:00","Properties":[{"Key":{"Id":"ParentExecId","Label":"ParentExecId","Category":"","Description":"","Attributes":1,"ValueType":"System.Guid"},"Value":"00000000-0000-0000-0000-000000000000"},{"Key":{"Id":"InnerResultsCount","Label":"InnerResultsCount","Category":"","Description":"","Attributes":1,"ValueType":"System.Int32"},"Value":0},{"Key":{"Id":"ExecutionId","Label":"ExecutionId","Category":"","Description":"","Attributes":1,"ValueType":"System.Guid"},"Value":"00000000-0000-0000-0000-000000000000"}]},{"TestCase":{"Id":"6498d8c2-07c8-e7b0-6f4e-1c9ffc421d8f","FullyQualifiedName":"SpreadsheetTests.SpreadsheetTests.Spreadsheet_TestGetCellContents_InvalidCell","DisplayName":"Spreadsheet_TestGetCellContents_InvalidCell","ExecutorUri":"executor://MSTestAdapter/v2","Source":"C:\\Users\\myers\\Downloads\\ps1\\SpreadsheetTests\\bin\\Debug\\net8.0\\fine-code-coverage\\build-output\\SpreadsheetTests.dll","CodeFilePath":null,"LineNumber":-1,"Properties":[{"Key":{"Id":"TestCase.Hierarchy","Label":"Hierarchy","Category":"","Description":"","Attributes":2,"ValueType":"System.String[]"},"Value":[null,"SpreadsheetTests","SpreadsheetTests","Spreadsheet_TestGetCellContents_InvalidCell"]},{"Key":{"Id":"TestCase.ManagedMethod","Label":"ManagedMethod","Category":"","Description":"","Attributes":1,"ValueType":"System.String"},"Value":"Spreadsheet_TestGetCellContents_InvalidCell"},{"Key":{"Id":"MSTest.TestIdGenerationStrategy","Label":"TestIdGenerationStrategy","Category":"","Description":"","Attributes":1,"ValueType":"System.Int32"},"Value":2},{"Key":{"Id":"TestCase.ManagedType","Label":"ManagedType","Category":"","Description":"","Attributes":1,"ValueType":"System.String"},"Value":"SpreadsheetTests.SpreadsheetTests"},{"Key":{"Id":"MSTestDiscoverer.TestClassName","Label":"ClassName","Category":"","Description":"","Attributes":1,"ValueType":"System.String"},"Value":"SpreadsheetTests.SpreadsheetTests"},{"Key":{"Id":"TestObject.Traits","Label":"Traits","Category":"","Description":"","Attributes":5,"ValueType":"System.Collections.Generic.KeyValuePair`2[[System.String],[System.String]][]"},"Value":[]}]},"Attachments":[],"Outcome":2,"ErrorMessage":"Test method SpreadsheetTests.SpreadsheetTests.Spreadsheet_TestGetCellContents_InvalidCell threw exception: \r\nSystem.ArgumentNullException: Value cannot be null. (Parameter 'dictionary')","ErrorStackTrace":"    at System.Collections.Generic.CollectionExtensions.GetValueOrDefault[TKey,TValue](IReadOnlyDictionary`2 dictionary, TKey key, TValue defaultValue)\r\n   at System.Collections.Generic.CollectionExtensions.GetValueOrDefault[TKey,TValue](IReadOnlyDictionary`2 dictionary, TKey key)\r\n   at CS3500.Spreadsheet.Spreadsheet.GetCellContents(String name) in C:\\Users\\myers\\Downloads\\ps1\\Spreadsheet\\Spreadsheet.cs:line 118\r\n   at SpreadsheetTests.SpreadsheetTests.Spreadsheet_TestGetCellContents_InvalidCell() in C:\\Users\\myers\\Downloads\\ps1\\SpreadsheetTests\\SpreadsheetTests.cs:line 201\r\n   at System.RuntimeMethodHandle.InvokeMethod(Object target, Void** arguments, Signature sig, Boolean isConstructor)\r\n   at System.Reflection.MethodBaseInvoker.InvokeWithNoArgs(Object obj, BindingFlags invokeAttr)\r\n","DisplayName":"Spreadsheet_TestGetCellContents_InvalidCell","Messages":[],"ComputerName":"DESKTOP-FTTEOKS","Duration":"00:00:00.0005779","StartTime":"2024-09-24T17:34:30.6550758-06:00","EndTime":"2024-09-24T17:34:30.656258-06:00","Properties":[{"Key":{"Id":"ParentExecId","Label":"ParentExecId","Category":"","Description":"","Attributes":1,"ValueType":"System.Guid"},"Value":"00000000-0000-0000-0000-000000000000"},{"Key":{"Id":"InnerResultsCount","Label":"InnerResultsCount","Category":"","Description":"","Attributes":1,"ValueType":"System.Int32"},"Value":0},{"Key":{"Id":"ExecutionId","Label":"ExecutionId","Category":"","Description":"","Attributes":1,"ValueType":"System.Guid"},"Value":"00000000-0000-0000-0000-000000000000"}]}],"TestRunStatistics":{"ExecutedTests":11,"Stats":{"Failed":11}},"ActiveTests":[]},"RunAttachments":[],"ExecutorUris":["executor://mstestadapter/v2"]}}
TpTrace Verbose: 0 : 19388, 4, 2024/09/24, 17:34:30.665, 1090982644827, testhost.dll, BaseRunTests.RunTests: Run is complete.
TpTrace Verbose: 0 : 19388, 10, 2024/09/24, 17:34:30.677, 1090982765042, testhost.dll, TcpClientExtensions.MessageLoopAsync: NotifyDataAvailable remoteEndPoint: [::ffff:127.0.0.1]:56558 localEndPoint: [::ffff:127.0.0.1]:56559
TpTrace Information: 0 : 19388, 10, 2024/09/24, 17:34:30.678, 1090982765945, testhost.dll, TestRequestHandler.OnMessageReceived: received message: (TestSession.Terminate) -> {"MessageType":"TestSession.Terminate","Payload":null}
TpTrace Information: 0 : 19388, 10, 2024/09/24, 17:34:30.678, 1090982766191, testhost.dll, Session End message received from server. Closing the connection.
TpTrace Information: 0 : 19388, 10, 2024/09/24, 17:34:30.678, 1090982768234, testhost.dll, SocketClient.Stop: Stop communication from server endpoint: 127.0.0.1:056558
TpTrace Information: 0 : 19388, 10, 2024/09/24, 17:34:30.678, 1090982768554, testhost.dll, SocketClient: Stop: Cancellation requested. Stopping message loop.
TpTrace Verbose: 0 : 19388, 10, 2024/09/24, 17:34:30.678, 1090982769855, testhost.dll, LengthPrefixCommunicationChannel.Dispose: Dispose reader and writer.
TpTrace Information: 0 : 19388, 10, 2024/09/24, 17:34:30.678, 1090982770186, testhost.dll, Closing the connection !
TpTrace Information: 0 : 19388, 1, 2024/09/24, 17:34:30.678, 1090982770203, testhost.dll, Closing the connection!
TpTrace Verbose: 0 : 19388, 10, 2024/09/24, 17:34:30.678, 1090982770412, testhost.dll, MulticastDelegateUtilities.SafeInvoke: LengthPrefixCommunicationChannel: MessageReceived: Invoking callback 1/1 for Microsoft.VisualStudio.TestPlatform.CommunicationUtilities.TestRequestHandler., took 0 ms.
TpTrace Information: 0 : 19388, 1, 2024/09/24, 17:34:30.678, 1090982770996, testhost.dll, Testhost process exiting.
TpTrace Information: 0 : 19388, 10, 2024/09/24, 17:34:30.678, 1090982771886, testhost.dll, SocketClient.PrivateStop: Stop communication from server endpoint: 127.0.0.1:056558, error:
TpTrace Verbose: 0 : 19388, 10, 2024/09/24, 17:34:30.678, 1090982772768, testhost.dll, LengthPrefixCommunicationChannel.Dispose: Dispose reader and writer.
TpTrace Verbose: 0 : 19388, 10, 2024/09/24, 17:34:30.678, 1090982773043, testhost.dll, TcpClientExtensions.MessageLoopAsync: exiting MessageLoopAsync remoteEndPoint: [::ffff:127.0.0.1]:56558 localEndPoint: [::ffff:127.0.0.1]:56559
