TpTrace Verbose: 0 : 1344, 1, 2024/09/24, 13:14:01.367, 934689664106, vstest.console.dll, Version: 17.11.0-release-24352-05 Current process architecture: X64
TpTrace Verbose: 0 : 1344, 1, 2024/09/24, 13:14:01.369, 934689682849, vstest.console.dll, Runtime location: C:\Program Files\dotnet\shared\Microsoft.NETCore.App\8.0.8
TpTrace Verbose: 0 : 1344, 1, 2024/09/24, 13:14:01.371, 934689702561, vstest.console.dll, ArtifactProcessingPostProcessModeProcessorExecutor.Initialize: ArtifactProcessingMode.Collect
TpTrace Verbose: 0 : 1344, 1, 2024/09/24, 13:14:01.371, 934689703271, vstest.console.dll, TestSessionCorrelationIdProcessorModeProcessorExecutor.Initialize: TestSessionCorrelationId '6860_d75e2733-3b2f-493e-baa7-e357732959aa'
TpTrace Information: 0 : 1344, 1, 2024/09/24, 13:14:01.375, 934689741294, vstest.console.dll, FilePatternParser: The given file C:\Users\myers\Downloads\ps1\SpreadsheetTests\bin\Debug\net8.0\fine-code-coverage\build-output\SpreadsheetTests.dll is a full path.
TpTrace Verbose: 0 : 1344, 1, 2024/09/24, 13:14:01.381, 934689797236, vstest.console.dll, TestPluginCache.DiscoverTestExtensions: finding test extensions in assemblies ends with: RuntimeProvider.dll TPluginInfo: Microsoft.VisualStudio.TestPlatform.Common.ExtensionFramework.Utilities.TestRuntimePluginInformation TExtension: Microsoft.VisualStudio.TestPlatform.ObjectModel.Host.ITestRuntimeProvider
TpTrace Verbose: 0 : 1344, 1, 2024/09/24, 13:14:01.381, 934689798894, vstest.console.dll, TestPluginCache.GetExtensionPaths: Filtered extension paths: 
TpTrace Verbose: 0 : 1344, 1, 2024/09/24, 13:14:01.381, 934689799378, vstest.console.dll, TestPluginCache.GetExtensionPaths: Added default extension paths: C:\Program Files\dotnet\sdk\8.0.400\Extensions\Microsoft.Diagnostics.NETCore.Client.dll
C:\Program Files\dotnet\sdk\8.0.400\Extensions\Microsoft.TestPlatform.Extensions.BlameDataCollector.dll
C:\Program Files\dotnet\sdk\8.0.400\Extensions\Microsoft.TestPlatform.Extensions.EventLogCollector.dll
C:\Program Files\dotnet\sdk\8.0.400\Extensions\Microsoft.TestPlatform.TestHostRuntimeProvider.dll
C:\Program Files\dotnet\sdk\8.0.400\Extensions\Microsoft.VisualStudio.TestPlatform.Extensions.Html.TestLogger.dll
C:\Program Files\dotnet\sdk\8.0.400\Extensions\Microsoft.VisualStudio.TestPlatform.Extensions.Trx.TestLogger.dll
TpTrace Verbose: 0 : 1344, 1, 2024/09/24, 13:14:01.381, 934689799591, vstest.console.dll, TestPluginCache.GetExtensionPaths: Added unfilterableExtensionPaths: 
TpTrace Information: 0 : 1344, 1, 2024/09/24, 13:14:01.381, 934689804770, vstest.console.dll, AssemblyResolver.ctor: Creating AssemblyResolver with searchDirectories C:\Program Files\dotnet\sdk\8.0.400\Extensions,C:\Program Files\dotnet\sdk\8.0.400
TpTrace Verbose: 0 : 1344, 1, 2024/09/24, 13:14:01.382, 934689811161, vstest.console.dll, TestPluginCache.DiscoverTestExtensions: Discovering the extensions using extension path.
TpTrace Verbose: 0 : 1344, 1, 2024/09/24, 13:14:01.382, 934689811840, vstest.console.dll, TestPluginCache.GetExtensionPaths: Filtered extension paths: 
TpTrace Verbose: 0 : 1344, 1, 2024/09/24, 13:14:01.382, 934689812050, vstest.console.dll, TestPluginCache.GetExtensionPaths: Added default extension paths: C:\Program Files\dotnet\sdk\8.0.400\Extensions\Microsoft.Diagnostics.NETCore.Client.dll
C:\Program Files\dotnet\sdk\8.0.400\Extensions\Microsoft.TestPlatform.Extensions.BlameDataCollector.dll
C:\Program Files\dotnet\sdk\8.0.400\Extensions\Microsoft.TestPlatform.Extensions.EventLogCollector.dll
C:\Program Files\dotnet\sdk\8.0.400\Extensions\Microsoft.TestPlatform.TestHostRuntimeProvider.dll
C:\Program Files\dotnet\sdk\8.0.400\Extensions\Microsoft.VisualStudio.TestPlatform.Extensions.Html.TestLogger.dll
C:\Program Files\dotnet\sdk\8.0.400\Extensions\Microsoft.VisualStudio.TestPlatform.Extensions.Trx.TestLogger.dll
TpTrace Verbose: 0 : 1344, 1, 2024/09/24, 13:14:01.382, 934689812199, vstest.console.dll, TestPluginCache.GetExtensionPaths: Added unfilterableExtensionPaths: 
TpTrace Verbose: 0 : 1344, 1, 2024/09/24, 13:14:01.382, 934689812529, vstest.console.dll, TestPluginCache.DiscoverTestExtensions: Discovering the extensions using allExtensionPaths: C:\Program Files\dotnet\sdk\8.0.400\Extensions\Microsoft.Diagnostics.NETCore.Client.dll
C:\Program Files\dotnet\sdk\8.0.400\Extensions\Microsoft.TestPlatform.Extensions.BlameDataCollector.dll
C:\Program Files\dotnet\sdk\8.0.400\Extensions\Microsoft.TestPlatform.Extensions.EventLogCollector.dll
C:\Program Files\dotnet\sdk\8.0.400\Extensions\Microsoft.TestPlatform.TestHostRuntimeProvider.dll
C:\Program Files\dotnet\sdk\8.0.400\Extensions\Microsoft.VisualStudio.TestPlatform.Extensions.Html.TestLogger.dll
C:\Program Files\dotnet\sdk\8.0.400\Extensions\Microsoft.VisualStudio.TestPlatform.Extensions.Trx.TestLogger.dll
TpTrace Information: 0 : 1344, 1, 2024/09/24, 13:14:01.382, 934689813252, vstest.console.dll, AssemblyResolver.AddSearchDirectories: Adding more searchDirectories C:\Program Files\dotnet\sdk\8.0.400\Extensions,C:\Program Files\dotnet\sdk\8.0.400
TpTrace Information: 0 : 1344, 1, 2024/09/24, 13:14:01.382, 934689813590, vstest.console.dll, AssemblyResolver.AddSearchDirectories: Adding more searchDirectories C:\Program Files\dotnet\sdk\8.0.400\Extensions,C:\Program Files\dotnet\sdk\8.0.400
TpTrace Information: 0 : 1344, 1, 2024/09/24, 13:14:01.382, 934689813761, vstest.console.dll, AssemblyResolver.AddSearchDirectories: Adding more searchDirectories C:\Program Files\dotnet\sdk\8.0.400\Extensions,C:\Program Files\dotnet\sdk\8.0.400
TpTrace Information: 0 : 1344, 1, 2024/09/24, 13:14:01.382, 934689813903, vstest.console.dll, AssemblyResolver.AddSearchDirectories: Adding more searchDirectories C:\Program Files\dotnet\sdk\8.0.400\Extensions,C:\Program Files\dotnet\sdk\8.0.400
TpTrace Information: 0 : 1344, 1, 2024/09/24, 13:14:01.382, 934689814081, vstest.console.dll, AssemblyResolver.AddSearchDirectories: Adding more searchDirectories C:\Program Files\dotnet\sdk\8.0.400\Extensions,C:\Program Files\dotnet\sdk\8.0.400
TpTrace Information: 0 : 1344, 1, 2024/09/24, 13:14:01.382, 934689814222, vstest.console.dll, AssemblyResolver.AddSearchDirectories: Adding more searchDirectories C:\Program Files\dotnet\sdk\8.0.400\Extensions,C:\Program Files\dotnet\sdk\8.0.400
TpTrace Information: 0 : 1344, 1, 2024/09/24, 13:14:01.383, 934689816763, vstest.console.dll, AssemblyResolver.OnResolve: Microsoft.Diagnostics.NETCore.Client: Resolving assembly.
TpTrace Information: 0 : 1344, 1, 2024/09/24, 13:14:01.383, 934689817169, vstest.console.dll, AssemblyResolver.OnResolve: Microsoft.Diagnostics.NETCore.Client: Searching in: 'C:\Program Files\dotnet\sdk\8.0.400\Extensions'.
TpTrace Information: 0 : 1344, 1, 2024/09/24, 13:14:01.387, 934689859161, vstest.console.dll, AssemblyResolver.OnResolve: Microsoft.Diagnostics.NETCore.Client: Loading assembly 'C:\Program Files\dotnet\sdk\8.0.400\Extensions\Microsoft.Diagnostics.NETCore.Client.dll'.
TpTrace Information: 0 : 1344, 1, 2024/09/24, 13:14:01.388, 934689867755, vstest.console.dll, AssemblyResolver.OnResolve: Resolved assembly: Microsoft.Diagnostics.NETCore.Client, from path: C:\Program Files\dotnet\sdk\8.0.400\Extensions\Microsoft.Diagnostics.NETCore.Client.dll
TpTrace Verbose: 0 : 1344, 1, 2024/09/24, 13:14:01.390, 934689892770, vstest.console.dll, MetadataReaderExtensionsHelper: Discovering extensions inside assembly 'Microsoft.Diagnostics.NETCore.Client, Version=0.2.10.30701, Culture=neutral, PublicKeyToken=31bf3856ad364e35' file path 'C:\Program Files\dotnet\sdk\8.0.400\Extensions\Microsoft.Diagnostics.NETCore.Client.dll'
TpTrace Information: 0 : 1344, 1, 2024/09/24, 13:14:01.392, 934689914495, vstest.console.dll, AssemblyResolver.OnResolve: Microsoft.Bcl.AsyncInterfaces: Resolving assembly.
TpTrace Information: 0 : 1344, 1, 2024/09/24, 13:14:01.392, 934689914825, vstest.console.dll, AssemblyResolver.OnResolve: Microsoft.Bcl.AsyncInterfaces: Searching in: 'C:\Program Files\dotnet\sdk\8.0.400\Extensions'.
TpTrace Information: 0 : 1344, 1, 2024/09/24, 13:14:01.393, 934689915236, vstest.console.dll, AssemblyResolver.OnResolve: Microsoft.Bcl.AsyncInterfaces: Assembly path does not exist: 'C:\Program Files\dotnet\sdk\8.0.400\Extensions\Microsoft.Bcl.AsyncInterfaces.dll', returning.
TpTrace Information: 0 : 1344, 1, 2024/09/24, 13:14:01.393, 934689915835, vstest.console.dll, AssemblyResolver.OnResolve: Microsoft.Bcl.AsyncInterfaces: Assembly path does not exist: 'C:\Program Files\dotnet\sdk\8.0.400\Extensions\Microsoft.Bcl.AsyncInterfaces.exe', returning.
TpTrace Information: 0 : 1344, 1, 2024/09/24, 13:14:01.393, 934689916073, vstest.console.dll, AssemblyResolver.OnResolve: Microsoft.Bcl.AsyncInterfaces: Searching in: 'C:\Program Files\dotnet\sdk\8.0.400'.
TpTrace Information: 0 : 1344, 1, 2024/09/24, 13:14:01.393, 934689916448, vstest.console.dll, AssemblyResolver.OnResolve: Microsoft.Bcl.AsyncInterfaces: Assembly path does not exist: 'C:\Program Files\dotnet\sdk\8.0.400\Microsoft.Bcl.AsyncInterfaces.dll', returning.
TpTrace Information: 0 : 1344, 1, 2024/09/24, 13:14:01.393, 934689916788, vstest.console.dll, AssemblyResolver.OnResolve: Microsoft.Bcl.AsyncInterfaces: Assembly path does not exist: 'C:\Program Files\dotnet\sdk\8.0.400\Microsoft.Bcl.AsyncInterfaces.exe', returning.
TpTrace Information: 0 : 1344, 1, 2024/09/24, 13:14:01.393, 934689916957, vstest.console.dll, AssemblyResolver.OnResolve: Microsoft.Bcl.AsyncInterfaces: Failed to load assembly.
TpTrace Verbose: 0 : 1344, 1, 2024/09/24, 13:14:01.393, 934689917120, vstest.console.dll, CurrentDomainAssemblyResolve: Resolving assembly 'Microsoft.Bcl.AsyncInterfaces'.
TpTrace Information: 0 : 1344, 1, 2024/09/24, 13:14:01.393, 934689917382, vstest.console.dll, AssemblyResolver.OnResolve: Microsoft.Bcl.AsyncInterfaces: Resolving assembly.
TpTrace Information: 0 : 1344, 1, 2024/09/24, 13:14:01.393, 934689917587, vstest.console.dll, AssemblyResolver.OnResolve: Microsoft.Bcl.AsyncInterfaces: Resolved from cache.
TpTrace Verbose: 0 : 1344, 1, 2024/09/24, 13:14:01.393, 934689917721, vstest.console.dll, CurrentDomainAssemblyResolve: Resolving assembly 'Microsoft.Bcl.AsyncInterfaces'.
TpTrace Verbose: 0 : 1344, 1, 2024/09/24, 13:14:01.393, 934689917878, vstest.console.dll, CurrentDomainAssemblyResolve: Failed to resolve assembly 'Microsoft.Bcl.AsyncInterfaces'.
TpTrace Verbose: 0 : 1344, 1, 2024/09/24, 13:14:01.394, 934689934373, vstest.console.dll, CurrentDomainAssemblyResolve: Failed to resolve assembly 'Microsoft.Bcl.AsyncInterfaces'.
TpTrace Warning: 0 : 1344, 1, 2024/09/24, 13:14:01.402, 934690010430, vstest.console.dll, TestPluginDiscoverer: Failed to get types from assembly 'Microsoft.Diagnostics.NETCore.Client, Version=0.2.10.30701, Culture=neutral, PublicKeyToken=31bf3856ad364e35'. Error: System.Reflection.ReflectionTypeLoadException: Unable to load one or more of the requested types.
Could not load file or assembly 'Microsoft.Bcl.AsyncInterfaces, Version=6.0.0.0, Culture=neutral, PublicKeyToken=cc7b13ffcd2ddd51'. The system cannot find the file specified.
   at System.Reflection.RuntimeModule.GetTypes(RuntimeModule module)
   at System.Reflection.RuntimeModule.GetTypes()
   at Microsoft.VisualStudio.TestPlatform.Common.ExtensionFramework.TestPluginDiscoverer.GetTestExtensionsFromAssembly[TPluginInfo,TExtension](Assembly assembly, Dictionary`2 pluginInfos, String filePath) in /_/src/Microsoft.TestPlatform.Common/ExtensionFramework/TestPluginDiscoverer.cs:line 158
System.IO.FileNotFoundException: Could not load file or assembly 'Microsoft.Bcl.AsyncInterfaces, Version=6.0.0.0, Culture=neutral, PublicKeyToken=cc7b13ffcd2ddd51'. The system cannot find the file specified.
File name: 'Microsoft.Bcl.AsyncInterfaces, Version=6.0.0.0, Culture=neutral, PublicKeyToken=cc7b13ffcd2ddd51'
 ---> System.IO.FileNotFoundException: Could not load file or assembly 'Microsoft.Bcl.AsyncInterfaces, Culture=neutral, PublicKeyToken=null'. The system cannot find the file specified.
File name: 'Microsoft.Bcl.AsyncInterfaces, Culture=neutral, PublicKeyToken=null'
   at System.Reflection.RuntimeAssembly.InternalLoad(AssemblyName assemblyName, StackCrawlMark& stackMark, AssemblyLoadContext assemblyLoadContext, RuntimeAssembly requestingAssembly, Boolean throwOnFileNotFound)
   at System.Reflection.Assembly.Load(AssemblyName assemblyRef)
   at Microsoft.VisualStudio.TestPlatform.Common.ExtensionFramework.TestPluginCache.CurrentDomainAssemblyResolve(Object sender, AssemblyResolveEventArgs args) in /_/src/Microsoft.TestPlatform.Common/ExtensionFramework/TestPluginCache.cs:line 513
   at System.Runtime.Loader.AssemblyLoadContext.GetFirstResolvedAssemblyFromResolvingEvent(AssemblyName assemblyName)
   at System.Runtime.Loader.AssemblyLoadContext.ResolveUsingEvent(AssemblyName assemblyName)
   at System.Runtime.Loader.AssemblyLoadContext.ResolveUsingResolvingEvent(IntPtr gchManagedAssemblyLoadContext, AssemblyName assemblyName)
TpTrace Warning: 0 : 1344, 1, 2024/09/24, 13:14:01.402, 934690012127, vstest.console.dll, LoaderExceptions: System.IO.FileNotFoundException: Could not load file or assembly 'Microsoft.Bcl.AsyncInterfaces, Version=6.0.0.0, Culture=neutral, PublicKeyToken=cc7b13ffcd2ddd51'. The system cannot find the file specified.
File name: 'Microsoft.Bcl.AsyncInterfaces, Version=6.0.0.0, Culture=neutral, PublicKeyToken=cc7b13ffcd2ddd51'
 ---> System.IO.FileNotFoundException: Could not load file or assembly 'Microsoft.Bcl.AsyncInterfaces, Culture=neutral, PublicKeyToken=null'. The system cannot find the file specified.
File name: 'Microsoft.Bcl.AsyncInterfaces, Culture=neutral, PublicKeyToken=null'
   at System.Reflection.RuntimeAssembly.InternalLoad(AssemblyName assemblyName, StackCrawlMark& stackMark, AssemblyLoadContext assemblyLoadContext, RuntimeAssembly requestingAssembly, Boolean throwOnFileNotFound)
   at System.Reflection.Assembly.Load(AssemblyName assemblyRef)
   at Microsoft.VisualStudio.TestPlatform.Common.ExtensionFramework.TestPluginCache.CurrentDomainAssemblyResolve(Object sender, AssemblyResolveEventArgs args) in /_/src/Microsoft.TestPlatform.Common/ExtensionFramework/TestPluginCache.cs:line 513
   at System.Runtime.Loader.AssemblyLoadContext.GetFirstResolvedAssemblyFromResolvingEvent(AssemblyName assemblyName)
   at System.Runtime.Loader.AssemblyLoadContext.ResolveUsingEvent(AssemblyName assemblyName)
   at System.Runtime.Loader.AssemblyLoadContext.ResolveUsingResolvingEvent(IntPtr gchManagedAssemblyLoadContext, AssemblyName assemblyName)
TpTrace Information: 0 : 1344, 1, 2024/09/24, 13:14:01.402, 934690012892, vstest.console.dll, AssemblyResolver.OnResolve: Microsoft.TestPlatform.Extensions.BlameDataCollector: Resolving assembly.
TpTrace Information: 0 : 1344, 1, 2024/09/24, 13:14:01.402, 934690013117, vstest.console.dll, AssemblyResolver.OnResolve: Microsoft.TestPlatform.Extensions.BlameDataCollector: Searching in: 'C:\Program Files\dotnet\sdk\8.0.400\Extensions'.
TpTrace Information: 0 : 1344, 1, 2024/09/24, 13:14:01.403, 934690020867, vstest.console.dll, AssemblyResolver.OnResolve: Microsoft.TestPlatform.Extensions.BlameDataCollector: Loading assembly 'C:\Program Files\dotnet\sdk\8.0.400\Extensions\Microsoft.TestPlatform.Extensions.BlameDataCollector.dll'.
TpTrace Information: 0 : 1344, 1, 2024/09/24, 13:14:01.404, 934690026759, vstest.console.dll, AssemblyResolver.OnResolve: Resolved assembly: Microsoft.TestPlatform.Extensions.BlameDataCollector, from path: C:\Program Files\dotnet\sdk\8.0.400\Extensions\Microsoft.TestPlatform.Extensions.BlameDataCollector.dll
TpTrace Verbose: 0 : 1344, 1, 2024/09/24, 13:14:01.404, 934690027203, vstest.console.dll, MetadataReaderExtensionsHelper: Discovering extensions inside assembly 'Microsoft.TestPlatform.Extensions.BlameDataCollector, Version=15.0.0.0, Culture=neutral, PublicKeyToken=b03f5f7f11d50a3a' file path 'C:\Program Files\dotnet\sdk\8.0.400\Extensions\Microsoft.TestPlatform.Extensions.BlameDataCollector.dll'
TpTrace Information: 0 : 1344, 1, 2024/09/24, 13:14:01.405, 934690036057, vstest.console.dll, AssemblyResolver.OnResolve: Microsoft.TestPlatform.Extensions.EventLogCollector: Resolving assembly.
TpTrace Information: 0 : 1344, 1, 2024/09/24, 13:14:01.405, 934690036372, vstest.console.dll, AssemblyResolver.OnResolve: Microsoft.TestPlatform.Extensions.EventLogCollector: Searching in: 'C:\Program Files\dotnet\sdk\8.0.400\Extensions'.
TpTrace Information: 0 : 1344, 1, 2024/09/24, 13:14:01.405, 934690041987, vstest.console.dll, AssemblyResolver.OnResolve: Microsoft.TestPlatform.Extensions.EventLogCollector: Loading assembly 'C:\Program Files\dotnet\sdk\8.0.400\Extensions\Microsoft.TestPlatform.Extensions.EventLogCollector.dll'.
TpTrace Information: 0 : 1344, 1, 2024/09/24, 13:14:01.406, 934690046136, vstest.console.dll, AssemblyResolver.OnResolve: Resolved assembly: Microsoft.TestPlatform.Extensions.EventLogCollector, from path: C:\Program Files\dotnet\sdk\8.0.400\Extensions\Microsoft.TestPlatform.Extensions.EventLogCollector.dll
TpTrace Verbose: 0 : 1344, 1, 2024/09/24, 13:14:01.406, 934690046586, vstest.console.dll, MetadataReaderExtensionsHelper: Discovering extensions inside assembly 'Microsoft.TestPlatform.Extensions.EventLogCollector, Version=15.0.0.0, Culture=neutral, PublicKeyToken=b03f5f7f11d50a3a' file path 'C:\Program Files\dotnet\sdk\8.0.400\Extensions\Microsoft.TestPlatform.Extensions.EventLogCollector.dll'
TpTrace Information: 0 : 1344, 1, 2024/09/24, 13:14:01.407, 934690064530, vstest.console.dll, AssemblyResolver.OnResolve: Microsoft.TestPlatform.TestHostRuntimeProvider: Resolving assembly.
TpTrace Information: 0 : 1344, 1, 2024/09/24, 13:14:01.407, 934690064847, vstest.console.dll, AssemblyResolver.OnResolve: Microsoft.TestPlatform.TestHostRuntimeProvider: Searching in: 'C:\Program Files\dotnet\sdk\8.0.400\Extensions'.
TpTrace Information: 0 : 1344, 1, 2024/09/24, 13:14:01.408, 934690070646, vstest.console.dll, AssemblyResolver.OnResolve: Microsoft.TestPlatform.TestHostRuntimeProvider: Loading assembly 'C:\Program Files\dotnet\sdk\8.0.400\Extensions\Microsoft.TestPlatform.TestHostRuntimeProvider.dll'.
TpTrace Information: 0 : 1344, 1, 2024/09/24, 13:14:01.409, 934690075449, vstest.console.dll, AssemblyResolver.OnResolve: Resolved assembly: Microsoft.TestPlatform.TestHostRuntimeProvider, from path: C:\Program Files\dotnet\sdk\8.0.400\Extensions\Microsoft.TestPlatform.TestHostRuntimeProvider.dll
TpTrace Verbose: 0 : 1344, 1, 2024/09/24, 13:14:01.409, 934690075871, vstest.console.dll, MetadataReaderExtensionsHelper: Discovering extensions inside assembly 'Microsoft.TestPlatform.TestHostRuntimeProvider, Version=15.0.0.0, Culture=neutral, PublicKeyToken=b03f5f7f11d50a3a' file path 'C:\Program Files\dotnet\sdk\8.0.400\Extensions\Microsoft.TestPlatform.TestHostRuntimeProvider.dll'
TpTrace Information: 0 : 1344, 1, 2024/09/24, 13:14:01.410, 934690085837, vstest.console.dll, GetTestExtensionFromType: Register extension with identifier data 'HostProvider://DefaultTestHost' and type 'Microsoft.VisualStudio.TestPlatform.CrossPlatEngine.Hosting.DefaultTestHostManager, Microsoft.TestPlatform.TestHostRuntimeProvider, Version=15.0.0.0, Culture=neutral, PublicKeyToken=b03f5f7f11d50a3a' inside file 'C:\Program Files\dotnet\sdk\8.0.400\Extensions\Microsoft.TestPlatform.TestHostRuntimeProvider.dll'
TpTrace Information: 0 : 1344, 1, 2024/09/24, 13:14:01.410, 934690087129, vstest.console.dll, GetTestExtensionFromType: Register extension with identifier data 'HostProvider://DotnetTestHost' and type 'Microsoft.VisualStudio.TestPlatform.CrossPlatEngine.Hosting.DotnetTestHostManager, Microsoft.TestPlatform.TestHostRuntimeProvider, Version=15.0.0.0, Culture=neutral, PublicKeyToken=b03f5f7f11d50a3a' inside file 'C:\Program Files\dotnet\sdk\8.0.400\Extensions\Microsoft.TestPlatform.TestHostRuntimeProvider.dll'
TpTrace Information: 0 : 1344, 1, 2024/09/24, 13:14:01.410, 934690087544, vstest.console.dll, AssemblyResolver.OnResolve: Microsoft.VisualStudio.TestPlatform.Extensions.Html.TestLogger: Resolving assembly.
TpTrace Information: 0 : 1344, 1, 2024/09/24, 13:14:01.410, 934690087717, vstest.console.dll, AssemblyResolver.OnResolve: Microsoft.VisualStudio.TestPlatform.Extensions.Html.TestLogger: Searching in: 'C:\Program Files\dotnet\sdk\8.0.400\Extensions'.
TpTrace Information: 0 : 1344, 1, 2024/09/24, 13:14:01.410, 934690094462, vstest.console.dll, AssemblyResolver.OnResolve: Microsoft.VisualStudio.TestPlatform.Extensions.Html.TestLogger: Loading assembly 'C:\Program Files\dotnet\sdk\8.0.400\Extensions\Microsoft.VisualStudio.TestPlatform.Extensions.Html.TestLogger.dll'.
TpTrace Information: 0 : 1344, 1, 2024/09/24, 13:14:01.411, 934690097994, vstest.console.dll, AssemblyResolver.OnResolve: Resolved assembly: Microsoft.VisualStudio.TestPlatform.Extensions.Html.TestLogger, from path: C:\Program Files\dotnet\sdk\8.0.400\Extensions\Microsoft.VisualStudio.TestPlatform.Extensions.Html.TestLogger.dll
TpTrace Verbose: 0 : 1344, 1, 2024/09/24, 13:14:01.411, 934690098379, vstest.console.dll, MetadataReaderExtensionsHelper: Discovering extensions inside assembly 'Microsoft.VisualStudio.TestPlatform.Extensions.Html.TestLogger, Version=15.0.0.0, Culture=neutral, PublicKeyToken=b03f5f7f11d50a3a' file path 'C:\Program Files\dotnet\sdk\8.0.400\Extensions\Microsoft.VisualStudio.TestPlatform.Extensions.Html.TestLogger.dll'
TpTrace Information: 0 : 1344, 1, 2024/09/24, 13:14:01.411, 934690103829, vstest.console.dll, AssemblyResolver.OnResolve: Microsoft.VisualStudio.TestPlatform.Extensions.Trx.TestLogger: Resolving assembly.
TpTrace Information: 0 : 1344, 1, 2024/09/24, 13:14:01.411, 934690104132, vstest.console.dll, AssemblyResolver.OnResolve: Microsoft.VisualStudio.TestPlatform.Extensions.Trx.TestLogger: Searching in: 'C:\Program Files\dotnet\sdk\8.0.400\Extensions'.
TpTrace Information: 0 : 1344, 1, 2024/09/24, 13:14:01.412, 934690112388, vstest.console.dll, AssemblyResolver.OnResolve: Microsoft.VisualStudio.TestPlatform.Extensions.Trx.TestLogger: Loading assembly 'C:\Program Files\dotnet\sdk\8.0.400\Extensions\Microsoft.VisualStudio.TestPlatform.Extensions.Trx.TestLogger.dll'.
TpTrace Information: 0 : 1344, 1, 2024/09/24, 13:14:01.413, 934690121536, vstest.console.dll, AssemblyResolver.OnResolve: Resolved assembly: Microsoft.VisualStudio.TestPlatform.Extensions.Trx.TestLogger, from path: C:\Program Files\dotnet\sdk\8.0.400\Extensions\Microsoft.VisualStudio.TestPlatform.Extensions.Trx.TestLogger.dll
TpTrace Verbose: 0 : 1344, 1, 2024/09/24, 13:14:01.413, 934690122041, vstest.console.dll, MetadataReaderExtensionsHelper: Discovering extensions inside assembly 'Microsoft.VisualStudio.TestPlatform.Extensions.Trx.TestLogger, Version=15.0.0.0, Culture=neutral, PublicKeyToken=b03f5f7f11d50a3a' file path 'C:\Program Files\dotnet\sdk\8.0.400\Extensions\Microsoft.VisualStudio.TestPlatform.Extensions.Trx.TestLogger.dll'
TpTrace Verbose: 0 : 1344, 1, 2024/09/24, 13:14:01.414, 934690130550, vstest.console.dll, TestPluginCache: Discovered the extensions using extension path ''.
TpTrace Verbose: 0 : 1344, 1, 2024/09/24, 13:14:01.414, 934690130917, vstest.console.dll, TestPluginCache: Discoverers are ''.
TpTrace Verbose: 0 : 1344, 1, 2024/09/24, 13:14:01.414, 934690131065, vstest.console.dll, TestPluginCache: Executors are ''.
TpTrace Verbose: 0 : 1344, 1, 2024/09/24, 13:14:01.414, 934690131184, vstest.console.dll, TestPluginCache: Executors2 are ''.
TpTrace Verbose: 0 : 1344, 1, 2024/09/24, 13:14:01.414, 934690131300, vstest.console.dll, TestPluginCache: Setting providers are ''.
TpTrace Verbose: 0 : 1344, 1, 2024/09/24, 13:14:01.414, 934690131413, vstest.console.dll, TestPluginCache: Loggers are ''.
TpTrace Verbose: 0 : 1344, 1, 2024/09/24, 13:14:01.414, 934690132372, vstest.console.dll, TestPluginCache: TestHosts are 'HostProvider://DefaultTestHost,HostProvider://DotnetTestHost'.
TpTrace Verbose: 0 : 1344, 1, 2024/09/24, 13:14:01.414, 934690132600, vstest.console.dll, TestPluginCache: DataCollectors are ''.
TpTrace Information: 0 : 1344, 1, 2024/09/24, 13:14:01.427, 934690264038, vstest.console.dll, RunTestsArgumentProcessor:Execute: Test run is starting.
TpTrace Verbose: 0 : 1344, 1, 2024/09/24, 13:14:01.427, 934690264542, vstest.console.dll, RunTestsArgumentProcessor:Execute: Queuing Test run.
TpTrace Information: 0 : 1344, 1, 2024/09/24, 13:14:01.428, 934690265848, vstest.console.dll, TestRequestManager.RunTests: run tests started.
TpTrace Information: 0 : 1344, 1, 2024/09/24, 13:14:01.428, 934690272247, vstest.console.dll, AssemblyMetadataProvider.GetFrameworkName: Determined framework:'.NETCoreApp,Version=v8.0' for source: 'C:\Users\myers\Downloads\ps1\SpreadsheetTests\bin\Debug\net8.0\fine-code-coverage\build-output\SpreadsheetTests.dll'
TpTrace Information: 0 : 1344, 1, 2024/09/24, 13:14:01.428, 934690273011, vstest.console.dll, Determined framework for all sources: .NETCoreApp,Version=v8.0
TpTrace Verbose: 0 : 1344, 1, 2024/09/24, 13:14:01.428, 934690274801, vstest.console.dll, TestRequestManager.UpdateRunSettingsIfRequired: Default architecture: X64 IsDefaultTargetArchitecture: True, Current process architecture: X64 OperatingSystem: Windows.
TpTrace Information: 0 : 1344, 1, 2024/09/24, 13:14:01.429, 934690283771, vstest.console.dll, AssemblyMetadataProvider.GetArchitecture: Determined architecture:AnyCPU info for assembly: C:\Users\myers\Downloads\ps1\SpreadsheetTests\bin\Debug\net8.0\fine-code-coverage\build-output\SpreadsheetTests.dll
TpTrace Information: 0 : 1344, 1, 2024/09/24, 13:14:01.429, 934690284110, vstest.console.dll, Determined platform for source 'C:\Users\myers\Downloads\ps1\SpreadsheetTests\bin\Debug\net8.0\fine-code-coverage\build-output\SpreadsheetTests.dll' was AnyCPU and it will use the default plaform X64.
TpTrace Information: 0 : 1344, 1, 2024/09/24, 13:14:01.429, 934690284262, vstest.console.dll, None of the sources provided any runnable platform, using the default platform: X64
TpTrace Information: 0 : 1344, 1, 2024/09/24, 13:14:01.429, 934690284700, vstest.console.dll, Platform was updated to 'X64'.
TpTrace Information: 0 : 1344, 1, 2024/09/24, 13:14:01.432, 934690309712, vstest.console.dll, InferRunSettingsHelper.IsTestSettingsEnabled: Unable to navigate to RunSettings/MSTest. Current node: RunSettings
TpTrace Information: 0 : 1344, 1, 2024/09/24, 13:14:01.432, 934690312995, vstest.console.dll, AssemblyResolver.OnResolve: Microsoft.VisualStudio.TestPlatform.Fakes: Resolving assembly.
TpTrace Information: 0 : 1344, 1, 2024/09/24, 13:14:01.432, 934690313342, vstest.console.dll, AssemblyResolver.OnResolve: Microsoft.VisualStudio.TestPlatform.Fakes: Searching in: 'C:\Program Files\dotnet\sdk\8.0.400\Extensions'.
TpTrace Information: 0 : 1344, 1, 2024/09/24, 13:14:01.432, 934690313800, vstest.console.dll, AssemblyResolver.OnResolve: Microsoft.VisualStudio.TestPlatform.Fakes: Assembly path does not exist: 'C:\Program Files\dotnet\sdk\8.0.400\Extensions\Microsoft.VisualStudio.TestPlatform.Fakes.dll', returning.
TpTrace Information: 0 : 1344, 1, 2024/09/24, 13:14:01.432, 934690314179, vstest.console.dll, AssemblyResolver.OnResolve: Microsoft.VisualStudio.TestPlatform.Fakes: Assembly path does not exist: 'C:\Program Files\dotnet\sdk\8.0.400\Extensions\Microsoft.VisualStudio.TestPlatform.Fakes.exe', returning.
TpTrace Information: 0 : 1344, 1, 2024/09/24, 13:14:01.432, 934690314420, vstest.console.dll, AssemblyResolver.OnResolve: Microsoft.VisualStudio.TestPlatform.Fakes: Searching in: 'C:\Program Files\dotnet\sdk\8.0.400'.
TpTrace Information: 0 : 1344, 1, 2024/09/24, 13:14:01.432, 934690314765, vstest.console.dll, AssemblyResolver.OnResolve: Microsoft.VisualStudio.TestPlatform.Fakes: Assembly path does not exist: 'C:\Program Files\dotnet\sdk\8.0.400\Microsoft.VisualStudio.TestPlatform.Fakes.dll', returning.
TpTrace Information: 0 : 1344, 1, 2024/09/24, 13:14:01.433, 934690315108, vstest.console.dll, AssemblyResolver.OnResolve: Microsoft.VisualStudio.TestPlatform.Fakes: Assembly path does not exist: 'C:\Program Files\dotnet\sdk\8.0.400\Microsoft.VisualStudio.TestPlatform.Fakes.exe', returning.
TpTrace Information: 0 : 1344, 1, 2024/09/24, 13:14:01.433, 934690315286, vstest.console.dll, AssemblyResolver.OnResolve: Microsoft.VisualStudio.TestPlatform.Fakes: Failed to load assembly.
TpTrace Information: 0 : 1344, 1, 2024/09/24, 13:14:01.433, 934690316805, vstest.console.dll, Failed to load assembly Microsoft.VisualStudio.TestPlatform.Fakes, Version=17.0.0.0, Culture=neutral. Reason:System.IO.FileNotFoundException: Could not load file or assembly 'Microsoft.VisualStudio.TestPlatform.Fakes, Version=17.0.0.0, Culture=neutral, PublicKeyToken=null'. The system cannot find the file specified.
File name: 'Microsoft.VisualStudio.TestPlatform.Fakes, Version=17.0.0.0, Culture=neutral, PublicKeyToken=null'
   at System.Reflection.RuntimeAssembly.InternalLoad(AssemblyName assemblyName, StackCrawlMark& stackMark, AssemblyLoadContext assemblyLoadContext, RuntimeAssembly requestingAssembly, Boolean throwOnFileNotFound)
   at System.Reflection.Assembly.Load(AssemblyName assemblyRef)
   at Microsoft.VisualStudio.TestPlatform.Common.Utilities.FakesUtilities.LoadTestPlatformAssembly() in /_/src/Microsoft.TestPlatform.Common/Utilities/FakesUtilities.cs:line 272
TpTrace Verbose: 0 : 1344, 1, 2024/09/24, 13:14:01.435, 934690335405, vstest.console.dll, TestPluginCache.DiscoverTestExtensions: finding test extensions in assemblies ends with: TestLogger.dll TPluginInfo: Microsoft.VisualStudio.TestPlatform.Common.ExtensionFramework.Utilities.TestLoggerPluginInformation TExtension: Microsoft.VisualStudio.TestPlatform.ObjectModel.Client.ITestLogger
TpTrace Verbose: 0 : 1344, 1, 2024/09/24, 13:14:01.435, 934690335838, vstest.console.dll, TestPluginCache.GetExtensionPaths: Filtered extension paths: 
TpTrace Verbose: 0 : 1344, 1, 2024/09/24, 13:14:01.435, 934690336058, vstest.console.dll, TestPluginCache.GetExtensionPaths: Added default extension paths: C:\Program Files\dotnet\sdk\8.0.400\Extensions\Microsoft.Diagnostics.NETCore.Client.dll
C:\Program Files\dotnet\sdk\8.0.400\Extensions\Microsoft.TestPlatform.Extensions.BlameDataCollector.dll
C:\Program Files\dotnet\sdk\8.0.400\Extensions\Microsoft.TestPlatform.Extensions.EventLogCollector.dll
C:\Program Files\dotnet\sdk\8.0.400\Extensions\Microsoft.TestPlatform.TestHostRuntimeProvider.dll
C:\Program Files\dotnet\sdk\8.0.400\Extensions\Microsoft.VisualStudio.TestPlatform.Extensions.Html.TestLogger.dll
C:\Program Files\dotnet\sdk\8.0.400\Extensions\Microsoft.VisualStudio.TestPlatform.Extensions.Trx.TestLogger.dll
TpTrace Verbose: 0 : 1344, 1, 2024/09/24, 13:14:01.435, 934690336210, vstest.console.dll, TestPluginCache.GetExtensionPaths: Added unfilterableExtensionPaths: 
TpTrace Information: 0 : 1344, 1, 2024/09/24, 13:14:01.435, 934690336900, vstest.console.dll, AssemblyResolver.AddSearchDirectories: Adding more searchDirectories C:\Program Files\dotnet\sdk\8.0.400\Extensions,C:\Program Files\dotnet\sdk\8.0.400
TpTrace Verbose: 0 : 1344, 1, 2024/09/24, 13:14:01.435, 934690337174, vstest.console.dll, TestPluginCache.DiscoverTestExtensions: Discovering the extensions using extension path.
TpTrace Verbose: 0 : 1344, 1, 2024/09/24, 13:14:01.435, 934690337352, vstest.console.dll, TestPluginCache.GetExtensionPaths: Filtered extension paths: 
TpTrace Verbose: 0 : 1344, 1, 2024/09/24, 13:14:01.435, 934690337530, vstest.console.dll, TestPluginCache.GetExtensionPaths: Added default extension paths: C:\Program Files\dotnet\sdk\8.0.400\Extensions\Microsoft.Diagnostics.NETCore.Client.dll
C:\Program Files\dotnet\sdk\8.0.400\Extensions\Microsoft.TestPlatform.Extensions.BlameDataCollector.dll
C:\Program Files\dotnet\sdk\8.0.400\Extensions\Microsoft.TestPlatform.Extensions.EventLogCollector.dll
C:\Program Files\dotnet\sdk\8.0.400\Extensions\Microsoft.TestPlatform.TestHostRuntimeProvider.dll
C:\Program Files\dotnet\sdk\8.0.400\Extensions\Microsoft.VisualStudio.TestPlatform.Extensions.Html.TestLogger.dll
C:\Program Files\dotnet\sdk\8.0.400\Extensions\Microsoft.VisualStudio.TestPlatform.Extensions.Trx.TestLogger.dll
TpTrace Verbose: 0 : 1344, 1, 2024/09/24, 13:14:01.435, 934690337673, vstest.console.dll, TestPluginCache.GetExtensionPaths: Added unfilterableExtensionPaths: 
TpTrace Verbose: 0 : 1344, 1, 2024/09/24, 13:14:01.435, 934690337841, vstest.console.dll, TestPluginCache.DiscoverTestExtensions: Discovering the extensions using allExtensionPaths: C:\Program Files\dotnet\sdk\8.0.400\Extensions\Microsoft.Diagnostics.NETCore.Client.dll
C:\Program Files\dotnet\sdk\8.0.400\Extensions\Microsoft.TestPlatform.Extensions.BlameDataCollector.dll
C:\Program Files\dotnet\sdk\8.0.400\Extensions\Microsoft.TestPlatform.Extensions.EventLogCollector.dll
C:\Program Files\dotnet\sdk\8.0.400\Extensions\Microsoft.TestPlatform.TestHostRuntimeProvider.dll
C:\Program Files\dotnet\sdk\8.0.400\Extensions\Microsoft.VisualStudio.TestPlatform.Extensions.Html.TestLogger.dll
C:\Program Files\dotnet\sdk\8.0.400\Extensions\Microsoft.VisualStudio.TestPlatform.Extensions.Trx.TestLogger.dll
TpTrace Information: 0 : 1344, 1, 2024/09/24, 13:14:01.435, 934690338391, vstest.console.dll, AssemblyResolver.AddSearchDirectories: Adding more searchDirectories C:\Program Files\dotnet\sdk\8.0.400\Extensions,C:\Program Files\dotnet\sdk\8.0.400
TpTrace Information: 0 : 1344, 1, 2024/09/24, 13:14:01.435, 934690338640, vstest.console.dll, AssemblyResolver.AddSearchDirectories: Adding more searchDirectories C:\Program Files\dotnet\sdk\8.0.400\Extensions,C:\Program Files\dotnet\sdk\8.0.400
TpTrace Information: 0 : 1344, 1, 2024/09/24, 13:14:01.435, 934690338797, vstest.console.dll, AssemblyResolver.AddSearchDirectories: Adding more searchDirectories C:\Program Files\dotnet\sdk\8.0.400\Extensions,C:\Program Files\dotnet\sdk\8.0.400
TpTrace Information: 0 : 1344, 1, 2024/09/24, 13:14:01.435, 934690338938, vstest.console.dll, AssemblyResolver.AddSearchDirectories: Adding more searchDirectories C:\Program Files\dotnet\sdk\8.0.400\Extensions,C:\Program Files\dotnet\sdk\8.0.400
TpTrace Information: 0 : 1344, 1, 2024/09/24, 13:14:01.435, 934690339079, vstest.console.dll, AssemblyResolver.AddSearchDirectories: Adding more searchDirectories C:\Program Files\dotnet\sdk\8.0.400\Extensions,C:\Program Files\dotnet\sdk\8.0.400
TpTrace Information: 0 : 1344, 1, 2024/09/24, 13:14:01.435, 934690339253, vstest.console.dll, AssemblyResolver.AddSearchDirectories: Adding more searchDirectories C:\Program Files\dotnet\sdk\8.0.400\Extensions,C:\Program Files\dotnet\sdk\8.0.400
TpTrace Verbose: 0 : 1344, 1, 2024/09/24, 13:14:01.435, 934690339808, vstest.console.dll, MetadataReaderExtensionsHelper: Discovering extensions inside assembly 'Microsoft.Diagnostics.NETCore.Client, Version=0.2.10.30701, Culture=neutral, PublicKeyToken=31bf3856ad364e35' file path 'C:\Program Files\dotnet\sdk\8.0.400\Extensions\Microsoft.Diagnostics.NETCore.Client.dll'
TpTrace Information: 0 : 1344, 1, 2024/09/24, 13:14:01.435, 934690344799, vstest.console.dll, AssemblyResolver.OnResolve: Microsoft.Bcl.AsyncInterfaces: Resolving assembly.
TpTrace Information: 0 : 1344, 1, 2024/09/24, 13:14:01.435, 934690345101, vstest.console.dll, AssemblyResolver.OnResolve: Microsoft.Bcl.AsyncInterfaces: Resolved from cache.
TpTrace Verbose: 0 : 1344, 1, 2024/09/24, 13:14:01.436, 934690345252, vstest.console.dll, CurrentDomainAssemblyResolve: Resolving assembly 'Microsoft.Bcl.AsyncInterfaces'.
TpTrace Information: 0 : 1344, 1, 2024/09/24, 13:14:01.436, 934690345505, vstest.console.dll, AssemblyResolver.OnResolve: Microsoft.Bcl.AsyncInterfaces: Resolving assembly.
TpTrace Information: 0 : 1344, 1, 2024/09/24, 13:14:01.436, 934690345647, vstest.console.dll, AssemblyResolver.OnResolve: Microsoft.Bcl.AsyncInterfaces: Resolved from cache.
TpTrace Verbose: 0 : 1344, 1, 2024/09/24, 13:14:01.436, 934690345771, vstest.console.dll, CurrentDomainAssemblyResolve: Resolving assembly 'Microsoft.Bcl.AsyncInterfaces'.
TpTrace Verbose: 0 : 1344, 1, 2024/09/24, 13:14:01.436, 934690345893, vstest.console.dll, CurrentDomainAssemblyResolve: Failed to resolve assembly 'Microsoft.Bcl.AsyncInterfaces'.
TpTrace Verbose: 0 : 1344, 1, 2024/09/24, 13:14:01.436, 934690346587, vstest.console.dll, CurrentDomainAssemblyResolve: Failed to resolve assembly 'Microsoft.Bcl.AsyncInterfaces'.
TpTrace Warning: 0 : 1344, 1, 2024/09/24, 13:14:01.436, 934690348430, vstest.console.dll, TestPluginDiscoverer: Failed to get types from assembly 'Microsoft.Diagnostics.NETCore.Client, Version=0.2.10.30701, Culture=neutral, PublicKeyToken=31bf3856ad364e35'. Error: System.Reflection.ReflectionTypeLoadException: Unable to load one or more of the requested types.
Could not load file or assembly 'Microsoft.Bcl.AsyncInterfaces, Version=6.0.0.0, Culture=neutral, PublicKeyToken=cc7b13ffcd2ddd51'. The system cannot find the file specified.
   at System.Reflection.RuntimeModule.GetTypes(RuntimeModule module)
   at System.Reflection.RuntimeModule.GetTypes()
   at Microsoft.VisualStudio.TestPlatform.Common.ExtensionFramework.TestPluginDiscoverer.GetTestExtensionsFromAssembly[TPluginInfo,TExtension](Assembly assembly, Dictionary`2 pluginInfos, String filePath) in /_/src/Microsoft.TestPlatform.Common/ExtensionFramework/TestPluginDiscoverer.cs:line 158
System.IO.FileNotFoundException: Could not load file or assembly 'Microsoft.Bcl.AsyncInterfaces, Version=6.0.0.0, Culture=neutral, PublicKeyToken=cc7b13ffcd2ddd51'. The system cannot find the file specified.
File name: 'Microsoft.Bcl.AsyncInterfaces, Version=6.0.0.0, Culture=neutral, PublicKeyToken=cc7b13ffcd2ddd51'
 ---> System.IO.FileNotFoundException: Could not load file or assembly 'Microsoft.Bcl.AsyncInterfaces, Culture=neutral, PublicKeyToken=null'. The system cannot find the file specified.
File name: 'Microsoft.Bcl.AsyncInterfaces, Culture=neutral, PublicKeyToken=null'
   at System.Reflection.RuntimeAssembly.InternalLoad(AssemblyName assemblyName, StackCrawlMark& stackMark, AssemblyLoadContext assemblyLoadContext, RuntimeAssembly requestingAssembly, Boolean throwOnFileNotFound)
   at System.Reflection.Assembly.Load(AssemblyName assemblyRef)
   at Microsoft.VisualStudio.TestPlatform.Common.ExtensionFramework.TestPluginCache.CurrentDomainAssemblyResolve(Object sender, AssemblyResolveEventArgs args) in /_/src/Microsoft.TestPlatform.Common/ExtensionFramework/TestPluginCache.cs:line 513
   at System.Runtime.Loader.AssemblyLoadContext.GetFirstResolvedAssemblyFromResolvingEvent(AssemblyName assemblyName)
   at System.Runtime.Loader.AssemblyLoadContext.ResolveUsingEvent(AssemblyName assemblyName)
   at System.Runtime.Loader.AssemblyLoadContext.ResolveUsingResolvingEvent(IntPtr gchManagedAssemblyLoadContext, AssemblyName assemblyName)
TpTrace Warning: 0 : 1344, 1, 2024/09/24, 13:14:01.436, 934690349319, vstest.console.dll, LoaderExceptions: System.IO.FileNotFoundException: Could not load file or assembly 'Microsoft.Bcl.AsyncInterfaces, Version=6.0.0.0, Culture=neutral, PublicKeyToken=cc7b13ffcd2ddd51'. The system cannot find the file specified.
File name: 'Microsoft.Bcl.AsyncInterfaces, Version=6.0.0.0, Culture=neutral, PublicKeyToken=cc7b13ffcd2ddd51'
 ---> System.IO.FileNotFoundException: Could not load file or assembly 'Microsoft.Bcl.AsyncInterfaces, Culture=neutral, PublicKeyToken=null'. The system cannot find the file specified.
File name: 'Microsoft.Bcl.AsyncInterfaces, Culture=neutral, PublicKeyToken=null'
   at System.Reflection.RuntimeAssembly.InternalLoad(AssemblyName assemblyName, StackCrawlMark& stackMark, AssemblyLoadContext assemblyLoadContext, RuntimeAssembly requestingAssembly, Boolean throwOnFileNotFound)
   at System.Reflection.Assembly.Load(AssemblyName assemblyRef)
   at Microsoft.VisualStudio.TestPlatform.Common.ExtensionFramework.TestPluginCache.CurrentDomainAssemblyResolve(Object sender, AssemblyResolveEventArgs args) in /_/src/Microsoft.TestPlatform.Common/ExtensionFramework/TestPluginCache.cs:line 513
   at System.Runtime.Loader.AssemblyLoadContext.GetFirstResolvedAssemblyFromResolvingEvent(AssemblyName assemblyName)
   at System.Runtime.Loader.AssemblyLoadContext.ResolveUsingEvent(AssemblyName assemblyName)
   at System.Runtime.Loader.AssemblyLoadContext.ResolveUsingResolvingEvent(IntPtr gchManagedAssemblyLoadContext, AssemblyName assemblyName)
TpTrace Verbose: 0 : 1344, 1, 2024/09/24, 13:14:01.436, 934690349720, vstest.console.dll, MetadataReaderExtensionsHelper: Discovering extensions inside assembly 'Microsoft.TestPlatform.Extensions.BlameDataCollector, Version=15.0.0.0, Culture=neutral, PublicKeyToken=b03f5f7f11d50a3a' file path 'C:\Program Files\dotnet\sdk\8.0.400\Extensions\Microsoft.TestPlatform.Extensions.BlameDataCollector.dll'
TpTrace Information: 0 : 1344, 1, 2024/09/24, 13:14:01.436, 934690353376, vstest.console.dll, GetTestExtensionFromType: Register extension with identifier data 'logger://Microsoft/TestPlatform/Extensions/Blame/v1' and type 'Microsoft.TestPlatform.Extensions.BlameDataCollector.BlameLogger, Microsoft.TestPlatform.Extensions.BlameDataCollector, Version=15.0.0.0, Culture=neutral, PublicKeyToken=b03f5f7f11d50a3a' inside file 'C:\Program Files\dotnet\sdk\8.0.400\Extensions\Microsoft.TestPlatform.Extensions.BlameDataCollector.dll'
TpTrace Verbose: 0 : 1344, 1, 2024/09/24, 13:14:01.436, 934690353867, vstest.console.dll, MetadataReaderExtensionsHelper: Discovering extensions inside assembly 'Microsoft.TestPlatform.Extensions.EventLogCollector, Version=15.0.0.0, Culture=neutral, PublicKeyToken=b03f5f7f11d50a3a' file path 'C:\Program Files\dotnet\sdk\8.0.400\Extensions\Microsoft.TestPlatform.Extensions.EventLogCollector.dll'
TpTrace Verbose: 0 : 1344, 1, 2024/09/24, 13:14:01.437, 934690356491, vstest.console.dll, MetadataReaderExtensionsHelper: Discovering extensions inside assembly 'Microsoft.TestPlatform.TestHostRuntimeProvider, Version=15.0.0.0, Culture=neutral, PublicKeyToken=b03f5f7f11d50a3a' file path 'C:\Program Files\dotnet\sdk\8.0.400\Extensions\Microsoft.TestPlatform.TestHostRuntimeProvider.dll'
TpTrace Verbose: 0 : 1344, 1, 2024/09/24, 13:14:01.437, 934690359034, vstest.console.dll, MetadataReaderExtensionsHelper: Discovering extensions inside assembly 'Microsoft.VisualStudio.TestPlatform.Extensions.Html.TestLogger, Version=15.0.0.0, Culture=neutral, PublicKeyToken=b03f5f7f11d50a3a' file path 'C:\Program Files\dotnet\sdk\8.0.400\Extensions\Microsoft.VisualStudio.TestPlatform.Extensions.Html.TestLogger.dll'
TpTrace Information: 0 : 1344, 1, 2024/09/24, 13:14:01.437, 934690362491, vstest.console.dll, GetTestExtensionFromType: Register extension with identifier data 'logger://Microsoft/TestPlatform/HtmlLogger/v1' and type 'Microsoft.VisualStudio.TestPlatform.Extensions.HtmlLogger.HtmlLogger, Microsoft.VisualStudio.TestPlatform.Extensions.Html.TestLogger, Version=15.0.0.0, Culture=neutral, PublicKeyToken=b03f5f7f11d50a3a' inside file 'C:\Program Files\dotnet\sdk\8.0.400\Extensions\Microsoft.VisualStudio.TestPlatform.Extensions.Html.TestLogger.dll'
TpTrace Verbose: 0 : 1344, 1, 2024/09/24, 13:14:01.437, 934690362942, vstest.console.dll, MetadataReaderExtensionsHelper: Discovering extensions inside assembly 'Microsoft.VisualStudio.TestPlatform.Extensions.Trx.TestLogger, Version=15.0.0.0, Culture=neutral, PublicKeyToken=b03f5f7f11d50a3a' file path 'C:\Program Files\dotnet\sdk\8.0.400\Extensions\Microsoft.VisualStudio.TestPlatform.Extensions.Trx.TestLogger.dll'
TpTrace Information: 0 : 1344, 1, 2024/09/24, 13:14:01.438, 934690365594, vstest.console.dll, GetTestExtensionFromType: Register extension with identifier data 'logger://Microsoft/TestPlatform/TrxLogger/v1' and type 'Microsoft.VisualStudio.TestPlatform.Extensions.TrxLogger.TrxLogger, Microsoft.VisualStudio.TestPlatform.Extensions.Trx.TestLogger, Version=15.0.0.0, Culture=neutral, PublicKeyToken=b03f5f7f11d50a3a' inside file 'C:\Program Files\dotnet\sdk\8.0.400\Extensions\Microsoft.VisualStudio.TestPlatform.Extensions.Trx.TestLogger.dll'
TpTrace Verbose: 0 : 1344, 1, 2024/09/24, 13:14:01.438, 934690366038, vstest.console.dll, TestPluginCache: Discovered the extensions using extension path ''.
TpTrace Verbose: 0 : 1344, 1, 2024/09/24, 13:14:01.438, 934690366196, vstest.console.dll, TestPluginCache: Discoverers are ''.
TpTrace Verbose: 0 : 1344, 1, 2024/09/24, 13:14:01.438, 934690366320, vstest.console.dll, TestPluginCache: Executors are ''.
TpTrace Verbose: 0 : 1344, 1, 2024/09/24, 13:14:01.438, 934690366437, vstest.console.dll, TestPluginCache: Executors2 are ''.
TpTrace Verbose: 0 : 1344, 1, 2024/09/24, 13:14:01.438, 934690366552, vstest.console.dll, TestPluginCache: Setting providers are ''.
TpTrace Verbose: 0 : 1344, 1, 2024/09/24, 13:14:01.438, 934690366914, vstest.console.dll, TestPluginCache: Loggers are 'logger://Microsoft/TestPlatform/Extensions/Blame/v1,logger://Microsoft/TestPlatform/HtmlLogger/v1,logger://Microsoft/TestPlatform/TrxLogger/v1'.
TpTrace Verbose: 0 : 1344, 1, 2024/09/24, 13:14:01.438, 934690367191, vstest.console.dll, TestPluginCache: TestHosts are 'HostProvider://DefaultTestHost,HostProvider://DotnetTestHost'.
TpTrace Verbose: 0 : 1344, 1, 2024/09/24, 13:14:01.438, 934690367340, vstest.console.dll, TestPluginCache: DataCollectors are ''.
TpTrace Information: 0 : 1344, 1, 2024/09/24, 13:14:01.438, 934690371391, vstest.console.dll, TestPluginManager.CreateTestExtension: Attempting to load test extension: Microsoft.TestPlatform.Extensions.BlameDataCollector.BlameLogger
TpTrace Verbose: 0 : 1344, 1, 2024/09/24, 13:14:01.443, 934690424349, vstest.console.dll, TestEngine: Initializing Parallel Execution as MaxCpuCount is set to: 1
TpTrace Information: 0 : 1344, 1, 2024/09/24, 13:14:01.444, 934690433599, vstest.console.dll, TestPluginManager.CreateTestExtension: Attempting to load test extension: Microsoft.VisualStudio.TestPlatform.CrossPlatEngine.Hosting.DefaultTestHostManager
TpTrace Information: 0 : 1344, 1, 2024/09/24, 13:14:01.445, 934690439533, vstest.console.dll, TestPluginManager.CreateTestExtension: Attempting to load test extension: Microsoft.VisualStudio.TestPlatform.CrossPlatEngine.Hosting.DotnetTestHostManager
TpTrace Verbose: 0 : 1344, 1, 2024/09/24, 13:14:01.445, 934690440864, vstest.console.dll, TestHostManagerCallbacks.ctor: Forwarding output is enabled.
TpTrace Information: 0 : 1344, 1, 2024/09/24, 13:14:01.445, 934690443141, vstest.console.dll, InferRunSettingsHelper.IsTestSettingsEnabled: Unable to navigate to RunSettings/MSTest. Current node: RunSettings
TpTrace Verbose: 0 : 1344, 1, 2024/09/24, 13:14:01.446, 934690447307, vstest.console.dll, ParallelOperationManager.ClearSlots: Clearing all slots. Slots should accept more work: True
TpTrace Verbose: 0 : 1344, 1, 2024/09/24, 13:14:01.446, 934690450908, vstest.console.dll, ParallelOperationManager.SetOccupiedSlotCount: Setting slot counts AvailableSlotCount = 1, OccupiedSlotCount = 0.
TpTrace Verbose: 0 : 1344, 1, 2024/09/24, 13:14:01.446, 934690452727, vstest.console.dll, Occupied slots:

TpTrace Verbose: 0 : 1344, 1, 2024/09/24, 13:14:01.448, 934690470936, vstest.console.dll, TestEngine.GetExecutionManager: Chosen execution manager 'Microsoft.VisualStudio.TestPlatform.CrossPlatEngine.Client.Parallel.ParallelProxyExecutionManager, Microsoft.TestPlatform.CrossPlatEngine, Version=15.0.0.0, Culture=neutral, PublicKeyToken=b03f5f7f11d50a3a' ParallelLevel '1'.
TpTrace Verbose: 0 : 1344, 1, 2024/09/24, 13:14:01.448, 934690471784, vstest.console.dll, TestPlatform.GetSkipDefaultAdapters: Not skipping default adapters SkipDefaultAdapters was false.
TpTrace Verbose: 0 : 1344, 1, 2024/09/24, 13:14:01.448, 934690472291, vstest.console.dll, TestRunRequest.ExecuteAsync: Creating test run request.
TpTrace Verbose: 0 : 1344, 1, 2024/09/24, 13:14:01.448, 934690474719, vstest.console.dll, TestRunRequest.ExecuteAsync: Starting.
TpTrace Information: 0 : 1344, 1, 2024/09/24, 13:14:01.449, 934690481427, vstest.console.dll, TestRunRequest.ExecuteAsync: Starting run with settings:TestRunCriteria:
   KeepAlive=False,FrequencyOfRunStatsChangeEvent=10,RunStatsChangeEventTimeout=00:00:01.5000000,TestCaseFilter=,TestExecutorLauncher=
   Settingsxml=<RunSettings>
  <RunConfiguration>
    <ResultsDirectory>C:\Users\myers\Downloads\ps1\SpreadsheetTests\bin\Debug\net8.0\fine-code-coverage\coverage-tool-output</ResultsDirectory>
    <TargetPlatform>X64</TargetPlatform>
    <TargetFrameworkVersion>.NETCoreApp,Version=v8.0</TargetFrameworkVersion>
    <DesignMode>False</DesignMode>
    <CollectSourceInformation>False</CollectSourceInformation>
  </RunConfiguration>
  <LoggerRunSettings>
    <Loggers>
      <Logger friendlyName="blame" enabled="True" />
      <Logger friendlyName="Console" uri="logger://microsoft/TestPlatform/ConsoleLogger/v1" assemblyQualifiedName="Microsoft.VisualStudio.TestPlatform.CommandLine.Internal.ConsoleLogger, vstest.console, Version=15.0.0.0, Culture=neutral, PublicKeyToken=b03f5f7f11d50a3a" codeBase="C:\Program Files\dotnet\sdk\8.0.400\vstest.console.dll" enabled="True" />
    </Loggers>
  </LoggerRunSettings>
  <DataCollectionRunSettings>
    <DataCollectors>
      <DataCollector friendlyName="blame" enabled="True">
        <Configuration>
          <ResultsDirectory>C:\Users\myers\Downloads\ps1\SpreadsheetTests\bin\Debug\net8.0\fine-code-coverage\coverage-tool-output</ResultsDirectory>
        </Configuration>
      </DataCollector>
    </DataCollectors>
  </DataCollectionRunSettings>
</RunSettings>

TpTrace Verbose: 0 : 1344, 1, 2024/09/24, 13:14:01.449, 934690481806, vstest.console.dll, TestRunRequest.ExecuteAsync: Wait for the first run request is over.
TpTrace Verbose: 0 : 1344, 1, 2024/09/24, 13:14:01.449, 934690483181, vstest.console.dll, MulticastDelegateUtilities.SafeInvoke: TestRun.TestRunStart: Invoking callbacks was skipped because there are no subscribers.
TpTrace Verbose: 0 : 1344, 4, 2024/09/24, 13:14:01.449, 934690484045, vstest.console.dll, MulticastDelegateUtilities.SafeInvoke: InternalTestLoggerEvents.SendTestRunStart: Invoking callback 1/1 for Microsoft.VisualStudio.TestPlatform.CommandLine.Internal.ConsoleLogger., took 0 ms.
TpTrace Verbose: 0 : 1344, 1, 2024/09/24, 13:14:01.450, 934690488409, vstest.console.dll, ParallelProxyExecutionManager: Start execution. Total sources: 1
TpTrace Verbose: 0 : 1344, 1, 2024/09/24, 13:14:01.450, 934690490419, vstest.console.dll, ParallelOperationManager.StartWork: Starting adding 1 workloads.
TpTrace Verbose: 0 : 1344, 1, 2024/09/24, 13:14:01.450, 934690490845, vstest.console.dll, ParallelOperationManager.ClearSlots: Clearing all slots. Slots should accept more work: True
TpTrace Verbose: 0 : 1344, 1, 2024/09/24, 13:14:01.450, 934690491217, vstest.console.dll, ParallelOperationManager.SetOccupiedSlotCount: Setting slot counts AvailableSlotCount = 1, OccupiedSlotCount = 0.
TpTrace Verbose: 0 : 1344, 1, 2024/09/24, 13:14:01.450, 934690491406, vstest.console.dll, Occupied slots:

TpTrace Verbose: 0 : 1344, 1, 2024/09/24, 13:14:01.451, 934690497716, vstest.console.dll, TestHostManagerCallbacks.ctor: Forwarding output is enabled.
TpTrace Verbose: 0 : 1344, 1, 2024/09/24, 13:14:01.451, 934690498983, vstest.console.dll, TestRequestSender is acting as server.
TpTrace Verbose: 0 : 1344, 1, 2024/09/24, 13:14:01.452, 934690505800, vstest.console.dll, ParallelOperationManager.RunWorkInParallel: Adding 1 workload to slot, remaining workloads 0.
TpTrace Verbose: 0 : 1344, 1, 2024/09/24, 13:14:01.452, 934690506142, vstest.console.dll, ParallelOperationManager.SetOccupiedSlotCount: Setting slot counts AvailableSlotCount = 0, OccupiedSlotCount = 1.
TpTrace Verbose: 0 : 1344, 1, 2024/09/24, 13:14:01.452, 934690506675, vstest.console.dll, Occupied slots:
0: C:\Users\myers\Downloads\ps1\SpreadsheetTests\bin\Debug\net8.0\fine-code-coverage\build-output\SpreadsheetTests.dll
TpTrace Verbose: 0 : 1344, 1, 2024/09/24, 13:14:01.452, 934690512168, vstest.console.dll, ParallelOperationManager.RunWorkInParallel: Started host in slot number 0 for work (source): C:\Users\myers\Downloads\ps1\SpreadsheetTests\bin\Debug\net8.0\fine-code-coverage\build-output\SpreadsheetTests.dll.
TpTrace Verbose: 0 : 1344, 1, 2024/09/24, 13:14:01.453, 934690516635, vstest.console.dll, ParallelOperationManager.RunWorkInParallel: We started 1 work items, which is the max parallel level. Won't start more work.
TpTrace Verbose: 0 : 1344, 1, 2024/09/24, 13:14:01.453, 934690516932, vstest.console.dll, ParallelOperationManager.RunWorkInParallel: We started 1 work items in here, returning True.
TpTrace Information: 0 : 1344, 1, 2024/09/24, 13:14:01.453, 934690517141, vstest.console.dll, TestRunRequest.ExecuteAsync: Started.
TpTrace Verbose: 0 : 1344, 5, 2024/09/24, 13:14:01.453, 934690517118, vstest.console.dll, ParallelProxyExecutionManager.StartTestRunOnConcurrentManager: Initializing uninitialized client. Started clients: 0
TpTrace Verbose: 0 : 1344, 5, 2024/09/24, 13:14:01.453, 934690518097, vstest.console.dll, DataCollectionRequestSender.InitializeCommunication : Initialize communication. 
TpTrace Verbose: 0 : 1344, 1, 2024/09/24, 13:14:01.453, 934690520250, vstest.console.dll, TestRunRequest.WaitForCompletion: Waiting with timeout -1.
TpTrace Information: 0 : 1344, 5, 2024/09/24, 13:14:01.456, 934690555069, vstest.console.dll, Listening on Endpoint : 127.0.0.1:53895
TpTrace Verbose: 0 : 1344, 5, 2024/09/24, 13:14:01.460, 934690585588, vstest.console.dll, DotnetDataCollectionLauncher: Adding  --runtimeconfig "C:\Program Files\dotnet\sdk\8.0.400\datacollector.runtimeconfig.json" in args
TpTrace Verbose: 0 : 1344, 5, 2024/09/24, 13:14:01.460, 934690586422, vstest.console.dll, DotnetDataCollectionLauncher: Adding  --depsfile "C:\Program Files\dotnet\sdk\8.0.400\datacollector.deps.json" in args
TpTrace Verbose: 0 : 1344, 5, 2024/09/24, 13:14:01.460, 934690587429, vstest.console.dll, DotnetDataCollectionLauncher: Full path of dotnet.exe is C:\Program Files\dotnet\dotnet.exe
TpTrace Information: 0 : 1344, 5, 2024/09/24, 13:14:01.464, 934690625798, vstest.console.dll, ProxyDataCollectionManager.Initialize: Launched datacollector processId: 3844 port: 53895
TpTrace Information: 0 : 1344, 5, 2024/09/24, 13:14:01.464, 934690626315, vstest.console.dll, ProxyDataCollectionManager.Initialize: waiting for connection with timeout: 90 seconds
TpTrace Verbose: 0 : 1344, 5, 2024/09/24, 13:14:01.464, 934690626559, vstest.console.dll, DataCollectionRequestSender.WaitForRequestHandlerConnection : Waiting for connection with timeout: 90000
TpTrace Information: 0 : 1344, 7, 2024/09/24, 13:14:01.538, 934691365223, vstest.console.dll, Using the buffer size of 16384 bytes
TpTrace Verbose: 0 : 1344, 5, 2024/09/24, 13:14:01.538, 934691365313, vstest.console.dll, SocketCommunicationManager.WaitForClientConnection took: 73 ms, with 90000 ms timeout, and finished with True.
TpTrace Information: 0 : 1344, 7, 2024/09/24, 13:14:01.538, 934691365805, vstest.console.dll, Accepted Client request and set the flag
TpTrace Verbose: 0 : 1344, 5, 2024/09/24, 13:14:01.538, 934691366431, vstest.console.dll, ProxyDataCollectionManager.InvokeDataCollectionServiceAction: Starting.
TpTrace Information: 0 : 1344, 5, 2024/09/24, 13:14:01.538, 934691366816, vstest.console.dll, ProxyDataCollectionManager.BeforeTestRunStart: Get environment variable and port for datacollector processId: 3844 port: 53895
TpTrace Verbose: 0 : 1344, 5, 2024/09/24, 13:14:01.538, 934691367401, vstest.console.dll, DataCollectionRequestSender.SendBeforeTestRunStartAndGetResult: Send BeforeTestRunStart message with settingsXml <RunSettings><RunConfiguration><ResultsDirectory>C:\Users\myers\Downloads\ps1\SpreadsheetTests\bin\Debug\net8.0\fine-code-coverage\coverage-tool-output</ResultsDirectory><TargetPlatform>X64</TargetPlatform><TargetFrameworkVersion>.NETCoreApp,Version=v8.0</TargetFrameworkVersion><DesignMode>False</DesignMode><CollectSourceInformation>False</CollectSourceInformation><TestAdaptersPaths>C:\Program Files\dotnet\sdk\8.0.400\Extensions</TestAdaptersPaths></RunConfiguration><LoggerRunSettings><Loggers><Logger friendlyName="blame" enabled="True" /><Logger friendlyName="Console" uri="logger://microsoft/TestPlatform/ConsoleLogger/v1" assemblyQualifiedName="Microsoft.VisualStudio.TestPlatform.CommandLine.Internal.ConsoleLogger, vstest.console, Version=15.0.0.0, Culture=neutral, PublicKeyToken=b03f5f7f11d50a3a" codeBase="C:\Program Files\dotnet\sdk\8.0.400\vstest.console.dll" enabled="True" /></Loggers></LoggerRunSettings><DataCollectionRunSettings><DataCollectors><DataCollector friendlyName="blame" enabled="True"><Configuration><ResultsDirectory>C:\Users\myers\Downloads\ps1\SpreadsheetTests\bin\Debug\net8.0\fine-code-coverage\coverage-tool-output</ResultsDirectory></Configuration></DataCollector></DataCollectors></DataCollectionRunSettings></RunSettings> and sources System.Collections.Generic.List`1[System.String]: 
TpTrace Verbose: 0 : 1344, 5, 2024/09/24, 13:14:01.565, 934691636026, vstest.console.dll, DataCollectionRequestSender.SendBeforeTestRunStartAndGetResult: Received message: (DataCollection.SendMessage) -> {"MessageType":"DataCollection.SendMessage","Payload":{"FriendlyName":null,"Uri":null,"TestCaseId":"00000000-0000-0000-0000-000000000000","Message":"Logging DataCollector Diagnostics in file: C:\\Users\\myers\\Downloads\\ps1\\SpreadsheetTests\\bin\\Debug\\net8.0\\fine-code-coverage\\coverage-tool-output\\diagnostics.datacollector.24-09-24_13-14-01_45979_5.log","Level":0}}
TpTrace Verbose: 0 : 1344, 5, 2024/09/24, 13:14:01.608, 934692067676, vstest.console.dll, DataCollectionRequestSender.SendBeforeTestRunStartAndGetResult: Received message: (DataCollection.BeforeTestRunStartResult) -> {"MessageType":"DataCollection.BeforeTestRunStartResult","Payload":{"EnvironmentVariables":{},"DataCollectionEventsPort":53897}}
TpTrace Information: 0 : 1344, 5, 2024/09/24, 13:14:01.610, 934692093649, vstest.console.dll, ProxyDataCollectionManager.BeforeTestRunStart: SendBeforeTestRunStartAndGetResult successful, env variable from datacollector:   and testhost port: 53897
TpTrace Information: 0 : 1344, 5, 2024/09/24, 13:14:01.610, 934692094182, vstest.console.dll, ProxyDataCollectionManager.InvokeDataCollectionServiceAction: Completed.
TpTrace Verbose: 0 : 1344, 5, 2024/09/24, 13:14:01.610, 934692094368, vstest.console.dll, ParallelProxyExecutionManager.StartTestRunOnConcurrentManager: Initializing test run. Started clients: 0
TpTrace Verbose: 0 : 1344, 5, 2024/09/24, 13:14:01.610, 934692094859, vstest.console.dll, ProxyExecutionManager: Test host is always Lazy initialize.
TpTrace Verbose: 0 : 1344, 5, 2024/09/24, 13:14:01.611, 934692095957, vstest.console.dll, TestRequestSender.InitializeCommunication: initialize communication. 
TpTrace Information: 0 : 1344, 5, 2024/09/24, 13:14:01.611, 934692098390, vstest.console.dll, SocketServer.Start: Listening on endpoint : 127.0.0.1:53898
TpTrace Verbose: 0 : 1344, 5, 2024/09/24, 13:14:01.611, 934692102356, vstest.console.dll, DotnetTestHostmanager.GetTestHostProcessStartInfo: Platform environment 'X64' target architecture 'X64' framework '.NETCoreApp,Version=v8.0' OS 'Windows'
TpTrace Verbose: 0 : 1344, 5, 2024/09/24, 13:14:01.611, 934692103536, vstest.console.dll, DotnetTestHostmanager: Adding  --runtimeconfig "C:\Users\myers\Downloads\ps1\SpreadsheetTests\bin\Debug\net8.0\fine-code-coverage\build-output\SpreadsheetTests.runtimeconfig.json" in args
TpTrace Verbose: 0 : 1344, 5, 2024/09/24, 13:14:01.611, 934692104195, vstest.console.dll, DotnetTestHostmanager: Adding  --depsfile "C:\Users\myers\Downloads\ps1\SpreadsheetTests\bin\Debug\net8.0\fine-code-coverage\build-output\SpreadsheetTests.deps.json" in args
TpTrace Verbose: 0 : 1344, 5, 2024/09/24, 13:14:01.612, 934692105156, vstest.console.dll, DotnetTestHostmanager.IsWinOnArm: Current PROCESSOR_ARCHITECTURE from environment variable 'AMD64'
TpTrace Verbose: 0 : 1344, 5, 2024/09/24, 13:14:01.612, 934692105514, vstest.console.dll, DotnetTestHostmanager.IsWinOnArm: Is Windows on ARM 'False'
TpTrace Verbose: 0 : 1344, 5, 2024/09/24, 13:14:01.612, 934692106065, vstest.console.dll, DotnetTestHostManager: testhost.exe found at path: C:\Users\myers\Downloads\ps1\SpreadsheetTests\bin\Debug\net8.0\fine-code-coverage\build-output\testhost.exe
TpTrace Verbose: 0 : 1344, 5, 2024/09/24, 13:14:01.612, 934692106314, vstest.console.dll, DotnetTestHostmanager: Full path of host exe is C:\Users\myers\Downloads\ps1\SpreadsheetTests\bin\Debug\net8.0\fine-code-coverage\build-output\testhost.exe
TpTrace Verbose: 0 : 1344, 5, 2024/09/24, 13:14:01.612, 934692106934, vstest.console.dll, DotnetTestHostmanager.LaunchTestHostAsync: Found 'VSTEST_WINAPPHOST_DOTNET_ROOT' in env variables, value 'C:\Program Files\dotnet', forwarding to 'DOTNET_ROOT'
TpTrace Verbose: 0 : 1344, 5, 2024/09/24, 13:14:01.612, 934692107648, vstest.console.dll, DotnetTestHostManager: Starting process 'C:\Users\myers\Downloads\ps1\SpreadsheetTests\bin\Debug\net8.0\fine-code-coverage\build-output\testhost.exe' with command line ' --runtimeconfig "C:\Users\myers\Downloads\ps1\SpreadsheetTests\bin\Debug\net8.0\fine-code-coverage\build-output\SpreadsheetTests.runtimeconfig.json" --depsfile "C:\Users\myers\Downloads\ps1\SpreadsheetTests\bin\Debug\net8.0\fine-code-coverage\build-output\SpreadsheetTests.deps.json" --port 53898 --endpoint 127.0.0.1:053898 --role client --parentprocessid 1344 --diag "C:\Users\myers\Downloads\ps1\SpreadsheetTests\bin\Debug\net8.0\fine-code-coverage\coverage-tool-output\diagnostics.host.24-09-24_13-14-01_61151_5.log" --tracelevel 4 --datacollectionport 53897 --telemetryoptedin false'
TpTrace Verbose: 0 : 1344, 5, 2024/09/24, 13:14:01.618, 934692165505, vstest.console.dll, MulticastDelegateUtilities.SafeInvoke: HostProviderEvents.OnHostLaunched: Invoking callback 1/2 for Microsoft.VisualStudio.TestPlatform.CrossPlatEngine.Client.ProxyExecutionManagerWithDataCollection., took 0 ms.
TpTrace Verbose: 0 : 1344, 5, 2024/09/24, 13:14:01.618, 934692166793, vstest.console.dll, Test Runtime launched
TpTrace Verbose: 0 : 1344, 5, 2024/09/24, 13:14:01.618, 934692167134, vstest.console.dll, MulticastDelegateUtilities.SafeInvoke: HostProviderEvents.OnHostLaunched: Invoking callback 2/2 for Microsoft.VisualStudio.TestPlatform.CrossPlatEngine.Client.ProxyOperationManager., took 0 ms.
TpTrace Verbose: 0 : 1344, 5, 2024/09/24, 13:14:01.618, 934692167747, vstest.console.dll, TestRequestSender.WaitForRequestHandlerConnection: waiting for connection with timeout: 90000.
TpTrace Verbose: 0 : 1344, 14, 2024/09/24, 13:14:01.711, 934693103855, vstest.console.dll, MulticastDelegateUtilities.SafeInvoke: SocketServer: ClientConnected: Invoking callback 1/1 for Microsoft.VisualStudio.TestPlatform.CommunicationUtilities.TestRequestSender., took 0 ms.
TpTrace Verbose: 0 : 1344, 5, 2024/09/24, 13:14:01.711, 934693103855, vstest.console.dll, TestRequestSender.WaitForRequestHandlerConnection: waiting took 93 ms, with timeout 90000 ms, and result 0, which is success.
TpTrace Verbose: 0 : 1344, 14, 2024/09/24, 13:14:01.711, 934693104508, vstest.console.dll, SocketServer.OnClientConnected: Client connected for endPoint: 127.0.0.1:53898, starting MessageLoopAsync:
TpTrace Verbose: 0 : 1344, 15, 2024/09/24, 13:14:01.712, 934693107644, vstest.console.dll, TcpClientExtensions.MessageLoopAsync: Polling on remoteEndPoint: 127.0.0.1:53899 localEndPoint: 127.0.0.1:53898 after 0 ms
TpTrace Verbose: 0 : 1344, 5, 2024/09/24, 13:14:01.712, 934693109744, vstest.console.dll, TestRequestSender.CheckVersionWithTestHost: Sending check version message: {"MessageType":"ProtocolVersion","Payload":7}
TpTrace Verbose: 0 : 1344, 15, 2024/09/24, 13:14:01.767, 934693657027, vstest.console.dll, TcpClientExtensions.MessageLoopAsync: NotifyDataAvailable remoteEndPoint: 127.0.0.1:53899 localEndPoint: 127.0.0.1:53898
TpTrace Verbose: 0 : 1344, 15, 2024/09/24, 13:14:01.767, 934693658067, vstest.console.dll, TestRequestSender.CheckVersionWithTestHost: onMessageReceived received message: (ProtocolVersion) -> {"MessageType":"ProtocolVersion","Payload":7}
TpTrace Verbose: 0 : 1344, 15, 2024/09/24, 13:14:01.767, 934693663185, vstest.console.dll, MulticastDelegateUtilities.SafeInvoke: LengthPrefixCommunicationChannel: MessageReceived: Invoking callback 1/1 for Microsoft.VisualStudio.TestPlatform.CommunicationUtilities.TestRequestSender+<>c__DisplayClass29_0., took 0 ms.
TpTrace Verbose: 0 : 1344, 15, 2024/09/24, 13:14:01.767, 934693663698, vstest.console.dll, TcpClientExtensions.MessageLoopAsync: Polling on remoteEndPoint: 127.0.0.1:53899 localEndPoint: 127.0.0.1:53898 after 55 ms
TpTrace Verbose: 0 : 1344, 5, 2024/09/24, 13:14:01.767, 934693663768, vstest.console.dll, TestPluginCache.GetExtensionPaths: Filtered extension paths: 
TpTrace Verbose: 0 : 1344, 5, 2024/09/24, 13:14:01.767, 934693664363, vstest.console.dll, TestPluginCache.GetExtensionPaths: Added default extension paths: C:\Program Files\dotnet\sdk\8.0.400\Extensions\Microsoft.Diagnostics.NETCore.Client.dll
C:\Program Files\dotnet\sdk\8.0.400\Extensions\Microsoft.TestPlatform.Extensions.BlameDataCollector.dll
C:\Program Files\dotnet\sdk\8.0.400\Extensions\Microsoft.TestPlatform.Extensions.EventLogCollector.dll
C:\Program Files\dotnet\sdk\8.0.400\Extensions\Microsoft.TestPlatform.TestHostRuntimeProvider.dll
C:\Program Files\dotnet\sdk\8.0.400\Extensions\Microsoft.VisualStudio.TestPlatform.Extensions.Html.TestLogger.dll
C:\Program Files\dotnet\sdk\8.0.400\Extensions\Microsoft.VisualStudio.TestPlatform.Extensions.Trx.TestLogger.dll
TpTrace Verbose: 0 : 1344, 5, 2024/09/24, 13:14:01.767, 934693664984, vstest.console.dll, TestPluginCache.GetExtensionPaths: Added unfilterableExtensionPaths: 
TpTrace Verbose: 0 : 1344, 5, 2024/09/24, 13:14:01.769, 934693678560, vstest.console.dll, TestRequestSender.InitializeExecution: Sending initialize execution with message: {"Version":7,"MessageType":"TestExecution.Initialize","Payload":["C:\\Users\\myers\\Downloads\\ps1\\SpreadsheetTests\\bin\\Debug\\net8.0\\fine-code-coverage\\build-output\\Microsoft.VisualStudio.TestPlatform.MSTest.TestAdapter.dll"]}
TpTrace Verbose: 0 : 1344, 5, 2024/09/24, 13:14:01.769, 934693679249, vstest.console.dll, ParallelProxyExecutionManager.StartTestRunOnConcurrentManager: Execution starting. Started clients: 1
TpTrace Verbose: 0 : 1344, 5, 2024/09/24, 13:14:01.769, 934693680622, vstest.console.dll, TestRunRequest:SendTestRunMessage: Starting.
TpTrace Verbose: 0 : 1344, 5, 2024/09/24, 13:14:01.769, 934693681413, vstest.console.dll, MulticastDelegateUtilities.SafeInvoke: TestRun.LogMessages: Invoking callback 1/1 for Microsoft.VisualStudio.TestPlatform.CommandLine.TestRunResultAggregator., took 0 ms.
TpTrace Information: 0 : 1344, 5, 2024/09/24, 13:14:01.769, 934693681614, vstest.console.dll, TestRunRequest:SendTestRunMessage: Completed.
TpTrace Verbose: 0 : 1344, 4, 2024/09/24, 13:14:01.769, 934693682806, vstest.console.dll, MulticastDelegateUtilities.SafeInvoke: InternalTestLoggerEvents.SendTestRunMessage: Invoking callback 1/1 for Microsoft.VisualStudio.TestPlatform.CommandLine.Internal.ConsoleLogger., took 0 ms.
TpTrace Warning: 0 : 1344, 5, 2024/09/24, 13:14:01.769, 934693683754, vstest.console.dll, InferRunSettingsHelper.MakeRunsettingsCompatible: Removing the following settings: TargetPlatform from RunSettings file. To use those settings please move to latest version of Microsoft.NET.Test.Sdk
TpTrace Verbose: 0 : 1344, 15, 2024/09/24, 13:14:01.769, 934693684667, vstest.console.dll, TcpClientExtensions.MessageLoopAsync: NotifyDataAvailable remoteEndPoint: 127.0.0.1:53899 localEndPoint: 127.0.0.1:53898
TpTrace Verbose: 0 : 1344, 15, 2024/09/24, 13:14:01.770, 934693687775, vstest.console.dll, TestRequestSender.OnExecutionMessageReceived: Received message: {"Version":7,"MessageType":"TestSession.Message","Payload":{"MessageLevel":0,"Message":"Logging TestHost Diagnostics in file: C:\\Users\\myers\\Downloads\\ps1\\SpreadsheetTests\\bin\\Debug\\net8.0\\fine-code-coverage\\coverage-tool-output\\diagnostics.host.24-09-24_13-14-01_61151_5.log"}}
TpTrace Verbose: 0 : 1344, 15, 2024/09/24, 13:14:01.771, 934693700580, vstest.console.dll, TestRunRequest:SendTestRunMessage: Starting.
TpTrace Verbose: 0 : 1344, 15, 2024/09/24, 13:14:01.771, 934693701026, vstest.console.dll, MulticastDelegateUtilities.SafeInvoke: TestRun.LogMessages: Invoking callback 1/1 for Microsoft.VisualStudio.TestPlatform.CommandLine.TestRunResultAggregator., took 0 ms.
TpTrace Information: 0 : 1344, 15, 2024/09/24, 13:14:01.771, 934693701196, vstest.console.dll, TestRunRequest:SendTestRunMessage: Completed.
TpTrace Verbose: 0 : 1344, 4, 2024/09/24, 13:14:01.771, 934693701218, vstest.console.dll, MulticastDelegateUtilities.SafeInvoke: InternalTestLoggerEvents.SendTestRunMessage: Invoking callback 1/1 for Microsoft.VisualStudio.TestPlatform.CommandLine.Internal.ConsoleLogger., took 0 ms.
TpTrace Verbose: 0 : 1344, 15, 2024/09/24, 13:14:01.771, 934693701390, vstest.console.dll, MulticastDelegateUtilities.SafeInvoke: LengthPrefixCommunicationChannel: MessageReceived: Invoking callback 1/1 for Microsoft.VisualStudio.TestPlatform.CommunicationUtilities.TestRequestSender+<>c__DisplayClass34_0., took 1 ms.
TpTrace Verbose: 0 : 1344, 15, 2024/09/24, 13:14:01.771, 934693701792, vstest.console.dll, TcpClientExtensions.MessageLoopAsync: Polling on remoteEndPoint: 127.0.0.1:53899 localEndPoint: 127.0.0.1:53898 after 3 ms
TpTrace Verbose: 0 : 1344, 5, 2024/09/24, 13:14:01.773, 934693715337, vstest.console.dll, TestRequestSender.StartTestRun: Sending test run with message: {"Version":7,"MessageType":"TestExecution.StartWithSources","Payload":{"AdapterSourceMap":{"_none_":["C:\\Users\\myers\\Downloads\\ps1\\SpreadsheetTests\\bin\\Debug\\net8.0\\fine-code-coverage\\build-output\\SpreadsheetTests.dll"]},"RunSettings":"<RunSettings>\r\n  <RunConfiguration>\r\n    <ResultsDirectory>C:\\Users\\myers\\Downloads\\ps1\\SpreadsheetTests\\bin\\Debug\\net8.0\\fine-code-coverage\\coverage-tool-output</ResultsDirectory>\r\n    <TargetFrameworkVersion>.NETCoreApp,Version=v8.0</TargetFrameworkVersion>\r\n    <DesignMode>False</DesignMode>\r\n    <CollectSourceInformation>False</CollectSourceInformation>\r\n  </RunConfiguration>\r\n  <LoggerRunSettings>\r\n    <Loggers>\r\n      <Logger friendlyName=\"blame\" enabled=\"True\" />\r\n      <Logger friendlyName=\"Console\" uri=\"logger://microsoft/TestPlatform/ConsoleLogger/v1\" assemblyQualifiedName=\"Microsoft.VisualStudio.TestPlatform.CommandLine.Internal.ConsoleLogger, vstest.console, Version=15.0.0.0, Culture=neutral, PublicKeyToken=b03f5f7f11d50a3a\" codeBase=\"C:\\Program Files\\dotnet\\sdk\\8.0.400\\vstest.console.dll\" enabled=\"True\" />\r\n    </Loggers>\r\n  </LoggerRunSettings>\r\n  <DataCollectionRunSettings>\r\n    <DataCollectors>\r\n      <DataCollector friendlyName=\"blame\" enabled=\"True\">\r\n        <Configuration>\r\n          <ResultsDirectory>C:\\Users\\myers\\Downloads\\ps1\\SpreadsheetTests\\bin\\Debug\\net8.0\\fine-code-coverage\\coverage-tool-output</ResultsDirectory>\r\n        </Configuration>\r\n      </DataCollector>\r\n    </DataCollectors>\r\n  </DataCollectionRunSettings>\r\n</RunSettings>","TestExecutionContext":{"FrequencyOfRunStatsChangeEvent":10,"RunStatsChangeEventTimeout":"00:00:01.5000000","InIsolation":false,"KeepAlive":false,"AreTestCaseLevelEventsRequired":false,"IsDebug":false,"TestCaseFilter":null,"FilterOptions":null},"Package":null}}
TpTrace Verbose: 0 : 1344, 5, 2024/09/24, 13:14:01.773, 934693715975, vstest.console.dll, ParallelProxyExecutionManager.StartTestRunOnConcurrentManager: Execution started. Started clients: 1
TpTrace Verbose: 0 : 1344, 15, 2024/09/24, 13:14:01.967, 934695657548, vstest.console.dll, TcpClientExtensions.MessageLoopAsync: NotifyDataAvailable remoteEndPoint: 127.0.0.1:53899 localEndPoint: 127.0.0.1:53898
TpTrace Verbose: 0 : 1344, 15, 2024/09/24, 13:14:01.967, 934695661965, vstest.console.dll, TestRequestSender.OnExecutionMessageReceived: Received message: {"Version":7,"MessageType":"TestExecution.StatsChange","Payload":{"NewTestResults":[{"TestCase":{"Id":"8ad0d961-392c-3edf-2edb-f48395a7d9b8","FullyQualifiedName":"SpreadsheetTests.SpreadsheetTests.Spreadsheet_TestSetCellContents_Integer","DisplayName":"Spreadsheet_TestSetCellContents_Integer","ExecutorUri":"executor://MSTestAdapter/v2","Source":"C:\\Users\\myers\\Downloads\\ps1\\SpreadsheetTests\\bin\\Debug\\net8.0\\fine-code-coverage\\build-output\\SpreadsheetTests.dll","CodeFilePath":null,"LineNumber":-1,"Properties":[{"Key":{"Id":"TestCase.Hierarchy","Label":"Hierarchy","Category":"","Description":"","Attributes":2,"ValueType":"System.String[]"},"Value":[null,"SpreadsheetTests","SpreadsheetTests","Spreadsheet_TestSetCellContents_Integer"]},{"Key":{"Id":"TestCase.ManagedType","Label":"ManagedType","Category":"","Description":"","Attributes":1,"ValueType":"System.String"},"Value":"SpreadsheetTests.SpreadsheetTests"},{"Key":{"Id":"MSTest.TestIdGenerationStrategy","Label":"TestIdGenerationStrategy","Category":"","Description":"","Attributes":1,"ValueType":"System.Int32"},"Value":2},{"Key":{"Id":"MSTestDiscoverer.TestClassName","Label":"ClassName","Category":"","Description":"","Attributes":1,"ValueType":"System.String"},"Value":"SpreadsheetTests.SpreadsheetTests"},{"Key":{"Id":"TestCase.ManagedMethod","Label":"ManagedMethod","Category":"","Description":"","Attributes":1,"ValueType":"System.String"},"Value":"Spreadsheet_TestSetCellContents_Integer"},{"Key":{"Id":"TestObject.Traits","Label":"Traits","Category":"","Description":"","Attributes":5,"ValueType":"System.Collections.Generic.KeyValuePair`2[[System.String],[System.String]][]"},"Value":[]}]},"Attachments":[],"Outcome":2,"ErrorMessage":"Test method SpreadsheetTests.SpreadsheetTests.Spreadsheet_TestSetCellContents_Integer threw exception: \r\nSystem.NotImplementedException: The method or operation is not implemented.","ErrorStackTrace":"    at CS3500.Spreadsheet.Spreadsheet.SetCellContents(String name, Double number) in C:\\Users\\myers\\Downloads\\ps1\\Spreadsheet\\Spreadsheet.cs:line 149\r\n   at SpreadsheetTests.SpreadsheetTests.Spreadsheet_TestSetCellContents_Integer() in C:\\Users\\myers\\Downloads\\ps1\\SpreadsheetTests\\SpreadsheetTests.cs:line 27\r\n   at System.RuntimeMethodHandle.InvokeMethod(Object target, Void** arguments, Signature sig, Boolean isConstructor)\r\n   at System.Reflection.MethodBaseInvoker.InvokeWithNoArgs(Object obj, BindingFlags invokeAttr)\r\n","DisplayName":"Spreadsheet_TestSetCellContents_Integer","Messages":[],"ComputerName":"DESKTOP-FTTEOKS","Duration":"00:00:00.0084625","StartTime":"2024-09-24T13:14:01.9027544-06:00","EndTime":"2024-09-24T13:14:01.9177463-06:00","Properties":[{"Key":{"Id":"ParentExecId","Label":"ParentExecId","Category":"","Description":"","Attributes":1,"ValueType":"System.Guid"},"Value":"00000000-0000-0000-0000-000000000000"},{"Key":{"Id":"InnerResultsCount","Label":"InnerResultsCount","Category":"","Description":"","Attributes":1,"ValueType":"System.Int32"},"Value":0},{"Key":{"Id":"ExecutionId","Label":"ExecutionId","Category":"","Description":"","Attributes":1,"ValueType":"System.Guid"},"Value":"00000000-0000-0000-0000-000000000000"}]},{"TestCase":{"Id":"424dd81f-e004-af8d-db08-3a2eae78f202","FullyQualifiedName":"SpreadsheetTests.SpreadsheetTests.Spreadsheet_TestSetCellContents_String","DisplayName":"Spreadsheet_TestSetCellContents_String","ExecutorUri":"executor://MSTestAdapter/v2","Source":"C:\\Users\\myers\\Downloads\\ps1\\SpreadsheetTests\\bin\\Debug\\net8.0\\fine-code-coverage\\build-output\\SpreadsheetTests.dll","CodeFilePath":null,"LineNumber":-1,"Properties":[{"Key":{"Id":"TestCase.Hierarchy","Label":"Hierarchy","Category":"","Description":"","Attributes":2,"ValueType":"System.String[]"},"Value":[null,"SpreadsheetTests","SpreadsheetTests","Spreadsheet_TestSetCellContents_String"]},{"Key":{"Id":"TestCase.ManagedType","Label":"ManagedType","Category":"","Description":"","Attributes":1,"ValueType":"System.String"},"Value":"SpreadsheetTests.SpreadsheetTests"},{"Key":{"Id":"MSTest.TestIdGenerationStrategy","Label":"TestIdGenerationStrategy","Category":"","Description":"","Attributes":1,"ValueType":"System.Int32"},"Value":2},{"Key":{"Id":"MSTestDiscoverer.TestClassName","Label":"ClassName","Category":"","Description":"","Attributes":1,"ValueType":"System.String"},"Value":"SpreadsheetTests.SpreadsheetTests"},{"Key":{"Id":"TestCase.ManagedMethod","Label":"ManagedMethod","Category":"","Description":"","Attributes":1,"ValueType":"System.String"},"Value":"Spreadsheet_TestSetCellContents_String"},{"Key":{"Id":"TestObject.Traits","Label":"Traits","Category":"","Description":"","Attributes":5,"ValueType":"System.Collections.Generic.KeyValuePair`2[[System.String],[System.String]][]"},"Value":[]}]},"Attachments":[],"Outcome":2,"ErrorMessage":"Test method SpreadsheetTests.SpreadsheetTests.Spreadsheet_TestSetCellContents_String threw exception: \r\nSystem.NotImplementedException: The method or operation is not implemented.","ErrorStackTrace":"    at CS3500.Spreadsheet.Spreadsheet.SetCellContents(String name, String text) in C:\\Users\\myers\\Downloads\\ps1\\Spreadsheet\\Spreadsheet.cs:line 166\r\n   at SpreadsheetTests.SpreadsheetTests.Spreadsheet_TestSetCellContents_String() in C:\\Users\\myers\\Downloads\\ps1\\SpreadsheetTests\\SpreadsheetTests.cs:line 49\r\n   at System.RuntimeMethodHandle.InvokeMethod(Object target, Void** arguments, Signature sig, Boolean isConstructor)\r\n   at System.Reflection.MethodBaseInvoker.InvokeWithNoArgs(Object obj, BindingFlags invokeAttr)\r\n","DisplayName":"Spreadsheet_TestSetCellContents_String","Messages":[],"ComputerName":"DESKTOP-FTTEOKS","Duration":"00:00:00.0002860","StartTime":"2024-09-24T13:14:01.9279096-06:00","EndTime":"2024-09-24T13:14:01.9283394-06:00","Properties":[{"Key":{"Id":"ParentExecId","Label":"ParentExecId","Category":"","Description":"","Attributes":1,"ValueType":"System.Guid"},"Value":"00000000-0000-0000-0000-000000000000"},{"Key":{"Id":"InnerResultsCount","Label":"InnerResultsCount","Category":"","Description":"","Attributes":1,"ValueType":"System.Int32"},"Value":0},{"Key":{"Id":"ExecutionId","Label":"ExecutionId","Category":"","Description":"","Attributes":1,"ValueType":"System.Guid"},"Value":"00000000-0000-0000-0000-000000000000"}]},{"TestCase":{"Id":"1f68f634-cc13-ab82-1b3d-bee5b77b852f","FullyQualifiedName":"SpreadsheetTests.SpreadsheetTests.Spreadsheet_TestSetCellContents_Formula_NoDependencies","DisplayName":"Spreadsheet_TestSetCellContents_Formula_NoDependencies","ExecutorUri":"executor://MSTestAdapter/v2","Source":"C:\\Users\\myers\\Downloads\\ps1\\SpreadsheetTests\\bin\\Debug\\net8.0\\fine-code-coverage\\build-output\\SpreadsheetTests.dll","CodeFilePath":null,"LineNumber":-1,"Properties":[{"Key":{"Id":"TestCase.Hierarchy","Label":"Hierarchy","Category":"","Description":"","Attributes":2,"ValueType":"System.String[]"},"Value":[null,"SpreadsheetTests","SpreadsheetTests","Spreadsheet_TestSetCellContents_Formula_NoDependencies"]},{"Key":{"Id":"TestCase.ManagedType","Label":"ManagedType","Category":"","Description":"","Attributes":1,"ValueType":"System.String"},"Value":"SpreadsheetTests.SpreadsheetTests"},{"Key":{"Id":"MSTest.TestIdGenerationStrategy","Label":"TestIdGenerationStrategy","Category":"","Description":"","Attributes":1,"ValueType":"System.Int32"},"Value":2},{"Key":{"Id":"MSTestDiscoverer.TestClassName","Label":"ClassName","Category":"","Description":"","Attributes":1,"ValueType":"System.String"},"Value":"SpreadsheetTests.SpreadsheetTests"},{"Key":{"Id":"TestCase.ManagedMethod","Label":"ManagedMethod","Category":"","Description":"","Attributes":1,"ValueType":"System.String"},"Value":"Spreadsheet_TestSetCellContents_Formula_NoDependencies"},{"Key":{"Id":"TestObject.Traits","Label":"Traits","Category":"","Description":"","Attributes":5,"ValueType":"System.Collections.Generic.KeyValuePair`2[[System.String],[System.String]][]"},"Value":[]}]},"Attachments":[],"Outcome":2,"ErrorMessage":"Test method SpreadsheetTests.SpreadsheetTests.Spreadsheet_TestSetCellContents_Formula_NoDependencies threw exception: \r\nSystem.NotImplementedException: The method or operation is not implemented.","ErrorStackTrace":"    at CS3500.Spreadsheet.Spreadsheet.SetCellContents(String name, Formula formula) in C:\\Users\\myers\\Downloads\\ps1\\Spreadsheet\\Spreadsheet.cs:line 191\r\n   at SpreadsheetTests.SpreadsheetTests.Spreadsheet_TestSetCellContents_Formula_NoDependencies() in C:\\Users\\myers\\Downloads\\ps1\\SpreadsheetTests\\SpreadsheetTests.cs:line 63\r\n   at System.RuntimeMethodHandle.InvokeMethod(Object target, Void** arguments, Signature sig, Boolean isConstructor)\r\n   at System.Reflection.MethodBaseInvoker.InvokeWithNoArgs(Object obj, BindingFlags invokeAttr)\r\n","DisplayName":"Spreadsheet_TestSetCellContents_Formula_NoDependencies","Messages":[],"ComputerName":"DESKTOP-FTTEOKS","Duration":"00:00:00.0107393","StartTime":"2024-09-24T13:14:01.9301563-06:00","EndTime":"2024-09-24T13:14:01.9410208-06:00","Properties":[{"Key":{"Id":"ParentExecId","Label":"ParentExecId","Category":"","Description":"","Attributes":1,"ValueType":"System.Guid"},"Value":"00000000-0000-0000-0000-000000000000"},{"Key":{"Id":"InnerResultsCount","Label":"InnerResultsCount","Category":"","Description":"","Attributes":1,"ValueType":"System.Int32"},"Value":0},{"Key":{"Id":"ExecutionId","Label":"ExecutionId","Category":"","Description":"","Attributes":1,"ValueType":"System.Guid"},"Value":"00000000-0000-0000-0000-000000000000"}]},{"TestCase":{"Id":"dd3da24f-2827-20b2-301e-7d1d29dbeda2","FullyQualifiedName":"SpreadsheetTests.SpreadsheetTests.Spreadsheet_TestSetCellContents_Formula_Dependencies","DisplayName":"Spreadsheet_TestSetCellContents_Formula_Dependencies","ExecutorUri":"executor://MSTestAdapter/v2","Source":"C:\\Users\\myers\\Downloads\\ps1\\SpreadsheetTests\\bin\\Debug\\net8.0\\fine-code-coverage\\build-output\\SpreadsheetTests.dll","CodeFilePath":null,"LineNumber":-1,"Properties":[{"Key":{"Id":"TestCase.Hierarchy","Label":"Hierarchy","Category":"","Description":"","Attributes":2,"ValueType":"System.String[]"},"Value":[null,"SpreadsheetTests","SpreadsheetTests","Spreadsheet_TestSetCellContents_Formula_Dependencies"]},{"Key":{"Id":"TestCase.ManagedType","Label":"ManagedType","Category":"","Description":"","Attributes":1,"ValueType":"System.String"},"Value":"SpreadsheetTests.SpreadsheetTests"},{"Key":{"Id":"MSTest.TestIdGenerationStrategy","Label":"TestIdGenerationStrategy","Category":"","Description":"","Attributes":1,"ValueType":"System.Int32"},"Value":2},{"Key":{"Id":"MSTestDiscoverer.TestClassName","Label":"ClassName","Category":"","Description":"","Attributes":1,"ValueType":"System.String"},"Value":"SpreadsheetTests.SpreadsheetTests"},{"Key":{"Id":"TestCase.ManagedMethod","Label":"ManagedMethod","Category":"","Description":"","Attributes":1,"ValueType":"System.String"},"Value":"Spreadsheet_TestSetCellContents_Formula_Dependencies"},{"Key":{"Id":"TestObject.Traits","Label":"Traits","Category":"","Description":"","Attributes":5,"ValueType":"System.Collections.Generic.KeyValuePair`2[[System.String],[System.String]][]"},"Value":[]}]},"Attachments":[],"Outcome":2,"ErrorMessage":"Test method SpreadsheetTests.SpreadsheetTests.Spreadsheet_TestSetCellContents_Formula_Dependencies threw exception: \r\nSystem.NotImplementedException: The method or operation is not implemented.","ErrorStackTrace":"    at CS3500.Spreadsheet.Spreadsheet.SetCellContents(String name, Formula formula) in C:\\Users\\myers\\Downloads\\ps1\\Spreadsheet\\Spreadsheet.cs:line 191\r\n   at SpreadsheetTests.SpreadsheetTests.Spreadsheet_TestSetCellContents_Formula_Dependencies() in C:\\Users\\myers\\Downloads\\ps1\\SpreadsheetTests\\SpreadsheetTests.cs:line 77\r\n   at System.RuntimeMethodHandle.InvokeMethod(Object target, Void** arguments, Signature sig, Boolean isConstructor)\r\n   at System.Reflection.MethodBaseInvoker.InvokeWithNoArgs(Object obj, BindingFlags invokeAttr)\r\n","DisplayName":"Spreadsheet_TestSetCellContents_Formula_Dependencies","Messages":[],"ComputerName":"DESKTOP-FTTEOKS","Duration":"00:00:00.0003057","StartTime":"2024-09-24T13:14:01.9425787-06:00","EndTime":"2024-09-24T13:14:01.9429872-06:00","Properties":[{"Key":{"Id":"ParentExecId","Label":"ParentExecId","Category":"","Description":"","Attributes":1,"ValueType":"System.Guid"},"Value":"00000000-0000-0000-0000-000000000000"},{"Key":{"Id":"InnerResultsCount","Label":"InnerResultsCount","Category":"","Description":"","Attributes":1,"ValueType":"System.Int32"},"Value":0},{"Key":{"Id":"ExecutionId","Label":"ExecutionId","Category":"","Description":"","Attributes":1,"ValueType":"System.Guid"},"Value":"00000000-0000-0000-0000-000000000000"}]},{"TestCase":{"Id":"fa921043-df6c-4aa8-c213-3c435d53dcfb","FullyQualifiedName":"SpreadsheetTests.SpreadsheetTests.Spreadsheet_TestSetCellContents_Formula_CircularDependency","DisplayName":"Spreadsheet_TestSetCellContents_Formula_CircularDependency","ExecutorUri":"executor://MSTestAdapter/v2","Source":"C:\\Users\\myers\\Downloads\\ps1\\SpreadsheetTests\\bin\\Debug\\net8.0\\fine-code-coverage\\build-output\\SpreadsheetTests.dll","CodeFilePath":null,"LineNumber":-1,"Properties":[{"Key":{"Id":"TestCase.Hierarchy","Label":"Hierarchy","Category":"","Description":"","Attributes":2,"ValueType":"System.String[]"},"Value":[null,"SpreadsheetTests","SpreadsheetTests","Spreadsheet_TestSetCellContents_Formula_CircularDependency"]},{"Key":{"Id":"TestCase.ManagedType","Label":"ManagedType","Category":"","Description":"","Attributes":1,"ValueType":"System.String"},"Value":"SpreadsheetTests.SpreadsheetTests"},{"Key":{"Id":"MSTest.TestIdGenerationStrategy","Label":"TestIdGenerationStrategy","Category":"","Description":"","Attributes":1,"ValueType":"System.Int32"},"Value":2},{"Key":{"Id":"MSTestDiscoverer.TestClassName","Label":"ClassName","Category":"","Description":"","Attributes":1,"ValueType":"System.String"},"Value":"SpreadsheetTests.SpreadsheetTests"},{"Key":{"Id":"TestCase.ManagedMethod","Label":"ManagedMethod","Category":"","Description":"","Attributes":1,"ValueType":"System.String"},"Value":"Spreadsheet_TestSetCellContents_Formula_CircularDependency"},{"Key":{"Id":"TestObject.Traits","Label":"Traits","Category":"","Description":"","Attributes":5,"ValueType":"System.Collections.Generic.KeyValuePair`2[[System.String],[System.String]][]"},"Value":[]}]},"Attachments":[],"Outcome":2,"ErrorMessage":"Test method threw exception System.NotImplementedException, but exception CS3500.Spreadsheet.CircularException was expected. Exception message: System.NotImplementedException: The method or operation is not implemented.","ErrorStackTrace":"   at CS3500.Spreadsheet.Spreadsheet.SetCellContents(String name, Formula formula) in C:\\Users\\myers\\Downloads\\ps1\\Spreadsheet\\Spreadsheet.cs:line 191\r\n   at SpreadsheetTests.SpreadsheetTests.Spreadsheet_TestSetCellContents_Formula_CircularDependency() in C:\\Users\\myers\\Downloads\\ps1\\SpreadsheetTests\\SpreadsheetTests.cs:line 95\r\n   at System.RuntimeMethodHandle.InvokeMethod(Object target, Void** arguments, Signature sig, Boolean isConstructor)\r\n   at System.Reflection.MethodBaseInvoker.InvokeWithNoArgs(Object obj, BindingFlags invokeAttr)\r\n","DisplayName":"Spreadsheet_TestSetCellContents_Formula_CircularDependency","Messages":[],"ComputerName":"DESKTOP-FTTEOKS","Duration":"00:00:00.0006911","StartTime":"2024-09-24T13:14:01.9443105-06:00","EndTime":"2024-09-24T13:14:01.9451275-06:00","Properties":[{"Key":{"Id":"ParentExecId","Label":"ParentExecId","Category":"","Description":"","Attributes":1,"ValueType":"System.Guid"},"Value":"00000000-0000-0000-0000-000000000000"},{"Key":{"Id":"InnerResultsCount","Label":"InnerResultsCount","Category":"","Description":"","Attributes":1,"ValueType":"System.Int32"},"Value":0},{"Key":{"Id":"ExecutionId","Label":"ExecutionId","Category":"","Description":"","Attributes":1,"ValueType":"System.Guid"},"Value":"00000000-0000-0000-0000-000000000000"}]},{"TestCase":{"Id":"dab4ad2a-f35f-2282-1209-d4c26d7d0ec2","FullyQualifiedName":"SpreadsheetTests.SpreadsheetTests.Spreadsheet_TestSetCellContents_InvalidName","DisplayName":"Spreadsheet_TestSetCellContents_InvalidName","ExecutorUri":"executor://MSTestAdapter/v2","Source":"C:\\Users\\myers\\Downloads\\ps1\\SpreadsheetTests\\bin\\Debug\\net8.0\\fine-code-coverage\\build-output\\SpreadsheetTests.dll","CodeFilePath":null,"LineNumber":-1,"Properties":[{"Key":{"Id":"TestCase.Hierarchy","Label":"Hierarchy","Category":"","Description":"","Attributes":2,"ValueType":"System.String[]"},"Value":[null,"SpreadsheetTests","SpreadsheetTests","Spreadsheet_TestSetCellContents_InvalidName"]},{"Key":{"Id":"TestCase.ManagedType","Label":"ManagedType","Category":"","Description":"","Attributes":1,"ValueType":"System.String"},"Value":"SpreadsheetTests.SpreadsheetTests"},{"Key":{"Id":"MSTest.TestIdGenerationStrategy","Label":"TestIdGenerationStrategy","Category":"","Description":"","Attributes":1,"ValueType":"System.Int32"},"Value":2},{"Key":{"Id":"MSTestDiscoverer.TestClassName","Label":"ClassName","Category":"","Description":"","Attributes":1,"ValueType":"System.String"},"Value":"SpreadsheetTests.SpreadsheetTests"},{"Key":{"Id":"TestCase.ManagedMethod","Label":"ManagedMethod","Category":"","Description":"","Attributes":1,"ValueType":"System.String"},"Value":"Spreadsheet_TestSetCellContents_InvalidName"},{"Key":{"Id":"TestObject.Traits","Label":"Traits","Category":"","Description":"","Attributes":5,"ValueType":"System.Collections.Generic.KeyValuePair`2[[System.String],[System.String]][]"},"Value":[]}]},"Attachments":[],"Outcome":2,"ErrorMessage":"Test method threw exception System.NotImplementedException, but exception CS3500.Spreadsheet.InvalidNameException was expected. Exception message: System.NotImplementedException: The method or operation is not implemented.","ErrorStackTrace":"   at CS3500.Spreadsheet.Spreadsheet.SetCellContents(String name, String text) in C:\\Users\\myers\\Downloads\\ps1\\Spreadsheet\\Spreadsheet.cs:line 166\r\n   at SpreadsheetTests.SpreadsheetTests.Spreadsheet_TestSetCellContents_InvalidName() in C:\\Users\\myers\\Downloads\\ps1\\SpreadsheetTests\\SpreadsheetTests.cs:line 111\r\n   at System.RuntimeMethodHandle.InvokeMethod(Object target, Void** arguments, Signature sig, Boolean isConstructor)\r\n   at System.Reflection.MethodBaseInvoker.InvokeWithNoArgs(Object obj, BindingFlags invokeAttr)\r\n","DisplayName":"Spreadsheet_TestSetCellContents_InvalidName","Messages":[],"ComputerName":"DESKTOP-FTTEOKS","Duration":"00:00:00.0001452","StartTime":"2024-09-24T13:14:01.9467124-06:00","EndTime":"2024-09-24T13:14:01.946981-06:00","Properties":[{"Key":{"Id":"ParentExecId","Label":"ParentExecId","Category":"","Description":"","Attributes":1,"ValueType":"System.Guid"},"Value":"00000000-0000-0000-0000-000000000000"},{"Key":{"Id":"InnerResultsCount","Label":"InnerResultsCount","Category":"","Description":"","Attributes":1,"ValueType":"System.Int32"},"Value":0},{"Key":{"Id":"ExecutionId","Label":"ExecutionId","Category":"","Description":"","Attributes":1,"ValueType":"System.Guid"},"Value":"00000000-0000-0000-0000-000000000000"}]},{"TestCase":{"Id":"632d5d11-b97c-dc8f-d1fd-b5d7822182f6","FullyQualifiedName":"SpreadsheetTests.SpreadsheetTests.Spreadsheet_TestSetCellContents_AdjustingDependencies","DisplayName":"Spreadsheet_TestSetCellContents_AdjustingDependencies","ExecutorUri":"executor://MSTestAdapter/v2","Source":"C:\\Users\\myers\\Downloads\\ps1\\SpreadsheetTests\\bin\\Debug\\net8.0\\fine-code-coverage\\build-output\\SpreadsheetTests.dll","CodeFilePath":null,"LineNumber":-1,"Properties":[{"Key":{"Id":"TestCase.Hierarchy","Label":"Hierarchy","Category":"","Description":"","Attributes":2,"ValueType":"System.String[]"},"Value":[null,"SpreadsheetTests","SpreadsheetTests","Spreadsheet_TestSetCellContents_AdjustingDependencies"]},{"Key":{"Id":"TestCase.ManagedType","Label":"ManagedType","Category":"","Description":"","Attributes":1,"ValueType":"System.String"},"Value":"SpreadsheetTests.SpreadsheetTests"},{"Key":{"Id":"MSTest.TestIdGenerationStrategy","Label":"TestIdGenerationStrategy","Category":"","Description":"","Attributes":1,"ValueType":"System.Int32"},"Value":2},{"Key":{"Id":"MSTestDiscoverer.TestClassName","Label":"ClassName","Category":"","Description":"","Attributes":1,"ValueType":"System.String"},"Value":"SpreadsheetTests.SpreadsheetTests"},{"Key":{"Id":"TestCase.ManagedMethod","Label":"ManagedMethod","Category":"","Description":"","Attributes":1,"ValueType":"System.String"},"Value":"Spreadsheet_TestSetCellContents_AdjustingDependencies"},{"Key":{"Id":"TestObject.Traits","Label":"Traits","Category":"","Description":"","Attributes":5,"ValueType":"System.Collections.Generic.KeyValuePair`2[[System.String],[System.String]][]"},"Value":[]}]},"Attachments":[],"Outcome":2,"ErrorMessage":"Test method SpreadsheetTests.SpreadsheetTests.Spreadsheet_TestSetCellContents_AdjustingDependencies threw exception: \r\nSystem.NotImplementedException: The method or operation is not implemented.","ErrorStackTrace":"    at CS3500.Spreadsheet.Spreadsheet.SetCellContents(String name, Formula formula) in C:\\Users\\myers\\Downloads\\ps1\\Spreadsheet\\Spreadsheet.cs:line 191\r\n   at SpreadsheetTests.SpreadsheetTests.Spreadsheet_TestSetCellContents_AdjustingDependencies() in C:\\Users\\myers\\Downloads\\ps1\\SpreadsheetTests\\SpreadsheetTests.cs:line 126\r\n   at System.RuntimeMethodHandle.InvokeMethod(Object target, Void** arguments, Signature sig, Boolean isConstructor)\r\n   at System.Reflection.MethodBaseInvoker.InvokeWithNoArgs(Object obj, BindingFlags invokeAttr)\r\n","DisplayName":"Spreadsheet_TestSetCellContents_AdjustingDependencies","Messages":[],"ComputerName":"DESKTOP-FTTEOKS","Duration":"00:00:00.0002437","StartTime":"2024-09-24T13:14:01.9483939-06:00","EndTime":"2024-09-24T13:14:01.9487453-06:00","Properties":[{"Key":{"Id":"ParentExecId","Label":"ParentExecId","Category":"","Description":"","Attributes":1,"ValueType":"System.Guid"},"Value":"00000000-0000-0000-0000-000000000000"},{"Key":{"Id":"InnerResultsCount","Label":"InnerResultsCount","Category":"","Description":"","Attributes":1,"ValueType":"System.Int32"},"Value":0},{"Key":{"Id":"ExecutionId","Label":"ExecutionId","Category":"","Description":"","Attributes":1,"ValueType":"System.Guid"},"Value":"00000000-0000-0000-0000-000000000000"}]},{"TestCase":{"Id":"12b42d56-7f04-e7f2-0b05-e2b291f55e99","FullyQualifiedName":"SpreadsheetTests.SpreadsheetTests.Spreadsheet_TestGetAllNonEmptyCells_OnlyEmptyCells","DisplayName":"Spreadsheet_TestGetAllNonEmptyCells_OnlyEmptyCells","ExecutorUri":"executor://MSTestAdapter/v2","Source":"C:\\Users\\myers\\Downloads\\ps1\\SpreadsheetTests\\bin\\Debug\\net8.0\\fine-code-coverage\\build-output\\SpreadsheetTests.dll","CodeFilePath":null,"LineNumber":-1,"Properties":[{"Key":{"Id":"TestCase.Hierarchy","Label":"Hierarchy","Category":"","Description":"","Attributes":2,"ValueType":"System.String[]"},"Value":[null,"SpreadsheetTests","SpreadsheetTests","Spreadsheet_TestGetAllNonEmptyCells_OnlyEmptyCells"]},{"Key":{"Id":"TestCase.ManagedType","Label":"ManagedType","Category":"","Description":"","Attributes":1,"ValueType":"System.String"},"Value":"SpreadsheetTests.SpreadsheetTests"},{"Key":{"Id":"MSTest.TestIdGenerationStrategy","Label":"TestIdGenerationStrategy","Category":"","Description":"","Attributes":1,"ValueType":"System.Int32"},"Value":2},{"Key":{"Id":"MSTestDiscoverer.TestClassName","Label":"ClassName","Category":"","Description":"","Attributes":1,"ValueType":"System.String"},"Value":"SpreadsheetTests.SpreadsheetTests"},{"Key":{"Id":"TestCase.ManagedMethod","Label":"ManagedMethod","Category":"","Description":"","Attributes":1,"ValueType":"System.String"},"Value":"Spreadsheet_TestGetAllNonEmptyCells_OnlyEmptyCells"},{"Key":{"Id":"TestObject.Traits","Label":"Traits","Category":"","Description":"","Attributes":5,"ValueType":"System.Collections.Generic.KeyValuePair`2[[System.String],[System.String]][]"},"Value":[]}]},"Attachments":[],"Outcome":2,"ErrorMessage":"Test method SpreadsheetTests.SpreadsheetTests.Spreadsheet_TestGetAllNonEmptyCells_OnlyEmptyCells threw exception: \r\nSystem.NotImplementedException: The method or operation is not implemented.","ErrorStackTrace":"    at CS3500.Spreadsheet.Spreadsheet.GetNamesOfAllNonemptyCells() in C:\\Users\\myers\\Downloads\\ps1\\Spreadsheet\\Spreadsheet.cs:line 99\r\n   at SpreadsheetTests.SpreadsheetTests.Spreadsheet_TestGetAllNonEmptyCells_OnlyEmptyCells() in C:\\Users\\myers\\Downloads\\ps1\\SpreadsheetTests\\SpreadsheetTests.cs:line 148\r\n   at System.RuntimeMethodHandle.InvokeMethod(Object target, Void** arguments, Signature sig, Boolean isConstructor)\r\n   at System.Reflection.MethodBaseInvoker.InvokeWithNoArgs(Object obj, BindingFlags invokeAttr)\r\n","DisplayName":"Spreadsheet_TestGetAllNonEmptyCells_OnlyEmptyCells","Messages":[],"ComputerName":"DESKTOP-FTTEOKS","Duration":"00:00:00.0001976","StartTime":"2024-09-24T13:14:01.9500911-06:00","EndTime":"2024-09-24T13:14:01.9503909-06:00","Properties":[{"Key":{"Id":"ParentExecId","Label":"ParentExecId","Category":"","Description":"","Attributes":1,"ValueType":"System.Guid"},"Value":"00000000-0000-0000-0000-000000000000"},{"Key":{"Id":"InnerResultsCount","Label":"InnerResultsCount","Category":"","Description":"","Attributes":1,"ValueType":"System.Int32"},"Value":0},{"Key":{"Id":"ExecutionId","Label":"ExecutionId","Category":"","Description":"","Attributes":1,"ValueType":"System.Guid"},"Value":"00000000-0000-0000-0000-000000000000"}]},{"TestCase":{"Id":"543203ee-f983-73f8-ff03-558e794c0943","FullyQualifiedName":"SpreadsheetTests.SpreadsheetTests.Spreadsheet_TestGetAllNonEmptyCells_DependencyOnEmptyCell","DisplayName":"Spreadsheet_TestGetAllNonEmptyCells_DependencyOnEmptyCell","ExecutorUri":"executor://MSTestAdapter/v2","Source":"C:\\Users\\myers\\Downloads\\ps1\\SpreadsheetTests\\bin\\Debug\\net8.0\\fine-code-coverage\\build-output\\SpreadsheetTests.dll","CodeFilePath":null,"LineNumber":-1,"Properties":[{"Key":{"Id":"TestCase.Hierarchy","Label":"Hierarchy","Category":"","Description":"","Attributes":2,"ValueType":"System.String[]"},"Value":[null,"SpreadsheetTests","SpreadsheetTests","Spreadsheet_TestGetAllNonEmptyCells_DependencyOnEmptyCell"]},{"Key":{"Id":"TestCase.ManagedType","Label":"ManagedType","Category":"","Description":"","Attributes":1,"ValueType":"System.String"},"Value":"SpreadsheetTests.SpreadsheetTests"},{"Key":{"Id":"MSTest.TestIdGenerationStrategy","Label":"TestIdGenerationStrategy","Category":"","Description":"","Attributes":1,"ValueType":"System.Int32"},"Value":2},{"Key":{"Id":"MSTestDiscoverer.TestClassName","Label":"ClassName","Category":"","Description":"","Attributes":1,"ValueType":"System.String"},"Value":"SpreadsheetTests.SpreadsheetTests"},{"Key":{"Id":"TestCase.ManagedMethod","Label":"ManagedMethod","Category":"","Description":"","Attributes":1,"ValueType":"System.String"},"Value":"Spreadsheet_TestGetAllNonEmptyCells_DependencyOnEmptyCell"},{"Key":{"Id":"TestObject.Traits","Label":"Traits","Category":"","Description":"","Attributes":5,"ValueType":"System.Collections.Generic.KeyValuePair`2[[System.String],[System.String]][]"},"Value":[]}]},"Attachments":[],"Outcome":2,"ErrorMessage":"Test method SpreadsheetTests.SpreadsheetTests.Spreadsheet_TestGetAllNonEmptyCells_DependencyOnEmptyCell threw exception: \r\nSystem.NotImplementedException: The method or operation is not implemented.","ErrorStackTrace":"    at CS3500.Spreadsheet.Spreadsheet.SetCellContents(String name, Formula formula) in C:\\Users\\myers\\Downloads\\ps1\\Spreadsheet\\Spreadsheet.cs:line 191\r\n   at SpreadsheetTests.SpreadsheetTests.Spreadsheet_TestGetAllNonEmptyCells_DependencyOnEmptyCell() in C:\\Users\\myers\\Downloads\\ps1\\SpreadsheetTests\\SpreadsheetTests.cs:line 163\r\n   at System.RuntimeMethodHandle.InvokeMethod(Object target, Void** arguments, Signature sig, Boolean isConstructor)\r\n   at System.Reflection.MethodBaseInvoker.InvokeWithNoArgs(Object obj, BindingFlags invokeAttr)\r\n","DisplayName":"Spreadsheet_TestGetAllNonEmptyCells_DependencyOnEmptyCell","Messages":[],"ComputerName":"DESKTOP-FTTEOKS","Duration":"00:00:00.0002262","StartTime":"2024-09-24T13:14:01.9516811-06:00","EndTime":"2024-09-24T13:14:01.9520065-06:00","Properties":[{"Key":{"Id":"ParentExecId","Label":"ParentExecId","Category":"","Description":"","Attributes":1,"ValueType":"System.Guid"},"Value":"00000000-0000-0000-0000-000000000000"},{"Key":{"Id":"InnerResultsCount","Label":"InnerResultsCount","Category":"","Description":"","Attributes":1,"ValueType":"System.Int32"},"Value":0},{"Key":{"Id":"ExecutionId","Label":"ExecutionId","Category":"","Description":"","Attributes":1,"ValueType":"System.Guid"},"Value":"00000000-0000-0000-0000-000000000000"}]}],"TestRunStatistics":{"ExecutedTests":9,"Stats":{"Failed":9}},"ActiveTests":[{"Id":"7aa1eaaa-0e8d-d3e5-fb60-aba0dc52e86d","FullyQualifiedName":"SpreadsheetTests.SpreadsheetTests.Spreadsheet_TestGetAllNonEmptyCells_FilledThanEmptiedCell","DisplayName":"Spreadsheet_TestGetAllNonEmptyCells_FilledThanEmptiedCell","ExecutorUri":"executor://MSTestAdapter/v2","Source":"C:\\Users\\myers\\Downloads\\ps1\\SpreadsheetTests\\bin\\Debug\\net8.0\\fine-code-coverage\\build-output\\SpreadsheetTests.dll","CodeFilePath":null,"LineNumber":-1,"Properties":[{"Key":{"Id":"TestCase.Hierarchy","Label":"Hierarchy","Category":"","Description":"","Attributes":2,"ValueType":"System.String[]"},"Value":[null,"SpreadsheetTests","SpreadsheetTests","Spreadsheet_TestGetAllNonEmptyCells_FilledThanEmptiedCell"]},{"Key":{"Id":"TestCase.ManagedType","Label":"ManagedType","Category":"","Description":"","Attributes":1,"ValueType":"System.String"},"Value":"SpreadsheetTests.SpreadsheetTests"},{"Key":{"Id":"MSTest.TestIdGenerationStrategy","Label":"TestIdGenerationStrategy","Category":"","Description":"","Attributes":1,"ValueType":"System.Int32"},"Value":2},{"Key":{"Id":"MSTestDiscoverer.TestClassName","Label":"ClassName","Category":"","Description":"","Attributes":1,"ValueType":"System.String"},"Value":"SpreadsheetTests.SpreadsheetTests"},{"Key":{"Id":"TestCase.ManagedMethod","Label":"ManagedMethod","Category":"","Description":"","Attributes":1,"ValueType":"System.String"},"Value":"Spreadsheet_TestGetAllNonEmptyCells_FilledThanEmptiedCell"},{"Key":{"Id":"TestObject.Traits","Label":"Traits","Category":"","Description":"","Attributes":5,"ValueType":"System.Collections.Generic.KeyValuePair`2[[System.String],[System.String]][]"},"Value":[]}]}]}}
TpTrace Verbose: 0 : 1344, 15, 2024/09/24, 13:14:01.991, 934695899048, vstest.console.dll, TestRunRequest:SendTestRunStatsChange: Starting.
TpTrace Verbose: 0 : 1344, 15, 2024/09/24, 13:14:01.991, 934695899836, vstest.console.dll, InProgress is Spreadsheet_TestGetAllNonEmptyCells_FilledThanEmptiedCell
TpTrace Verbose: 0 : 1344, 15, 2024/09/24, 13:14:01.991, 934695900810, vstest.console.dll, MulticastDelegateUtilities.SafeInvoke: TestRun.RunStatsChanged: Invoking callbacks was skipped because there are no subscribers.
TpTrace Information: 0 : 1344, 15, 2024/09/24, 13:14:01.991, 934695901055, vstest.console.dll, TestRunRequest:SendTestRunStatsChange: Completed.
TpTrace Verbose: 0 : 1344, 15, 2024/09/24, 13:14:01.991, 934695901293, vstest.console.dll, MulticastDelegateUtilities.SafeInvoke: LengthPrefixCommunicationChannel: MessageReceived: Invoking callback 1/1 for Microsoft.VisualStudio.TestPlatform.CommunicationUtilities.TestRequestSender+<>c__DisplayClass34_0., took 24 ms.
TpTrace Verbose: 0 : 1344, 15, 2024/09/24, 13:14:01.991, 934695901483, vstest.console.dll, TcpClientExtensions.MessageLoopAsync: Polling on remoteEndPoint: 127.0.0.1:53899 localEndPoint: 127.0.0.1:53898 after 219 ms
TpTrace Verbose: 0 : 1344, 15, 2024/09/24, 13:14:01.991, 934695901720, vstest.console.dll, TcpClientExtensions.MessageLoopAsync: NotifyDataAvailable remoteEndPoint: 127.0.0.1:53899 localEndPoint: 127.0.0.1:53898
TpTrace Verbose: 0 : 1344, 15, 2024/09/24, 13:14:01.991, 934695902709, vstest.console.dll, TestRequestSender.OnExecutionMessageReceived: Received message: {"Version":7,"MessageType":"TestExecution.Completed","Payload":{"TestRunCompleteArgs":{"TestRunStatistics":{"ExecutedTests":11,"Stats":{"Failed":11}},"IsCanceled":false,"IsAborted":false,"Error":null,"AttachmentSets":[],"InvokedDataCollectors":[],"ElapsedTimeInRunningTests":"00:00:00.1383771","Metrics":{},"DiscoveredExtensions":{"TestDiscoverers":["Microsoft.VisualStudio.TestPlatform.MSTest.TestAdapter.MSTestDiscoverer, Microsoft.VisualStudio.TestPlatform.MSTest.TestAdapter, Version=14.0.0.0, Culture=neutral, PublicKeyToken=b03f5f7f11d50a3a"],"TestExecutors":["executor://MSTestAdapter/v2"],"TestExecutors2":[],"TestSettingsProviders":[]}},"LastRunTests":{"NewTestResults":[{"TestCase":{"Id":"7aa1eaaa-0e8d-d3e5-fb60-aba0dc52e86d","FullyQualifiedName":"SpreadsheetTests.SpreadsheetTests.Spreadsheet_TestGetAllNonEmptyCells_FilledThanEmptiedCell","DisplayName":"Spreadsheet_TestGetAllNonEmptyCells_FilledThanEmptiedCell","ExecutorUri":"executor://MSTestAdapter/v2","Source":"C:\\Users\\myers\\Downloads\\ps1\\SpreadsheetTests\\bin\\Debug\\net8.0\\fine-code-coverage\\build-output\\SpreadsheetTests.dll","CodeFilePath":null,"LineNumber":-1,"Properties":[{"Key":{"Id":"TestCase.Hierarchy","Label":"Hierarchy","Category":"","Description":"","Attributes":2,"ValueType":"System.String[]"},"Value":[null,"SpreadsheetTests","SpreadsheetTests","Spreadsheet_TestGetAllNonEmptyCells_FilledThanEmptiedCell"]},{"Key":{"Id":"TestCase.ManagedType","Label":"ManagedType","Category":"","Description":"","Attributes":1,"ValueType":"System.String"},"Value":"SpreadsheetTests.SpreadsheetTests"},{"Key":{"Id":"MSTest.TestIdGenerationStrategy","Label":"TestIdGenerationStrategy","Category":"","Description":"","Attributes":1,"ValueType":"System.Int32"},"Value":2},{"Key":{"Id":"MSTestDiscoverer.TestClassName","Label":"ClassName","Category":"","Description":"","Attributes":1,"ValueType":"System.String"},"Value":"SpreadsheetTests.SpreadsheetTests"},{"Key":{"Id":"TestCase.ManagedMethod","Label":"ManagedMethod","Category":"","Description":"","Attributes":1,"ValueType":"System.String"},"Value":"Spreadsheet_TestGetAllNonEmptyCells_FilledThanEmptiedCell"},{"Key":{"Id":"TestObject.Traits","Label":"Traits","Category":"","Description":"","Attributes":5,"ValueType":"System.Collections.Generic.KeyValuePair`2[[System.String],[System.String]][]"},"Value":[]}]},"Attachments":[],"Outcome":2,"ErrorMessage":"Test method SpreadsheetTests.SpreadsheetTests.Spreadsheet_TestGetAllNonEmptyCells_FilledThanEmptiedCell threw exception: \r\nSystem.NotImplementedException: The method or operation is not implemented.","ErrorStackTrace":"    at CS3500.Spreadsheet.Spreadsheet.SetCellContents(String name, Formula formula) in C:\\Users\\myers\\Downloads\\ps1\\Spreadsheet\\Spreadsheet.cs:line 191\r\n   at SpreadsheetTests.SpreadsheetTests.Spreadsheet_TestGetAllNonEmptyCells_FilledThanEmptiedCell() in C:\\Users\\myers\\Downloads\\ps1\\SpreadsheetTests\\SpreadsheetTests.cs:line 181\r\n   at System.RuntimeMethodHandle.InvokeMethod(Object target, Void** arguments, Signature sig, Boolean isConstructor)\r\n   at System.Reflection.MethodBaseInvoker.InvokeWithNoArgs(Object obj, BindingFlags invokeAttr)\r\n","DisplayName":"Spreadsheet_TestGetAllNonEmptyCells_FilledThanEmptiedCell","Messages":[],"ComputerName":"DESKTOP-FTTEOKS","Duration":"00:00:00.0002389","StartTime":"2024-09-24T13:14:01.9679731-06:00","EndTime":"2024-09-24T13:14:01.9683209-06:00","Properties":[{"Key":{"Id":"ParentExecId","Label":"ParentExecId","Category":"","Description":"","Attributes":1,"ValueType":"System.Guid"},"Value":"00000000-0000-0000-0000-000000000000"},{"Key":{"Id":"InnerResultsCount","Label":"InnerResultsCount","Category":"","Description":"","Attributes":1,"ValueType":"System.Int32"},"Value":0},{"Key":{"Id":"ExecutionId","Label":"ExecutionId","Category":"","Description":"","Attributes":1,"ValueType":"System.Guid"},"Value":"00000000-0000-0000-0000-000000000000"}]},{"TestCase":{"Id":"6498d8c2-07c8-e7b0-6f4e-1c9ffc421d8f","FullyQualifiedName":"SpreadsheetTests.SpreadsheetTests.Spreadsheet_TestGetCellContents_InvalidCell","DisplayName":"Spreadsheet_TestGetCellContents_InvalidCell","ExecutorUri":"executor://MSTestAdapter/v2","Source":"C:\\Users\\myers\\Downloads\\ps1\\SpreadsheetTests\\bin\\Debug\\net8.0\\fine-code-coverage\\build-output\\SpreadsheetTests.dll","CodeFilePath":null,"LineNumber":-1,"Properties":[{"Key":{"Id":"TestCase.Hierarchy","Label":"Hierarchy","Category":"","Description":"","Attributes":2,"ValueType":"System.String[]"},"Value":[null,"SpreadsheetTests","SpreadsheetTests","Spreadsheet_TestGetCellContents_InvalidCell"]},{"Key":{"Id":"TestCase.ManagedType","Label":"ManagedType","Category":"","Description":"","Attributes":1,"ValueType":"System.String"},"Value":"SpreadsheetTests.SpreadsheetTests"},{"Key":{"Id":"MSTest.TestIdGenerationStrategy","Label":"TestIdGenerationStrategy","Category":"","Description":"","Attributes":1,"ValueType":"System.Int32"},"Value":2},{"Key":{"Id":"MSTestDiscoverer.TestClassName","Label":"ClassName","Category":"","Description":"","Attributes":1,"ValueType":"System.String"},"Value":"SpreadsheetTests.SpreadsheetTests"},{"Key":{"Id":"TestCase.ManagedMethod","Label":"ManagedMethod","Category":"","Description":"","Attributes":1,"ValueType":"System.String"},"Value":"Spreadsheet_TestGetCellContents_InvalidCell"},{"Key":{"Id":"TestObject.Traits","Label":"Traits","Category":"","Description":"","Attributes":5,"ValueType":"System.Collections.Generic.KeyValuePair`2[[System.String],[System.String]][]"},"Value":[]}]},"Attachments":[],"Outcome":2,"ErrorMessage":"Test method SpreadsheetTests.SpreadsheetTests.Spreadsheet_TestGetCellContents_InvalidCell threw exception: \r\nSystem.NotImplementedException: The method or operation is not implemented.","ErrorStackTrace":"    at CS3500.Spreadsheet.Spreadsheet.GetCellContents(String name) in C:\\Users\\myers\\Downloads\\ps1\\Spreadsheet\\Spreadsheet.cs:line 117\r\n   at SpreadsheetTests.SpreadsheetTests.Spreadsheet_TestGetCellContents_InvalidCell() in C:\\Users\\myers\\Downloads\\ps1\\SpreadsheetTests\\SpreadsheetTests.cs:line 201\r\n   at System.RuntimeMethodHandle.InvokeMethod(Object target, Void** arguments, Signature sig, Boolean isConstructor)\r\n   at System.Reflection.MethodBaseInvoker.InvokeWithNoArgs(Object obj, BindingFlags invokeAttr)\r\n","DisplayName":"Spreadsheet_TestGetCellContents_InvalidCell","Messages":[],"ComputerName":"DESKTOP-FTTEOKS","Duration":"00:00:00.0002271","StartTime":"2024-09-24T13:14:01.9696642-06:00","EndTime":"2024-09-24T13:14:01.9704881-06:00","Properties":[{"Key":{"Id":"ParentExecId","Label":"ParentExecId","Category":"","Description":"","Attributes":1,"ValueType":"System.Guid"},"Value":"00000000-0000-0000-0000-000000000000"},{"Key":{"Id":"InnerResultsCount","Label":"InnerResultsCount","Category":"","Description":"","Attributes":1,"ValueType":"System.Int32"},"Value":0},{"Key":{"Id":"ExecutionId","Label":"ExecutionId","Category":"","Description":"","Attributes":1,"ValueType":"System.Guid"},"Value":"00000000-0000-0000-0000-000000000000"}]}],"TestRunStatistics":{"ExecutedTests":11,"Stats":{"Failed":11}},"ActiveTests":[]},"RunAttachments":[],"ExecutorUris":["executor://mstestadapter/v2"]}}
TpTrace Verbose: 0 : 1344, 15, 2024/09/24, 13:14:01.991, 934695903510, vstest.console.dll, TestRequestSender.EndSession: Sending end session.
TpTrace Verbose: 0 : 1344, 15, 2024/09/24, 13:14:01.991, 934695904214, vstest.console.dll, ProxyOperationManager.Close: waiting for test host to exit for 100 ms
TpTrace Verbose: 0 : 1344, 4, 2024/09/24, 13:14:01.992, 934695913214, vstest.console.dll, MulticastDelegateUtilities.SafeInvoke: InternalTestLoggerEvents.SendTestResult: Invoking callback 1/1 for Microsoft.VisualStudio.TestPlatform.CommandLine.Internal.ConsoleLogger., took 1 ms.
TpTrace Verbose: 0 : 1344, 4, 2024/09/24, 13:14:01.993, 934695915386, vstest.console.dll, MulticastDelegateUtilities.SafeInvoke: InternalTestLoggerEvents.SendTestResult: Invoking callback 1/1 for Microsoft.VisualStudio.TestPlatform.CommandLine.Internal.ConsoleLogger., took 0 ms.
TpTrace Verbose: 0 : 1344, 4, 2024/09/24, 13:14:01.993, 934695916563, vstest.console.dll, MulticastDelegateUtilities.SafeInvoke: InternalTestLoggerEvents.SendTestResult: Invoking callback 1/1 for Microsoft.VisualStudio.TestPlatform.CommandLine.Internal.ConsoleLogger., took 0 ms.
TpTrace Verbose: 0 : 1344, 4, 2024/09/24, 13:14:01.993, 934695917677, vstest.console.dll, MulticastDelegateUtilities.SafeInvoke: InternalTestLoggerEvents.SendTestResult: Invoking callback 1/1 for Microsoft.VisualStudio.TestPlatform.CommandLine.Internal.ConsoleLogger., took 0 ms.
TpTrace Verbose: 0 : 1344, 4, 2024/09/24, 13:14:01.993, 934695918659, vstest.console.dll, MulticastDelegateUtilities.SafeInvoke: InternalTestLoggerEvents.SendTestResult: Invoking callback 1/1 for Microsoft.VisualStudio.TestPlatform.CommandLine.Internal.ConsoleLogger., took 0 ms.
TpTrace Verbose: 0 : 1344, 4, 2024/09/24, 13:14:01.993, 934695919649, vstest.console.dll, MulticastDelegateUtilities.SafeInvoke: InternalTestLoggerEvents.SendTestResult: Invoking callback 1/1 for Microsoft.VisualStudio.TestPlatform.CommandLine.Internal.ConsoleLogger., took 0 ms.
TpTrace Verbose: 0 : 1344, 4, 2024/09/24, 13:14:01.993, 934695920641, vstest.console.dll, MulticastDelegateUtilities.SafeInvoke: InternalTestLoggerEvents.SendTestResult: Invoking callback 1/1 for Microsoft.VisualStudio.TestPlatform.CommandLine.Internal.ConsoleLogger., took 0 ms.
TpTrace Verbose: 0 : 1344, 4, 2024/09/24, 13:14:01.994, 934695926517, vstest.console.dll, MulticastDelegateUtilities.SafeInvoke: InternalTestLoggerEvents.SendTestResult: Invoking callback 1/1 for Microsoft.VisualStudio.TestPlatform.CommandLine.Internal.ConsoleLogger., took 0 ms.
TpTrace Verbose: 0 : 1344, 4, 2024/09/24, 13:14:01.994, 934695927697, vstest.console.dll, MulticastDelegateUtilities.SafeInvoke: InternalTestLoggerEvents.SendTestResult: Invoking callback 1/1 for Microsoft.VisualStudio.TestPlatform.CommandLine.Internal.ConsoleLogger., took 0 ms.
TpTrace Verbose: 0 : 1344, 7, 2024/09/24, 13:14:02.008, 934696074968, vstest.console.dll, TestHostManagerCallbacks.StandardOutputReceivedCallback Test host standard output line: 
TpTrace Warning: 0 : 1344, 12, 2024/09/24, 13:14:02.008, 934696074969, vstest.console.dll, TestHostManagerCallbacks.ErrorReceivedCallback Test host standard error line: 
TpTrace Verbose: 0 : 1344, 12, 2024/09/24, 13:14:02.012, 934696114170, vstest.console.dll, TestHostProvider.ExitCallBack: Host exited starting callback.
TpTrace Information: 0 : 1344, 12, 2024/09/24, 13:14:02.012, 934696114875, vstest.console.dll, TestHostManagerCallbacks.ExitCallBack: Testhost processId: 20272 exited with exitcode: 0 error: ''
TpTrace Verbose: 0 : 1344, 12, 2024/09/24, 13:14:02.013, 934696115117, vstest.console.dll, DotnetTestHostManager.OnHostExited: invoking OnHostExited callback
TpTrace Verbose: 0 : 1344, 12, 2024/09/24, 13:14:02.013, 934696115482, vstest.console.dll, CrossPlatEngine.TestHostManagerHostExited: calling on client process exit callback.
TpTrace Information: 0 : 1344, 12, 2024/09/24, 13:14:02.013, 934696115776, vstest.console.dll, TestRequestSender.OnClientProcessExit: Test host process exited. Standard error: 
TpTrace Information: 0 : 1344, 15, 2024/09/24, 13:14:02.013, 934696116004, vstest.console.dll, SocketServer.Stop: Stop server endPoint: 127.0.0.1:53898
TpTrace Information: 0 : 1344, 12, 2024/09/24, 13:14:02.013, 934696116041, vstest.console.dll, SocketServer.Stop: Stop server endPoint: 127.0.0.1:53898
TpTrace Information: 0 : 1344, 15, 2024/09/24, 13:14:02.013, 934696116797, vstest.console.dll, SocketServer.Stop: Cancellation requested. Stopping message loop.
TpTrace Information: 0 : 1344, 12, 2024/09/24, 13:14:02.013, 934696117074, vstest.console.dll, SocketServer.Stop: Cancellation requested. Stopping message loop.
TpTrace Verbose: 0 : 1344, 12, 2024/09/24, 13:14:02.013, 934696117476, vstest.console.dll, MulticastDelegateUtilities.SafeInvoke: HostProviderEvents.OnHostExited: Invoking callback 1/1 for Microsoft.VisualStudio.TestPlatform.CrossPlatEngine.Client.ProxyOperationManager., took 0 ms.
TpTrace Information: 0 : 1344, 15, 2024/09/24, 13:14:02.013, 934696117757, vstest.console.dll, Closing the connection
TpTrace Verbose: 0 : 1344, 15, 2024/09/24, 13:14:02.013, 934696119425, vstest.console.dll, ProxyDataCollectionManager.InvokeDataCollectionServiceAction: Starting.
TpTrace Information: 0 : 1344, 15, 2024/09/24, 13:14:02.013, 934696119788, vstest.console.dll, ProxyDataCollectionManager.AfterTestRunEnd: Get attachment set and invoked data collectors processId: 3844 port: 53895
TpTrace Verbose: 0 : 1344, 15, 2024/09/24, 13:14:02.013, 934696120148, vstest.console.dll, DataCollectionRequestSender.SendAfterTestRunStartAndGetResult: Send AfterTestRunEnd message with isCancelled: False
TpTrace Verbose: 0 : 1344, 15, 2024/09/24, 13:14:02.016, 934696152158, vstest.console.dll, DataCollectionRequestSender.SendAfterTestRunStartAndGetResult: Received message: (DataCollection.AfterTestRunEndResult) -> {"MessageType":"DataCollection.AfterTestRunEndResult","Payload":{"AttachmentSets":[],"InvokedDataCollectors":[{"Uri":"datacollector://Microsoft/TestPlatform/Extensions/Blame/v1","FriendlyName":"Blame","AssemblyQualifiedName":"Microsoft.TestPlatform.Extensions.BlameDataCollector.BlameCollector, Microsoft.TestPlatform.Extensions.BlameDataCollector, Version=15.0.0.0, Culture=neutral, PublicKeyToken=b03f5f7f11d50a3a","FilePath":"C:\\Program Files\\dotnet\\sdk\\8.0.400\\Extensions\\Microsoft.TestPlatform.Extensions.BlameDataCollector.dll","HasAttachmentProcessor":false}],"Metrics":{}}}
TpTrace Warning: 0 : 1344, 11, 2024/09/24, 13:14:02.019, 934696175700, vstest.console.dll, DataCollectionLauncher.ErrorReceivedCallback datacollector standard error line: 
TpTrace Information: 0 : 1344, 15, 2024/09/24, 13:14:02.019, 934696179381, vstest.console.dll, ProxyDataCollectionManager.InvokeDataCollectionServiceAction: Completed.
TpTrace Information: 0 : 1344, 11, 2024/09/24, 13:14:02.022, 934696208214, vstest.console.dll, DataCollectionLauncher.ExitCallBack: Data collector exited with exitcode: 0 error: ''
TpTrace Verbose: 0 : 1344, 15, 2024/09/24, 13:14:02.039, 934696384535, vstest.console.dll, TestRunRequest:SendTestRunStatsChange: Starting.
TpTrace Verbose: 0 : 1344, 15, 2024/09/24, 13:14:02.039, 934696385050, vstest.console.dll, MulticastDelegateUtilities.SafeInvoke: TestRun.RunStatsChanged: Invoking callbacks was skipped because there are no subscribers.
TpTrace Information: 0 : 1344, 15, 2024/09/24, 13:14:02.040, 934696385284, vstest.console.dll, TestRunRequest:SendTestRunStatsChange: Completed.
TpTrace Verbose: 0 : 1344, 4, 2024/09/24, 13:14:02.040, 934696386490, vstest.console.dll, MulticastDelegateUtilities.SafeInvoke: InternalTestLoggerEvents.SendTestResult: Invoking callback 1/1 for Microsoft.VisualStudio.TestPlatform.CommandLine.Internal.ConsoleLogger., took 0 ms.
TpTrace Verbose: 0 : 1344, 15, 2024/09/24, 13:14:02.040, 934696386710, vstest.console.dll, ParallelProxyExecutionManager: HandlePartialRunComplete: Total workloads = 1, Total started clients = 1 Total completed clients = 1, Run complete = True, Run canceled: False.
TpTrace Verbose: 0 : 1344, 15, 2024/09/24, 13:14:02.040, 934696387178, vstest.console.dll, ParallelProxyExecutionManager: HandlePartialRunComplete: All runs completed stopping all managers.
TpTrace Verbose: 0 : 1344, 15, 2024/09/24, 13:14:02.040, 934696387393, vstest.console.dll, ParallelOperationManager.StopAllManagers: Stopping all managers.
TpTrace Verbose: 0 : 1344, 15, 2024/09/24, 13:14:02.040, 934696387563, vstest.console.dll, ParallelOperationManager.ClearSlots: Clearing all slots. Slots should accept more work: False
TpTrace Verbose: 0 : 1344, 15, 2024/09/24, 13:14:02.040, 934696387775, vstest.console.dll, ParallelOperationManager.SetOccupiedSlotCount: Setting slot counts AvailableSlotCount = 1, OccupiedSlotCount = 0.
TpTrace Verbose: 0 : 1344, 4, 2024/09/24, 13:14:02.040, 934696387903, vstest.console.dll, MulticastDelegateUtilities.SafeInvoke: InternalTestLoggerEvents.SendTestResult: Invoking callback 1/1 for Microsoft.VisualStudio.TestPlatform.CommandLine.Internal.ConsoleLogger., took 0 ms.
TpTrace Verbose: 0 : 1344, 15, 2024/09/24, 13:14:02.040, 934696388023, vstest.console.dll, Occupied slots:

TpTrace Verbose: 0 : 1344, 4, 2024/09/24, 13:14:02.044, 934696428345, vstest.console.dll, MulticastDelegateUtilities.SafeInvoke: InternalTestLoggerEvents.SendTestRunComplete: Invoking callback 1/2 for Microsoft.TestPlatform.Extensions.BlameDataCollector.BlameLogger., took 0 ms.
TpTrace Verbose: 0 : 1344, 4, 2024/09/24, 13:14:02.047, 934696455900, vstest.console.dll, MulticastDelegateUtilities.SafeInvoke: InternalTestLoggerEvents.SendTestRunComplete: Invoking callback 2/2 for Microsoft.VisualStudio.TestPlatform.CommandLine.Internal.ConsoleLogger., took 2 ms.
TpTrace Verbose: 0 : 1344, 15, 2024/09/24, 13:14:02.047, 934696457139, vstest.console.dll, TestRunRequest:TestRunComplete: Starting. IsAborted:False IsCanceled:False.
TpTrace Verbose: 0 : 1344, 15, 2024/09/24, 13:14:02.047, 934696458134, vstest.console.dll, ParallelOperationManager.DoActionOnAllManagers: Calling an action on all managers.
TpTrace Verbose: 0 : 1344, 15, 2024/09/24, 13:14:02.048, 934696465174, vstest.console.dll, TestLoggerManager.HandleTestRunComplete: Ignoring as the object is disposed.
TpTrace Verbose: 0 : 1344, 15, 2024/09/24, 13:14:02.048, 934696466152, vstest.console.dll, MulticastDelegateUtilities.SafeInvoke: TestRun.TestRunComplete: Invoking callback 1/2 for Microsoft.VisualStudio.TestPlatform.CommandLine.TestRunResultAggregator., took 0 ms.
TpTrace Verbose: 0 : 1344, 15, 2024/09/24, 13:14:02.048, 934696466788, vstest.console.dll, MulticastDelegateUtilities.SafeInvoke: TestRun.TestRunComplete: Invoking callback 2/2 for Microsoft.VisualStudio.TestPlatform.CommandLine.Processors.RunTestsArgumentExecutor+TestRunRequestEventsRegistrar., took 0 ms.
TpTrace Information: 0 : 1344, 15, 2024/09/24, 13:14:02.048, 934696467212, vstest.console.dll, TestRunRequest:TestRunComplete: Completed.
TpTrace Verbose: 0 : 1344, 15, 2024/09/24, 13:14:02.048, 934696467415, vstest.console.dll, TestRequestSender.SetOperationComplete: Setting operation complete.
TpTrace Verbose: 0 : 1344, 1, 2024/09/24, 13:14:02.048, 934696467392, vstest.console.dll, TestRunRequest.Dispose: Starting.
TpTrace Information: 0 : 1344, 15, 2024/09/24, 13:14:02.048, 934696467574, vstest.console.dll, SocketServer.Stop: Stop server endPoint: 127.0.0.1:53898
TpTrace Information: 0 : 1344, 1, 2024/09/24, 13:14:02.048, 934696467894, vstest.console.dll, TestRunRequest.Dispose: Completed.
TpTrace Information: 0 : 1344, 15, 2024/09/24, 13:14:02.048, 934696468079, vstest.console.dll, SocketServer.Stop: Cancellation requested. Stopping message loop.
TpTrace Information: 0 : 1344, 1, 2024/09/24, 13:14:02.048, 934696468337, vstest.console.dll, TestRequestManager.RunTests: run tests completed.
TpTrace Verbose: 0 : 1344, 15, 2024/09/24, 13:14:02.048, 934696468439, vstest.console.dll, MulticastDelegateUtilities.SafeInvoke: LengthPrefixCommunicationChannel: MessageReceived: Invoking callback 1/1 for Microsoft.VisualStudio.TestPlatform.CommunicationUtilities.TestRequestSender+<>c__DisplayClass34_0., took 56 ms.
TpTrace Information: 0 : 1344, 15, 2024/09/24, 13:14:02.048, 934696468798, vstest.console.dll, SocketServer.PrivateStop: Stopping server endPoint: 127.0.0.1:53898 error: 
TpTrace Information: 0 : 1344, 1, 2024/09/24, 13:14:02.048, 934696468814, vstest.console.dll, RunTestsArgumentProcessor:Execute: Test run is completed.
TpTrace Verbose: 0 : 1344, 1, 2024/09/24, 13:14:02.048, 934696469972, vstest.console.dll, Executor.Execute: Exiting with exit code of 1
TpTrace Verbose: 0 : 1344, 15, 2024/09/24, 13:14:02.048, 934696471361, vstest.console.dll, LengthPrefixCommunicationChannel.Dispose: Dispose reader and writer.
TpTrace Information: 0 : 1344, 15, 2024/09/24, 13:14:02.048, 934696471818, vstest.console.dll, SocketServer.Stop: Raise disconnected event endPoint: 127.0.0.1:53898 error: 
TpTrace Verbose: 0 : 1344, 15, 2024/09/24, 13:14:02.048, 934696472221, vstest.console.dll, TestRequestSender: OnTestRunAbort: Operation is already complete. Skip error message.
