<?xml version="1.0" encoding="utf-8"?>
<!DOCTYPE coverage SYSTEM "http://cobertura.sourceforge.net/xml/coverage-04.dtd">
<coverage line-rate="0.872037914691943" branch-rate="0.928571428571429" lines-covered="184" lines-valid="211" branches-covered="26" branches-valid="28" complexity="52" version="0" timestamp="1725989952">
  <sources>
    <source>C:\Users\myers\</source>
  </sources>
  <packages>
    <package name="DependencyGraph" line-rate="0.833333333333333" branch-rate="1" complexity="10">
      <classes>
        <class name="CS3500.DependencyGraph.DependencyGraph" filename="C:\Users\myers\Downloads\ps1\DependencyGraph\DependencyGraph.cs" line-rate="0.833333333333333" branch-rate="1" complexity="10">
          <methods>
            <method name="get_Size" signature="()" line-rate="1" branch-rate="1" complexity="1">
              <lines>
                <line number="69" hits="12" branch="false" />
              </lines>
            </method>
            <method name="HasDependents" signature="(...)" line-rate="1" branch-rate="1" complexity="1">
              <lines>
                <line number="78" hits="3" branch="false" />
                <line number="79" hits="3" branch="false" />
                <line number="80" hits="3" branch="false" />
              </lines>
            </method>
            <method name="HasDependees" signature="(...)" line-rate="1" branch-rate="1" complexity="1">
              <lines>
                <line number="87" hits="5" branch="false" />
                <line number="88" hits="5" branch="false" />
                <line number="89" hits="5" branch="false" />
              </lines>
            </method>
            <method name="GetDependents" signature="(...)" line-rate="1" branch-rate="1" complexity="1">
              <lines>
                <line number="98" hits="5" branch="false" />
                <line number="99" hits="5" branch="false" />
                <line number="100" hits="5" branch="false" />
              </lines>
            </method>
            <method name="GetDependees" signature="(...)" line-rate="1" branch-rate="1" complexity="1">
              <lines>
                <line number="109" hits="5" branch="false" />
                <line number="110" hits="5" branch="false" />
                <line number="111" hits="5" branch="false" />
              </lines>
            </method>
            <method name="AddDependency" signature="(...)" line-rate="1" branch-rate="1" complexity="1">
              <lines>
                <line number="123" hits="29991" branch="false" />
                <line number="124" hits="29991" branch="false" />
              </lines>
            </method>
            <method name="RemoveDependency" signature="(...)" line-rate="1" branch-rate="1" complexity="1">
              <lines>
                <line number="133" hits="8205" branch="false" />
                <line number="134" hits="8205" branch="false" />
              </lines>
            </method>
            <method name="ReplaceDependents" signature="(...)" line-rate="0" branch-rate="1" complexity="1">
              <lines>
                <line number="141" hits="0" branch="false" />
                <line number="142" hits="0" branch="false" />
              </lines>
            </method>
            <method name="ReplaceDependees" signature="(...)" line-rate="0" branch-rate="1" complexity="1">
              <lines>
                <line number="151" hits="0" branch="false" />
                <line number="152" hits="0" branch="false" />
              </lines>
            </method>
            <method name=".ctor" signature="()" line-rate="1" branch-rate="1" complexity="1">
              <lines>
                <line number="60" hits="16" branch="false" />
                <line number="61" hits="16" branch="false" />
                <line number="62" hits="16" branch="false" />
              </lines>
            </method>
          </methods>
          <lines>
            <line number="60" hits="16" branch="false" />
            <line number="61" hits="16" branch="false" />
            <line number="62" hits="16" branch="false" />
            <line number="69" hits="12" branch="false" />
            <line number="78" hits="3" branch="false" />
            <line number="79" hits="3" branch="false" />
            <line number="80" hits="3" branch="false" />
            <line number="87" hits="5" branch="false" />
            <line number="88" hits="5" branch="false" />
            <line number="89" hits="5" branch="false" />
            <line number="98" hits="5" branch="false" />
            <line number="99" hits="5" branch="false" />
            <line number="100" hits="5" branch="false" />
            <line number="109" hits="5" branch="false" />
            <line number="110" hits="5" branch="false" />
            <line number="111" hits="5" branch="false" />
            <line number="123" hits="29991" branch="false" />
            <line number="124" hits="29991" branch="false" />
            <line number="133" hits="8205" branch="false" />
            <line number="134" hits="8205" branch="false" />
            <line number="141" hits="0" branch="false" />
            <line number="142" hits="0" branch="false" />
            <line number="151" hits="0" branch="false" />
            <line number="152" hits="0" branch="false" />
          </lines>
        </class>
      </classes>
    </package>
    <package name="DependencyGraphTests" line-rate="0.877005347593583" branch-rate="0.928571428571429" complexity="42">
      <classes>
        <class name="AutoGeneratedProgram" filename="C:\Users\myers\.nuget\packages\microsoft.net.test.sdk\17.8.0\build\netcoreapp3.1\Microsoft.NET.Test.Sdk.Program.cs" line-rate="0" branch-rate="1" complexity="1">
          <methods>
            <method name="Main" signature="(...)" line-rate="0" branch-rate="1" complexity="1">
              <lines>
                <line number="4" hits="0" branch="false" />
              </lines>
            </method>
          </methods>
          <lines>
            <line number="4" hits="0" branch="false" />
          </lines>
        </class>
        <class name="CS3500.DependencyGraphTests.DependencyGraphTests" filename="C:\Users\myers\Downloads\ps1\DependencyGraphTests\DependencyGraphTests.cs" line-rate="0.859375" branch-rate="0.833333333333333" complexity="19">
          <methods>
            <method name="DependencyGraph_ConstructorTest_TrueSize" signature="()" line-rate="1" branch-rate="1" complexity="1">
              <lines>
                <line number="14" hits="1" branch="false" />
                <line number="15" hits="1" branch="false" />
                <line number="16" hits="1" branch="false" />
                <line number="17" hits="1" branch="false" />
              </lines>
            </method>
            <method name="DependencyGraph_SizeTest_LargeGraph" signature="()" line-rate="0.909090909090909" branch-rate="1" complexity="4">
              <lines>
                <line number="22" hits="1" branch="false" />
                <line number="23" hits="1" branch="false" />
                <line number="25" hits="22" branch="true" condition-coverage="100% (2/2)" />
                <line number="26" hits="10" branch="false" />
                <line number="27" hits="130" branch="true" condition-coverage="100% (2/2)" />
                <line number="28" hits="55" branch="false" />
                <line number="29" hits="55" branch="false" />
                <line number="30" hits="55" branch="false" />
                <line number="31" hits="10" branch="false" />
                <line number="34" hits="1" branch="false" />
                <line number="35" hits="0" branch="false" />
              </lines>
            </method>
            <method name="DependencyGraph_AddDependencyTest_DependencyExists" signature="()" line-rate="0.692307692307692" branch-rate="0.5" complexity="2">
              <lines>
                <line number="40" hits="1" branch="false" />
                <line number="41" hits="1" branch="false" />
                <line number="43" hits="1" branch="false" />
                <line number="44" hits="1" branch="false" />
                <line number="45" hits="1" branch="false" />
                <line number="47" hits="1" branch="false" />
                <line number="48" hits="1" branch="false" />
                <line number="50" hits="2" branch="true" condition-coverage="50% (1/2)" />
                <line number="51" hits="0" branch="false" />
                <line number="52" hits="0" branch="false" />
                <line number="53" hits="0" branch="false" />
                <line number="54" hits="0" branch="false" />
                <line number="55" hits="1" branch="false" />
              </lines>
            </method>
            <method name="DependencyGraph_HasDependentsTest_FalseCheck" signature="()" line-rate="0.8" branch-rate="1" complexity="1">
              <lines>
                <line number="60" hits="1" branch="false" />
                <line number="61" hits="1" branch="false" />
                <line number="63" hits="1" branch="false" />
                <line number="64" hits="1" branch="false" />
                <line number="65" hits="0" branch="false" />
              </lines>
            </method>
            <method name="DependencyGraph_HasDependentsTest_TrueCheck" signature="()" line-rate="0.8" branch-rate="1" complexity="1">
              <lines>
                <line number="70" hits="1" branch="false" />
                <line number="71" hits="1" branch="false" />
                <line number="73" hits="1" branch="false" />
                <line number="74" hits="1" branch="false" />
                <line number="75" hits="1" branch="false" />
                <line number="76" hits="1" branch="false" />
                <line number="77" hits="1" branch="false" />
                <line number="79" hits="1" branch="false" />
                <line number="80" hits="0" branch="false" />
                <line number="81" hits="0" branch="false" />
              </lines>
            </method>
            <method name="DependencyGraph_RemoveDependencyTest_EmptyGraph" signature="()" line-rate="1" branch-rate="1" complexity="1">
              <lines>
                <line number="86" hits="1" branch="false" />
                <line number="87" hits="1" branch="false" />
                <line number="89" hits="1" branch="false" />
                <line number="91" hits="1" branch="false" />
                <line number="93" hits="1" branch="false" />
                <line number="94" hits="1" branch="false" />
              </lines>
            </method>
            <method name="DependencyGraph_RemoveDependencyTest_FilledGraph_False" signature="()" line-rate="1" branch-rate="1" complexity="1">
              <lines>
                <line number="99" hits="1" branch="false" />
                <line number="100" hits="1" branch="false" />
                <line number="102" hits="1" branch="false" />
                <line number="103" hits="1" branch="false" />
                <line number="104" hits="1" branch="false" />
                <line number="105" hits="1" branch="false" />
                <line number="106" hits="1" branch="false" />
                <line number="108" hits="1" branch="false" />
                <line number="110" hits="1" branch="false" />
                <line number="112" hits="1" branch="false" />
                <line number="113" hits="1" branch="false" />
              </lines>
            </method>
            <method name="DependencyGraph_RemoveDependencyTest_FilledGraph_True" signature="()" line-rate="0.727272727272727" branch-rate="1" complexity="1">
              <lines>
                <line number="118" hits="1" branch="false" />
                <line number="119" hits="1" branch="false" />
                <line number="121" hits="1" branch="false" />
                <line number="122" hits="1" branch="false" />
                <line number="123" hits="1" branch="false" />
                <line number="124" hits="1" branch="false" />
                <line number="125" hits="1" branch="false" />
                <line number="127" hits="1" branch="false" />
                <line number="129" hits="0" branch="false" />
                <line number="131" hits="0" branch="false" />
                <line number="132" hits="0" branch="false" />
              </lines>
            </method>
            <method name="DependencyGraph_HasDependeesTest_EmptyGraph" signature="()" line-rate="1" branch-rate="1" complexity="1">
              <lines>
                <line number="137" hits="1" branch="false" />
                <line number="138" hits="1" branch="false" />
                <line number="140" hits="1" branch="false" />
                <line number="141" hits="1" branch="false" />
                <line number="142" hits="1" branch="false" />
              </lines>
            </method>
            <method name="DependencyGraph_HasDependeesTest_FullGraph_False" signature="()" line-rate="1" branch-rate="1" complexity="1">
              <lines>
                <line number="147" hits="1" branch="false" />
                <line number="148" hits="1" branch="false" />
                <line number="150" hits="1" branch="false" />
                <line number="151" hits="1" branch="false" />
                <line number="152" hits="1" branch="false" />
                <line number="153" hits="1" branch="false" />
                <line number="154" hits="1" branch="false" />
                <line number="156" hits="1" branch="false" />
                <line number="157" hits="1" branch="false" />
                <line number="158" hits="1" branch="false" />
              </lines>
            </method>
            <method name="DependencyGraph_HasDependeesTest_FullGraph_True" signature="()" line-rate="0.8" branch-rate="1" complexity="1">
              <lines>
                <line number="163" hits="1" branch="false" />
                <line number="164" hits="1" branch="false" />
                <line number="166" hits="1" branch="false" />
                <line number="167" hits="1" branch="false" />
                <line number="168" hits="1" branch="false" />
                <line number="169" hits="1" branch="false" />
                <line number="170" hits="1" branch="false" />
                <line number="172" hits="1" branch="false" />
                <line number="173" hits="0" branch="false" />
                <line number="174" hits="0" branch="false" />
              </lines>
            </method>
            <method name="DependencyGraph_GetDependeesTest_EmptyGraph" signature="()" line-rate="1" branch-rate="1" complexity="1">
              <lines>
                <line number="179" hits="1" branch="false" />
                <line number="180" hits="1" branch="false" />
                <line number="182" hits="1" branch="false" />
                <line number="183" hits="1" branch="false" />
              </lines>
            </method>
            <method name="DependencyGraph_GetDependeesTest_FilledGraph" signature="()" line-rate="0.583333333333333" branch-rate="1" complexity="1">
              <lines>
                <line number="188" hits="1" branch="false" />
                <line number="189" hits="1" branch="false" />
                <line number="191" hits="1" branch="false" />
                <line number="192" hits="1" branch="false" />
                <line number="193" hits="1" branch="false" />
                <line number="194" hits="1" branch="false" />
                <line number="196" hits="1" branch="false" />
                <line number="198" hits="0" branch="false" />
                <line number="200" hits="0" branch="false" />
                <line number="201" hits="0" branch="false" />
                <line number="202" hits="0" branch="false" />
                <line number="203" hits="0" branch="false" />
              </lines>
            </method>
            <method name="DependencyGraph_GetDependeesTest_FilledGraph_EmptyReturn" signature="()" line-rate="1" branch-rate="1" complexity="1">
              <lines>
                <line number="208" hits="1" branch="false" />
                <line number="209" hits="1" branch="false" />
                <line number="211" hits="1" branch="false" />
                <line number="212" hits="1" branch="false" />
                <line number="213" hits="1" branch="false" />
                <line number="214" hits="1" branch="false" />
                <line number="216" hits="1" branch="false" />
                <line number="217" hits="1" branch="false" />
                <line number="218" hits="1" branch="false" />
              </lines>
            </method>
            <method name="DependencyGraph_GetDependeesTest_DependeeRemoved" signature="()" line-rate="1" branch-rate="1" complexity="1">
              <lines>
                <line number="223" hits="1" branch="false" />
                <line number="224" hits="1" branch="false" />
                <line number="226" hits="1" branch="false" />
                <line number="227" hits="1" branch="false" />
                <line number="228" hits="1" branch="false" />
                <line number="230" hits="1" branch="false" />
                <line number="231" hits="1" branch="false" />
              </lines>
            </method>
          </methods>
          <lines>
            <line number="14" hits="1" branch="false" />
            <line number="15" hits="1" branch="false" />
            <line number="16" hits="1" branch="false" />
            <line number="17" hits="1" branch="false" />
            <line number="22" hits="1" branch="false" />
            <line number="23" hits="1" branch="false" />
            <line number="25" hits="22" branch="true" condition-coverage="100% (2/2)" />
            <line number="26" hits="10" branch="false" />
            <line number="27" hits="130" branch="true" condition-coverage="100% (2/2)" />
            <line number="28" hits="55" branch="false" />
            <line number="29" hits="55" branch="false" />
            <line number="30" hits="55" branch="false" />
            <line number="31" hits="10" branch="false" />
            <line number="34" hits="1" branch="false" />
            <line number="35" hits="0" branch="false" />
            <line number="40" hits="1" branch="false" />
            <line number="41" hits="1" branch="false" />
            <line number="43" hits="1" branch="false" />
            <line number="44" hits="1" branch="false" />
            <line number="45" hits="1" branch="false" />
            <line number="47" hits="1" branch="false" />
            <line number="48" hits="1" branch="false" />
            <line number="50" hits="2" branch="true" condition-coverage="50% (1/2)" />
            <line number="51" hits="0" branch="false" />
            <line number="52" hits="0" branch="false" />
            <line number="53" hits="0" branch="false" />
            <line number="54" hits="0" branch="false" />
            <line number="55" hits="1" branch="false" />
            <line number="60" hits="1" branch="false" />
            <line number="61" hits="1" branch="false" />
            <line number="63" hits="1" branch="false" />
            <line number="64" hits="1" branch="false" />
            <line number="65" hits="0" branch="false" />
            <line number="70" hits="1" branch="false" />
            <line number="71" hits="1" branch="false" />
            <line number="73" hits="1" branch="false" />
            <line number="74" hits="1" branch="false" />
            <line number="75" hits="1" branch="false" />
            <line number="76" hits="1" branch="false" />
            <line number="77" hits="1" branch="false" />
            <line number="79" hits="1" branch="false" />
            <line number="80" hits="0" branch="false" />
            <line number="81" hits="0" branch="false" />
            <line number="86" hits="1" branch="false" />
            <line number="87" hits="1" branch="false" />
            <line number="89" hits="1" branch="false" />
            <line number="91" hits="1" branch="false" />
            <line number="93" hits="1" branch="false" />
            <line number="94" hits="1" branch="false" />
            <line number="99" hits="1" branch="false" />
            <line number="100" hits="1" branch="false" />
            <line number="102" hits="1" branch="false" />
            <line number="103" hits="1" branch="false" />
            <line number="104" hits="1" branch="false" />
            <line number="105" hits="1" branch="false" />
            <line number="106" hits="1" branch="false" />
            <line number="108" hits="1" branch="false" />
            <line number="110" hits="1" branch="false" />
            <line number="112" hits="1" branch="false" />
            <line number="113" hits="1" branch="false" />
            <line number="118" hits="1" branch="false" />
            <line number="119" hits="1" branch="false" />
            <line number="121" hits="1" branch="false" />
            <line number="122" hits="1" branch="false" />
            <line number="123" hits="1" branch="false" />
            <line number="124" hits="1" branch="false" />
            <line number="125" hits="1" branch="false" />
            <line number="127" hits="1" branch="false" />
            <line number="129" hits="0" branch="false" />
            <line number="131" hits="0" branch="false" />
            <line number="132" hits="0" branch="false" />
            <line number="137" hits="1" branch="false" />
            <line number="138" hits="1" branch="false" />
            <line number="140" hits="1" branch="false" />
            <line number="141" hits="1" branch="false" />
            <line number="142" hits="1" branch="false" />
            <line number="147" hits="1" branch="false" />
            <line number="148" hits="1" branch="false" />
            <line number="150" hits="1" branch="false" />
            <line number="151" hits="1" branch="false" />
            <line number="152" hits="1" branch="false" />
            <line number="153" hits="1" branch="false" />
            <line number="154" hits="1" branch="false" />
            <line number="156" hits="1" branch="false" />
            <line number="157" hits="1" branch="false" />
            <line number="158" hits="1" branch="false" />
            <line number="163" hits="1" branch="false" />
            <line number="164" hits="1" branch="false" />
            <line number="166" hits="1" branch="false" />
            <line number="167" hits="1" branch="false" />
            <line number="168" hits="1" branch="false" />
            <line number="169" hits="1" branch="false" />
            <line number="170" hits="1" branch="false" />
            <line number="172" hits="1" branch="false" />
            <line number="173" hits="0" branch="false" />
            <line number="174" hits="0" branch="false" />
            <line number="179" hits="1" branch="false" />
            <line number="180" hits="1" branch="false" />
            <line number="182" hits="1" branch="false" />
            <line number="183" hits="1" branch="false" />
            <line number="188" hits="1" branch="false" />
            <line number="189" hits="1" branch="false" />
            <line number="191" hits="1" branch="false" />
            <line number="192" hits="1" branch="false" />
            <line number="193" hits="1" branch="false" />
            <line number="194" hits="1" branch="false" />
            <line number="196" hits="1" branch="false" />
            <line number="198" hits="0" branch="false" />
            <line number="200" hits="0" branch="false" />
            <line number="201" hits="0" branch="false" />
            <line number="202" hits="0" branch="false" />
            <line number="203" hits="0" branch="false" />
            <line number="208" hits="1" branch="false" />
            <line number="209" hits="1" branch="false" />
            <line number="211" hits="1" branch="false" />
            <line number="212" hits="1" branch="false" />
            <line number="213" hits="1" branch="false" />
            <line number="214" hits="1" branch="false" />
            <line number="216" hits="1" branch="false" />
            <line number="217" hits="1" branch="false" />
            <line number="218" hits="1" branch="false" />
            <line number="223" hits="1" branch="false" />
            <line number="224" hits="1" branch="false" />
            <line number="226" hits="1" branch="false" />
            <line number="227" hits="1" branch="false" />
            <line number="228" hits="1" branch="false" />
            <line number="230" hits="1" branch="false" />
            <line number="231" hits="1" branch="false" />
          </lines>
        </class>
        <class name="CS3500.DevelopmentTests.DependencyGraphExampleStressTests" filename="C:\Users\myers\Downloads\ps1\DependencyGraphTests\DependencyGraphStressTest.cs" line-rate="0.931034482758621" branch-rate="0.954545454545455" complexity="22">
          <methods>
            <method name="StressTest" signature="()" line-rate="0.931034482758621" branch-rate="0.954545454545455" complexity="22">
              <lines>
                <line number="17" hits="1" branch="false" />
                <line number="18" hits="1" branch="false" />
                <line number="21" hits="1" branch="false" />
                <line number="22" hits="402" branch="true" condition-coverage="100% (2/2)" />
                <line number="23" hits="200" branch="false" />
                <line number="24" hits="200" branch="false" />
                <line number="25" hits="200" branch="false" />
                <line number="27" hits="1" branch="false" />
                <line number="28" hits="1" branch="false" />
                <line number="29" hits="402" branch="true" condition-coverage="100% (2/2)" />
                <line number="30" hits="200" branch="false" />
                <line number="31" hits="200" branch="false" />
                <line number="32" hits="200" branch="false" />
                <line number="33" hits="200" branch="false" />
                <line number="35" hits="402" branch="true" condition-coverage="100% (2/2)" />
                <line number="36" hits="200" branch="false" />
                <line number="37" hits="40200" branch="true" condition-coverage="100% (2/2)" />
                <line number="38" hits="19900" branch="false" />
                <line number="39" hits="19900" branch="false" />
                <line number="40" hits="19900" branch="false" />
                <line number="41" hits="19900" branch="false" />
                <line number="42" hits="19900" branch="false" />
                <line number="43" hits="200" branch="false" />
                <line number="45" hits="402" branch="true" condition-coverage="100% (2/2)" />
                <line number="46" hits="200" branch="false" />
                <line number="47" hits="10200" branch="true" condition-coverage="100% (2/2)" />
                <line number="48" hits="4900" branch="false" />
                <line number="49" hits="4900" branch="false" />
                <line number="50" hits="4900" branch="false" />
                <line number="51" hits="4900" branch="false" />
                <line number="52" hits="4900" branch="false" />
                <line number="53" hits="200" branch="false" />
                <line number="55" hits="402" branch="true" condition-coverage="100% (2/2)" />
                <line number="56" hits="200" branch="false" />
                <line number="57" hits="20400" branch="true" condition-coverage="100% (2/2)" />
                <line number="58" hits="10000" branch="false" />
                <line number="59" hits="10000" branch="false" />
                <line number="60" hits="10000" branch="false" />
                <line number="61" hits="10000" branch="false" />
                <line number="62" hits="10000" branch="false" />
                <line number="63" hits="200" branch="false" />
                <line number="65" hits="202" branch="true" condition-coverage="100% (2/2)" />
                <line number="66" hits="100" branch="false" />
                <line number="67" hits="6800" branch="true" condition-coverage="100% (2/2)" />
                <line number="68" hits="3300" branch="false" />
                <line number="69" hits="3300" branch="false" />
                <line number="70" hits="3300" branch="false" />
                <line number="71" hits="3300" branch="false" />
                <line number="72" hits="3300" branch="false" />
                <line number="73" hits="100" branch="false" />
                <line number="75" hits="2" branch="true" condition-coverage="50% (1/2)" />
                <line number="76" hits="1" branch="false" />
                <line number="77" hits="1" branch="false" />
                <line number="78" hits="1" branch="false" />
                <line number="79" hits="0" branch="false" />
                <line number="80" hits="0" branch="false" />
                <line number="81" hits="0" branch="false" />
                <line number="82" hits="0" branch="false" />
              </lines>
            </method>
          </methods>
          <lines>
            <line number="17" hits="1" branch="false" />
            <line number="18" hits="1" branch="false" />
            <line number="21" hits="1" branch="false" />
            <line number="22" hits="402" branch="true" condition-coverage="100% (2/2)" />
            <line number="23" hits="200" branch="false" />
            <line number="24" hits="200" branch="false" />
            <line number="25" hits="200" branch="false" />
            <line number="27" hits="1" branch="false" />
            <line number="28" hits="1" branch="false" />
            <line number="29" hits="402" branch="true" condition-coverage="100% (2/2)" />
            <line number="30" hits="200" branch="false" />
            <line number="31" hits="200" branch="false" />
            <line number="32" hits="200" branch="false" />
            <line number="33" hits="200" branch="false" />
            <line number="35" hits="402" branch="true" condition-coverage="100% (2/2)" />
            <line number="36" hits="200" branch="false" />
            <line number="37" hits="40200" branch="true" condition-coverage="100% (2/2)" />
            <line number="38" hits="19900" branch="false" />
            <line number="39" hits="19900" branch="false" />
            <line number="40" hits="19900" branch="false" />
            <line number="41" hits="19900" branch="false" />
            <line number="42" hits="19900" branch="false" />
            <line number="43" hits="200" branch="false" />
            <line number="45" hits="402" branch="true" condition-coverage="100% (2/2)" />
            <line number="46" hits="200" branch="false" />
            <line number="47" hits="10200" branch="true" condition-coverage="100% (2/2)" />
            <line number="48" hits="4900" branch="false" />
            <line number="49" hits="4900" branch="false" />
            <line number="50" hits="4900" branch="false" />
            <line number="51" hits="4900" branch="false" />
            <line number="52" hits="4900" branch="false" />
            <line number="53" hits="200" branch="false" />
            <line number="55" hits="402" branch="true" condition-coverage="100% (2/2)" />
            <line number="56" hits="200" branch="false" />
            <line number="57" hits="20400" branch="true" condition-coverage="100% (2/2)" />
            <line number="58" hits="10000" branch="false" />
            <line number="59" hits="10000" branch="false" />
            <line number="60" hits="10000" branch="false" />
            <line number="61" hits="10000" branch="false" />
            <line number="62" hits="10000" branch="false" />
            <line number="63" hits="200" branch="false" />
            <line number="65" hits="202" branch="true" condition-coverage="100% (2/2)" />
            <line number="66" hits="100" branch="false" />
            <line number="67" hits="6800" branch="true" condition-coverage="100% (2/2)" />
            <line number="68" hits="3300" branch="false" />
            <line number="69" hits="3300" branch="false" />
            <line number="70" hits="3300" branch="false" />
            <line number="71" hits="3300" branch="false" />
            <line number="72" hits="3300" branch="false" />
            <line number="73" hits="100" branch="false" />
            <line number="75" hits="2" branch="true" condition-coverage="50% (1/2)" />
            <line number="76" hits="1" branch="false" />
            <line number="77" hits="1" branch="false" />
            <line number="78" hits="1" branch="false" />
            <line number="79" hits="0" branch="false" />
            <line number="80" hits="0" branch="false" />
            <line number="81" hits="0" branch="false" />
            <line number="82" hits="0" branch="false" />
          </lines>
        </class>
      </classes>
    </package>
  </packages>
</coverage>