TpTrace Verbose: 0 : 18132, 1, 2024/09/11, 15:35:29.718, 990637461974, vstest.console.dll, Version: 17.11.0-release-24352-05 Current process architecture: X64
TpTrace Verbose: 0 : 18132, 1, 2024/09/11, 15:35:29.720, 990637479485, vstest.console.dll, Runtime location: C:\Program Files\dotnet\shared\Microsoft.NETCore.App\8.0.8
TpTrace Verbose: 0 : 18132, 1, 2024/09/11, 15:35:29.721, 990637494438, vstest.console.dll, ArtifactProcessingPostProcessModeProcessorExecutor.Initialize: ArtifactProcessingMode.Collect
TpTrace Verbose: 0 : 18132, 1, 2024/09/11, 15:35:29.721, 990637495116, vstest.console.dll, TestSessionCorrelationIdProcessorModeProcessorExecutor.Initialize: TestSessionCorrelationId '22060_72a50a42-e0a7-4b9e-bf39-d9a54e8cc32d'
TpTrace Information: 0 : 18132, 1, 2024/09/11, 15:35:29.725, 990637534854, vstest.console.dll, FilePatternParser: The given file C:\Users\myers\Downloads\ps1\DependencyGraphTests\bin\Debug\net8.0\fine-code-coverage\build-output\DependencyGraphTests.dll is a full path.
TpTrace Verbose: 0 : 18132, 1, 2024/09/11, 15:35:29.728, 990637562753, vstest.console.dll, TestPluginCache.DiscoverTestExtensions: finding test extensions in assemblies ends with: RuntimeProvider.dll TPluginInfo: Microsoft.VisualStudio.TestPlatform.Common.ExtensionFramework.Utilities.TestRuntimePluginInformation TExtension: Microsoft.VisualStudio.TestPlatform.ObjectModel.Host.ITestRuntimeProvider
TpTrace Verbose: 0 : 18132, 1, 2024/09/11, 15:35:29.728, 990637564683, vstest.console.dll, TestPluginCache.GetExtensionPaths: Filtered extension paths: 
TpTrace Verbose: 0 : 18132, 1, 2024/09/11, 15:35:29.728, 990637565309, vstest.console.dll, TestPluginCache.GetExtensionPaths: Added default extension paths: C:\Program Files\dotnet\sdk\8.0.400\Extensions\Microsoft.Diagnostics.NETCore.Client.dll
C:\Program Files\dotnet\sdk\8.0.400\Extensions\Microsoft.TestPlatform.Extensions.BlameDataCollector.dll
C:\Program Files\dotnet\sdk\8.0.400\Extensions\Microsoft.TestPlatform.Extensions.EventLogCollector.dll
C:\Program Files\dotnet\sdk\8.0.400\Extensions\Microsoft.TestPlatform.TestHostRuntimeProvider.dll
C:\Program Files\dotnet\sdk\8.0.400\Extensions\Microsoft.VisualStudio.TestPlatform.Extensions.Html.TestLogger.dll
C:\Program Files\dotnet\sdk\8.0.400\Extensions\Microsoft.VisualStudio.TestPlatform.Extensions.Trx.TestLogger.dll
TpTrace Verbose: 0 : 18132, 1, 2024/09/11, 15:35:29.728, 990637565580, vstest.console.dll, TestPluginCache.GetExtensionPaths: Added unfilterableExtensionPaths: 
TpTrace Information: 0 : 18132, 1, 2024/09/11, 15:35:29.729, 990637569609, vstest.console.dll, AssemblyResolver.ctor: Creating AssemblyResolver with searchDirectories C:\Program Files\dotnet\sdk\8.0.400\Extensions,C:\Program Files\dotnet\sdk\8.0.400
TpTrace Verbose: 0 : 18132, 1, 2024/09/11, 15:35:29.730, 990637578453, vstest.console.dll, TestPluginCache.DiscoverTestExtensions: Discovering the extensions using extension path.
TpTrace Verbose: 0 : 18132, 1, 2024/09/11, 15:35:29.730, 990637579174, vstest.console.dll, TestPluginCache.GetExtensionPaths: Filtered extension paths: 
TpTrace Verbose: 0 : 18132, 1, 2024/09/11, 15:35:29.730, 990637579391, vstest.console.dll, TestPluginCache.GetExtensionPaths: Added default extension paths: C:\Program Files\dotnet\sdk\8.0.400\Extensions\Microsoft.Diagnostics.NETCore.Client.dll
C:\Program Files\dotnet\sdk\8.0.400\Extensions\Microsoft.TestPlatform.Extensions.BlameDataCollector.dll
C:\Program Files\dotnet\sdk\8.0.400\Extensions\Microsoft.TestPlatform.Extensions.EventLogCollector.dll
C:\Program Files\dotnet\sdk\8.0.400\Extensions\Microsoft.TestPlatform.TestHostRuntimeProvider.dll
C:\Program Files\dotnet\sdk\8.0.400\Extensions\Microsoft.VisualStudio.TestPlatform.Extensions.Html.TestLogger.dll
C:\Program Files\dotnet\sdk\8.0.400\Extensions\Microsoft.VisualStudio.TestPlatform.Extensions.Trx.TestLogger.dll
TpTrace Verbose: 0 : 18132, 1, 2024/09/11, 15:35:29.730, 990637579542, vstest.console.dll, TestPluginCache.GetExtensionPaths: Added unfilterableExtensionPaths: 
TpTrace Verbose: 0 : 18132, 1, 2024/09/11, 15:35:29.730, 990637579874, vstest.console.dll, TestPluginCache.DiscoverTestExtensions: Discovering the extensions using allExtensionPaths: C:\Program Files\dotnet\sdk\8.0.400\Extensions\Microsoft.Diagnostics.NETCore.Client.dll
C:\Program Files\dotnet\sdk\8.0.400\Extensions\Microsoft.TestPlatform.Extensions.BlameDataCollector.dll
C:\Program Files\dotnet\sdk\8.0.400\Extensions\Microsoft.TestPlatform.Extensions.EventLogCollector.dll
C:\Program Files\dotnet\sdk\8.0.400\Extensions\Microsoft.TestPlatform.TestHostRuntimeProvider.dll
C:\Program Files\dotnet\sdk\8.0.400\Extensions\Microsoft.VisualStudio.TestPlatform.Extensions.Html.TestLogger.dll
C:\Program Files\dotnet\sdk\8.0.400\Extensions\Microsoft.VisualStudio.TestPlatform.Extensions.Trx.TestLogger.dll
TpTrace Information: 0 : 18132, 1, 2024/09/11, 15:35:29.730, 990637580784, vstest.console.dll, AssemblyResolver.AddSearchDirectories: Adding more searchDirectories C:\Program Files\dotnet\sdk\8.0.400\Extensions,C:\Program Files\dotnet\sdk\8.0.400
TpTrace Information: 0 : 18132, 1, 2024/09/11, 15:35:29.730, 990637581137, vstest.console.dll, AssemblyResolver.AddSearchDirectories: Adding more searchDirectories C:\Program Files\dotnet\sdk\8.0.400\Extensions,C:\Program Files\dotnet\sdk\8.0.400
TpTrace Information: 0 : 18132, 1, 2024/09/11, 15:35:29.730, 990637581315, vstest.console.dll, AssemblyResolver.AddSearchDirectories: Adding more searchDirectories C:\Program Files\dotnet\sdk\8.0.400\Extensions,C:\Program Files\dotnet\sdk\8.0.400
TpTrace Information: 0 : 18132, 1, 2024/09/11, 15:35:29.730, 990637581460, vstest.console.dll, AssemblyResolver.AddSearchDirectories: Adding more searchDirectories C:\Program Files\dotnet\sdk\8.0.400\Extensions,C:\Program Files\dotnet\sdk\8.0.400
TpTrace Information: 0 : 18132, 1, 2024/09/11, 15:35:29.730, 990637581630, vstest.console.dll, AssemblyResolver.AddSearchDirectories: Adding more searchDirectories C:\Program Files\dotnet\sdk\8.0.400\Extensions,C:\Program Files\dotnet\sdk\8.0.400
TpTrace Information: 0 : 18132, 1, 2024/09/11, 15:35:29.730, 990637581771, vstest.console.dll, AssemblyResolver.AddSearchDirectories: Adding more searchDirectories C:\Program Files\dotnet\sdk\8.0.400\Extensions,C:\Program Files\dotnet\sdk\8.0.400
TpTrace Information: 0 : 18132, 1, 2024/09/11, 15:35:29.730, 990637584551, vstest.console.dll, AssemblyResolver.OnResolve: Microsoft.Diagnostics.NETCore.Client: Resolving assembly.
TpTrace Information: 0 : 18132, 1, 2024/09/11, 15:35:29.730, 990637584999, vstest.console.dll, AssemblyResolver.OnResolve: Microsoft.Diagnostics.NETCore.Client: Searching in: 'C:\Program Files\dotnet\sdk\8.0.400\Extensions'.
TpTrace Information: 0 : 18132, 1, 2024/09/11, 15:35:29.734, 990637623047, vstest.console.dll, AssemblyResolver.OnResolve: Microsoft.Diagnostics.NETCore.Client: Loading assembly 'C:\Program Files\dotnet\sdk\8.0.400\Extensions\Microsoft.Diagnostics.NETCore.Client.dll'.
TpTrace Information: 0 : 18132, 1, 2024/09/11, 15:35:29.734, 990637626981, vstest.console.dll, AssemblyResolver.OnResolve: Resolved assembly: Microsoft.Diagnostics.NETCore.Client, from path: C:\Program Files\dotnet\sdk\8.0.400\Extensions\Microsoft.Diagnostics.NETCore.Client.dll
TpTrace Verbose: 0 : 18132, 1, 2024/09/11, 15:35:29.737, 990637653612, vstest.console.dll, MetadataReaderExtensionsHelper: Discovering extensions inside assembly 'Microsoft.Diagnostics.NETCore.Client, Version=0.2.10.30701, Culture=neutral, PublicKeyToken=31bf3856ad364e35' file path 'C:\Program Files\dotnet\sdk\8.0.400\Extensions\Microsoft.Diagnostics.NETCore.Client.dll'
TpTrace Information: 0 : 18132, 1, 2024/09/11, 15:35:29.739, 990637674866, vstest.console.dll, AssemblyResolver.OnResolve: Microsoft.Bcl.AsyncInterfaces: Resolving assembly.
TpTrace Information: 0 : 18132, 1, 2024/09/11, 15:35:29.739, 990637675220, vstest.console.dll, AssemblyResolver.OnResolve: Microsoft.Bcl.AsyncInterfaces: Searching in: 'C:\Program Files\dotnet\sdk\8.0.400\Extensions'.
TpTrace Information: 0 : 18132, 1, 2024/09/11, 15:35:29.739, 990637675699, vstest.console.dll, AssemblyResolver.OnResolve: Microsoft.Bcl.AsyncInterfaces: Assembly path does not exist: 'C:\Program Files\dotnet\sdk\8.0.400\Extensions\Microsoft.Bcl.AsyncInterfaces.dll', returning.
TpTrace Information: 0 : 18132, 1, 2024/09/11, 15:35:29.739, 990637676387, vstest.console.dll, AssemblyResolver.OnResolve: Microsoft.Bcl.AsyncInterfaces: Assembly path does not exist: 'C:\Program Files\dotnet\sdk\8.0.400\Extensions\Microsoft.Bcl.AsyncInterfaces.exe', returning.
TpTrace Information: 0 : 18132, 1, 2024/09/11, 15:35:29.739, 990637676618, vstest.console.dll, AssemblyResolver.OnResolve: Microsoft.Bcl.AsyncInterfaces: Searching in: 'C:\Program Files\dotnet\sdk\8.0.400'.
TpTrace Information: 0 : 18132, 1, 2024/09/11, 15:35:29.739, 990637677011, vstest.console.dll, AssemblyResolver.OnResolve: Microsoft.Bcl.AsyncInterfaces: Assembly path does not exist: 'C:\Program Files\dotnet\sdk\8.0.400\Microsoft.Bcl.AsyncInterfaces.dll', returning.
TpTrace Information: 0 : 18132, 1, 2024/09/11, 15:35:29.739, 990637677369, vstest.console.dll, AssemblyResolver.OnResolve: Microsoft.Bcl.AsyncInterfaces: Assembly path does not exist: 'C:\Program Files\dotnet\sdk\8.0.400\Microsoft.Bcl.AsyncInterfaces.exe', returning.
TpTrace Information: 0 : 18132, 1, 2024/09/11, 15:35:29.739, 990637677604, vstest.console.dll, AssemblyResolver.OnResolve: Microsoft.Bcl.AsyncInterfaces: Failed to load assembly.
TpTrace Verbose: 0 : 18132, 1, 2024/09/11, 15:35:29.739, 990637677787, vstest.console.dll, CurrentDomainAssemblyResolve: Resolving assembly 'Microsoft.Bcl.AsyncInterfaces'.
TpTrace Information: 0 : 18132, 1, 2024/09/11, 15:35:29.740, 990637678096, vstest.console.dll, AssemblyResolver.OnResolve: Microsoft.Bcl.AsyncInterfaces: Resolving assembly.
TpTrace Information: 0 : 18132, 1, 2024/09/11, 15:35:29.740, 990637678293, vstest.console.dll, AssemblyResolver.OnResolve: Microsoft.Bcl.AsyncInterfaces: Resolved from cache.
TpTrace Verbose: 0 : 18132, 1, 2024/09/11, 15:35:29.740, 990637678440, vstest.console.dll, CurrentDomainAssemblyResolve: Resolving assembly 'Microsoft.Bcl.AsyncInterfaces'.
TpTrace Verbose: 0 : 18132, 1, 2024/09/11, 15:35:29.740, 990637678643, vstest.console.dll, CurrentDomainAssemblyResolve: Failed to resolve assembly 'Microsoft.Bcl.AsyncInterfaces'.
TpTrace Verbose: 0 : 18132, 1, 2024/09/11, 15:35:29.740, 990637683340, vstest.console.dll, CurrentDomainAssemblyResolve: Failed to resolve assembly 'Microsoft.Bcl.AsyncInterfaces'.
TpTrace Warning: 0 : 18132, 1, 2024/09/11, 15:35:29.745, 990637735535, vstest.console.dll, TestPluginDiscoverer: Failed to get types from assembly 'Microsoft.Diagnostics.NETCore.Client, Version=0.2.10.30701, Culture=neutral, PublicKeyToken=31bf3856ad364e35'. Error: System.Reflection.ReflectionTypeLoadException: Unable to load one or more of the requested types.
Could not load file or assembly 'Microsoft.Bcl.AsyncInterfaces, Version=6.0.0.0, Culture=neutral, PublicKeyToken=cc7b13ffcd2ddd51'. The system cannot find the file specified.
   at System.Reflection.RuntimeModule.GetTypes(RuntimeModule module)
   at System.Reflection.RuntimeModule.GetTypes()
   at Microsoft.VisualStudio.TestPlatform.Common.ExtensionFramework.TestPluginDiscoverer.GetTestExtensionsFromAssembly[TPluginInfo,TExtension](Assembly assembly, Dictionary`2 pluginInfos, String filePath) in /_/src/Microsoft.TestPlatform.Common/ExtensionFramework/TestPluginDiscoverer.cs:line 158
System.IO.FileNotFoundException: Could not load file or assembly 'Microsoft.Bcl.AsyncInterfaces, Version=6.0.0.0, Culture=neutral, PublicKeyToken=cc7b13ffcd2ddd51'. The system cannot find the file specified.
File name: 'Microsoft.Bcl.AsyncInterfaces, Version=6.0.0.0, Culture=neutral, PublicKeyToken=cc7b13ffcd2ddd51'
 ---> System.IO.FileNotFoundException: Could not load file or assembly 'Microsoft.Bcl.AsyncInterfaces, Culture=neutral, PublicKeyToken=null'. The system cannot find the file specified.
File name: 'Microsoft.Bcl.AsyncInterfaces, Culture=neutral, PublicKeyToken=null'
   at System.Reflection.RuntimeAssembly.InternalLoad(AssemblyName assemblyName, StackCrawlMark& stackMark, AssemblyLoadContext assemblyLoadContext, RuntimeAssembly requestingAssembly, Boolean throwOnFileNotFound)
   at System.Reflection.Assembly.Load(AssemblyName assemblyRef)
   at Microsoft.VisualStudio.TestPlatform.Common.ExtensionFramework.TestPluginCache.CurrentDomainAssemblyResolve(Object sender, AssemblyResolveEventArgs args) in /_/src/Microsoft.TestPlatform.Common/ExtensionFramework/TestPluginCache.cs:line 513
   at System.Runtime.Loader.AssemblyLoadContext.GetFirstResolvedAssemblyFromResolvingEvent(AssemblyName assemblyName)
   at System.Runtime.Loader.AssemblyLoadContext.ResolveUsingEvent(AssemblyName assemblyName)
   at System.Runtime.Loader.AssemblyLoadContext.ResolveUsingResolvingEvent(IntPtr gchManagedAssemblyLoadContext, AssemblyName assemblyName)
TpTrace Warning: 0 : 18132, 1, 2024/09/11, 15:35:29.745, 990637737292, vstest.console.dll, LoaderExceptions: System.IO.FileNotFoundException: Could not load file or assembly 'Microsoft.Bcl.AsyncInterfaces, Version=6.0.0.0, Culture=neutral, PublicKeyToken=cc7b13ffcd2ddd51'. The system cannot find the file specified.
File name: 'Microsoft.Bcl.AsyncInterfaces, Version=6.0.0.0, Culture=neutral, PublicKeyToken=cc7b13ffcd2ddd51'
 ---> System.IO.FileNotFoundException: Could not load file or assembly 'Microsoft.Bcl.AsyncInterfaces, Culture=neutral, PublicKeyToken=null'. The system cannot find the file specified.
File name: 'Microsoft.Bcl.AsyncInterfaces, Culture=neutral, PublicKeyToken=null'
   at System.Reflection.RuntimeAssembly.InternalLoad(AssemblyName assemblyName, StackCrawlMark& stackMark, AssemblyLoadContext assemblyLoadContext, RuntimeAssembly requestingAssembly, Boolean throwOnFileNotFound)
   at System.Reflection.Assembly.Load(AssemblyName assemblyRef)
   at Microsoft.VisualStudio.TestPlatform.Common.ExtensionFramework.TestPluginCache.CurrentDomainAssemblyResolve(Object sender, AssemblyResolveEventArgs args) in /_/src/Microsoft.TestPlatform.Common/ExtensionFramework/TestPluginCache.cs:line 513
   at System.Runtime.Loader.AssemblyLoadContext.GetFirstResolvedAssemblyFromResolvingEvent(AssemblyName assemblyName)
   at System.Runtime.Loader.AssemblyLoadContext.ResolveUsingEvent(AssemblyName assemblyName)
   at System.Runtime.Loader.AssemblyLoadContext.ResolveUsingResolvingEvent(IntPtr gchManagedAssemblyLoadContext, AssemblyName assemblyName)
TpTrace Information: 0 : 18132, 1, 2024/09/11, 15:35:29.746, 990637738054, vstest.console.dll, AssemblyResolver.OnResolve: Microsoft.TestPlatform.Extensions.BlameDataCollector: Resolving assembly.
TpTrace Information: 0 : 18132, 1, 2024/09/11, 15:35:29.746, 990637738294, vstest.console.dll, AssemblyResolver.OnResolve: Microsoft.TestPlatform.Extensions.BlameDataCollector: Searching in: 'C:\Program Files\dotnet\sdk\8.0.400\Extensions'.
TpTrace Information: 0 : 18132, 1, 2024/09/11, 15:35:29.746, 990637741360, vstest.console.dll, AssemblyResolver.OnResolve: Microsoft.TestPlatform.Extensions.BlameDataCollector: Loading assembly 'C:\Program Files\dotnet\sdk\8.0.400\Extensions\Microsoft.TestPlatform.Extensions.BlameDataCollector.dll'.
TpTrace Information: 0 : 18132, 1, 2024/09/11, 15:35:29.746, 990637744772, vstest.console.dll, AssemblyResolver.OnResolve: Resolved assembly: Microsoft.TestPlatform.Extensions.BlameDataCollector, from path: C:\Program Files\dotnet\sdk\8.0.400\Extensions\Microsoft.TestPlatform.Extensions.BlameDataCollector.dll
TpTrace Verbose: 0 : 18132, 1, 2024/09/11, 15:35:29.746, 990637745236, vstest.console.dll, MetadataReaderExtensionsHelper: Discovering extensions inside assembly 'Microsoft.TestPlatform.Extensions.BlameDataCollector, Version=15.0.0.0, Culture=neutral, PublicKeyToken=b03f5f7f11d50a3a' file path 'C:\Program Files\dotnet\sdk\8.0.400\Extensions\Microsoft.TestPlatform.Extensions.BlameDataCollector.dll'
TpTrace Information: 0 : 18132, 1, 2024/09/11, 15:35:29.747, 990637753291, vstest.console.dll, AssemblyResolver.OnResolve: Microsoft.TestPlatform.Extensions.EventLogCollector: Resolving assembly.
TpTrace Information: 0 : 18132, 1, 2024/09/11, 15:35:29.747, 990637753643, vstest.console.dll, AssemblyResolver.OnResolve: Microsoft.TestPlatform.Extensions.EventLogCollector: Searching in: 'C:\Program Files\dotnet\sdk\8.0.400\Extensions'.
TpTrace Information: 0 : 18132, 1, 2024/09/11, 15:35:29.747, 990637756426, vstest.console.dll, AssemblyResolver.OnResolve: Microsoft.TestPlatform.Extensions.EventLogCollector: Loading assembly 'C:\Program Files\dotnet\sdk\8.0.400\Extensions\Microsoft.TestPlatform.Extensions.EventLogCollector.dll'.
TpTrace Information: 0 : 18132, 1, 2024/09/11, 15:35:29.748, 990637759354, vstest.console.dll, AssemblyResolver.OnResolve: Resolved assembly: Microsoft.TestPlatform.Extensions.EventLogCollector, from path: C:\Program Files\dotnet\sdk\8.0.400\Extensions\Microsoft.TestPlatform.Extensions.EventLogCollector.dll
TpTrace Verbose: 0 : 18132, 1, 2024/09/11, 15:35:29.748, 990637759766, vstest.console.dll, MetadataReaderExtensionsHelper: Discovering extensions inside assembly 'Microsoft.TestPlatform.Extensions.EventLogCollector, Version=15.0.0.0, Culture=neutral, PublicKeyToken=b03f5f7f11d50a3a' file path 'C:\Program Files\dotnet\sdk\8.0.400\Extensions\Microsoft.TestPlatform.Extensions.EventLogCollector.dll'
TpTrace Information: 0 : 18132, 1, 2024/09/11, 15:35:29.749, 990637774949, vstest.console.dll, AssemblyResolver.OnResolve: Microsoft.TestPlatform.TestHostRuntimeProvider: Resolving assembly.
TpTrace Information: 0 : 18132, 1, 2024/09/11, 15:35:29.749, 990637775279, vstest.console.dll, AssemblyResolver.OnResolve: Microsoft.TestPlatform.TestHostRuntimeProvider: Searching in: 'C:\Program Files\dotnet\sdk\8.0.400\Extensions'.
TpTrace Information: 0 : 18132, 1, 2024/09/11, 15:35:29.749, 990637777588, vstest.console.dll, AssemblyResolver.OnResolve: Microsoft.TestPlatform.TestHostRuntimeProvider: Loading assembly 'C:\Program Files\dotnet\sdk\8.0.400\Extensions\Microsoft.TestPlatform.TestHostRuntimeProvider.dll'.
TpTrace Information: 0 : 18132, 1, 2024/09/11, 15:35:29.750, 990637780300, vstest.console.dll, AssemblyResolver.OnResolve: Resolved assembly: Microsoft.TestPlatform.TestHostRuntimeProvider, from path: C:\Program Files\dotnet\sdk\8.0.400\Extensions\Microsoft.TestPlatform.TestHostRuntimeProvider.dll
TpTrace Verbose: 0 : 18132, 1, 2024/09/11, 15:35:29.750, 990637780715, vstest.console.dll, MetadataReaderExtensionsHelper: Discovering extensions inside assembly 'Microsoft.TestPlatform.TestHostRuntimeProvider, Version=15.0.0.0, Culture=neutral, PublicKeyToken=b03f5f7f11d50a3a' file path 'C:\Program Files\dotnet\sdk\8.0.400\Extensions\Microsoft.TestPlatform.TestHostRuntimeProvider.dll'
TpTrace Information: 0 : 18132, 1, 2024/09/11, 15:35:29.751, 990637789399, vstest.console.dll, GetTestExtensionFromType: Register extension with identifier data 'HostProvider://DefaultTestHost' and type 'Microsoft.VisualStudio.TestPlatform.CrossPlatEngine.Hosting.DefaultTestHostManager, Microsoft.TestPlatform.TestHostRuntimeProvider, Version=15.0.0.0, Culture=neutral, PublicKeyToken=b03f5f7f11d50a3a' inside file 'C:\Program Files\dotnet\sdk\8.0.400\Extensions\Microsoft.TestPlatform.TestHostRuntimeProvider.dll'
TpTrace Information: 0 : 18132, 1, 2024/09/11, 15:35:29.751, 990637790780, vstest.console.dll, GetTestExtensionFromType: Register extension with identifier data 'HostProvider://DotnetTestHost' and type 'Microsoft.VisualStudio.TestPlatform.CrossPlatEngine.Hosting.DotnetTestHostManager, Microsoft.TestPlatform.TestHostRuntimeProvider, Version=15.0.0.0, Culture=neutral, PublicKeyToken=b03f5f7f11d50a3a' inside file 'C:\Program Files\dotnet\sdk\8.0.400\Extensions\Microsoft.TestPlatform.TestHostRuntimeProvider.dll'
TpTrace Information: 0 : 18132, 1, 2024/09/11, 15:35:29.751, 990637791212, vstest.console.dll, AssemblyResolver.OnResolve: Microsoft.VisualStudio.TestPlatform.Extensions.Html.TestLogger: Resolving assembly.
TpTrace Information: 0 : 18132, 1, 2024/09/11, 15:35:29.751, 990637791395, vstest.console.dll, AssemblyResolver.OnResolve: Microsoft.VisualStudio.TestPlatform.Extensions.Html.TestLogger: Searching in: 'C:\Program Files\dotnet\sdk\8.0.400\Extensions'.
TpTrace Information: 0 : 18132, 1, 2024/09/11, 15:35:29.751, 990637794037, vstest.console.dll, AssemblyResolver.OnResolve: Microsoft.VisualStudio.TestPlatform.Extensions.Html.TestLogger: Loading assembly 'C:\Program Files\dotnet\sdk\8.0.400\Extensions\Microsoft.VisualStudio.TestPlatform.Extensions.Html.TestLogger.dll'.
TpTrace Information: 0 : 18132, 1, 2024/09/11, 15:35:29.751, 990637796968, vstest.console.dll, AssemblyResolver.OnResolve: Resolved assembly: Microsoft.VisualStudio.TestPlatform.Extensions.Html.TestLogger, from path: C:\Program Files\dotnet\sdk\8.0.400\Extensions\Microsoft.VisualStudio.TestPlatform.Extensions.Html.TestLogger.dll
TpTrace Verbose: 0 : 18132, 1, 2024/09/11, 15:35:29.751, 990637797387, vstest.console.dll, MetadataReaderExtensionsHelper: Discovering extensions inside assembly 'Microsoft.VisualStudio.TestPlatform.Extensions.Html.TestLogger, Version=15.0.0.0, Culture=neutral, PublicKeyToken=b03f5f7f11d50a3a' file path 'C:\Program Files\dotnet\sdk\8.0.400\Extensions\Microsoft.VisualStudio.TestPlatform.Extensions.Html.TestLogger.dll'
TpTrace Information: 0 : 18132, 1, 2024/09/11, 15:35:29.752, 990637802144, vstest.console.dll, AssemblyResolver.OnResolve: Microsoft.VisualStudio.TestPlatform.Extensions.Trx.TestLogger: Resolving assembly.
TpTrace Information: 0 : 18132, 1, 2024/09/11, 15:35:29.752, 990637802466, vstest.console.dll, AssemblyResolver.OnResolve: Microsoft.VisualStudio.TestPlatform.Extensions.Trx.TestLogger: Searching in: 'C:\Program Files\dotnet\sdk\8.0.400\Extensions'.
TpTrace Information: 0 : 18132, 1, 2024/09/11, 15:35:29.752, 990637805061, vstest.console.dll, AssemblyResolver.OnResolve: Microsoft.VisualStudio.TestPlatform.Extensions.Trx.TestLogger: Loading assembly 'C:\Program Files\dotnet\sdk\8.0.400\Extensions\Microsoft.VisualStudio.TestPlatform.Extensions.Trx.TestLogger.dll'.
TpTrace Information: 0 : 18132, 1, 2024/09/11, 15:35:29.753, 990637808488, vstest.console.dll, AssemblyResolver.OnResolve: Resolved assembly: Microsoft.VisualStudio.TestPlatform.Extensions.Trx.TestLogger, from path: C:\Program Files\dotnet\sdk\8.0.400\Extensions\Microsoft.VisualStudio.TestPlatform.Extensions.Trx.TestLogger.dll
TpTrace Verbose: 0 : 18132, 1, 2024/09/11, 15:35:29.753, 990637808897, vstest.console.dll, MetadataReaderExtensionsHelper: Discovering extensions inside assembly 'Microsoft.VisualStudio.TestPlatform.Extensions.Trx.TestLogger, Version=15.0.0.0, Culture=neutral, PublicKeyToken=b03f5f7f11d50a3a' file path 'C:\Program Files\dotnet\sdk\8.0.400\Extensions\Microsoft.VisualStudio.TestPlatform.Extensions.Trx.TestLogger.dll'
TpTrace Verbose: 0 : 18132, 1, 2024/09/11, 15:35:29.753, 990637814977, vstest.console.dll, TestPluginCache: Discovered the extensions using extension path ''.
TpTrace Verbose: 0 : 18132, 1, 2024/09/11, 15:35:29.753, 990637815366, vstest.console.dll, TestPluginCache: Discoverers are ''.
TpTrace Verbose: 0 : 18132, 1, 2024/09/11, 15:35:29.753, 990637815524, vstest.console.dll, TestPluginCache: Executors are ''.
TpTrace Verbose: 0 : 18132, 1, 2024/09/11, 15:35:29.753, 990637815651, vstest.console.dll, TestPluginCache: Executors2 are ''.
TpTrace Verbose: 0 : 18132, 1, 2024/09/11, 15:35:29.753, 990637815772, vstest.console.dll, TestPluginCache: Setting providers are ''.
TpTrace Verbose: 0 : 18132, 1, 2024/09/11, 15:35:29.753, 990637815890, vstest.console.dll, TestPluginCache: Loggers are ''.
TpTrace Verbose: 0 : 18132, 1, 2024/09/11, 15:35:29.753, 990637816887, vstest.console.dll, TestPluginCache: TestHosts are 'HostProvider://DefaultTestHost,HostProvider://DotnetTestHost'.
TpTrace Verbose: 0 : 18132, 1, 2024/09/11, 15:35:29.753, 990637817126, vstest.console.dll, TestPluginCache: DataCollectors are ''.
TpTrace Information: 0 : 18132, 1, 2024/09/11, 15:35:29.761, 990637892193, vstest.console.dll, RunTestsArgumentProcessor:Execute: Test run is starting.
TpTrace Verbose: 0 : 18132, 1, 2024/09/11, 15:35:29.761, 990637892632, vstest.console.dll, RunTestsArgumentProcessor:Execute: Queuing Test run.
TpTrace Information: 0 : 18132, 1, 2024/09/11, 15:35:29.761, 990637893867, vstest.console.dll, TestRequestManager.RunTests: run tests started.
TpTrace Information: 0 : 18132, 1, 2024/09/11, 15:35:29.762, 990637900134, vstest.console.dll, AssemblyMetadataProvider.GetFrameworkName: Determined framework:'.NETCoreApp,Version=v8.0' for source: 'C:\Users\myers\Downloads\ps1\DependencyGraphTests\bin\Debug\net8.0\fine-code-coverage\build-output\DependencyGraphTests.dll'
TpTrace Information: 0 : 18132, 1, 2024/09/11, 15:35:29.762, 990637900928, vstest.console.dll, Determined framework for all sources: .NETCoreApp,Version=v8.0
TpTrace Verbose: 0 : 18132, 1, 2024/09/11, 15:35:29.762, 990637902725, vstest.console.dll, TestRequestManager.UpdateRunSettingsIfRequired: Default architecture: X64 IsDefaultTargetArchitecture: True, Current process architecture: X64 OperatingSystem: Windows.
TpTrace Information: 0 : 18132, 1, 2024/09/11, 15:35:29.763, 990637911371, vstest.console.dll, AssemblyMetadataProvider.GetArchitecture: Determined architecture:AnyCPU info for assembly: C:\Users\myers\Downloads\ps1\DependencyGraphTests\bin\Debug\net8.0\fine-code-coverage\build-output\DependencyGraphTests.dll
TpTrace Information: 0 : 18132, 1, 2024/09/11, 15:35:29.763, 990637911713, vstest.console.dll, Determined platform for source 'C:\Users\myers\Downloads\ps1\DependencyGraphTests\bin\Debug\net8.0\fine-code-coverage\build-output\DependencyGraphTests.dll' was AnyCPU and it will use the default plaform X64.
TpTrace Information: 0 : 18132, 1, 2024/09/11, 15:35:29.763, 990637911870, vstest.console.dll, None of the sources provided any runnable platform, using the default platform: X64
TpTrace Information: 0 : 18132, 1, 2024/09/11, 15:35:29.763, 990637912304, vstest.console.dll, Platform was updated to 'X64'.
TpTrace Information: 0 : 18132, 1, 2024/09/11, 15:35:29.765, 990637929861, vstest.console.dll, InferRunSettingsHelper.IsTestSettingsEnabled: Unable to navigate to RunSettings/MSTest. Current node: RunSettings
TpTrace Information: 0 : 18132, 1, 2024/09/11, 15:35:29.765, 990637933024, vstest.console.dll, AssemblyResolver.OnResolve: Microsoft.VisualStudio.TestPlatform.Fakes: Resolving assembly.
TpTrace Information: 0 : 18132, 1, 2024/09/11, 15:35:29.765, 990637933359, vstest.console.dll, AssemblyResolver.OnResolve: Microsoft.VisualStudio.TestPlatform.Fakes: Searching in: 'C:\Program Files\dotnet\sdk\8.0.400\Extensions'.
TpTrace Information: 0 : 18132, 1, 2024/09/11, 15:35:29.765, 990637933831, vstest.console.dll, AssemblyResolver.OnResolve: Microsoft.VisualStudio.TestPlatform.Fakes: Assembly path does not exist: 'C:\Program Files\dotnet\sdk\8.0.400\Extensions\Microsoft.VisualStudio.TestPlatform.Fakes.dll', returning.
TpTrace Information: 0 : 18132, 1, 2024/09/11, 15:35:29.765, 990637934272, vstest.console.dll, AssemblyResolver.OnResolve: Microsoft.VisualStudio.TestPlatform.Fakes: Assembly path does not exist: 'C:\Program Files\dotnet\sdk\8.0.400\Extensions\Microsoft.VisualStudio.TestPlatform.Fakes.exe', returning.
TpTrace Information: 0 : 18132, 1, 2024/09/11, 15:35:29.765, 990637934474, vstest.console.dll, AssemblyResolver.OnResolve: Microsoft.VisualStudio.TestPlatform.Fakes: Searching in: 'C:\Program Files\dotnet\sdk\8.0.400'.
TpTrace Information: 0 : 18132, 1, 2024/09/11, 15:35:29.765, 990637934846, vstest.console.dll, AssemblyResolver.OnResolve: Microsoft.VisualStudio.TestPlatform.Fakes: Assembly path does not exist: 'C:\Program Files\dotnet\sdk\8.0.400\Microsoft.VisualStudio.TestPlatform.Fakes.dll', returning.
TpTrace Information: 0 : 18132, 1, 2024/09/11, 15:35:29.765, 990637935209, vstest.console.dll, AssemblyResolver.OnResolve: Microsoft.VisualStudio.TestPlatform.Fakes: Assembly path does not exist: 'C:\Program Files\dotnet\sdk\8.0.400\Microsoft.VisualStudio.TestPlatform.Fakes.exe', returning.
TpTrace Information: 0 : 18132, 1, 2024/09/11, 15:35:29.765, 990637935434, vstest.console.dll, AssemblyResolver.OnResolve: Microsoft.VisualStudio.TestPlatform.Fakes: Failed to load assembly.
TpTrace Information: 0 : 18132, 1, 2024/09/11, 15:35:29.765, 990637936893, vstest.console.dll, Failed to load assembly Microsoft.VisualStudio.TestPlatform.Fakes, Version=17.0.0.0, Culture=neutral. Reason:System.IO.FileNotFoundException: Could not load file or assembly 'Microsoft.VisualStudio.TestPlatform.Fakes, Version=17.0.0.0, Culture=neutral, PublicKeyToken=null'. The system cannot find the file specified.
File name: 'Microsoft.VisualStudio.TestPlatform.Fakes, Version=17.0.0.0, Culture=neutral, PublicKeyToken=null'
   at System.Reflection.RuntimeAssembly.InternalLoad(AssemblyName assemblyName, StackCrawlMark& stackMark, AssemblyLoadContext assemblyLoadContext, RuntimeAssembly requestingAssembly, Boolean throwOnFileNotFound)
   at System.Reflection.Assembly.Load(AssemblyName assemblyRef)
   at Microsoft.VisualStudio.TestPlatform.Common.Utilities.FakesUtilities.LoadTestPlatformAssembly() in /_/src/Microsoft.TestPlatform.Common/Utilities/FakesUtilities.cs:line 272
TpTrace Verbose: 0 : 18132, 1, 2024/09/11, 15:35:29.767, 990637953285, vstest.console.dll, TestPluginCache.DiscoverTestExtensions: finding test extensions in assemblies ends with: TestLogger.dll TPluginInfo: Microsoft.VisualStudio.TestPlatform.Common.ExtensionFramework.Utilities.TestLoggerPluginInformation TExtension: Microsoft.VisualStudio.TestPlatform.ObjectModel.Client.ITestLogger
TpTrace Verbose: 0 : 18132, 1, 2024/09/11, 15:35:29.767, 990637953733, vstest.console.dll, TestPluginCache.GetExtensionPaths: Filtered extension paths: 
TpTrace Verbose: 0 : 18132, 1, 2024/09/11, 15:35:29.767, 990637953912, vstest.console.dll, TestPluginCache.GetExtensionPaths: Added default extension paths: C:\Program Files\dotnet\sdk\8.0.400\Extensions\Microsoft.Diagnostics.NETCore.Client.dll
C:\Program Files\dotnet\sdk\8.0.400\Extensions\Microsoft.TestPlatform.Extensions.BlameDataCollector.dll
C:\Program Files\dotnet\sdk\8.0.400\Extensions\Microsoft.TestPlatform.Extensions.EventLogCollector.dll
C:\Program Files\dotnet\sdk\8.0.400\Extensions\Microsoft.TestPlatform.TestHostRuntimeProvider.dll
C:\Program Files\dotnet\sdk\8.0.400\Extensions\Microsoft.VisualStudio.TestPlatform.Extensions.Html.TestLogger.dll
C:\Program Files\dotnet\sdk\8.0.400\Extensions\Microsoft.VisualStudio.TestPlatform.Extensions.Trx.TestLogger.dll
TpTrace Verbose: 0 : 18132, 1, 2024/09/11, 15:35:29.767, 990637954063, vstest.console.dll, TestPluginCache.GetExtensionPaths: Added unfilterableExtensionPaths: 
TpTrace Information: 0 : 18132, 1, 2024/09/11, 15:35:29.767, 990637954768, vstest.console.dll, AssemblyResolver.AddSearchDirectories: Adding more searchDirectories C:\Program Files\dotnet\sdk\8.0.400\Extensions,C:\Program Files\dotnet\sdk\8.0.400
TpTrace Verbose: 0 : 18132, 1, 2024/09/11, 15:35:29.767, 990637955107, vstest.console.dll, TestPluginCache.DiscoverTestExtensions: Discovering the extensions using extension path.
TpTrace Verbose: 0 : 18132, 1, 2024/09/11, 15:35:29.767, 990637955298, vstest.console.dll, TestPluginCache.GetExtensionPaths: Filtered extension paths: 
TpTrace Verbose: 0 : 18132, 1, 2024/09/11, 15:35:29.767, 990637955476, vstest.console.dll, TestPluginCache.GetExtensionPaths: Added default extension paths: C:\Program Files\dotnet\sdk\8.0.400\Extensions\Microsoft.Diagnostics.NETCore.Client.dll
C:\Program Files\dotnet\sdk\8.0.400\Extensions\Microsoft.TestPlatform.Extensions.BlameDataCollector.dll
C:\Program Files\dotnet\sdk\8.0.400\Extensions\Microsoft.TestPlatform.Extensions.EventLogCollector.dll
C:\Program Files\dotnet\sdk\8.0.400\Extensions\Microsoft.TestPlatform.TestHostRuntimeProvider.dll
C:\Program Files\dotnet\sdk\8.0.400\Extensions\Microsoft.VisualStudio.TestPlatform.Extensions.Html.TestLogger.dll
C:\Program Files\dotnet\sdk\8.0.400\Extensions\Microsoft.VisualStudio.TestPlatform.Extensions.Trx.TestLogger.dll
TpTrace Verbose: 0 : 18132, 1, 2024/09/11, 15:35:29.767, 990637955623, vstest.console.dll, TestPluginCache.GetExtensionPaths: Added unfilterableExtensionPaths: 
TpTrace Verbose: 0 : 18132, 1, 2024/09/11, 15:35:29.767, 990637955792, vstest.console.dll, TestPluginCache.DiscoverTestExtensions: Discovering the extensions using allExtensionPaths: C:\Program Files\dotnet\sdk\8.0.400\Extensions\Microsoft.Diagnostics.NETCore.Client.dll
C:\Program Files\dotnet\sdk\8.0.400\Extensions\Microsoft.TestPlatform.Extensions.BlameDataCollector.dll
C:\Program Files\dotnet\sdk\8.0.400\Extensions\Microsoft.TestPlatform.Extensions.EventLogCollector.dll
C:\Program Files\dotnet\sdk\8.0.400\Extensions\Microsoft.TestPlatform.TestHostRuntimeProvider.dll
C:\Program Files\dotnet\sdk\8.0.400\Extensions\Microsoft.VisualStudio.TestPlatform.Extensions.Html.TestLogger.dll
C:\Program Files\dotnet\sdk\8.0.400\Extensions\Microsoft.VisualStudio.TestPlatform.Extensions.Trx.TestLogger.dll
TpTrace Information: 0 : 18132, 1, 2024/09/11, 15:35:29.767, 990637956365, vstest.console.dll, AssemblyResolver.AddSearchDirectories: Adding more searchDirectories C:\Program Files\dotnet\sdk\8.0.400\Extensions,C:\Program Files\dotnet\sdk\8.0.400
TpTrace Information: 0 : 18132, 1, 2024/09/11, 15:35:29.767, 990637956615, vstest.console.dll, AssemblyResolver.AddSearchDirectories: Adding more searchDirectories C:\Program Files\dotnet\sdk\8.0.400\Extensions,C:\Program Files\dotnet\sdk\8.0.400
TpTrace Information: 0 : 18132, 1, 2024/09/11, 15:35:29.767, 990637956774, vstest.console.dll, AssemblyResolver.AddSearchDirectories: Adding more searchDirectories C:\Program Files\dotnet\sdk\8.0.400\Extensions,C:\Program Files\dotnet\sdk\8.0.400
TpTrace Information: 0 : 18132, 1, 2024/09/11, 15:35:29.767, 990637956918, vstest.console.dll, AssemblyResolver.AddSearchDirectories: Adding more searchDirectories C:\Program Files\dotnet\sdk\8.0.400\Extensions,C:\Program Files\dotnet\sdk\8.0.400
TpTrace Information: 0 : 18132, 1, 2024/09/11, 15:35:29.767, 990637957056, vstest.console.dll, AssemblyResolver.AddSearchDirectories: Adding more searchDirectories C:\Program Files\dotnet\sdk\8.0.400\Extensions,C:\Program Files\dotnet\sdk\8.0.400
TpTrace Information: 0 : 18132, 1, 2024/09/11, 15:35:29.767, 990637957224, vstest.console.dll, AssemblyResolver.AddSearchDirectories: Adding more searchDirectories C:\Program Files\dotnet\sdk\8.0.400\Extensions,C:\Program Files\dotnet\sdk\8.0.400
TpTrace Verbose: 0 : 18132, 1, 2024/09/11, 15:35:29.767, 990637957780, vstest.console.dll, MetadataReaderExtensionsHelper: Discovering extensions inside assembly 'Microsoft.Diagnostics.NETCore.Client, Version=0.2.10.30701, Culture=neutral, PublicKeyToken=31bf3856ad364e35' file path 'C:\Program Files\dotnet\sdk\8.0.400\Extensions\Microsoft.Diagnostics.NETCore.Client.dll'
TpTrace Information: 0 : 18132, 1, 2024/09/11, 15:35:29.768, 990637962628, vstest.console.dll, AssemblyResolver.OnResolve: Microsoft.Bcl.AsyncInterfaces: Resolving assembly.
TpTrace Information: 0 : 18132, 1, 2024/09/11, 15:35:29.768, 990637962944, vstest.console.dll, AssemblyResolver.OnResolve: Microsoft.Bcl.AsyncInterfaces: Resolved from cache.
TpTrace Verbose: 0 : 18132, 1, 2024/09/11, 15:35:29.768, 990637963101, vstest.console.dll, CurrentDomainAssemblyResolve: Resolving assembly 'Microsoft.Bcl.AsyncInterfaces'.
TpTrace Information: 0 : 18132, 1, 2024/09/11, 15:35:29.768, 990637963357, vstest.console.dll, AssemblyResolver.OnResolve: Microsoft.Bcl.AsyncInterfaces: Resolving assembly.
TpTrace Information: 0 : 18132, 1, 2024/09/11, 15:35:29.768, 990637963508, vstest.console.dll, AssemblyResolver.OnResolve: Microsoft.Bcl.AsyncInterfaces: Resolved from cache.
TpTrace Verbose: 0 : 18132, 1, 2024/09/11, 15:35:29.768, 990637963632, vstest.console.dll, CurrentDomainAssemblyResolve: Resolving assembly 'Microsoft.Bcl.AsyncInterfaces'.
TpTrace Verbose: 0 : 18132, 1, 2024/09/11, 15:35:29.768, 990637963755, vstest.console.dll, CurrentDomainAssemblyResolve: Failed to resolve assembly 'Microsoft.Bcl.AsyncInterfaces'.
TpTrace Verbose: 0 : 18132, 1, 2024/09/11, 15:35:29.768, 990637964454, vstest.console.dll, CurrentDomainAssemblyResolve: Failed to resolve assembly 'Microsoft.Bcl.AsyncInterfaces'.
TpTrace Warning: 0 : 18132, 1, 2024/09/11, 15:35:29.768, 990637966235, vstest.console.dll, TestPluginDiscoverer: Failed to get types from assembly 'Microsoft.Diagnostics.NETCore.Client, Version=0.2.10.30701, Culture=neutral, PublicKeyToken=31bf3856ad364e35'. Error: System.Reflection.ReflectionTypeLoadException: Unable to load one or more of the requested types.
Could not load file or assembly 'Microsoft.Bcl.AsyncInterfaces, Version=6.0.0.0, Culture=neutral, PublicKeyToken=cc7b13ffcd2ddd51'. The system cannot find the file specified.
   at System.Reflection.RuntimeModule.GetTypes(RuntimeModule module)
   at System.Reflection.RuntimeModule.GetTypes()
   at Microsoft.VisualStudio.TestPlatform.Common.ExtensionFramework.TestPluginDiscoverer.GetTestExtensionsFromAssembly[TPluginInfo,TExtension](Assembly assembly, Dictionary`2 pluginInfos, String filePath) in /_/src/Microsoft.TestPlatform.Common/ExtensionFramework/TestPluginDiscoverer.cs:line 158
System.IO.FileNotFoundException: Could not load file or assembly 'Microsoft.Bcl.AsyncInterfaces, Version=6.0.0.0, Culture=neutral, PublicKeyToken=cc7b13ffcd2ddd51'. The system cannot find the file specified.
File name: 'Microsoft.Bcl.AsyncInterfaces, Version=6.0.0.0, Culture=neutral, PublicKeyToken=cc7b13ffcd2ddd51'
 ---> System.IO.FileNotFoundException: Could not load file or assembly 'Microsoft.Bcl.AsyncInterfaces, Culture=neutral, PublicKeyToken=null'. The system cannot find the file specified.
File name: 'Microsoft.Bcl.AsyncInterfaces, Culture=neutral, PublicKeyToken=null'
   at System.Reflection.RuntimeAssembly.InternalLoad(AssemblyName assemblyName, StackCrawlMark& stackMark, AssemblyLoadContext assemblyLoadContext, RuntimeAssembly requestingAssembly, Boolean throwOnFileNotFound)
   at System.Reflection.Assembly.Load(AssemblyName assemblyRef)
   at Microsoft.VisualStudio.TestPlatform.Common.ExtensionFramework.TestPluginCache.CurrentDomainAssemblyResolve(Object sender, AssemblyResolveEventArgs args) in /_/src/Microsoft.TestPlatform.Common/ExtensionFramework/TestPluginCache.cs:line 513
   at System.Runtime.Loader.AssemblyLoadContext.GetFirstResolvedAssemblyFromResolvingEvent(AssemblyName assemblyName)
   at System.Runtime.Loader.AssemblyLoadContext.ResolveUsingEvent(AssemblyName assemblyName)
   at System.Runtime.Loader.AssemblyLoadContext.ResolveUsingResolvingEvent(IntPtr gchManagedAssemblyLoadContext, AssemblyName assemblyName)
TpTrace Warning: 0 : 18132, 1, 2024/09/11, 15:35:29.768, 990637967098, vstest.console.dll, LoaderExceptions: System.IO.FileNotFoundException: Could not load file or assembly 'Microsoft.Bcl.AsyncInterfaces, Version=6.0.0.0, Culture=neutral, PublicKeyToken=cc7b13ffcd2ddd51'. The system cannot find the file specified.
File name: 'Microsoft.Bcl.AsyncInterfaces, Version=6.0.0.0, Culture=neutral, PublicKeyToken=cc7b13ffcd2ddd51'
 ---> System.IO.FileNotFoundException: Could not load file or assembly 'Microsoft.Bcl.AsyncInterfaces, Culture=neutral, PublicKeyToken=null'. The system cannot find the file specified.
File name: 'Microsoft.Bcl.AsyncInterfaces, Culture=neutral, PublicKeyToken=null'
   at System.Reflection.RuntimeAssembly.InternalLoad(AssemblyName assemblyName, StackCrawlMark& stackMark, AssemblyLoadContext assemblyLoadContext, RuntimeAssembly requestingAssembly, Boolean throwOnFileNotFound)
   at System.Reflection.Assembly.Load(AssemblyName assemblyRef)
   at Microsoft.VisualStudio.TestPlatform.Common.ExtensionFramework.TestPluginCache.CurrentDomainAssemblyResolve(Object sender, AssemblyResolveEventArgs args) in /_/src/Microsoft.TestPlatform.Common/ExtensionFramework/TestPluginCache.cs:line 513
   at System.Runtime.Loader.AssemblyLoadContext.GetFirstResolvedAssemblyFromResolvingEvent(AssemblyName assemblyName)
   at System.Runtime.Loader.AssemblyLoadContext.ResolveUsingEvent(AssemblyName assemblyName)
   at System.Runtime.Loader.AssemblyLoadContext.ResolveUsingResolvingEvent(IntPtr gchManagedAssemblyLoadContext, AssemblyName assemblyName)
TpTrace Verbose: 0 : 18132, 1, 2024/09/11, 15:35:29.768, 990637967590, vstest.console.dll, MetadataReaderExtensionsHelper: Discovering extensions inside assembly 'Microsoft.TestPlatform.Extensions.BlameDataCollector, Version=15.0.0.0, Culture=neutral, PublicKeyToken=b03f5f7f11d50a3a' file path 'C:\Program Files\dotnet\sdk\8.0.400\Extensions\Microsoft.TestPlatform.Extensions.BlameDataCollector.dll'
TpTrace Information: 0 : 18132, 1, 2024/09/11, 15:35:29.769, 990637971203, vstest.console.dll, GetTestExtensionFromType: Register extension with identifier data 'logger://Microsoft/TestPlatform/Extensions/Blame/v1' and type 'Microsoft.TestPlatform.Extensions.BlameDataCollector.BlameLogger, Microsoft.TestPlatform.Extensions.BlameDataCollector, Version=15.0.0.0, Culture=neutral, PublicKeyToken=b03f5f7f11d50a3a' inside file 'C:\Program Files\dotnet\sdk\8.0.400\Extensions\Microsoft.TestPlatform.Extensions.BlameDataCollector.dll'
TpTrace Verbose: 0 : 18132, 1, 2024/09/11, 15:35:29.769, 990637971677, vstest.console.dll, MetadataReaderExtensionsHelper: Discovering extensions inside assembly 'Microsoft.TestPlatform.Extensions.EventLogCollector, Version=15.0.0.0, Culture=neutral, PublicKeyToken=b03f5f7f11d50a3a' file path 'C:\Program Files\dotnet\sdk\8.0.400\Extensions\Microsoft.TestPlatform.Extensions.EventLogCollector.dll'
TpTrace Verbose: 0 : 18132, 1, 2024/09/11, 15:35:29.769, 990637974476, vstest.console.dll, MetadataReaderExtensionsHelper: Discovering extensions inside assembly 'Microsoft.TestPlatform.TestHostRuntimeProvider, Version=15.0.0.0, Culture=neutral, PublicKeyToken=b03f5f7f11d50a3a' file path 'C:\Program Files\dotnet\sdk\8.0.400\Extensions\Microsoft.TestPlatform.TestHostRuntimeProvider.dll'
TpTrace Verbose: 0 : 18132, 1, 2024/09/11, 15:35:29.769, 990637977636, vstest.console.dll, MetadataReaderExtensionsHelper: Discovering extensions inside assembly 'Microsoft.VisualStudio.TestPlatform.Extensions.Html.TestLogger, Version=15.0.0.0, Culture=neutral, PublicKeyToken=b03f5f7f11d50a3a' file path 'C:\Program Files\dotnet\sdk\8.0.400\Extensions\Microsoft.VisualStudio.TestPlatform.Extensions.Html.TestLogger.dll'
TpTrace Information: 0 : 18132, 1, 2024/09/11, 15:35:29.770, 990637981475, vstest.console.dll, GetTestExtensionFromType: Register extension with identifier data 'logger://Microsoft/TestPlatform/HtmlLogger/v1' and type 'Microsoft.VisualStudio.TestPlatform.Extensions.HtmlLogger.HtmlLogger, Microsoft.VisualStudio.TestPlatform.Extensions.Html.TestLogger, Version=15.0.0.0, Culture=neutral, PublicKeyToken=b03f5f7f11d50a3a' inside file 'C:\Program Files\dotnet\sdk\8.0.400\Extensions\Microsoft.VisualStudio.TestPlatform.Extensions.Html.TestLogger.dll'
TpTrace Verbose: 0 : 18132, 1, 2024/09/11, 15:35:29.770, 990637981860, vstest.console.dll, MetadataReaderExtensionsHelper: Discovering extensions inside assembly 'Microsoft.VisualStudio.TestPlatform.Extensions.Trx.TestLogger, Version=15.0.0.0, Culture=neutral, PublicKeyToken=b03f5f7f11d50a3a' file path 'C:\Program Files\dotnet\sdk\8.0.400\Extensions\Microsoft.VisualStudio.TestPlatform.Extensions.Trx.TestLogger.dll'
TpTrace Information: 0 : 18132, 1, 2024/09/11, 15:35:29.770, 990637984749, vstest.console.dll, GetTestExtensionFromType: Register extension with identifier data 'logger://Microsoft/TestPlatform/TrxLogger/v1' and type 'Microsoft.VisualStudio.TestPlatform.Extensions.TrxLogger.TrxLogger, Microsoft.VisualStudio.TestPlatform.Extensions.Trx.TestLogger, Version=15.0.0.0, Culture=neutral, PublicKeyToken=b03f5f7f11d50a3a' inside file 'C:\Program Files\dotnet\sdk\8.0.400\Extensions\Microsoft.VisualStudio.TestPlatform.Extensions.Trx.TestLogger.dll'
TpTrace Verbose: 0 : 18132, 1, 2024/09/11, 15:35:29.770, 990637985152, vstest.console.dll, TestPluginCache: Discovered the extensions using extension path ''.
TpTrace Verbose: 0 : 18132, 1, 2024/09/11, 15:35:29.770, 990637985344, vstest.console.dll, TestPluginCache: Discoverers are ''.
TpTrace Verbose: 0 : 18132, 1, 2024/09/11, 15:35:29.770, 990637985476, vstest.console.dll, TestPluginCache: Executors are ''.
TpTrace Verbose: 0 : 18132, 1, 2024/09/11, 15:35:29.770, 990637985596, vstest.console.dll, TestPluginCache: Executors2 are ''.
TpTrace Verbose: 0 : 18132, 1, 2024/09/11, 15:35:29.770, 990637985711, vstest.console.dll, TestPluginCache: Setting providers are ''.
TpTrace Verbose: 0 : 18132, 1, 2024/09/11, 15:35:29.770, 990637986059, vstest.console.dll, TestPluginCache: Loggers are 'logger://Microsoft/TestPlatform/Extensions/Blame/v1,logger://Microsoft/TestPlatform/HtmlLogger/v1,logger://Microsoft/TestPlatform/TrxLogger/v1'.
TpTrace Verbose: 0 : 18132, 1, 2024/09/11, 15:35:29.770, 990637986308, vstest.console.dll, TestPluginCache: TestHosts are 'HostProvider://DefaultTestHost,HostProvider://DotnetTestHost'.
TpTrace Verbose: 0 : 18132, 1, 2024/09/11, 15:35:29.770, 990637986490, vstest.console.dll, TestPluginCache: DataCollectors are ''.
TpTrace Information: 0 : 18132, 1, 2024/09/11, 15:35:29.771, 990637990519, vstest.console.dll, TestPluginManager.CreateTestExtension: Attempting to load test extension: Microsoft.TestPlatform.Extensions.BlameDataCollector.BlameLogger
TpTrace Verbose: 0 : 18132, 1, 2024/09/11, 15:35:29.775, 990638028184, vstest.console.dll, TestEngine: Initializing Parallel Execution as MaxCpuCount is set to: 1
TpTrace Information: 0 : 18132, 1, 2024/09/11, 15:35:29.775, 990638035834, vstest.console.dll, TestPluginManager.CreateTestExtension: Attempting to load test extension: Microsoft.VisualStudio.TestPlatform.CrossPlatEngine.Hosting.DefaultTestHostManager
TpTrace Information: 0 : 18132, 1, 2024/09/11, 15:35:29.776, 990638041055, vstest.console.dll, TestPluginManager.CreateTestExtension: Attempting to load test extension: Microsoft.VisualStudio.TestPlatform.CrossPlatEngine.Hosting.DotnetTestHostManager
TpTrace Verbose: 0 : 18132, 1, 2024/09/11, 15:35:29.776, 990638042293, vstest.console.dll, TestHostManagerCallbacks.ctor: Forwarding output is enabled.
TpTrace Information: 0 : 18132, 1, 2024/09/11, 15:35:29.776, 990638044473, vstest.console.dll, InferRunSettingsHelper.IsTestSettingsEnabled: Unable to navigate to RunSettings/MSTest. Current node: RunSettings
TpTrace Verbose: 0 : 18132, 1, 2024/09/11, 15:35:29.776, 990638047390, vstest.console.dll, ParallelOperationManager.ClearSlots: Clearing all slots. Slots should accept more work: True
TpTrace Verbose: 0 : 18132, 1, 2024/09/11, 15:35:29.777, 990638050800, vstest.console.dll, ParallelOperationManager.SetOccupiedSlotCount: Setting slot counts AvailableSlotCount = 1, OccupiedSlotCount = 0.
TpTrace Verbose: 0 : 18132, 1, 2024/09/11, 15:35:29.777, 990638052597, vstest.console.dll, Occupied slots:

TpTrace Verbose: 0 : 18132, 1, 2024/09/11, 15:35:29.779, 990638070669, vstest.console.dll, TestEngine.GetExecutionManager: Chosen execution manager 'Microsoft.VisualStudio.TestPlatform.CrossPlatEngine.Client.Parallel.ParallelProxyExecutionManager, Microsoft.TestPlatform.CrossPlatEngine, Version=15.0.0.0, Culture=neutral, PublicKeyToken=b03f5f7f11d50a3a' ParallelLevel '1'.
TpTrace Verbose: 0 : 18132, 1, 2024/09/11, 15:35:29.779, 990638071465, vstest.console.dll, TestPlatform.GetSkipDefaultAdapters: Not skipping default adapters SkipDefaultAdapters was false.
TpTrace Verbose: 0 : 18132, 1, 2024/09/11, 15:35:29.779, 990638071937, vstest.console.dll, TestRunRequest.ExecuteAsync: Creating test run request.
TpTrace Verbose: 0 : 18132, 1, 2024/09/11, 15:35:29.779, 990638073052, vstest.console.dll, TestRunRequest.ExecuteAsync: Starting.
TpTrace Information: 0 : 18132, 1, 2024/09/11, 15:35:29.780, 990638079495, vstest.console.dll, TestRunRequest.ExecuteAsync: Starting run with settings:TestRunCriteria:
   KeepAlive=False,FrequencyOfRunStatsChangeEvent=10,RunStatsChangeEventTimeout=00:00:01.5000000,TestCaseFilter=,TestExecutorLauncher=
   Settingsxml=<RunSettings>
  <RunConfiguration>
    <ResultsDirectory>C:\Users\myers\Downloads\ps1\DependencyGraphTests\bin\Debug\net8.0\fine-code-coverage\coverage-tool-output</ResultsDirectory>
    <TargetPlatform>X64</TargetPlatform>
    <TargetFrameworkVersion>.NETCoreApp,Version=v8.0</TargetFrameworkVersion>
    <DesignMode>False</DesignMode>
    <CollectSourceInformation>False</CollectSourceInformation>
  </RunConfiguration>
  <LoggerRunSettings>
    <Loggers>
      <Logger friendlyName="blame" enabled="True" />
      <Logger friendlyName="Console" uri="logger://microsoft/TestPlatform/ConsoleLogger/v1" assemblyQualifiedName="Microsoft.VisualStudio.TestPlatform.CommandLine.Internal.ConsoleLogger, vstest.console, Version=15.0.0.0, Culture=neutral, PublicKeyToken=b03f5f7f11d50a3a" codeBase="C:\Program Files\dotnet\sdk\8.0.400\vstest.console.dll" enabled="True" />
    </Loggers>
  </LoggerRunSettings>
  <DataCollectionRunSettings>
    <DataCollectors>
      <DataCollector friendlyName="blame" enabled="True">
        <Configuration>
          <ResultsDirectory>C:\Users\myers\Downloads\ps1\DependencyGraphTests\bin\Debug\net8.0\fine-code-coverage\coverage-tool-output</ResultsDirectory>
        </Configuration>
      </DataCollector>
    </DataCollectors>
  </DataCollectionRunSettings>
</RunSettings>

TpTrace Verbose: 0 : 18132, 1, 2024/09/11, 15:35:29.780, 990638079817, vstest.console.dll, TestRunRequest.ExecuteAsync: Wait for the first run request is over.
TpTrace Verbose: 0 : 18132, 1, 2024/09/11, 15:35:29.780, 990638081105, vstest.console.dll, MulticastDelegateUtilities.SafeInvoke: TestRun.TestRunStart: Invoking callbacks was skipped because there are no subscribers.
TpTrace Verbose: 0 : 18132, 4, 2024/09/11, 15:35:29.780, 990638081858, vstest.console.dll, MulticastDelegateUtilities.SafeInvoke: InternalTestLoggerEvents.SendTestRunStart: Invoking callback 1/1 for Microsoft.VisualStudio.TestPlatform.CommandLine.Internal.ConsoleLogger., took 0 ms.
TpTrace Verbose: 0 : 18132, 1, 2024/09/11, 15:35:29.780, 990638086238, vstest.console.dll, ParallelProxyExecutionManager: Start execution. Total sources: 1
TpTrace Verbose: 0 : 18132, 1, 2024/09/11, 15:35:29.781, 990638088157, vstest.console.dll, ParallelOperationManager.StartWork: Starting adding 1 workloads.
TpTrace Verbose: 0 : 18132, 1, 2024/09/11, 15:35:29.781, 990638088572, vstest.console.dll, ParallelOperationManager.ClearSlots: Clearing all slots. Slots should accept more work: True
TpTrace Verbose: 0 : 18132, 1, 2024/09/11, 15:35:29.781, 990638088958, vstest.console.dll, ParallelOperationManager.SetOccupiedSlotCount: Setting slot counts AvailableSlotCount = 1, OccupiedSlotCount = 0.
TpTrace Verbose: 0 : 18132, 1, 2024/09/11, 15:35:29.781, 990638089156, vstest.console.dll, Occupied slots:

TpTrace Verbose: 0 : 18132, 1, 2024/09/11, 15:35:29.781, 990638095327, vstest.console.dll, TestHostManagerCallbacks.ctor: Forwarding output is enabled.
TpTrace Verbose: 0 : 18132, 1, 2024/09/11, 15:35:29.781, 990638096585, vstest.console.dll, TestRequestSender is acting as server.
TpTrace Verbose: 0 : 18132, 1, 2024/09/11, 15:35:29.782, 990638101914, vstest.console.dll, ParallelOperationManager.RunWorkInParallel: Adding 1 workload to slot, remaining workloads 0.
TpTrace Verbose: 0 : 18132, 1, 2024/09/11, 15:35:29.782, 990638102244, vstest.console.dll, ParallelOperationManager.SetOccupiedSlotCount: Setting slot counts AvailableSlotCount = 0, OccupiedSlotCount = 1.
TpTrace Verbose: 0 : 18132, 1, 2024/09/11, 15:35:29.782, 990638102786, vstest.console.dll, Occupied slots:
0: C:\Users\myers\Downloads\ps1\DependencyGraphTests\bin\Debug\net8.0\fine-code-coverage\build-output\DependencyGraphTests.dll
TpTrace Verbose: 0 : 18132, 1, 2024/09/11, 15:35:29.783, 990638108244, vstest.console.dll, ParallelOperationManager.RunWorkInParallel: Started host in slot number 0 for work (source): C:\Users\myers\Downloads\ps1\DependencyGraphTests\bin\Debug\net8.0\fine-code-coverage\build-output\DependencyGraphTests.dll.
TpTrace Verbose: 0 : 18132, 1, 2024/09/11, 15:35:29.783, 990638112037, vstest.console.dll, ParallelOperationManager.RunWorkInParallel: We started 1 work items, which is the max parallel level. Won't start more work.
TpTrace Verbose: 0 : 18132, 1, 2024/09/11, 15:35:29.783, 990638112354, vstest.console.dll, ParallelOperationManager.RunWorkInParallel: We started 1 work items in here, returning True.
TpTrace Information: 0 : 18132, 1, 2024/09/11, 15:35:29.783, 990638112528, vstest.console.dll, TestRunRequest.ExecuteAsync: Started.
TpTrace Verbose: 0 : 18132, 5, 2024/09/11, 15:35:29.783, 990638113316, vstest.console.dll, ParallelProxyExecutionManager.StartTestRunOnConcurrentManager: Initializing uninitialized client. Started clients: 0
TpTrace Verbose: 0 : 18132, 5, 2024/09/11, 15:35:29.783, 990638114367, vstest.console.dll, DataCollectionRequestSender.InitializeCommunication : Initialize communication. 
TpTrace Verbose: 0 : 18132, 1, 2024/09/11, 15:35:29.783, 990638115735, vstest.console.dll, TestRunRequest.WaitForCompletion: Waiting with timeout -1.
TpTrace Information: 0 : 18132, 5, 2024/09/11, 15:35:29.787, 990638153544, vstest.console.dll, Listening on Endpoint : 127.0.0.1:58579
TpTrace Verbose: 0 : 18132, 5, 2024/09/11, 15:35:29.790, 990638183907, vstest.console.dll, DotnetDataCollectionLauncher: Adding  --runtimeconfig "C:\Program Files\dotnet\sdk\8.0.400\datacollector.runtimeconfig.json" in args
TpTrace Verbose: 0 : 18132, 5, 2024/09/11, 15:35:29.790, 990638184545, vstest.console.dll, DotnetDataCollectionLauncher: Adding  --depsfile "C:\Program Files\dotnet\sdk\8.0.400\datacollector.deps.json" in args
TpTrace Verbose: 0 : 18132, 5, 2024/09/11, 15:35:29.790, 990638185554, vstest.console.dll, DotnetDataCollectionLauncher: Full path of dotnet.exe is C:\Program Files\dotnet\dotnet.exe
TpTrace Information: 0 : 18132, 5, 2024/09/11, 15:35:29.794, 990638222007, vstest.console.dll, ProxyDataCollectionManager.Initialize: Launched datacollector processId: 11920 port: 58579
TpTrace Information: 0 : 18132, 5, 2024/09/11, 15:35:29.794, 990638222495, vstest.console.dll, ProxyDataCollectionManager.Initialize: waiting for connection with timeout: 90 seconds
TpTrace Verbose: 0 : 18132, 5, 2024/09/11, 15:35:29.794, 990638222743, vstest.console.dll, DataCollectionRequestSender.WaitForRequestHandlerConnection : Waiting for connection with timeout: 90000
TpTrace Information: 0 : 18132, 7, 2024/09/11, 15:35:29.869, 990638973726, vstest.console.dll, Using the buffer size of 16384 bytes
TpTrace Verbose: 0 : 18132, 5, 2024/09/11, 15:35:29.869, 990638973812, vstest.console.dll, SocketCommunicationManager.WaitForClientConnection took: 75 ms, with 90000 ms timeout, and finished with True.
TpTrace Information: 0 : 18132, 7, 2024/09/11, 15:35:29.869, 990638974295, vstest.console.dll, Accepted Client request and set the flag
TpTrace Verbose: 0 : 18132, 5, 2024/09/11, 15:35:29.869, 990638974979, vstest.console.dll, ProxyDataCollectionManager.InvokeDataCollectionServiceAction: Starting.
TpTrace Information: 0 : 18132, 5, 2024/09/11, 15:35:29.869, 990638975389, vstest.console.dll, ProxyDataCollectionManager.BeforeTestRunStart: Get environment variable and port for datacollector processId: 11920 port: 58579
TpTrace Verbose: 0 : 18132, 5, 2024/09/11, 15:35:29.869, 990638976008, vstest.console.dll, DataCollectionRequestSender.SendBeforeTestRunStartAndGetResult: Send BeforeTestRunStart message with settingsXml <RunSettings><RunConfiguration><ResultsDirectory>C:\Users\myers\Downloads\ps1\DependencyGraphTests\bin\Debug\net8.0\fine-code-coverage\coverage-tool-output</ResultsDirectory><TargetPlatform>X64</TargetPlatform><TargetFrameworkVersion>.NETCoreApp,Version=v8.0</TargetFrameworkVersion><DesignMode>False</DesignMode><CollectSourceInformation>False</CollectSourceInformation><TestAdaptersPaths>C:\Program Files\dotnet\sdk\8.0.400\Extensions</TestAdaptersPaths></RunConfiguration><LoggerRunSettings><Loggers><Logger friendlyName="blame" enabled="True" /><Logger friendlyName="Console" uri="logger://microsoft/TestPlatform/ConsoleLogger/v1" assemblyQualifiedName="Microsoft.VisualStudio.TestPlatform.CommandLine.Internal.ConsoleLogger, vstest.console, Version=15.0.0.0, Culture=neutral, PublicKeyToken=b03f5f7f11d50a3a" codeBase="C:\Program Files\dotnet\sdk\8.0.400\vstest.console.dll" enabled="True" /></Loggers></LoggerRunSettings><DataCollectionRunSettings><DataCollectors><DataCollector friendlyName="blame" enabled="True"><Configuration><ResultsDirectory>C:\Users\myers\Downloads\ps1\DependencyGraphTests\bin\Debug\net8.0\fine-code-coverage\coverage-tool-output</ResultsDirectory></Configuration></DataCollector></DataCollectors></DataCollectionRunSettings></RunSettings> and sources System.Collections.Generic.List`1[System.String]: 
TpTrace Verbose: 0 : 18132, 5, 2024/09/11, 15:35:29.895, 990639237664, vstest.console.dll, DataCollectionRequestSender.SendBeforeTestRunStartAndGetResult: Received message: (DataCollection.SendMessage) -> {"MessageType":"DataCollection.SendMessage","Payload":{"FriendlyName":null,"Uri":null,"TestCaseId":"00000000-0000-0000-0000-000000000000","Message":"Logging DataCollector Diagnostics in file: C:\\Users\\myers\\Downloads\\ps1\\DependencyGraphTests\\bin\\Debug\\net8.0\\fine-code-coverage\\coverage-tool-output\\diagnostics.datacollector.24-09-11_15-35-29_79046_5.log","Level":0}}
TpTrace Verbose: 0 : 18132, 5, 2024/09/11, 15:35:29.939, 990639668288, vstest.console.dll, DataCollectionRequestSender.SendBeforeTestRunStartAndGetResult: Received message: (DataCollection.BeforeTestRunStartResult) -> {"MessageType":"DataCollection.BeforeTestRunStartResult","Payload":{"EnvironmentVariables":{},"DataCollectionEventsPort":58581}}
TpTrace Information: 0 : 18132, 5, 2024/09/11, 15:35:29.941, 990639693344, vstest.console.dll, ProxyDataCollectionManager.BeforeTestRunStart: SendBeforeTestRunStartAndGetResult successful, env variable from datacollector:   and testhost port: 58581
TpTrace Information: 0 : 18132, 5, 2024/09/11, 15:35:29.941, 990639693772, vstest.console.dll, ProxyDataCollectionManager.InvokeDataCollectionServiceAction: Completed.
TpTrace Verbose: 0 : 18132, 5, 2024/09/11, 15:35:29.941, 990639693961, vstest.console.dll, ParallelProxyExecutionManager.StartTestRunOnConcurrentManager: Initializing test run. Started clients: 0
TpTrace Verbose: 0 : 18132, 5, 2024/09/11, 15:35:29.941, 990639694434, vstest.console.dll, ProxyExecutionManager: Test host is always Lazy initialize.
TpTrace Verbose: 0 : 18132, 5, 2024/09/11, 15:35:29.941, 990639695514, vstest.console.dll, TestRequestSender.InitializeCommunication: initialize communication. 
TpTrace Information: 0 : 18132, 5, 2024/09/11, 15:35:29.942, 990639698060, vstest.console.dll, SocketServer.Start: Listening on endpoint : 127.0.0.1:58582
TpTrace Verbose: 0 : 18132, 5, 2024/09/11, 15:35:29.942, 990639702246, vstest.console.dll, DotnetTestHostmanager.GetTestHostProcessStartInfo: Platform environment 'X64' target architecture 'X64' framework '.NETCoreApp,Version=v8.0' OS 'Windows'
TpTrace Verbose: 0 : 18132, 5, 2024/09/11, 15:35:29.942, 990639703412, vstest.console.dll, DotnetTestHostmanager: Adding  --runtimeconfig "C:\Users\myers\Downloads\ps1\DependencyGraphTests\bin\Debug\net8.0\fine-code-coverage\build-output\DependencyGraphTests.runtimeconfig.json" in args
TpTrace Verbose: 0 : 18132, 5, 2024/09/11, 15:35:29.942, 990639704042, vstest.console.dll, DotnetTestHostmanager: Adding  --depsfile "C:\Users\myers\Downloads\ps1\DependencyGraphTests\bin\Debug\net8.0\fine-code-coverage\build-output\DependencyGraphTests.deps.json" in args
TpTrace Verbose: 0 : 18132, 5, 2024/09/11, 15:35:29.942, 990639704959, vstest.console.dll, DotnetTestHostmanager.IsWinOnArm: Current PROCESSOR_ARCHITECTURE from environment variable 'AMD64'
TpTrace Verbose: 0 : 18132, 5, 2024/09/11, 15:35:29.942, 990639705296, vstest.console.dll, DotnetTestHostmanager.IsWinOnArm: Is Windows on ARM 'False'
TpTrace Verbose: 0 : 18132, 5, 2024/09/11, 15:35:29.942, 990639705861, vstest.console.dll, DotnetTestHostManager: testhost.exe found at path: C:\Users\myers\Downloads\ps1\DependencyGraphTests\bin\Debug\net8.0\fine-code-coverage\build-output\testhost.exe
TpTrace Verbose: 0 : 18132, 5, 2024/09/11, 15:35:29.942, 990639706114, vstest.console.dll, DotnetTestHostmanager: Full path of host exe is C:\Users\myers\Downloads\ps1\DependencyGraphTests\bin\Debug\net8.0\fine-code-coverage\build-output\testhost.exe
TpTrace Verbose: 0 : 18132, 5, 2024/09/11, 15:35:29.942, 990639706818, vstest.console.dll, DotnetTestHostmanager.LaunchTestHostAsync: Found 'VSTEST_WINAPPHOST_DOTNET_ROOT' in env variables, value 'C:\Program Files\dotnet', forwarding to 'DOTNET_ROOT'
TpTrace Verbose: 0 : 18132, 5, 2024/09/11, 15:35:29.942, 990639707579, vstest.console.dll, DotnetTestHostManager: Starting process 'C:\Users\myers\Downloads\ps1\DependencyGraphTests\bin\Debug\net8.0\fine-code-coverage\build-output\testhost.exe' with command line ' --runtimeconfig "C:\Users\myers\Downloads\ps1\DependencyGraphTests\bin\Debug\net8.0\fine-code-coverage\build-output\DependencyGraphTests.runtimeconfig.json" --depsfile "C:\Users\myers\Downloads\ps1\DependencyGraphTests\bin\Debug\net8.0\fine-code-coverage\build-output\DependencyGraphTests.deps.json" --port 58582 --endpoint 127.0.0.1:058582 --role client --parentprocessid 18132 --diag "C:\Users\myers\Downloads\ps1\DependencyGraphTests\bin\Debug\net8.0\fine-code-coverage\coverage-tool-output\diagnostics.host.24-09-11_15-35-29_94221_5.log" --tracelevel 4 --datacollectionport 58581 --telemetryoptedin false'
TpTrace Verbose: 0 : 18132, 5, 2024/09/11, 15:35:29.946, 990639746510, vstest.console.dll, MulticastDelegateUtilities.SafeInvoke: HostProviderEvents.OnHostLaunched: Invoking callback 1/2 for Microsoft.VisualStudio.TestPlatform.CrossPlatEngine.Client.ProxyExecutionManagerWithDataCollection., took 0 ms.
TpTrace Verbose: 0 : 18132, 5, 2024/09/11, 15:35:29.946, 990639747814, vstest.console.dll, Test Runtime launched
TpTrace Verbose: 0 : 18132, 5, 2024/09/11, 15:35:29.947, 990639748166, vstest.console.dll, MulticastDelegateUtilities.SafeInvoke: HostProviderEvents.OnHostLaunched: Invoking callback 2/2 for Microsoft.VisualStudio.TestPlatform.CrossPlatEngine.Client.ProxyOperationManager., took 0 ms.
TpTrace Verbose: 0 : 18132, 5, 2024/09/11, 15:35:29.947, 990639748774, vstest.console.dll, TestRequestSender.WaitForRequestHandlerConnection: waiting for connection with timeout: 90000.
TpTrace Verbose: 0 : 18132, 5, 2024/09/11, 15:35:30.030, 990640585844, vstest.console.dll, TestRequestSender.WaitForRequestHandlerConnection: waiting took 83 ms, with timeout 90000 ms, and result 0, which is success.
TpTrace Verbose: 0 : 18132, 14, 2024/09/11, 15:35:30.030, 990640585844, vstest.console.dll, MulticastDelegateUtilities.SafeInvoke: SocketServer: ClientConnected: Invoking callback 1/1 for Microsoft.VisualStudio.TestPlatform.CommunicationUtilities.TestRequestSender., took 0 ms.
TpTrace Verbose: 0 : 18132, 14, 2024/09/11, 15:35:30.030, 990640586812, vstest.console.dll, SocketServer.OnClientConnected: Client connected for endPoint: 127.0.0.1:58582, starting MessageLoopAsync:
TpTrace Verbose: 0 : 18132, 15, 2024/09/11, 15:35:30.031, 990640589656, vstest.console.dll, TcpClientExtensions.MessageLoopAsync: Polling on remoteEndPoint: 127.0.0.1:58583 localEndPoint: 127.0.0.1:58582 after 0 ms
TpTrace Verbose: 0 : 18132, 5, 2024/09/11, 15:35:30.031, 990640591239, vstest.console.dll, TestRequestSender.CheckVersionWithTestHost: Sending check version message: {"MessageType":"ProtocolVersion","Payload":7}
TpTrace Verbose: 0 : 18132, 15, 2024/09/11, 15:35:30.087, 990641150172, vstest.console.dll, TcpClientExtensions.MessageLoopAsync: NotifyDataAvailable remoteEndPoint: 127.0.0.1:58583 localEndPoint: 127.0.0.1:58582
TpTrace Verbose: 0 : 18132, 15, 2024/09/11, 15:35:30.087, 990641151825, vstest.console.dll, TestRequestSender.CheckVersionWithTestHost: onMessageReceived received message: (ProtocolVersion) -> {"MessageType":"ProtocolVersion","Payload":7}
TpTrace Verbose: 0 : 18132, 15, 2024/09/11, 15:35:30.087, 990641155291, vstest.console.dll, MulticastDelegateUtilities.SafeInvoke: LengthPrefixCommunicationChannel: MessageReceived: Invoking callback 1/1 for Microsoft.VisualStudio.TestPlatform.CommunicationUtilities.TestRequestSender+<>c__DisplayClass29_0., took 0 ms.
TpTrace Verbose: 0 : 18132, 15, 2024/09/11, 15:35:30.087, 990641155746, vstest.console.dll, TcpClientExtensions.MessageLoopAsync: Polling on remoteEndPoint: 127.0.0.1:58583 localEndPoint: 127.0.0.1:58582 after 56 ms
TpTrace Verbose: 0 : 18132, 5, 2024/09/11, 15:35:30.087, 990641156028, vstest.console.dll, TestPluginCache.GetExtensionPaths: Filtered extension paths: 
TpTrace Verbose: 0 : 18132, 5, 2024/09/11, 15:35:30.087, 990641156400, vstest.console.dll, TestPluginCache.GetExtensionPaths: Added default extension paths: C:\Program Files\dotnet\sdk\8.0.400\Extensions\Microsoft.Diagnostics.NETCore.Client.dll
C:\Program Files\dotnet\sdk\8.0.400\Extensions\Microsoft.TestPlatform.Extensions.BlameDataCollector.dll
C:\Program Files\dotnet\sdk\8.0.400\Extensions\Microsoft.TestPlatform.Extensions.EventLogCollector.dll
C:\Program Files\dotnet\sdk\8.0.400\Extensions\Microsoft.TestPlatform.TestHostRuntimeProvider.dll
C:\Program Files\dotnet\sdk\8.0.400\Extensions\Microsoft.VisualStudio.TestPlatform.Extensions.Html.TestLogger.dll
C:\Program Files\dotnet\sdk\8.0.400\Extensions\Microsoft.VisualStudio.TestPlatform.Extensions.Trx.TestLogger.dll
TpTrace Verbose: 0 : 18132, 5, 2024/09/11, 15:35:30.087, 990641156904, vstest.console.dll, TestPluginCache.GetExtensionPaths: Added unfilterableExtensionPaths: 
TpTrace Verbose: 0 : 18132, 5, 2024/09/11, 15:35:30.089, 990641171517, vstest.console.dll, TestRequestSender.InitializeExecution: Sending initialize execution with message: {"Version":7,"MessageType":"TestExecution.Initialize","Payload":["C:\\Users\\myers\\Downloads\\ps1\\DependencyGraphTests\\bin\\Debug\\net8.0\\fine-code-coverage\\build-output\\Microsoft.VisualStudio.TestPlatform.MSTest.TestAdapter.dll"]}
TpTrace Verbose: 0 : 18132, 5, 2024/09/11, 15:35:30.089, 990641172224, vstest.console.dll, ParallelProxyExecutionManager.StartTestRunOnConcurrentManager: Execution starting. Started clients: 1
TpTrace Verbose: 0 : 18132, 5, 2024/09/11, 15:35:30.089, 990641173633, vstest.console.dll, TestRunRequest:SendTestRunMessage: Starting.
TpTrace Verbose: 0 : 18132, 5, 2024/09/11, 15:35:30.089, 990641174483, vstest.console.dll, MulticastDelegateUtilities.SafeInvoke: TestRun.LogMessages: Invoking callback 1/1 for Microsoft.VisualStudio.TestPlatform.CommandLine.TestRunResultAggregator., took 0 ms.
TpTrace Information: 0 : 18132, 5, 2024/09/11, 15:35:30.089, 990641174691, vstest.console.dll, TestRunRequest:SendTestRunMessage: Completed.
TpTrace Verbose: 0 : 18132, 4, 2024/09/11, 15:35:30.089, 990641175527, vstest.console.dll, MulticastDelegateUtilities.SafeInvoke: InternalTestLoggerEvents.SendTestRunMessage: Invoking callback 1/1 for Microsoft.VisualStudio.TestPlatform.CommandLine.Internal.ConsoleLogger., took 0 ms.
TpTrace Warning: 0 : 18132, 5, 2024/09/11, 15:35:30.089, 990641176691, vstest.console.dll, InferRunSettingsHelper.MakeRunsettingsCompatible: Removing the following settings: TargetPlatform from RunSettings file. To use those settings please move to latest version of Microsoft.NET.Test.Sdk
TpTrace Verbose: 0 : 18132, 15, 2024/09/11, 15:35:30.090, 990641181088, vstest.console.dll, TcpClientExtensions.MessageLoopAsync: NotifyDataAvailable remoteEndPoint: 127.0.0.1:58583 localEndPoint: 127.0.0.1:58582
TpTrace Verbose: 0 : 18132, 15, 2024/09/11, 15:35:30.090, 990641182785, vstest.console.dll, TestRequestSender.OnExecutionMessageReceived: Received message: {"Version":7,"MessageType":"TestSession.Message","Payload":{"MessageLevel":0,"Message":"Logging TestHost Diagnostics in file: C:\\Users\\myers\\Downloads\\ps1\\DependencyGraphTests\\bin\\Debug\\net8.0\\fine-code-coverage\\coverage-tool-output\\diagnostics.host.24-09-11_15-35-29_94221_5.log"}}
TpTrace Verbose: 0 : 18132, 15, 2024/09/11, 15:35:30.091, 990641196582, vstest.console.dll, TestRunRequest:SendTestRunMessage: Starting.
TpTrace Verbose: 0 : 18132, 15, 2024/09/11, 15:35:30.091, 990641197363, vstest.console.dll, MulticastDelegateUtilities.SafeInvoke: TestRun.LogMessages: Invoking callback 1/1 for Microsoft.VisualStudio.TestPlatform.CommandLine.TestRunResultAggregator., took 0 ms.
TpTrace Verbose: 0 : 18132, 4, 2024/09/11, 15:35:30.091, 990641197456, vstest.console.dll, MulticastDelegateUtilities.SafeInvoke: InternalTestLoggerEvents.SendTestRunMessage: Invoking callback 1/1 for Microsoft.VisualStudio.TestPlatform.CommandLine.Internal.ConsoleLogger., took 0 ms.
TpTrace Information: 0 : 18132, 15, 2024/09/11, 15:35:30.091, 990641197908, vstest.console.dll, TestRunRequest:SendTestRunMessage: Completed.
TpTrace Verbose: 0 : 18132, 15, 2024/09/11, 15:35:30.092, 990641198259, vstest.console.dll, MulticastDelegateUtilities.SafeInvoke: LengthPrefixCommunicationChannel: MessageReceived: Invoking callback 1/1 for Microsoft.VisualStudio.TestPlatform.CommunicationUtilities.TestRequestSender+<>c__DisplayClass34_0., took 1 ms.
TpTrace Verbose: 0 : 18132, 15, 2024/09/11, 15:35:30.092, 990641198453, vstest.console.dll, TcpClientExtensions.MessageLoopAsync: Polling on remoteEndPoint: 127.0.0.1:58583 localEndPoint: 127.0.0.1:58582 after 4 ms
TpTrace Verbose: 0 : 18132, 5, 2024/09/11, 15:35:30.092, 990641206994, vstest.console.dll, TestRequestSender.StartTestRun: Sending test run with message: {"Version":7,"MessageType":"TestExecution.StartWithSources","Payload":{"AdapterSourceMap":{"_none_":["C:\\Users\\myers\\Downloads\\ps1\\DependencyGraphTests\\bin\\Debug\\net8.0\\fine-code-coverage\\build-output\\DependencyGraphTests.dll"]},"RunSettings":"<RunSettings>\r\n  <RunConfiguration>\r\n    <ResultsDirectory>C:\\Users\\myers\\Downloads\\ps1\\DependencyGraphTests\\bin\\Debug\\net8.0\\fine-code-coverage\\coverage-tool-output</ResultsDirectory>\r\n    <TargetFrameworkVersion>.NETCoreApp,Version=v8.0</TargetFrameworkVersion>\r\n    <DesignMode>False</DesignMode>\r\n    <CollectSourceInformation>False</CollectSourceInformation>\r\n  </RunConfiguration>\r\n  <LoggerRunSettings>\r\n    <Loggers>\r\n      <Logger friendlyName=\"blame\" enabled=\"True\" />\r\n      <Logger friendlyName=\"Console\" uri=\"logger://microsoft/TestPlatform/ConsoleLogger/v1\" assemblyQualifiedName=\"Microsoft.VisualStudio.TestPlatform.CommandLine.Internal.ConsoleLogger, vstest.console, Version=15.0.0.0, Culture=neutral, PublicKeyToken=b03f5f7f11d50a3a\" codeBase=\"C:\\Program Files\\dotnet\\sdk\\8.0.400\\vstest.console.dll\" enabled=\"True\" />\r\n    </Loggers>\r\n  </LoggerRunSettings>\r\n  <DataCollectionRunSettings>\r\n    <DataCollectors>\r\n      <DataCollector friendlyName=\"blame\" enabled=\"True\">\r\n        <Configuration>\r\n          <ResultsDirectory>C:\\Users\\myers\\Downloads\\ps1\\DependencyGraphTests\\bin\\Debug\\net8.0\\fine-code-coverage\\coverage-tool-output</ResultsDirectory>\r\n        </Configuration>\r\n      </DataCollector>\r\n    </DataCollectors>\r\n  </DataCollectionRunSettings>\r\n</RunSettings>","TestExecutionContext":{"FrequencyOfRunStatsChangeEvent":10,"RunStatsChangeEventTimeout":"00:00:01.5000000","InIsolation":false,"KeepAlive":false,"AreTestCaseLevelEventsRequired":false,"IsDebug":false,"TestCaseFilter":null,"FilterOptions":null},"Package":null}}
TpTrace Verbose: 0 : 18132, 5, 2024/09/11, 15:35:30.092, 990641207618, vstest.console.dll, ParallelProxyExecutionManager.StartTestRunOnConcurrentManager: Execution started. Started clients: 1
TpTrace Verbose: 0 : 18132, 15, 2024/09/11, 15:35:30.281, 990643095893, vstest.console.dll, TcpClientExtensions.MessageLoopAsync: NotifyDataAvailable remoteEndPoint: 127.0.0.1:58583 localEndPoint: 127.0.0.1:58582
TpTrace Verbose: 0 : 18132, 15, 2024/09/11, 15:35:30.282, 990643099257, vstest.console.dll, TestRequestSender.OnExecutionMessageReceived: Received message: {"Version":7,"MessageType":"TestExecution.StatsChange","Payload":{"NewTestResults":[{"TestCase":{"Id":"64de2d0e-e21c-f154-02ff-0772d1767c19","FullyQualifiedName":"CS3500.DependencyGraphTests.DependencyGraphTests.DependencyGraph_ConstructorTest_TrueSize","DisplayName":"DependencyGraph_ConstructorTest_TrueSize","ExecutorUri":"executor://MSTestAdapter/v2","Source":"C:\\Users\\myers\\Downloads\\ps1\\DependencyGraphTests\\bin\\Debug\\net8.0\\fine-code-coverage\\build-output\\DependencyGraphTests.dll","CodeFilePath":null,"LineNumber":-1,"Properties":[{"Key":{"Id":"TestObject.Traits","Label":"Traits","Category":"","Description":"","Attributes":5,"ValueType":"System.Collections.Generic.KeyValuePair`2[[System.String],[System.String]][]"},"Value":[]},{"Key":{"Id":"TestCase.ManagedType","Label":"ManagedType","Category":"","Description":"","Attributes":1,"ValueType":"System.String"},"Value":"CS3500.DependencyGraphTests.DependencyGraphTests"},{"Key":{"Id":"TestCase.Hierarchy","Label":"Hierarchy","Category":"","Description":"","Attributes":2,"ValueType":"System.String[]"},"Value":[null,"CS3500.DependencyGraphTests","DependencyGraphTests","DependencyGraph_ConstructorTest_TrueSize"]},{"Key":{"Id":"MSTest.TestIdGenerationStrategy","Label":"TestIdGenerationStrategy","Category":"","Description":"","Attributes":1,"ValueType":"System.Int32"},"Value":2},{"Key":{"Id":"TestCase.ManagedMethod","Label":"ManagedMethod","Category":"","Description":"","Attributes":1,"ValueType":"System.String"},"Value":"DependencyGraph_ConstructorTest_TrueSize"},{"Key":{"Id":"MSTestDiscoverer.TestClassName","Label":"ClassName","Category":"","Description":"","Attributes":1,"ValueType":"System.String"},"Value":"CS3500.DependencyGraphTests.DependencyGraphTests"}]},"Attachments":[],"Outcome":1,"ErrorMessage":null,"ErrorStackTrace":null,"DisplayName":"DependencyGraph_ConstructorTest_TrueSize","Messages":[],"ComputerName":"DESKTOP-FTTEOKS","Duration":"00:00:00.0023173","StartTime":"2024-09-11T15:35:30.2250471-06:00","EndTime":"2024-09-11T15:35:30.2342104-06:00","Properties":[{"Key":{"Id":"ParentExecId","Label":"ParentExecId","Category":"","Description":"","Attributes":1,"ValueType":"System.Guid"},"Value":"00000000-0000-0000-0000-000000000000"},{"Key":{"Id":"InnerResultsCount","Label":"InnerResultsCount","Category":"","Description":"","Attributes":1,"ValueType":"System.Int32"},"Value":0},{"Key":{"Id":"ExecutionId","Label":"ExecutionId","Category":"","Description":"","Attributes":1,"ValueType":"System.Guid"},"Value":"00000000-0000-0000-0000-000000000000"}]},{"TestCase":{"Id":"6902e537-b9c1-5165-a6e8-68c5f6815b4f","FullyQualifiedName":"CS3500.DependencyGraphTests.DependencyGraphTests.DependencyGraph_SizeTest_LargeGraph","DisplayName":"DependencyGraph_SizeTest_LargeGraph","ExecutorUri":"executor://MSTestAdapter/v2","Source":"C:\\Users\\myers\\Downloads\\ps1\\DependencyGraphTests\\bin\\Debug\\net8.0\\fine-code-coverage\\build-output\\DependencyGraphTests.dll","CodeFilePath":null,"LineNumber":-1,"Properties":[{"Key":{"Id":"TestObject.Traits","Label":"Traits","Category":"","Description":"","Attributes":5,"ValueType":"System.Collections.Generic.KeyValuePair`2[[System.String],[System.String]][]"},"Value":[]},{"Key":{"Id":"TestCase.ManagedType","Label":"ManagedType","Category":"","Description":"","Attributes":1,"ValueType":"System.String"},"Value":"CS3500.DependencyGraphTests.DependencyGraphTests"},{"Key":{"Id":"TestCase.Hierarchy","Label":"Hierarchy","Category":"","Description":"","Attributes":2,"ValueType":"System.String[]"},"Value":[null,"CS3500.DependencyGraphTests","DependencyGraphTests","DependencyGraph_SizeTest_LargeGraph"]},{"Key":{"Id":"MSTest.TestIdGenerationStrategy","Label":"TestIdGenerationStrategy","Category":"","Description":"","Attributes":1,"ValueType":"System.Int32"},"Value":2},{"Key":{"Id":"TestCase.ManagedMethod","Label":"ManagedMethod","Category":"","Description":"","Attributes":1,"ValueType":"System.String"},"Value":"DependencyGraph_SizeTest_LargeGraph"},{"Key":{"Id":"MSTestDiscoverer.TestClassName","Label":"ClassName","Category":"","Description":"","Attributes":1,"ValueType":"System.String"},"Value":"CS3500.DependencyGraphTests.DependencyGraphTests"}]},"Attachments":[],"Outcome":2,"ErrorMessage":"Assert.IsTrue failed. ","ErrorStackTrace":"   at CS3500.DependencyGraphTests.DependencyGraphTests.DependencyGraph_SizeTest_LargeGraph() in C:\\Users\\myers\\Downloads\\ps1\\DependencyGraphTests\\DependencyGraphTests.cs:line 52\r\n   at System.RuntimeMethodHandle.InvokeMethod(Object target, Void** arguments, Signature sig, Boolean isConstructor)\r\n   at System.Reflection.MethodBaseInvoker.InvokeWithNoArgs(Object obj, BindingFlags invokeAttr)\r\n","DisplayName":"DependencyGraph_SizeTest_LargeGraph","Messages":[],"ComputerName":"DESKTOP-FTTEOKS","Duration":"00:00:00.0079027","StartTime":"2024-09-11T15:35:30.2449162-06:00","EndTime":"2024-09-11T15:35:30.2531568-06:00","Properties":[{"Key":{"Id":"ParentExecId","Label":"ParentExecId","Category":"","Description":"","Attributes":1,"ValueType":"System.Guid"},"Value":"00000000-0000-0000-0000-000000000000"},{"Key":{"Id":"InnerResultsCount","Label":"InnerResultsCount","Category":"","Description":"","Attributes":1,"ValueType":"System.Int32"},"Value":0},{"Key":{"Id":"ExecutionId","Label":"ExecutionId","Category":"","Description":"","Attributes":1,"ValueType":"System.Guid"},"Value":"00000000-0000-0000-0000-000000000000"}]},{"TestCase":{"Id":"d26d5978-e524-72e3-0512-e437feb2bf6d","FullyQualifiedName":"CS3500.DependencyGraphTests.DependencyGraphTests.DependencyGraph_AddDependencyTest_DependencyExists","DisplayName":"DependencyGraph_AddDependencyTest_DependencyExists","ExecutorUri":"executor://MSTestAdapter/v2","Source":"C:\\Users\\myers\\Downloads\\ps1\\DependencyGraphTests\\bin\\Debug\\net8.0\\fine-code-coverage\\build-output\\DependencyGraphTests.dll","CodeFilePath":null,"LineNumber":-1,"Properties":[{"Key":{"Id":"TestObject.Traits","Label":"Traits","Category":"","Description":"","Attributes":5,"ValueType":"System.Collections.Generic.KeyValuePair`2[[System.String],[System.String]][]"},"Value":[]},{"Key":{"Id":"TestCase.ManagedType","Label":"ManagedType","Category":"","Description":"","Attributes":1,"ValueType":"System.String"},"Value":"CS3500.DependencyGraphTests.DependencyGraphTests"},{"Key":{"Id":"TestCase.Hierarchy","Label":"Hierarchy","Category":"","Description":"","Attributes":2,"ValueType":"System.String[]"},"Value":[null,"CS3500.DependencyGraphTests","DependencyGraphTests","DependencyGraph_AddDependencyTest_DependencyExists"]},{"Key":{"Id":"MSTest.TestIdGenerationStrategy","Label":"TestIdGenerationStrategy","Category":"","Description":"","Attributes":1,"ValueType":"System.Int32"},"Value":2},{"Key":{"Id":"TestCase.ManagedMethod","Label":"ManagedMethod","Category":"","Description":"","Attributes":1,"ValueType":"System.String"},"Value":"DependencyGraph_AddDependencyTest_DependencyExists"},{"Key":{"Id":"MSTestDiscoverer.TestClassName","Label":"ClassName","Category":"","Description":"","Attributes":1,"ValueType":"System.String"},"Value":"CS3500.DependencyGraphTests.DependencyGraphTests"}]},"Attachments":[],"Outcome":1,"ErrorMessage":null,"ErrorStackTrace":null,"DisplayName":"DependencyGraph_AddDependencyTest_DependencyExists","Messages":[],"ComputerName":"DESKTOP-FTTEOKS","Duration":"00:00:00.0001916","StartTime":"2024-09-11T15:35:30.2551215-06:00","EndTime":"2024-09-11T15:35:30.2554303-06:00","Properties":[{"Key":{"Id":"ParentExecId","Label":"ParentExecId","Category":"","Description":"","Attributes":1,"ValueType":"System.Guid"},"Value":"00000000-0000-0000-0000-000000000000"},{"Key":{"Id":"InnerResultsCount","Label":"InnerResultsCount","Category":"","Description":"","Attributes":1,"ValueType":"System.Int32"},"Value":0},{"Key":{"Id":"ExecutionId","Label":"ExecutionId","Category":"","Description":"","Attributes":1,"ValueType":"System.Guid"},"Value":"00000000-0000-0000-0000-000000000000"}]},{"TestCase":{"Id":"21252893-7293-e414-0b55-7567a96fc51b","FullyQualifiedName":"CS3500.DependencyGraphTests.DependencyGraphTests.DependencyGraph_HasDependentsTest_FalseCheck","DisplayName":"DependencyGraph_HasDependentsTest_FalseCheck","ExecutorUri":"executor://MSTestAdapter/v2","Source":"C:\\Users\\myers\\Downloads\\ps1\\DependencyGraphTests\\bin\\Debug\\net8.0\\fine-code-coverage\\build-output\\DependencyGraphTests.dll","CodeFilePath":null,"LineNumber":-1,"Properties":[{"Key":{"Id":"TestObject.Traits","Label":"Traits","Category":"","Description":"","Attributes":5,"ValueType":"System.Collections.Generic.KeyValuePair`2[[System.String],[System.String]][]"},"Value":[]},{"Key":{"Id":"TestCase.ManagedType","Label":"ManagedType","Category":"","Description":"","Attributes":1,"ValueType":"System.String"},"Value":"CS3500.DependencyGraphTests.DependencyGraphTests"},{"Key":{"Id":"TestCase.Hierarchy","Label":"Hierarchy","Category":"","Description":"","Attributes":2,"ValueType":"System.String[]"},"Value":[null,"CS3500.DependencyGraphTests","DependencyGraphTests","DependencyGraph_HasDependentsTest_FalseCheck"]},{"Key":{"Id":"MSTest.TestIdGenerationStrategy","Label":"TestIdGenerationStrategy","Category":"","Description":"","Attributes":1,"ValueType":"System.Int32"},"Value":2},{"Key":{"Id":"TestCase.ManagedMethod","Label":"ManagedMethod","Category":"","Description":"","Attributes":1,"ValueType":"System.String"},"Value":"DependencyGraph_HasDependentsTest_FalseCheck"},{"Key":{"Id":"MSTestDiscoverer.TestClassName","Label":"ClassName","Category":"","Description":"","Attributes":1,"ValueType":"System.String"},"Value":"CS3500.DependencyGraphTests.DependencyGraphTests"}]},"Attachments":[],"Outcome":1,"ErrorMessage":null,"ErrorStackTrace":null,"DisplayName":"DependencyGraph_HasDependentsTest_FalseCheck","Messages":[],"ComputerName":"DESKTOP-FTTEOKS","Duration":"00:00:00.0001443","StartTime":"2024-09-11T15:35:30.2571215-06:00","EndTime":"2024-09-11T15:35:30.2573741-06:00","Properties":[{"Key":{"Id":"ParentExecId","Label":"ParentExecId","Category":"","Description":"","Attributes":1,"ValueType":"System.Guid"},"Value":"00000000-0000-0000-0000-000000000000"},{"Key":{"Id":"InnerResultsCount","Label":"InnerResultsCount","Category":"","Description":"","Attributes":1,"ValueType":"System.Int32"},"Value":0},{"Key":{"Id":"ExecutionId","Label":"ExecutionId","Category":"","Description":"","Attributes":1,"ValueType":"System.Guid"},"Value":"00000000-0000-0000-0000-000000000000"}]},{"TestCase":{"Id":"75ef12a8-d38c-f4fd-6e47-9fd9ed156625","FullyQualifiedName":"CS3500.DependencyGraphTests.DependencyGraphTests.DependencyGraph_HasDependentsTest_TrueCheck","DisplayName":"DependencyGraph_HasDependentsTest_TrueCheck","ExecutorUri":"executor://MSTestAdapter/v2","Source":"C:\\Users\\myers\\Downloads\\ps1\\DependencyGraphTests\\bin\\Debug\\net8.0\\fine-code-coverage\\build-output\\DependencyGraphTests.dll","CodeFilePath":null,"LineNumber":-1,"Properties":[{"Key":{"Id":"TestObject.Traits","Label":"Traits","Category":"","Description":"","Attributes":5,"ValueType":"System.Collections.Generic.KeyValuePair`2[[System.String],[System.String]][]"},"Value":[]},{"Key":{"Id":"TestCase.ManagedType","Label":"ManagedType","Category":"","Description":"","Attributes":1,"ValueType":"System.String"},"Value":"CS3500.DependencyGraphTests.DependencyGraphTests"},{"Key":{"Id":"TestCase.Hierarchy","Label":"Hierarchy","Category":"","Description":"","Attributes":2,"ValueType":"System.String[]"},"Value":[null,"CS3500.DependencyGraphTests","DependencyGraphTests","DependencyGraph_HasDependentsTest_TrueCheck"]},{"Key":{"Id":"MSTest.TestIdGenerationStrategy","Label":"TestIdGenerationStrategy","Category":"","Description":"","Attributes":1,"ValueType":"System.Int32"},"Value":2},{"Key":{"Id":"TestCase.ManagedMethod","Label":"ManagedMethod","Category":"","Description":"","Attributes":1,"ValueType":"System.String"},"Value":"DependencyGraph_HasDependentsTest_TrueCheck"},{"Key":{"Id":"MSTestDiscoverer.TestClassName","Label":"ClassName","Category":"","Description":"","Attributes":1,"ValueType":"System.String"},"Value":"CS3500.DependencyGraphTests.DependencyGraphTests"}]},"Attachments":[],"Outcome":2,"ErrorMessage":"Assert.IsTrue failed. ","ErrorStackTrace":"   at CS3500.DependencyGraphTests.DependencyGraphTests.DependencyGraph_HasDependentsTest_TrueCheck() in C:\\Users\\myers\\Downloads\\ps1\\DependencyGraphTests\\DependencyGraphTests.cs:line 114\r\n   at System.RuntimeMethodHandle.InvokeMethod(Object target, Void** arguments, Signature sig, Boolean isConstructor)\r\n   at System.Reflection.MethodBaseInvoker.InvokeWithNoArgs(Object obj, BindingFlags invokeAttr)\r\n","DisplayName":"DependencyGraph_HasDependentsTest_TrueCheck","Messages":[],"ComputerName":"DESKTOP-FTTEOKS","Duration":"00:00:00.0002116","StartTime":"2024-09-11T15:35:30.2588464-06:00","EndTime":"2024-09-11T15:35:30.2591585-06:00","Properties":[{"Key":{"Id":"ParentExecId","Label":"ParentExecId","Category":"","Description":"","Attributes":1,"ValueType":"System.Guid"},"Value":"00000000-0000-0000-0000-000000000000"},{"Key":{"Id":"InnerResultsCount","Label":"InnerResultsCount","Category":"","Description":"","Attributes":1,"ValueType":"System.Int32"},"Value":0},{"Key":{"Id":"ExecutionId","Label":"ExecutionId","Category":"","Description":"","Attributes":1,"ValueType":"System.Guid"},"Value":"00000000-0000-0000-0000-000000000000"}]},{"TestCase":{"Id":"fda4fd20-8175-a343-b039-1b70a9f77a8a","FullyQualifiedName":"CS3500.DependencyGraphTests.DependencyGraphTests.DependencyGraph_RemoveDependencyTest_EmptyGraph","DisplayName":"DependencyGraph_RemoveDependencyTest_EmptyGraph","ExecutorUri":"executor://MSTestAdapter/v2","Source":"C:\\Users\\myers\\Downloads\\ps1\\DependencyGraphTests\\bin\\Debug\\net8.0\\fine-code-coverage\\build-output\\DependencyGraphTests.dll","CodeFilePath":null,"LineNumber":-1,"Properties":[{"Key":{"Id":"TestObject.Traits","Label":"Traits","Category":"","Description":"","Attributes":5,"ValueType":"System.Collections.Generic.KeyValuePair`2[[System.String],[System.String]][]"},"Value":[]},{"Key":{"Id":"TestCase.ManagedType","Label":"ManagedType","Category":"","Description":"","Attributes":1,"ValueType":"System.String"},"Value":"CS3500.DependencyGraphTests.DependencyGraphTests"},{"Key":{"Id":"TestCase.Hierarchy","Label":"Hierarchy","Category":"","Description":"","Attributes":2,"ValueType":"System.String[]"},"Value":[null,"CS3500.DependencyGraphTests","DependencyGraphTests","DependencyGraph_RemoveDependencyTest_EmptyGraph"]},{"Key":{"Id":"MSTest.TestIdGenerationStrategy","Label":"TestIdGenerationStrategy","Category":"","Description":"","Attributes":1,"ValueType":"System.Int32"},"Value":2},{"Key":{"Id":"TestCase.ManagedMethod","Label":"ManagedMethod","Category":"","Description":"","Attributes":1,"ValueType":"System.String"},"Value":"DependencyGraph_RemoveDependencyTest_EmptyGraph"},{"Key":{"Id":"MSTestDiscoverer.TestClassName","Label":"ClassName","Category":"","Description":"","Attributes":1,"ValueType":"System.String"},"Value":"CS3500.DependencyGraphTests.DependencyGraphTests"}]},"Attachments":[],"Outcome":1,"ErrorMessage":null,"ErrorStackTrace":null,"DisplayName":"DependencyGraph_RemoveDependencyTest_EmptyGraph","Messages":[],"ComputerName":"DESKTOP-FTTEOKS","Duration":"00:00:00.0001335","StartTime":"2024-09-11T15:35:30.2606484-06:00","EndTime":"2024-09-11T15:35:30.2608783-06:00","Properties":[{"Key":{"Id":"ParentExecId","Label":"ParentExecId","Category":"","Description":"","Attributes":1,"ValueType":"System.Guid"},"Value":"00000000-0000-0000-0000-000000000000"},{"Key":{"Id":"InnerResultsCount","Label":"InnerResultsCount","Category":"","Description":"","Attributes":1,"ValueType":"System.Int32"},"Value":0},{"Key":{"Id":"ExecutionId","Label":"ExecutionId","Category":"","Description":"","Attributes":1,"ValueType":"System.Guid"},"Value":"00000000-0000-0000-0000-000000000000"}]},{"TestCase":{"Id":"3013472f-1d60-c8b4-ded6-3026bd715f76","FullyQualifiedName":"CS3500.DependencyGraphTests.DependencyGraphTests.DependencyGraph_RemoveDependencyTest_FilledGraph_False","DisplayName":"DependencyGraph_RemoveDependencyTest_FilledGraph_False","ExecutorUri":"executor://MSTestAdapter/v2","Source":"C:\\Users\\myers\\Downloads\\ps1\\DependencyGraphTests\\bin\\Debug\\net8.0\\fine-code-coverage\\build-output\\DependencyGraphTests.dll","CodeFilePath":null,"LineNumber":-1,"Properties":[{"Key":{"Id":"TestObject.Traits","Label":"Traits","Category":"","Description":"","Attributes":5,"ValueType":"System.Collections.Generic.KeyValuePair`2[[System.String],[System.String]][]"},"Value":[]},{"Key":{"Id":"TestCase.ManagedType","Label":"ManagedType","Category":"","Description":"","Attributes":1,"ValueType":"System.String"},"Value":"CS3500.DependencyGraphTests.DependencyGraphTests"},{"Key":{"Id":"TestCase.Hierarchy","Label":"Hierarchy","Category":"","Description":"","Attributes":2,"ValueType":"System.String[]"},"Value":[null,"CS3500.DependencyGraphTests","DependencyGraphTests","DependencyGraph_RemoveDependencyTest_FilledGraph_False"]},{"Key":{"Id":"MSTest.TestIdGenerationStrategy","Label":"TestIdGenerationStrategy","Category":"","Description":"","Attributes":1,"ValueType":"System.Int32"},"Value":2},{"Key":{"Id":"TestCase.ManagedMethod","Label":"ManagedMethod","Category":"","Description":"","Attributes":1,"ValueType":"System.String"},"Value":"DependencyGraph_RemoveDependencyTest_FilledGraph_False"},{"Key":{"Id":"MSTestDiscoverer.TestClassName","Label":"ClassName","Category":"","Description":"","Attributes":1,"ValueType":"System.String"},"Value":"CS3500.DependencyGraphTests.DependencyGraphTests"}]},"Attachments":[],"Outcome":2,"ErrorMessage":"Assert.IsTrue failed. ","ErrorStackTrace":"   at CS3500.DependencyGraphTests.DependencyGraphTests.DependencyGraph_RemoveDependencyTest_FilledGraph_False() in C:\\Users\\myers\\Downloads\\ps1\\DependencyGraphTests\\DependencyGraphTests.cs:line 162\r\n   at System.RuntimeMethodHandle.InvokeMethod(Object target, Void** arguments, Signature sig, Boolean isConstructor)\r\n   at System.Reflection.MethodBaseInvoker.InvokeWithNoArgs(Object obj, BindingFlags invokeAttr)\r\n","DisplayName":"DependencyGraph_RemoveDependencyTest_FilledGraph_False","Messages":[],"ComputerName":"DESKTOP-FTTEOKS","Duration":"00:00:00.0002527","StartTime":"2024-09-11T15:35:30.2623399-06:00","EndTime":"2024-09-11T15:35:30.2626948-06:00","Properties":[{"Key":{"Id":"ParentExecId","Label":"ParentExecId","Category":"","Description":"","Attributes":1,"ValueType":"System.Guid"},"Value":"00000000-0000-0000-0000-000000000000"},{"Key":{"Id":"InnerResultsCount","Label":"InnerResultsCount","Category":"","Description":"","Attributes":1,"ValueType":"System.Int32"},"Value":0},{"Key":{"Id":"ExecutionId","Label":"ExecutionId","Category":"","Description":"","Attributes":1,"ValueType":"System.Guid"},"Value":"00000000-0000-0000-0000-000000000000"}]},{"TestCase":{"Id":"83e91c99-3b57-2bc1-dd28-787f2a3008a9","FullyQualifiedName":"CS3500.DependencyGraphTests.DependencyGraphTests.DependencyGraph_RemoveDependencyTest_FilledGraph_True","DisplayName":"DependencyGraph_RemoveDependencyTest_FilledGraph_True","ExecutorUri":"executor://MSTestAdapter/v2","Source":"C:\\Users\\myers\\Downloads\\ps1\\DependencyGraphTests\\bin\\Debug\\net8.0\\fine-code-coverage\\build-output\\DependencyGraphTests.dll","CodeFilePath":null,"LineNumber":-1,"Properties":[{"Key":{"Id":"TestObject.Traits","Label":"Traits","Category":"","Description":"","Attributes":5,"ValueType":"System.Collections.Generic.KeyValuePair`2[[System.String],[System.String]][]"},"Value":[]},{"Key":{"Id":"TestCase.ManagedType","Label":"ManagedType","Category":"","Description":"","Attributes":1,"ValueType":"System.String"},"Value":"CS3500.DependencyGraphTests.DependencyGraphTests"},{"Key":{"Id":"TestCase.Hierarchy","Label":"Hierarchy","Category":"","Description":"","Attributes":2,"ValueType":"System.String[]"},"Value":[null,"CS3500.DependencyGraphTests","DependencyGraphTests","DependencyGraph_RemoveDependencyTest_FilledGraph_True"]},{"Key":{"Id":"MSTest.TestIdGenerationStrategy","Label":"TestIdGenerationStrategy","Category":"","Description":"","Attributes":1,"ValueType":"System.Int32"},"Value":2},{"Key":{"Id":"TestCase.ManagedMethod","Label":"ManagedMethod","Category":"","Description":"","Attributes":1,"ValueType":"System.String"},"Value":"DependencyGraph_RemoveDependencyTest_FilledGraph_True"},{"Key":{"Id":"MSTestDiscoverer.TestClassName","Label":"ClassName","Category":"","Description":"","Attributes":1,"ValueType":"System.String"},"Value":"CS3500.DependencyGraphTests.DependencyGraphTests"}]},"Attachments":[],"Outcome":2,"ErrorMessage":"Assert.IsTrue failed. ","ErrorStackTrace":"   at CS3500.DependencyGraphTests.DependencyGraphTests.DependencyGraph_RemoveDependencyTest_FilledGraph_True() in C:\\Users\\myers\\Downloads\\ps1\\DependencyGraphTests\\DependencyGraphTests.cs:line 184\r\n   at System.RuntimeMethodHandle.InvokeMethod(Object target, Void** arguments, Signature sig, Boolean isConstructor)\r\n   at System.Reflection.MethodBaseInvoker.InvokeWithNoArgs(Object obj, BindingFlags invokeAttr)\r\n","DisplayName":"DependencyGraph_RemoveDependencyTest_FilledGraph_True","Messages":[],"ComputerName":"DESKTOP-FTTEOKS","Duration":"00:00:00.0002742","StartTime":"2024-09-11T15:35:30.2644561-06:00","EndTime":"2024-09-11T15:35:30.2648613-06:00","Properties":[{"Key":{"Id":"ParentExecId","Label":"ParentExecId","Category":"","Description":"","Attributes":1,"ValueType":"System.Guid"},"Value":"00000000-0000-0000-0000-000000000000"},{"Key":{"Id":"InnerResultsCount","Label":"InnerResultsCount","Category":"","Description":"","Attributes":1,"ValueType":"System.Int32"},"Value":0},{"Key":{"Id":"ExecutionId","Label":"ExecutionId","Category":"","Description":"","Attributes":1,"ValueType":"System.Guid"},"Value":"00000000-0000-0000-0000-000000000000"}]},{"TestCase":{"Id":"8c97a036-d249-7e09-a75c-8b4fb17a5ebf","FullyQualifiedName":"CS3500.DependencyGraphTests.DependencyGraphTests.DependencyGraph_HasDependeesTest_EmptyGraph","DisplayName":"DependencyGraph_HasDependeesTest_EmptyGraph","ExecutorUri":"executor://MSTestAdapter/v2","Source":"C:\\Users\\myers\\Downloads\\ps1\\DependencyGraphTests\\bin\\Debug\\net8.0\\fine-code-coverage\\build-output\\DependencyGraphTests.dll","CodeFilePath":null,"LineNumber":-1,"Properties":[{"Key":{"Id":"TestObject.Traits","Label":"Traits","Category":"","Description":"","Attributes":5,"ValueType":"System.Collections.Generic.KeyValuePair`2[[System.String],[System.String]][]"},"Value":[]},{"Key":{"Id":"TestCase.ManagedType","Label":"ManagedType","Category":"","Description":"","Attributes":1,"ValueType":"System.String"},"Value":"CS3500.DependencyGraphTests.DependencyGraphTests"},{"Key":{"Id":"TestCase.Hierarchy","Label":"Hierarchy","Category":"","Description":"","Attributes":2,"ValueType":"System.String[]"},"Value":[null,"CS3500.DependencyGraphTests","DependencyGraphTests","DependencyGraph_HasDependeesTest_EmptyGraph"]},{"Key":{"Id":"MSTest.TestIdGenerationStrategy","Label":"TestIdGenerationStrategy","Category":"","Description":"","Attributes":1,"ValueType":"System.Int32"},"Value":2},{"Key":{"Id":"TestCase.ManagedMethod","Label":"ManagedMethod","Category":"","Description":"","Attributes":1,"ValueType":"System.String"},"Value":"DependencyGraph_HasDependeesTest_EmptyGraph"},{"Key":{"Id":"MSTestDiscoverer.TestClassName","Label":"ClassName","Category":"","Description":"","Attributes":1,"ValueType":"System.String"},"Value":"CS3500.DependencyGraphTests.DependencyGraphTests"}]},"Attachments":[],"Outcome":1,"ErrorMessage":null,"ErrorStackTrace":null,"DisplayName":"DependencyGraph_HasDependeesTest_EmptyGraph","Messages":[],"ComputerName":"DESKTOP-FTTEOKS","Duration":"00:00:00.0001254","StartTime":"2024-09-11T15:35:30.2663577-06:00","EndTime":"2024-09-11T15:35:30.2665843-06:00","Properties":[{"Key":{"Id":"ParentExecId","Label":"ParentExecId","Category":"","Description":"","Attributes":1,"ValueType":"System.Guid"},"Value":"00000000-0000-0000-0000-000000000000"},{"Key":{"Id":"InnerResultsCount","Label":"InnerResultsCount","Category":"","Description":"","Attributes":1,"ValueType":"System.Int32"},"Value":0},{"Key":{"Id":"ExecutionId","Label":"ExecutionId","Category":"","Description":"","Attributes":1,"ValueType":"System.Guid"},"Value":"00000000-0000-0000-0000-000000000000"}]}],"TestRunStatistics":{"ExecutedTests":9,"Stats":{"Passed":5,"Failed":4}},"ActiveTests":[{"Id":"9a11e104-fb5c-5829-7bab-bf7d5932c9dc","FullyQualifiedName":"CS3500.DependencyGraphTests.DependencyGraphTests.DependencyGraph_HasDependeesTest_FullGraph_False","DisplayName":"DependencyGraph_HasDependeesTest_FullGraph_False","ExecutorUri":"executor://MSTestAdapter/v2","Source":"C:\\Users\\myers\\Downloads\\ps1\\DependencyGraphTests\\bin\\Debug\\net8.0\\fine-code-coverage\\build-output\\DependencyGraphTests.dll","CodeFilePath":null,"LineNumber":-1,"Properties":[{"Key":{"Id":"TestObject.Traits","Label":"Traits","Category":"","Description":"","Attributes":5,"ValueType":"System.Collections.Generic.KeyValuePair`2[[System.String],[System.String]][]"},"Value":[]},{"Key":{"Id":"TestCase.ManagedType","Label":"ManagedType","Category":"","Description":"","Attributes":1,"ValueType":"System.String"},"Value":"CS3500.DependencyGraphTests.DependencyGraphTests"},{"Key":{"Id":"TestCase.Hierarchy","Label":"Hierarchy","Category":"","Description":"","Attributes":2,"ValueType":"System.String[]"},"Value":[null,"CS3500.DependencyGraphTests","DependencyGraphTests","DependencyGraph_HasDependeesTest_FullGraph_False"]},{"Key":{"Id":"MSTest.TestIdGenerationStrategy","Label":"TestIdGenerationStrategy","Category":"","Description":"","Attributes":1,"ValueType":"System.Int32"},"Value":2},{"Key":{"Id":"TestCase.ManagedMethod","Label":"ManagedMethod","Category":"","Description":"","Attributes":1,"ValueType":"System.String"},"Value":"DependencyGraph_HasDependeesTest_FullGraph_False"},{"Key":{"Id":"MSTestDiscoverer.TestClassName","Label":"ClassName","Category":"","Description":"","Attributes":1,"ValueType":"System.String"},"Value":"CS3500.DependencyGraphTests.DependencyGraphTests"}]}]}}
TpTrace Verbose: 0 : 18132, 15, 2024/09/11, 15:35:30.306, 990643346750, vstest.console.dll, TestRunRequest:SendTestRunStatsChange: Starting.
TpTrace Verbose: 0 : 18132, 15, 2024/09/11, 15:35:30.306, 990643347605, vstest.console.dll, InProgress is DependencyGraph_HasDependeesTest_FullGraph_False
TpTrace Verbose: 0 : 18132, 15, 2024/09/11, 15:35:30.307, 990643348715, vstest.console.dll, MulticastDelegateUtilities.SafeInvoke: TestRun.RunStatsChanged: Invoking callbacks was skipped because there are no subscribers.
TpTrace Information: 0 : 18132, 15, 2024/09/11, 15:35:30.307, 990643349042, vstest.console.dll, TestRunRequest:SendTestRunStatsChange: Completed.
TpTrace Verbose: 0 : 18132, 15, 2024/09/11, 15:35:30.307, 990643349250, vstest.console.dll, MulticastDelegateUtilities.SafeInvoke: LengthPrefixCommunicationChannel: MessageReceived: Invoking callback 1/1 for Microsoft.VisualStudio.TestPlatform.CommunicationUtilities.TestRequestSender+<>c__DisplayClass34_0., took 25 ms.
TpTrace Verbose: 0 : 18132, 15, 2024/09/11, 15:35:30.307, 990643349423, vstest.console.dll, TcpClientExtensions.MessageLoopAsync: Polling on remoteEndPoint: 127.0.0.1:58583 localEndPoint: 127.0.0.1:58582 after 215 ms
TpTrace Verbose: 0 : 18132, 4, 2024/09/11, 15:35:30.308, 990643359607, vstest.console.dll, MulticastDelegateUtilities.SafeInvoke: InternalTestLoggerEvents.SendTestResult: Invoking callback 1/1 for Microsoft.VisualStudio.TestPlatform.CommandLine.Internal.ConsoleLogger., took 1 ms.
TpTrace Verbose: 0 : 18132, 4, 2024/09/11, 15:35:30.308, 990643363476, vstest.console.dll, MulticastDelegateUtilities.SafeInvoke: InternalTestLoggerEvents.SendTestResult: Invoking callback 1/1 for Microsoft.VisualStudio.TestPlatform.CommandLine.Internal.ConsoleLogger., took 0 ms.
TpTrace Verbose: 0 : 18132, 4, 2024/09/11, 15:35:30.308, 990643363913, vstest.console.dll, MulticastDelegateUtilities.SafeInvoke: InternalTestLoggerEvents.SendTestResult: Invoking callback 1/1 for Microsoft.VisualStudio.TestPlatform.CommandLine.Internal.ConsoleLogger., took 0 ms.
TpTrace Verbose: 0 : 18132, 4, 2024/09/11, 15:35:30.308, 990643364183, vstest.console.dll, MulticastDelegateUtilities.SafeInvoke: InternalTestLoggerEvents.SendTestResult: Invoking callback 1/1 for Microsoft.VisualStudio.TestPlatform.CommandLine.Internal.ConsoleLogger., took 0 ms.
TpTrace Verbose: 0 : 18132, 4, 2024/09/11, 15:35:30.308, 990643365173, vstest.console.dll, MulticastDelegateUtilities.SafeInvoke: InternalTestLoggerEvents.SendTestResult: Invoking callback 1/1 for Microsoft.VisualStudio.TestPlatform.CommandLine.Internal.ConsoleLogger., took 0 ms.
TpTrace Verbose: 0 : 18132, 4, 2024/09/11, 15:35:30.308, 990643365592, vstest.console.dll, MulticastDelegateUtilities.SafeInvoke: InternalTestLoggerEvents.SendTestResult: Invoking callback 1/1 for Microsoft.VisualStudio.TestPlatform.CommandLine.Internal.ConsoleLogger., took 0 ms.
TpTrace Verbose: 0 : 18132, 4, 2024/09/11, 15:35:30.308, 990643366985, vstest.console.dll, MulticastDelegateUtilities.SafeInvoke: InternalTestLoggerEvents.SendTestResult: Invoking callback 1/1 for Microsoft.VisualStudio.TestPlatform.CommandLine.Internal.ConsoleLogger., took 0 ms.
TpTrace Verbose: 0 : 18132, 4, 2024/09/11, 15:35:30.309, 990643368403, vstest.console.dll, MulticastDelegateUtilities.SafeInvoke: InternalTestLoggerEvents.SendTestResult: Invoking callback 1/1 for Microsoft.VisualStudio.TestPlatform.CommandLine.Internal.ConsoleLogger., took 0 ms.
TpTrace Verbose: 0 : 18132, 4, 2024/09/11, 15:35:30.309, 990643368958, vstest.console.dll, MulticastDelegateUtilities.SafeInvoke: InternalTestLoggerEvents.SendTestResult: Invoking callback 1/1 for Microsoft.VisualStudio.TestPlatform.CommandLine.Internal.ConsoleLogger., took 0 ms.
TpTrace Verbose: 0 : 18132, 15, 2024/09/11, 15:35:30.314, 990643420928, vstest.console.dll, TcpClientExtensions.MessageLoopAsync: NotifyDataAvailable remoteEndPoint: 127.0.0.1:58583 localEndPoint: 127.0.0.1:58582
TpTrace Verbose: 0 : 18132, 15, 2024/09/11, 15:35:30.314, 990643423025, vstest.console.dll, TestRequestSender.OnExecutionMessageReceived: Received message: {"Version":7,"MessageType":"TestExecution.Completed","Payload":{"TestRunCompleteArgs":{"TestRunStatistics":{"ExecutedTests":16,"Stats":{"Passed":9,"Failed":7}},"IsCanceled":false,"IsAborted":false,"Error":null,"AttachmentSets":[],"InvokedDataCollectors":[],"ElapsedTimeInRunningTests":"00:00:00.1520236","Metrics":{},"DiscoveredExtensions":{"TestDiscoverers":["Microsoft.VisualStudio.TestPlatform.MSTest.TestAdapter.MSTestDiscoverer, Microsoft.VisualStudio.TestPlatform.MSTest.TestAdapter, Version=14.0.0.0, Culture=neutral, PublicKeyToken=b03f5f7f11d50a3a"],"TestExecutors":["executor://MSTestAdapter/v2"],"TestExecutors2":[],"TestSettingsProviders":[]}},"LastRunTests":{"NewTestResults":[{"TestCase":{"Id":"9a11e104-fb5c-5829-7bab-bf7d5932c9dc","FullyQualifiedName":"CS3500.DependencyGraphTests.DependencyGraphTests.DependencyGraph_HasDependeesTest_FullGraph_False","DisplayName":"DependencyGraph_HasDependeesTest_FullGraph_False","ExecutorUri":"executor://MSTestAdapter/v2","Source":"C:\\Users\\myers\\Downloads\\ps1\\DependencyGraphTests\\bin\\Debug\\net8.0\\fine-code-coverage\\build-output\\DependencyGraphTests.dll","CodeFilePath":null,"LineNumber":-1,"Properties":[{"Key":{"Id":"TestObject.Traits","Label":"Traits","Category":"","Description":"","Attributes":5,"ValueType":"System.Collections.Generic.KeyValuePair`2[[System.String],[System.String]][]"},"Value":[]},{"Key":{"Id":"TestCase.ManagedType","Label":"ManagedType","Category":"","Description":"","Attributes":1,"ValueType":"System.String"},"Value":"CS3500.DependencyGraphTests.DependencyGraphTests"},{"Key":{"Id":"TestCase.Hierarchy","Label":"Hierarchy","Category":"","Description":"","Attributes":2,"ValueType":"System.String[]"},"Value":[null,"CS3500.DependencyGraphTests","DependencyGraphTests","DependencyGraph_HasDependeesTest_FullGraph_False"]},{"Key":{"Id":"MSTest.TestIdGenerationStrategy","Label":"TestIdGenerationStrategy","Category":"","Description":"","Attributes":1,"ValueType":"System.Int32"},"Value":2},{"Key":{"Id":"TestCase.ManagedMethod","Label":"ManagedMethod","Category":"","Description":"","Attributes":1,"ValueType":"System.String"},"Value":"DependencyGraph_HasDependeesTest_FullGraph_False"},{"Key":{"Id":"MSTestDiscoverer.TestClassName","Label":"ClassName","Category":"","Description":"","Attributes":1,"ValueType":"System.String"},"Value":"CS3500.DependencyGraphTests.DependencyGraphTests"}]},"Attachments":[],"Outcome":1,"ErrorMessage":null,"ErrorStackTrace":null,"DisplayName":"DependencyGraph_HasDependeesTest_FullGraph_False","Messages":[],"ComputerName":"DESKTOP-FTTEOKS","Duration":"00:00:00.0000856","StartTime":"2024-09-11T15:35:30.2825715-06:00","EndTime":"2024-09-11T15:35:30.2827752-06:00","Properties":[{"Key":{"Id":"ParentExecId","Label":"ParentExecId","Category":"","Description":"","Attributes":1,"ValueType":"System.Guid"},"Value":"00000000-0000-0000-0000-000000000000"},{"Key":{"Id":"InnerResultsCount","Label":"InnerResultsCount","Category":"","Description":"","Attributes":1,"ValueType":"System.Int32"},"Value":0},{"Key":{"Id":"ExecutionId","Label":"ExecutionId","Category":"","Description":"","Attributes":1,"ValueType":"System.Guid"},"Value":"00000000-0000-0000-0000-000000000000"}]},{"TestCase":{"Id":"b37053fd-81be-e344-1ee2-6eaafb2ba5b3","FullyQualifiedName":"CS3500.DependencyGraphTests.DependencyGraphTests.DependencyGraph_HasDependeesTest_FullGraph_True","DisplayName":"DependencyGraph_HasDependeesTest_FullGraph_True","ExecutorUri":"executor://MSTestAdapter/v2","Source":"C:\\Users\\myers\\Downloads\\ps1\\DependencyGraphTests\\bin\\Debug\\net8.0\\fine-code-coverage\\build-output\\DependencyGraphTests.dll","CodeFilePath":null,"LineNumber":-1,"Properties":[{"Key":{"Id":"TestObject.Traits","Label":"Traits","Category":"","Description":"","Attributes":5,"ValueType":"System.Collections.Generic.KeyValuePair`2[[System.String],[System.String]][]"},"Value":[]},{"Key":{"Id":"TestCase.ManagedType","Label":"ManagedType","Category":"","Description":"","Attributes":1,"ValueType":"System.String"},"Value":"CS3500.DependencyGraphTests.DependencyGraphTests"},{"Key":{"Id":"TestCase.Hierarchy","Label":"Hierarchy","Category":"","Description":"","Attributes":2,"ValueType":"System.String[]"},"Value":[null,"CS3500.DependencyGraphTests","DependencyGraphTests","DependencyGraph_HasDependeesTest_FullGraph_True"]},{"Key":{"Id":"MSTest.TestIdGenerationStrategy","Label":"TestIdGenerationStrategy","Category":"","Description":"","Attributes":1,"ValueType":"System.Int32"},"Value":2},{"Key":{"Id":"TestCase.ManagedMethod","Label":"ManagedMethod","Category":"","Description":"","Attributes":1,"ValueType":"System.String"},"Value":"DependencyGraph_HasDependeesTest_FullGraph_True"},{"Key":{"Id":"MSTestDiscoverer.TestClassName","Label":"ClassName","Category":"","Description":"","Attributes":1,"ValueType":"System.String"},"Value":"CS3500.DependencyGraphTests.DependencyGraphTests"}]},"Attachments":[],"Outcome":2,"ErrorMessage":"Assert.IsTrue failed. ","ErrorStackTrace":"   at CS3500.DependencyGraphTests.DependencyGraphTests.DependencyGraph_HasDependeesTest_FullGraph_True() in C:\\Users\\myers\\Downloads\\ps1\\DependencyGraphTests\\DependencyGraphTests.cs:line 252\r\n   at System.RuntimeMethodHandle.InvokeMethod(Object target, Void** arguments, Signature sig, Boolean isConstructor)\r\n   at System.Reflection.MethodBaseInvoker.InvokeWithNoArgs(Object obj, BindingFlags invokeAttr)\r\n","DisplayName":"DependencyGraph_HasDependeesTest_FullGraph_True","Messages":[],"ComputerName":"DESKTOP-FTTEOKS","Duration":"00:00:00.0001942","StartTime":"2024-09-11T15:35:30.2842657-06:00","EndTime":"2024-09-11T15:35:30.284564-06:00","Properties":[{"Key":{"Id":"ParentExecId","Label":"ParentExecId","Category":"","Description":"","Attributes":1,"ValueType":"System.Guid"},"Value":"00000000-0000-0000-0000-000000000000"},{"Key":{"Id":"InnerResultsCount","Label":"InnerResultsCount","Category":"","Description":"","Attributes":1,"ValueType":"System.Int32"},"Value":0},{"Key":{"Id":"ExecutionId","Label":"ExecutionId","Category":"","Description":"","Attributes":1,"ValueType":"System.Guid"},"Value":"00000000-0000-0000-0000-000000000000"}]},{"TestCase":{"Id":"a77e5aae-a626-e3d4-41dc-a2a91ee416b5","FullyQualifiedName":"CS3500.DependencyGraphTests.DependencyGraphTests.DependencyGraph_GetDependeesTest_EmptyGraph","DisplayName":"DependencyGraph_GetDependeesTest_EmptyGraph","ExecutorUri":"executor://MSTestAdapter/v2","Source":"C:\\Users\\myers\\Downloads\\ps1\\DependencyGraphTests\\bin\\Debug\\net8.0\\fine-code-coverage\\build-output\\DependencyGraphTests.dll","CodeFilePath":null,"LineNumber":-1,"Properties":[{"Key":{"Id":"TestObject.Traits","Label":"Traits","Category":"","Description":"","Attributes":5,"ValueType":"System.Collections.Generic.KeyValuePair`2[[System.String],[System.String]][]"},"Value":[]},{"Key":{"Id":"TestCase.ManagedType","Label":"ManagedType","Category":"","Description":"","Attributes":1,"ValueType":"System.String"},"Value":"CS3500.DependencyGraphTests.DependencyGraphTests"},{"Key":{"Id":"TestCase.Hierarchy","Label":"Hierarchy","Category":"","Description":"","Attributes":2,"ValueType":"System.String[]"},"Value":[null,"CS3500.DependencyGraphTests","DependencyGraphTests","DependencyGraph_GetDependeesTest_EmptyGraph"]},{"Key":{"Id":"MSTest.TestIdGenerationStrategy","Label":"TestIdGenerationStrategy","Category":"","Description":"","Attributes":1,"ValueType":"System.Int32"},"Value":2},{"Key":{"Id":"TestCase.ManagedMethod","Label":"ManagedMethod","Category":"","Description":"","Attributes":1,"ValueType":"System.String"},"Value":"DependencyGraph_GetDependeesTest_EmptyGraph"},{"Key":{"Id":"MSTestDiscoverer.TestClassName","Label":"ClassName","Category":"","Description":"","Attributes":1,"ValueType":"System.String"},"Value":"CS3500.DependencyGraphTests.DependencyGraphTests"}]},"Attachments":[],"Outcome":1,"ErrorMessage":null,"ErrorStackTrace":null,"DisplayName":"DependencyGraph_GetDependeesTest_EmptyGraph","Messages":[],"ComputerName":"DESKTOP-FTTEOKS","Duration":"00:00:00.0001277","StartTime":"2024-09-11T15:35:30.286033-06:00","EndTime":"2024-09-11T15:35:30.286262-06:00","Properties":[{"Key":{"Id":"ParentExecId","Label":"ParentExecId","Category":"","Description":"","Attributes":1,"ValueType":"System.Guid"},"Value":"00000000-0000-0000-0000-000000000000"},{"Key":{"Id":"InnerResultsCount","Label":"InnerResultsCount","Category":"","Description":"","Attributes":1,"ValueType":"System.Int32"},"Value":0},{"Key":{"Id":"ExecutionId","Label":"ExecutionId","Category":"","Description":"","Attributes":1,"ValueType":"System.Guid"},"Value":"00000000-0000-0000-0000-000000000000"}]},{"TestCase":{"Id":"e04a80a9-340e-6a72-95ea-a4563ce0a0b3","FullyQualifiedName":"CS3500.DependencyGraphTests.DependencyGraphTests.DependencyGraph_GetDependeesTest_FilledGraph","DisplayName":"DependencyGraph_GetDependeesTest_FilledGraph","ExecutorUri":"executor://MSTestAdapter/v2","Source":"C:\\Users\\myers\\Downloads\\ps1\\DependencyGraphTests\\bin\\Debug\\net8.0\\fine-code-coverage\\build-output\\DependencyGraphTests.dll","CodeFilePath":null,"LineNumber":-1,"Properties":[{"Key":{"Id":"TestObject.Traits","Label":"Traits","Category":"","Description":"","Attributes":5,"ValueType":"System.Collections.Generic.KeyValuePair`2[[System.String],[System.String]][]"},"Value":[]},{"Key":{"Id":"TestCase.ManagedType","Label":"ManagedType","Category":"","Description":"","Attributes":1,"ValueType":"System.String"},"Value":"CS3500.DependencyGraphTests.DependencyGraphTests"},{"Key":{"Id":"TestCase.Hierarchy","Label":"Hierarchy","Category":"","Description":"","Attributes":2,"ValueType":"System.String[]"},"Value":[null,"CS3500.DependencyGraphTests","DependencyGraphTests","DependencyGraph_GetDependeesTest_FilledGraph"]},{"Key":{"Id":"MSTest.TestIdGenerationStrategy","Label":"TestIdGenerationStrategy","Category":"","Description":"","Attributes":1,"ValueType":"System.Int32"},"Value":2},{"Key":{"Id":"TestCase.ManagedMethod","Label":"ManagedMethod","Category":"","Description":"","Attributes":1,"ValueType":"System.String"},"Value":"DependencyGraph_GetDependeesTest_FilledGraph"},{"Key":{"Id":"MSTestDiscoverer.TestClassName","Label":"ClassName","Category":"","Description":"","Attributes":1,"ValueType":"System.String"},"Value":"CS3500.DependencyGraphTests.DependencyGraphTests"}]},"Attachments":[],"Outcome":2,"ErrorMessage":"Assert.IsTrue failed. ","ErrorStackTrace":"   at CS3500.DependencyGraphTests.DependencyGraphTests.DependencyGraph_GetDependeesTest_FilledGraph() in C:\\Users\\myers\\Downloads\\ps1\\DependencyGraphTests\\DependencyGraphTests.cs:line 286\r\n   at System.RuntimeMethodHandle.InvokeMethod(Object target, Void** arguments, Signature sig, Boolean isConstructor)\r\n   at System.Reflection.MethodBaseInvoker.InvokeWithNoArgs(Object obj, BindingFlags invokeAttr)\r\n","DisplayName":"DependencyGraph_GetDependeesTest_FilledGraph","Messages":[],"ComputerName":"DESKTOP-FTTEOKS","Duration":"00:00:00.0002151","StartTime":"2024-09-11T15:35:30.2880369-06:00","EndTime":"2024-09-11T15:35:30.2883536-06:00","Properties":[{"Key":{"Id":"ParentExecId","Label":"ParentExecId","Category":"","Description":"","Attributes":1,"ValueType":"System.Guid"},"Value":"00000000-0000-0000-0000-000000000000"},{"Key":{"Id":"InnerResultsCount","Label":"InnerResultsCount","Category":"","Description":"","Attributes":1,"ValueType":"System.Int32"},"Value":0},{"Key":{"Id":"ExecutionId","Label":"ExecutionId","Category":"","Description":"","Attributes":1,"ValueType":"System.Guid"},"Value":"00000000-0000-0000-0000-000000000000"}]},{"TestCase":{"Id":"e38b83f8-bd66-8b4b-855b-0c7b76d48e72","FullyQualifiedName":"CS3500.DependencyGraphTests.DependencyGraphTests.DependencyGraph_GetDependeesTest_FilledGraph_EmptyReturn","DisplayName":"DependencyGraph_GetDependeesTest_FilledGraph_EmptyReturn","ExecutorUri":"executor://MSTestAdapter/v2","Source":"C:\\Users\\myers\\Downloads\\ps1\\DependencyGraphTests\\bin\\Debug\\net8.0\\fine-code-coverage\\build-output\\DependencyGraphTests.dll","CodeFilePath":null,"LineNumber":-1,"Properties":[{"Key":{"Id":"TestObject.Traits","Label":"Traits","Category":"","Description":"","Attributes":5,"ValueType":"System.Collections.Generic.KeyValuePair`2[[System.String],[System.String]][]"},"Value":[]},{"Key":{"Id":"TestCase.ManagedType","Label":"ManagedType","Category":"","Description":"","Attributes":1,"ValueType":"System.String"},"Value":"CS3500.DependencyGraphTests.DependencyGraphTests"},{"Key":{"Id":"TestCase.Hierarchy","Label":"Hierarchy","Category":"","Description":"","Attributes":2,"ValueType":"System.String[]"},"Value":[null,"CS3500.DependencyGraphTests","DependencyGraphTests","DependencyGraph_GetDependeesTest_FilledGraph_EmptyReturn"]},{"Key":{"Id":"MSTest.TestIdGenerationStrategy","Label":"TestIdGenerationStrategy","Category":"","Description":"","Attributes":1,"ValueType":"System.Int32"},"Value":2},{"Key":{"Id":"TestCase.ManagedMethod","Label":"ManagedMethod","Category":"","Description":"","Attributes":1,"ValueType":"System.String"},"Value":"DependencyGraph_GetDependeesTest_FilledGraph_EmptyReturn"},{"Key":{"Id":"MSTestDiscoverer.TestClassName","Label":"ClassName","Category":"","Description":"","Attributes":1,"ValueType":"System.String"},"Value":"CS3500.DependencyGraphTests.DependencyGraphTests"}]},"Attachments":[],"Outcome":1,"ErrorMessage":null,"ErrorStackTrace":null,"DisplayName":"DependencyGraph_GetDependeesTest_FilledGraph_EmptyReturn","Messages":[],"ComputerName":"DESKTOP-FTTEOKS","Duration":"00:00:00.0000974","StartTime":"2024-09-11T15:35:30.2900697-06:00","EndTime":"2024-09-11T15:35:30.2902876-06:00","Properties":[{"Key":{"Id":"ParentExecId","Label":"ParentExecId","Category":"","Description":"","Attributes":1,"ValueType":"System.Guid"},"Value":"00000000-0000-0000-0000-000000000000"},{"Key":{"Id":"InnerResultsCount","Label":"InnerResultsCount","Category":"","Description":"","Attributes":1,"ValueType":"System.Int32"},"Value":0},{"Key":{"Id":"ExecutionId","Label":"ExecutionId","Category":"","Description":"","Attributes":1,"ValueType":"System.Guid"},"Value":"00000000-0000-0000-0000-000000000000"}]},{"TestCase":{"Id":"ff063dfa-d435-edba-82b5-55025c98ccd8","FullyQualifiedName":"CS3500.DependencyGraphTests.DependencyGraphTests.DependencyGraph_GetDependeesTest_DependeeRemoved","DisplayName":"DependencyGraph_GetDependeesTest_DependeeRemoved","ExecutorUri":"executor://MSTestAdapter/v2","Source":"C:\\Users\\myers\\Downloads\\ps1\\DependencyGraphTests\\bin\\Debug\\net8.0\\fine-code-coverage\\build-output\\DependencyGraphTests.dll","CodeFilePath":null,"LineNumber":-1,"Properties":[{"Key":{"Id":"TestObject.Traits","Label":"Traits","Category":"","Description":"","Attributes":5,"ValueType":"System.Collections.Generic.KeyValuePair`2[[System.String],[System.String]][]"},"Value":[]},{"Key":{"Id":"TestCase.ManagedType","Label":"ManagedType","Category":"","Description":"","Attributes":1,"ValueType":"System.String"},"Value":"CS3500.DependencyGraphTests.DependencyGraphTests"},{"Key":{"Id":"TestCase.Hierarchy","Label":"Hierarchy","Category":"","Description":"","Attributes":2,"ValueType":"System.String[]"},"Value":[null,"CS3500.DependencyGraphTests","DependencyGraphTests","DependencyGraph_GetDependeesTest_DependeeRemoved"]},{"Key":{"Id":"MSTest.TestIdGenerationStrategy","Label":"TestIdGenerationStrategy","Category":"","Description":"","Attributes":1,"ValueType":"System.Int32"},"Value":2},{"Key":{"Id":"TestCase.ManagedMethod","Label":"ManagedMethod","Category":"","Description":"","Attributes":1,"ValueType":"System.String"},"Value":"DependencyGraph_GetDependeesTest_DependeeRemoved"},{"Key":{"Id":"MSTestDiscoverer.TestClassName","Label":"ClassName","Category":"","Description":"","Attributes":1,"ValueType":"System.String"},"Value":"CS3500.DependencyGraphTests.DependencyGraphTests"}]},"Attachments":[],"Outcome":1,"ErrorMessage":null,"ErrorStackTrace":null,"DisplayName":"DependencyGraph_GetDependeesTest_DependeeRemoved","Messages":[],"ComputerName":"DESKTOP-FTTEOKS","Duration":"00:00:00.0000805","StartTime":"2024-09-11T15:35:30.2918032-06:00","EndTime":"2024-09-11T15:35:30.2920782-06:00","Properties":[{"Key":{"Id":"ParentExecId","Label":"ParentExecId","Category":"","Description":"","Attributes":1,"ValueType":"System.Guid"},"Value":"00000000-0000-0000-0000-000000000000"},{"Key":{"Id":"InnerResultsCount","Label":"InnerResultsCount","Category":"","Description":"","Attributes":1,"ValueType":"System.Int32"},"Value":0},{"Key":{"Id":"ExecutionId","Label":"ExecutionId","Category":"","Description":"","Attributes":1,"ValueType":"System.Guid"},"Value":"00000000-0000-0000-0000-000000000000"}]},{"TestCase":{"Id":"95e7c247-9f37-71e9-1083-f64a6b9611c4","FullyQualifiedName":"CS3500.DevelopmentTests.DependencyGraphExampleStressTests.StressTest","DisplayName":"StressTest","ExecutorUri":"executor://MSTestAdapter/v2","Source":"C:\\Users\\myers\\Downloads\\ps1\\DependencyGraphTests\\bin\\Debug\\net8.0\\fine-code-coverage\\build-output\\DependencyGraphTests.dll","CodeFilePath":null,"LineNumber":-1,"Properties":[{"Key":{"Id":"TestObject.Traits","Label":"Traits","Category":"","Description":"","Attributes":5,"ValueType":"System.Collections.Generic.KeyValuePair`2[[System.String],[System.String]][]"},"Value":[]},{"Key":{"Id":"TestCase.ManagedType","Label":"ManagedType","Category":"","Description":"","Attributes":1,"ValueType":"System.String"},"Value":"CS3500.DevelopmentTests.DependencyGraphExampleStressTests"},{"Key":{"Id":"TestCase.Hierarchy","Label":"Hierarchy","Category":"","Description":"","Attributes":2,"ValueType":"System.String[]"},"Value":[null,"CS3500.DevelopmentTests","DependencyGraphExampleStressTests","StressTest"]},{"Key":{"Id":"MSTest.TestIdGenerationStrategy","Label":"TestIdGenerationStrategy","Category":"","Description":"","Attributes":1,"ValueType":"System.Int32"},"Value":2},{"Key":{"Id":"TestCase.ManagedMethod","Label":"ManagedMethod","Category":"","Description":"","Attributes":1,"ValueType":"System.String"},"Value":"StressTest"},{"Key":{"Id":"MSTestDiscoverer.TestClassName","Label":"ClassName","Category":"","Description":"","Attributes":1,"ValueType":"System.String"},"Value":"CS3500.DevelopmentTests.DependencyGraphExampleStressTests"}]},"Attachments":[],"Outcome":2,"ErrorMessage":"Assert.IsTrue failed. ","ErrorStackTrace":"   at CS3500.DevelopmentTests.DependencyGraphExampleStressTests.StressTest() in C:\\Users\\myers\\Downloads\\ps1\\DependencyGraphTests\\DependencyGraphStressTest.cs:line 77\r\n   at System.RuntimeMethodHandle.InvokeMethod(Object target, Void** arguments, Signature sig, Boolean isConstructor)\r\n   at System.Reflection.MethodBaseInvoker.InvokeWithNoArgs(Object obj, BindingFlags invokeAttr)\r\n","DisplayName":"StressTest","Messages":[],"ComputerName":"DESKTOP-FTTEOKS","Duration":"00:00:00.0099033","StartTime":"2024-09-11T15:35:30.2936083-06:00","EndTime":"2024-09-11T15:35:30.3041642-06:00","Properties":[{"Key":{"Id":"ParentExecId","Label":"ParentExecId","Category":"","Description":"","Attributes":1,"ValueType":"System.Guid"},"Value":"00000000-0000-0000-0000-000000000000"},{"Key":{"Id":"InnerResultsCount","Label":"InnerResultsCount","Category":"","Description":"","Attributes":1,"ValueType":"System.Int32"},"Value":0},{"Key":{"Id":"ExecutionId","Label":"ExecutionId","Category":"","Description":"","Attributes":1,"ValueType":"System.Guid"},"Value":"00000000-0000-0000-0000-000000000000"}]}],"TestRunStatistics":{"ExecutedTests":16,"Stats":{"Passed":9,"Failed":7}},"ActiveTests":[]},"RunAttachments":[],"ExecutorUris":["executor://mstestadapter/v2"]}}
TpTrace Verbose: 0 : 18132, 15, 2024/09/11, 15:35:30.314, 990643424418, vstest.console.dll, TestRequestSender.EndSession: Sending end session.
TpTrace Verbose: 0 : 18132, 15, 2024/09/11, 15:35:30.314, 990643425116, vstest.console.dll, ProxyOperationManager.Close: waiting for test host to exit for 100 ms
TpTrace Verbose: 0 : 18132, 7, 2024/09/11, 15:35:30.331, 990643592296, vstest.console.dll, TestHostManagerCallbacks.StandardOutputReceivedCallback Test host standard output line: 
TpTrace Warning: 0 : 18132, 12, 2024/09/11, 15:35:30.331, 990643592403, vstest.console.dll, TestHostManagerCallbacks.ErrorReceivedCallback Test host standard error line: 
TpTrace Verbose: 0 : 18132, 12, 2024/09/11, 15:35:30.334, 990643626046, vstest.console.dll, TestHostProvider.ExitCallBack: Host exited starting callback.
TpTrace Information: 0 : 18132, 12, 2024/09/11, 15:35:30.334, 990643626717, vstest.console.dll, TestHostManagerCallbacks.ExitCallBack: Testhost processId: 12248 exited with exitcode: 0 error: ''
TpTrace Verbose: 0 : 18132, 12, 2024/09/11, 15:35:30.334, 990643626955, vstest.console.dll, DotnetTestHostManager.OnHostExited: invoking OnHostExited callback
TpTrace Verbose: 0 : 18132, 12, 2024/09/11, 15:35:30.334, 990643627293, vstest.console.dll, CrossPlatEngine.TestHostManagerHostExited: calling on client process exit callback.
TpTrace Information: 0 : 18132, 12, 2024/09/11, 15:35:30.334, 990643627589, vstest.console.dll, TestRequestSender.OnClientProcessExit: Test host process exited. Standard error: 
TpTrace Information: 0 : 18132, 12, 2024/09/11, 15:35:30.334, 990643627794, vstest.console.dll, SocketServer.Stop: Stop server endPoint: 127.0.0.1:58582
TpTrace Information: 0 : 18132, 15, 2024/09/11, 15:35:30.334, 990643627788, vstest.console.dll, SocketServer.Stop: Stop server endPoint: 127.0.0.1:58582
TpTrace Information: 0 : 18132, 12, 2024/09/11, 15:35:30.334, 990643627929, vstest.console.dll, SocketServer.Stop: Cancellation requested. Stopping message loop.
TpTrace Information: 0 : 18132, 15, 2024/09/11, 15:35:30.335, 990643628229, vstest.console.dll, SocketServer.Stop: Cancellation requested. Stopping message loop.
TpTrace Information: 0 : 18132, 15, 2024/09/11, 15:35:30.335, 990643628927, vstest.console.dll, Closing the connection
TpTrace Verbose: 0 : 18132, 12, 2024/09/11, 15:35:30.335, 990643629192, vstest.console.dll, MulticastDelegateUtilities.SafeInvoke: HostProviderEvents.OnHostExited: Invoking callback 1/1 for Microsoft.VisualStudio.TestPlatform.CrossPlatEngine.Client.ProxyOperationManager., took 0 ms.
TpTrace Verbose: 0 : 18132, 15, 2024/09/11, 15:35:30.335, 990643630437, vstest.console.dll, ProxyDataCollectionManager.InvokeDataCollectionServiceAction: Starting.
TpTrace Information: 0 : 18132, 15, 2024/09/11, 15:35:30.335, 990643630779, vstest.console.dll, ProxyDataCollectionManager.AfterTestRunEnd: Get attachment set and invoked data collectors processId: 11920 port: 58579
TpTrace Verbose: 0 : 18132, 15, 2024/09/11, 15:35:30.335, 990643631100, vstest.console.dll, DataCollectionRequestSender.SendAfterTestRunStartAndGetResult: Send AfterTestRunEnd message with isCancelled: False
TpTrace Verbose: 0 : 18132, 15, 2024/09/11, 15:35:30.339, 990643668855, vstest.console.dll, DataCollectionRequestSender.SendAfterTestRunStartAndGetResult: Received message: (DataCollection.AfterTestRunEndResult) -> {"MessageType":"DataCollection.AfterTestRunEndResult","Payload":{"AttachmentSets":[],"InvokedDataCollectors":[{"Uri":"datacollector://Microsoft/TestPlatform/Extensions/Blame/v1","FriendlyName":"Blame","AssemblyQualifiedName":"Microsoft.TestPlatform.Extensions.BlameDataCollector.BlameCollector, Microsoft.TestPlatform.Extensions.BlameDataCollector, Version=15.0.0.0, Culture=neutral, PublicKeyToken=b03f5f7f11d50a3a","FilePath":"C:\\Program Files\\dotnet\\sdk\\8.0.400\\Extensions\\Microsoft.TestPlatform.Extensions.BlameDataCollector.dll","HasAttachmentProcessor":false}],"Metrics":{}}}
TpTrace Information: 0 : 18132, 15, 2024/09/11, 15:35:30.341, 990643693234, vstest.console.dll, ProxyDataCollectionManager.InvokeDataCollectionServiceAction: Completed.
TpTrace Warning: 0 : 18132, 11, 2024/09/11, 15:35:30.341, 990643693938, vstest.console.dll, DataCollectionLauncher.ErrorReceivedCallback datacollector standard error line: 
TpTrace Information: 0 : 18132, 11, 2024/09/11, 15:35:30.344, 990643726676, vstest.console.dll, DataCollectionLauncher.ExitCallBack: Data collector exited with exitcode: 0 error: ''
TpTrace Verbose: 0 : 18132, 15, 2024/09/11, 15:35:30.362, 990643902497, vstest.console.dll, TestRunRequest:SendTestRunStatsChange: Starting.
TpTrace Verbose: 0 : 18132, 15, 2024/09/11, 15:35:30.362, 990643903178, vstest.console.dll, MulticastDelegateUtilities.SafeInvoke: TestRun.RunStatsChanged: Invoking callbacks was skipped because there are no subscribers.
TpTrace Information: 0 : 18132, 15, 2024/09/11, 15:35:30.362, 990643903362, vstest.console.dll, TestRunRequest:SendTestRunStatsChange: Completed.
TpTrace Verbose: 0 : 18132, 4, 2024/09/11, 15:35:30.362, 990643903438, vstest.console.dll, MulticastDelegateUtilities.SafeInvoke: InternalTestLoggerEvents.SendTestResult: Invoking callback 1/1 for Microsoft.VisualStudio.TestPlatform.CommandLine.Internal.ConsoleLogger., took 0 ms.
TpTrace Verbose: 0 : 18132, 4, 2024/09/11, 15:35:30.362, 990643904696, vstest.console.dll, MulticastDelegateUtilities.SafeInvoke: InternalTestLoggerEvents.SendTestResult: Invoking callback 1/1 for Microsoft.VisualStudio.TestPlatform.CommandLine.Internal.ConsoleLogger., took 0 ms.
TpTrace Verbose: 0 : 18132, 15, 2024/09/11, 15:35:30.362, 990643904862, vstest.console.dll, ParallelProxyExecutionManager: HandlePartialRunComplete: Total workloads = 1, Total started clients = 1 Total completed clients = 1, Run complete = True, Run canceled: False.
TpTrace Verbose: 0 : 18132, 15, 2024/09/11, 15:35:30.362, 990643905084, vstest.console.dll, ParallelProxyExecutionManager: HandlePartialRunComplete: All runs completed stopping all managers.
TpTrace Verbose: 0 : 18132, 15, 2024/09/11, 15:35:30.362, 990643905266, vstest.console.dll, ParallelOperationManager.StopAllManagers: Stopping all managers.
TpTrace Verbose: 0 : 18132, 15, 2024/09/11, 15:35:30.362, 990643905416, vstest.console.dll, ParallelOperationManager.ClearSlots: Clearing all slots. Slots should accept more work: False
TpTrace Verbose: 0 : 18132, 15, 2024/09/11, 15:35:30.362, 990643905637, vstest.console.dll, ParallelOperationManager.SetOccupiedSlotCount: Setting slot counts AvailableSlotCount = 1, OccupiedSlotCount = 0.
TpTrace Verbose: 0 : 18132, 15, 2024/09/11, 15:35:30.362, 990643905800, vstest.console.dll, Occupied slots:

TpTrace Verbose: 0 : 18132, 4, 2024/09/11, 15:35:30.363, 990643910655, vstest.console.dll, MulticastDelegateUtilities.SafeInvoke: InternalTestLoggerEvents.SendTestResult: Invoking callback 1/1 for Microsoft.VisualStudio.TestPlatform.CommandLine.Internal.ConsoleLogger., took 0 ms.
TpTrace Verbose: 0 : 18132, 4, 2024/09/11, 15:35:30.363, 990643911797, vstest.console.dll, MulticastDelegateUtilities.SafeInvoke: InternalTestLoggerEvents.SendTestResult: Invoking callback 1/1 for Microsoft.VisualStudio.TestPlatform.CommandLine.Internal.ConsoleLogger., took 0 ms.
TpTrace Verbose: 0 : 18132, 4, 2024/09/11, 15:35:30.363, 990643912099, vstest.console.dll, MulticastDelegateUtilities.SafeInvoke: InternalTestLoggerEvents.SendTestResult: Invoking callback 1/1 for Microsoft.VisualStudio.TestPlatform.CommandLine.Internal.ConsoleLogger., took 0 ms.
TpTrace Verbose: 0 : 18132, 4, 2024/09/11, 15:35:30.363, 990643912396, vstest.console.dll, MulticastDelegateUtilities.SafeInvoke: InternalTestLoggerEvents.SendTestResult: Invoking callback 1/1 for Microsoft.VisualStudio.TestPlatform.CommandLine.Internal.ConsoleLogger., took 0 ms.
TpTrace Verbose: 0 : 18132, 4, 2024/09/11, 15:35:30.363, 990643913403, vstest.console.dll, MulticastDelegateUtilities.SafeInvoke: InternalTestLoggerEvents.SendTestResult: Invoking callback 1/1 for Microsoft.VisualStudio.TestPlatform.CommandLine.Internal.ConsoleLogger., took 0 ms.
TpTrace Verbose: 0 : 18132, 4, 2024/09/11, 15:35:30.366, 990643945779, vstest.console.dll, MulticastDelegateUtilities.SafeInvoke: InternalTestLoggerEvents.SendTestRunComplete: Invoking callback 1/2 for Microsoft.TestPlatform.Extensions.BlameDataCollector.BlameLogger., took 0 ms.
TpTrace Verbose: 0 : 18132, 4, 2024/09/11, 15:35:30.369, 990643973108, vstest.console.dll, MulticastDelegateUtilities.SafeInvoke: InternalTestLoggerEvents.SendTestRunComplete: Invoking callback 2/2 for Microsoft.VisualStudio.TestPlatform.CommandLine.Internal.ConsoleLogger., took 2 ms.
TpTrace Verbose: 0 : 18132, 15, 2024/09/11, 15:35:30.369, 990643974351, vstest.console.dll, TestRunRequest:TestRunComplete: Starting. IsAborted:False IsCanceled:False.
TpTrace Verbose: 0 : 18132, 15, 2024/09/11, 15:35:30.369, 990643975220, vstest.console.dll, ParallelOperationManager.DoActionOnAllManagers: Calling an action on all managers.
TpTrace Verbose: 0 : 18132, 15, 2024/09/11, 15:35:30.370, 990643980772, vstest.console.dll, TestLoggerManager.HandleTestRunComplete: Ignoring as the object is disposed.
TpTrace Verbose: 0 : 18132, 15, 2024/09/11, 15:35:30.370, 990643981688, vstest.console.dll, MulticastDelegateUtilities.SafeInvoke: TestRun.TestRunComplete: Invoking callback 1/2 for Microsoft.VisualStudio.TestPlatform.CommandLine.TestRunResultAggregator., took 0 ms.
TpTrace Verbose: 0 : 18132, 15, 2024/09/11, 15:35:30.370, 990643982304, vstest.console.dll, MulticastDelegateUtilities.SafeInvoke: TestRun.TestRunComplete: Invoking callback 2/2 for Microsoft.VisualStudio.TestPlatform.CommandLine.Processors.RunTestsArgumentExecutor+TestRunRequestEventsRegistrar., took 0 ms.
TpTrace Information: 0 : 18132, 15, 2024/09/11, 15:35:30.370, 990643982741, vstest.console.dll, TestRunRequest:TestRunComplete: Completed.
TpTrace Verbose: 0 : 18132, 1, 2024/09/11, 15:35:30.370, 990643982905, vstest.console.dll, TestRunRequest.Dispose: Starting.
TpTrace Verbose: 0 : 18132, 15, 2024/09/11, 15:35:30.370, 990643982982, vstest.console.dll, TestRequestSender.SetOperationComplete: Setting operation complete.
TpTrace Information: 0 : 18132, 1, 2024/09/11, 15:35:30.370, 990643983302, vstest.console.dll, TestRunRequest.Dispose: Completed.
TpTrace Information: 0 : 18132, 15, 2024/09/11, 15:35:30.370, 990643983560, vstest.console.dll, SocketServer.Stop: Stop server endPoint: 127.0.0.1:58582
TpTrace Information: 0 : 18132, 1, 2024/09/11, 15:35:30.370, 990643983944, vstest.console.dll, TestRequestManager.RunTests: run tests completed.
TpTrace Information: 0 : 18132, 15, 2024/09/11, 15:35:30.370, 990643984074, vstest.console.dll, SocketServer.Stop: Cancellation requested. Stopping message loop.
TpTrace Verbose: 0 : 18132, 15, 2024/09/11, 15:35:30.370, 990643984332, vstest.console.dll, MulticastDelegateUtilities.SafeInvoke: LengthPrefixCommunicationChannel: MessageReceived: Invoking callback 1/1 for Microsoft.VisualStudio.TestPlatform.CommunicationUtilities.TestRequestSender+<>c__DisplayClass34_0., took 56 ms.
TpTrace Information: 0 : 18132, 15, 2024/09/11, 15:35:30.370, 990643984541, vstest.console.dll, SocketServer.PrivateStop: Stopping server endPoint: 127.0.0.1:58582 error: 
TpTrace Information: 0 : 18132, 1, 2024/09/11, 15:35:30.370, 990643984606, vstest.console.dll, RunTestsArgumentProcessor:Execute: Test run is completed.
TpTrace Verbose: 0 : 18132, 1, 2024/09/11, 15:35:30.370, 990643985695, vstest.console.dll, Executor.Execute: Exiting with exit code of 1
TpTrace Verbose: 0 : 18132, 15, 2024/09/11, 15:35:30.370, 990643986891, vstest.console.dll, LengthPrefixCommunicationChannel.Dispose: Dispose reader and writer.
TpTrace Information: 0 : 18132, 15, 2024/09/11, 15:35:30.370, 990643987326, vstest.console.dll, SocketServer.Stop: Raise disconnected event endPoint: 127.0.0.1:58582 error: 
TpTrace Verbose: 0 : 18132, 15, 2024/09/11, 15:35:30.370, 990643987753, vstest.console.dll, TestRequestSender: OnTestRunAbort: Operation is already complete. Skip error message.
TpTrace Verbose: 0 : 18132, 15, 2024/09/11, 15:35:30.370, 990643987941, vstest.console.dll, MulticastDelegateUtilities.SafeInvoke: SocketServer: ClientDisconnected: Invoking callback 1/1 for Microsoft.VisualStudio.TestPlatform.CommunicationUtilities.TestRequestSender., took 0 ms.
